#
# A fatal error has been detected by the Java Runtime Environment:
#
#  EXCEPTION_ACCESS_VIOLATION (0xc0000005) at pc=0x00007ff98c197693, pid=3664, tid=0x0000000000001b4c
#
# JRE version: Java(TM) SE Runtime Environment (8.0_251-b08) (build 1.8.0_251-b08)
# Java VM: Java HotSpot(TM) 64-Bit Server VM (25.251-b08 mixed mode windows-amd64 compressed oops)
# Problematic frame:
# C  [opengl32.dll+0xb7693]
#
# Failed to write core dump. Minidumps are not enabled by default on client versions of Windows
#
# If you would like to submit a bug report, please visit:
#   http://bugreport.java.com/bugreport/crash.jsp
# The crash happened outside the Java Virtual Machine in native code.
# See problematic frame for where to report the bug.
#

---------------  T H R E A D  ---------------

Current thread (0x00000000172a9000):  JavaThread "AWT-EventQueue-0" [_thread_in_native, id=6988, stack(0x0000000018ea0000,0x0000000018fa0000)]

siginfo: ExceptionCode=0xc0000005, reading address 0xfffffffe1aa8e390

Registers:
RAX=0xffffffff80000000, RBX=0x000000001a9ceb80, RCX=0x0000000000000000, RDX=0x000000001d5230e8
RSP=0x0000000018f9d7c0, RBP=0x000000001d527030, RSI=0x0000000000000000, RDI=0x000000001db27a50
R8 =0x000000001aa8e390, R9 =0x000000001d5230e8, R10=0x000000001d523148, R11=0x000000001db26170
R12=0xffffffffffffffec, R13=0xfffffffffffffff0, R14=0xfffffffffffffff4, R15=0xffffffffffffffe8
RIP=0x00007ff98c197693, EFLAGS=0x0000000000010a06

Top of Stack: (sp=0x0000000018f9d7c0)
0x0000000018f9d7c0:   4d0a6088427b541a 42eb9ed84c0a609a
0x0000000018f9d7d0:   427b541a432cc9d1 0000000041f4cccd
0x0000000018f9d7e0:   458a37eb3f713da2 0000000040f4cccd
0x0000000018f9d7f0:   000000001aa8e390 00007ff98c1aba0c
0x0000000018f9d800:   0000000000000000 0000000000000000
0x0000000018f9d810:   0000000000000000 0000000000000000
0x0000000018f9d820:   0000000000000000 0000000000000000
0x0000000018f9d830:   000000003f800000 0000000000000000
0x0000000018f9d840:   3fa999993d4ccccd 0000000000000000
0x0000000018f9d850:   000000003f800000 0000000000000000
0x0000000018f9d860:   0000000000000000 0000000000000000
0x0000000018f9d870:   000000003f800000 0000000000000000
0x0000000018f9d880:   40088121e0000000 0000000000000000
0x0000000018f9d890:   000000003c0f5c28 0000000000000000
0x0000000018f9d8a0:   000000001d5270f8 000000001d527030
0x0000000018f9d8b0:   000000001db26170 000000001d523020 

Instructions: (pc=0x00007ff98c197693)
0x00007ff98c197673:   04 f3 0f 11 1c 24 72 56 f3 0f 59 54 24 24 f3 41
0x00007ff98c197683:   0f 58 d7 f3 0f 2c c2 3d 00 01 00 00 7d 0a 48 98
0x00007ff98c197693:   f3 41 0f 10 14 80 eb 04 41 0f 28 d3 0f 28 c2 0f
0x00007ff98c1976a3:   28 ca f3 41 0f 59 d2 f3 41 0f 59 c0 f3 41 0f 59 


Register to memory mapping:

RAX=0xffffffff80000000 is an unknown value
RBX=0x000000001a9ceb80 is an unknown value
RCX=0x0000000000000000 is an unknown value
RDX=0x000000001d5230e8 is an unknown value
RSP=0x0000000018f9d7c0 is pointing into the stack for thread: 0x00000000172a9000
RBP=0x000000001d527030 is an unknown value
RSI=0x0000000000000000 is an unknown value
RDI=0x000000001db27a50 is an unknown value
R8 =0x000000001aa8e390 is an unknown value
R9 =0x000000001d5230e8 is an unknown value
R10=0x000000001d523148 is an unknown value
R11=0x000000001db26170 is an unknown value
R12=0xffffffffffffffec is an unknown value
R13=0xfffffffffffffff0 is an unknown value
R14=0xfffffffffffffff4 is an unknown value
R15=0xffffffffffffffe8 is an unknown value


Stack: [0x0000000018ea0000,0x0000000018fa0000],  sp=0x0000000018f9d7c0,  free space=1013k
Native frames: (J=compiled Java code, j=interpreted, Vv=VM code, C=native code)
C  [opengl32.dll+0xb7693]
C  [opengl32.dll+0xae775]
C  [opengl32.dll+0xe19e2]
C  [opengl32.dll+0xe1855]
C  [opengl32.dll+0x2df84]
C  [opengl32.dll+0x1a6a5]
C  [jogl.dll+0x22cd]
C  0x00000000027b4d75

Java frames: (J=compiled Java code, j=interpreted, Vv=VM code)
J 1424  com.sun.opengl.impl.GLImpl.glBegin0(I)V (0 bytes) @ 0x00000000027b4cfb [0x00000000027b4cc0+0x3b]
J 1621 C2 com.sun.opengl.impl.GLUquadricImpl.drawDisk(Ljavax/media/opengl/GL;FFII)V (868 bytes) @ 0x00000000024f2eb0 [0x00000000024f2a20+0x490]
J 1665 C1 javax.media.opengl.glu.GLU.gluDisk(Ljavax/media/opengl/glu/GLUquadric;DDII)V (20 bytes) @ 0x00000000025b0414 [0x00000000025aff60+0x4b4]
j  levels.DibujaB.palito(Ljavax/media/opengl/GL;Ljavax/media/opengl/glu/GLU;)V+113
j  levels.DibujaB.dibujaB(Ljavax/media/opengl/GL;)V+49
j  levels.levelFour.display(Ljavax/media/opengl/GLAutoDrawable;)V+1156
j  com.sun.opengl.impl.GLDrawableHelper.display(Ljavax/media/opengl/GLAutoDrawable;)V+29
j  javax.media.opengl.GLCanvas$DisplayAction.run()V+80
j  com.sun.opengl.impl.GLDrawableHelper.invokeGL(Ljavax/media/opengl/GLDrawable;Ljavax/media/opengl/GLContext;Ljava/lang/Runnable;Ljava/lang/Runnable;)V+418
j  javax.media.opengl.GLCanvas$DisplayOnEventDispatchThreadAction.run()V+35
J 1306 C1 java.awt.event.InvocationEvent.dispatch()V (69 bytes) @ 0x0000000002746f8c [0x0000000002746e40+0x14c]
J 1210 C1 java.awt.EventQueue.dispatchEventImpl(Ljava/awt/AWTEvent;Ljava/lang/Object;)V (149 bytes) @ 0x00000000026de904 [0x00000000026dce40+0x1ac4]
J 1208 C1 java.awt.EventQueue$3.run()Ljava/lang/Void; (60 bytes) @ 0x00000000026d234c [0x00000000026d2140+0x20c]
J 1207 C1 java.awt.EventQueue$3.run()Ljava/lang/Object; (5 bytes) @ 0x00000000026d9c8c [0x00000000026d9c00+0x8c]
v  ~StubRoutines::call_stub
J 658  java.security.AccessController.doPrivileged(Ljava/security/PrivilegedAction;Ljava/security/AccessControlContext;)Ljava/lang/Object; (0 bytes) @ 0x000000000257b8e6 [0x000000000257b880+0x66]
J 1164 C1 java.awt.EventQueue.dispatchEvent(Ljava/awt/AWTEvent;)V (80 bytes) @ 0x00000000026bf544 [0x00000000026bebc0+0x984]
J 1211 C1 java.awt.EventDispatchThread.pumpOneEventForFilters(I)V (190 bytes) @ 0x00000000026e210c [0x00000000026e0fc0+0x114c]
j  java.awt.EventDispatchThread.pumpEventsForFilter(ILjava/awt/Conditional;Ljava/awt/EventFilter;)V+35
j  java.awt.EventDispatchThread.pumpEventsForHierarchy(ILjava/awt/Conditional;Ljava/awt/Component;)V+11
j  java.awt.EventDispatchThread.pumpEvents(ILjava/awt/Conditional;)V+4
j  java.awt.EventDispatchThread.pumpEvents(Ljava/awt/Conditional;)V+3
j  java.awt.EventDispatchThread.run()V+9
v  ~StubRoutines::call_stub

---------------  P R O C E S S  ---------------

Java Threads: ( => current thread )
  0x00000000179ed800 JavaThread "Direct Clip" daemon [_thread_blocked, id=3936, stack(0x000000001fbe0000,0x000000001fce0000)]
  0x00000000179ee000 JavaThread "Direct Clip" daemon [_thread_blocked, id=3892, stack(0x00000000219c0000,0x0000000021ac0000)]
  0x00000000179ef800 JavaThread "Direct Clip" daemon [_thread_blocked, id=4416, stack(0x00000000218c0000,0x00000000219c0000)]
  0x00000000179f1800 JavaThread "Direct Clip" daemon [_thread_blocked, id=1708, stack(0x00000000217c0000,0x00000000218c0000)]
  0x00000000179f0800 JavaThread "Direct Clip" daemon [_thread_blocked, id=11704, stack(0x00000000216c0000,0x00000000217c0000)]
  0x00000000179ef000 JavaThread "Direct Clip" daemon [_thread_blocked, id=7760, stack(0x00000000211c0000,0x00000000212c0000)]
  0x00000000179ea800 JavaThread "Direct Clip" daemon [_thread_blocked, id=13408, stack(0x000000001fce0000,0x000000001fde0000)]
  0x00000000179e9800 JavaThread "Thread-14" [_thread_blocked, id=424, stack(0x000000001c2a0000,0x000000001c3a0000)]
  0x00000000179ec800 JavaThread "Thread-13" [_thread_blocked, id=13152, stack(0x000000001b6e0000,0x000000001b7e0000)]
  0x00000000179e9000 JavaThread "Thread-12" [_thread_blocked, id=14084, stack(0x000000001f7a0000,0x000000001f8a0000)]
  0x00000000179eb000 JavaThread "Direct Clip" daemon [_thread_blocked, id=11300, stack(0x000000001f330000,0x000000001f430000)]
  0x00000000179ec000 JavaThread "Direct Clip" daemon [_thread_blocked, id=14040, stack(0x000000001f230000,0x000000001f330000)]
  0x00000000176e8000 JavaThread "Thread-9" [_thread_blocked, id=1580, stack(0x000000001ed90000,0x000000001ee90000)]
  0x00000000176e7000 JavaThread "Thread-8" [_thread_blocked, id=5024, stack(0x000000001ec90000,0x000000001ed90000)]
  0x00000000176e8800 JavaThread "Thread-7" [_thread_blocked, id=7460, stack(0x000000001eb90000,0x000000001ec90000)]
  0x00000000176e3800 JavaThread "Thread-6" [_thread_blocked, id=14592, stack(0x000000001c6a0000,0x000000001c7a0000)]
  0x00000000176e6800 JavaThread "Direct Clip" daemon [_thread_blocked, id=13528, stack(0x000000001c5a0000,0x000000001c6a0000)]
  0x00000000176e5000 JavaThread "Direct Clip" daemon [_thread_blocked, id=14328, stack(0x000000001a300000,0x000000001a400000)]
  0x00000000176e4000 JavaThread "D3D Screen Updater" daemon [_thread_blocked, id=14692, stack(0x000000001cbd0000,0x000000001ccd0000)]
  0x00000000176e5800 JavaThread "Direct Clip" daemon [_thread_blocked, id=7340, stack(0x000000001b380000,0x000000001b480000)]
  0x00000000176e2000 JavaThread "Java Sound Event Dispatcher" daemon [_thread_blocked, id=9548, stack(0x000000001af80000,0x000000001b080000)]
  0x000000000085d800 JavaThread "DestroyJavaVM" [_thread_blocked, id=520, stack(0x00000000020a0000,0x00000000021a0000)]
=>0x00000000172a9000 JavaThread "AWT-EventQueue-0" [_thread_in_native, id=6988, stack(0x0000000018ea0000,0x0000000018fa0000)]
  0x0000000016e65800 JavaThread "AWT-Windows" daemon [_thread_in_native, id=5620, stack(0x0000000017d80000,0x0000000017e80000)]
  0x0000000016e7e000 JavaThread "AWT-Shutdown" [_thread_blocked, id=7144, stack(0x0000000017c80000,0x0000000017d80000)]
  0x00000000172bf800 JavaThread "Java2D Disposer" daemon [_thread_blocked, id=14772, stack(0x0000000017b80000,0x0000000017c80000)]
  0x0000000016ab9000 JavaThread "Service Thread" daemon [_thread_blocked, id=9668, stack(0x0000000016f80000,0x0000000017080000)]
  0x0000000015288000 JavaThread "C1 CompilerThread2" daemon [_thread_blocked, id=8304, stack(0x0000000016e80000,0x0000000016f80000)]
  0x0000000015281000 JavaThread "C2 CompilerThread1" daemon [_thread_blocked, id=5880, stack(0x0000000016980000,0x0000000016a80000)]
  0x000000001522a000 JavaThread "C2 CompilerThread0" daemon [_thread_blocked, id=12828, stack(0x0000000016880000,0x0000000016980000)]
  0x0000000015229000 JavaThread "Attach Listener" daemon [_thread_blocked, id=5840, stack(0x0000000016780000,0x0000000016880000)]
  0x0000000015236800 JavaThread "Signal Dispatcher" daemon [_thread_blocked, id=9412, stack(0x0000000016680000,0x0000000016780000)]
  0x000000000229a800 JavaThread "Finalizer" daemon [_thread_blocked, id=15248, stack(0x0000000016480000,0x0000000016580000)]
  0x000000001521a000 JavaThread "Reference Handler" daemon [_thread_blocked, id=7096, stack(0x0000000016380000,0x0000000016480000)]

Other Threads:
  0x00000000151f7800 VMThread [stack: 0x0000000016280000,0x0000000016380000] [id=3432]
  0x000000001528d800 WatcherThread [stack: 0x0000000017180000,0x0000000017280000] [id=8776]

VM state:not at safepoint (normal execution)

VM Mutex/Monitor currently owned by a thread: None

heap address: 0x00000000b1000000, size: 1264 MB, Compressed Oops mode: 32-bit
Narrow klass base: 0x0000000000000000, Narrow klass shift: 3
Compressed class space size: 1073741824 Address: 0x0000000100000000

Heap:
 PSYoungGen      total 24064K, used 24044K [0x00000000e5b00000, 0x00000000e8600000, 0x0000000100000000)
  eden space 20992K, 100% used [0x00000000e5b00000,0x00000000e6f80000,0x00000000e6f80000)
  from space 3072K, 99% used [0x00000000e6f80000,0x00000000e727b010,0x00000000e7280000)
  to   space 3072K, 0% used [0x00000000e8300000,0x00000000e8300000,0x00000000e8600000)
 ParOldGen       total 85504K, used 46070K [0x00000000b1000000, 0x00000000b6380000, 0x00000000e5b00000)
  object space 85504K, 53% used [0x00000000b1000000,0x00000000b3cfd8b0,0x00000000b6380000)
 Metaspace       used 17651K, capacity 17872K, committed 18048K, reserved 1064960K
  class space    used 2039K, capacity 2117K, committed 2176K, reserved 1048576K

Card table byte_map: [0x0000000011660000,0x00000000118e0000] byte_map_base: 0x00000000110d8000

Marking Bits: (ParMarkBitMap*) 0x000000005332af90
 Begin Bits: [0x0000000011e90000, 0x0000000013250000)
 End Bits:   [0x0000000013250000, 0x0000000014610000)

Polling page: 0x0000000000860000

CodeCache: size=245760Kb used=6166Kb max_used=6166Kb free=239593Kb
 bounds [0x00000000022a0000, 0x00000000028b0000, 0x00000000112a0000]
 total_blobs=2443 nmethods=1661 adapters=695
 compilation: enabled

Compilation events (10 events):
Event: 44.839 Thread 0x0000000015288000 1799   !   3       java.awt.EventQueue::invokeAndWait (98 bytes)
Event: 44.842 Thread 0x0000000015288000 nmethod 1799 0x00000000028a7dd0 code [0x00000000028a8100, 0x00000000028a9a18]
Event: 44.842 Thread 0x0000000015288000 1800       3       java.util.ServiceLoader::parseLine (245 bytes)
Event: 44.846 Thread 0x0000000015288000 nmethod 1800 0x00000000028aa8d0 code [0x00000000028aacc0, 0x00000000028ad048]
Event: 44.846 Thread 0x0000000015288000 1798       3       java.awt.EventQueue::invokeAndWait (8 bytes)
Event: 44.847 Thread 0x0000000015288000 nmethod 1798 0x00000000027a4850 code [0x00000000027a4a00, 0x00000000027a4f08]
Event: 44.848 Thread 0x0000000015288000 1802       1       java.lang.reflect.Constructor::getModifiers (5 bytes)
Event: 44.848 Thread 0x0000000015288000 nmethod 1802 0x0000000002786790 code [0x00000000027868e0, 0x00000000027869f0]
Event: 44.848 Thread 0x0000000015288000 1801       1       java.net.URLConnection::getUseCaches (5 bytes)
Event: 44.848 Thread 0x0000000015288000 nmethod 1801 0x00000000027a5e50 code [0x00000000027a5fa0, 0x00000000027a60b0]

GC Heap History (8 events):
Event: 3.138 GC heap before
{Heap before GC invocations=1 (full 0):
 PSYoungGen      total 24064K, used 20992K [0x00000000e5b00000, 0x00000000e7580000, 0x0000000100000000)
  eden space 20992K, 100% used [0x00000000e5b00000,0x00000000e6f80000,0x00000000e6f80000)
  from space 3072K, 0% used [0x00000000e7280000,0x00000000e7280000,0x00000000e7580000)
  to   space 3072K, 0% used [0x00000000e6f80000,0x00000000e6f80000,0x00000000e7280000)
 ParOldGen       total 54784K, used 0K [0x00000000b1000000, 0x00000000b4580000, 0x00000000e5b00000)
  object space 54784K, 0% used [0x00000000b1000000,0x00000000b1000000,0x00000000b4580000)
 Metaspace       used 13518K, capacity 13756K, committed 13952K, reserved 1060864K
  class space    used 1530K, capacity 1629K, committed 1664K, reserved 1048576K
Event: 3.163 GC heap after
Heap after GC invocations=1 (full 0):
 PSYoungGen      total 24064K, used 3063K [0x00000000e5b00000, 0x00000000e7580000, 0x0000000100000000)
  eden space 20992K, 0% used [0x00000000e5b00000,0x00000000e5b00000,0x00000000e6f80000)
  from space 3072K, 99% used [0x00000000e6f80000,0x00000000e727dde0,0x00000000e7280000)
  to   space 3072K, 0% used [0x00000000e7280000,0x00000000e7280000,0x00000000e7580000)
 ParOldGen       total 54784K, used 16348K [0x00000000b1000000, 0x00000000b4580000, 0x00000000e5b00000)
  object space 54784K, 29% used [0x00000000b1000000,0x00000000b1ff70b0,0x00000000b4580000)
 Metaspace       used 13518K, capacity 13756K, committed 13952K, reserved 1060864K
  class space    used 1530K, capacity 1629K, committed 1664K, reserved 1048576K
}
Event: 3.925 GC heap before
{Heap before GC invocations=2 (full 0):
 PSYoungGen      total 24064K, used 24055K [0x00000000e5b00000, 0x00000000e7580000, 0x0000000100000000)
  eden space 20992K, 100% used [0x00000000e5b00000,0x00000000e6f80000,0x00000000e6f80000)
  from space 3072K, 99% used [0x00000000e6f80000,0x00000000e727dde0,0x00000000e7280000)
  to   space 3072K, 0% used [0x00000000e7280000,0x00000000e7280000,0x00000000e7580000)
 ParOldGen       total 54784K, used 16348K [0x00000000b1000000, 0x00000000b4580000, 0x00000000e5b00000)
  object space 54784K, 29% used [0x00000000b1000000,0x00000000b1ff70b0,0x00000000b4580000)
 Metaspace       used 13567K, capacity 13828K, committed 13952K, reserved 1060864K
  class space    used 1532K, capacity 1629K, committed 1664K, reserved 1048576K
Event: 3.981 GC heap after
Heap after GC invocations=2 (full 0):
 PSYoungGen      total 24064K, used 2784K [0x00000000e5b00000, 0x00000000e8a00000, 0x0000000100000000)
  eden space 20992K, 0% used [0x00000000e5b00000,0x00000000e5b00000,0x00000000e6f80000)
  from space 3072K, 90% used [0x00000000e7280000,0x00000000e7538000,0x00000000e7580000)
  to   space 3072K, 0% used [0x00000000e6f80000,0x00000000e6f80000,0x00000000e7280000)
 ParOldGen       total 54784K, used 24456K [0x00000000b1000000, 0x00000000b4580000, 0x00000000e5b00000)
  object space 54784K, 44% used [0x00000000b1000000,0x00000000b27e20c0,0x00000000b4580000)
 Metaspace       used 13567K, capacity 13828K, committed 13952K, reserved 1060864K
  class space    used 1532K, capacity 1629K, committed 1664K, reserved 1048576K
}
Event: 15.496 GC heap before
{Heap before GC invocations=3 (full 1):
 PSYoungGen      total 24064K, used 21366K [0x00000000e5b00000, 0x00000000e8a00000, 0x0000000100000000)
  eden space 20992K, 88% used [0x00000000e5b00000,0x00000000e6d25948,0x00000000e6f80000)
  from space 3072K, 90% used [0x00000000e7280000,0x00000000e7538000,0x00000000e7580000)
  to   space 3072K, 0% used [0x00000000e6f80000,0x00000000e6f80000,0x00000000e7280000)
 ParOldGen       total 54784K, used 44552K [0x00000000b1000000, 0x00000000b4580000, 0x00000000e5b00000)
  object space 54784K, 81% used [0x00000000b1000000,0x00000000b3b82120,0x00000000b4580000)
 Metaspace       used 16870K, capacity 17098K, committed 17536K, reserved 1064960K
  class space    used 1981K, capacity 2052K, committed 2176K, reserved 1048576K
Event: 15.594 GC heap after
Heap after GC invocations=3 (full 1):
 PSYoungGen      total 24064K, used 0K [0x00000000e5b00000, 0x00000000e8a00000, 0x0000000100000000)
  eden space 20992K, 0% used [0x00000000e5b00000,0x00000000e5b00000,0x00000000e6f80000)
  from space 3072K, 0% used [0x00000000e7280000,0x00000000e7280000,0x00000000e7580000)
  to   space 3072K, 0% used [0x00000000e6f80000,0x00000000e6f80000,0x00000000e7280000)
 ParOldGen       total 85504K, used 42852K [0x00000000b1000000, 0x00000000b6380000, 0x00000000e5b00000)
  object space 85504K, 50% used [0x00000000b1000000,0x00000000b39d9280,0x00000000b6380000)
 Metaspace       used 16870K, capacity 17098K, committed 17536K, reserved 1064960K
  class space    used 1981K, capacity 2052K, committed 2176K, reserved 1048576K
}
Event: 20.026 GC heap before
{Heap before GC invocations=4 (full 1):
 PSYoungGen      total 24064K, used 20992K [0x00000000e5b00000, 0x00000000e8a00000, 0x0000000100000000)
  eden space 20992K, 100% used [0x00000000e5b00000,0x00000000e6f80000,0x00000000e6f80000)
  from space 3072K, 0% used [0x00000000e7280000,0x00000000e7280000,0x00000000e7580000)
  to   space 3072K, 0% used [0x00000000e6f80000,0x00000000e6f80000,0x00000000e7280000)
 ParOldGen       total 85504K, used 42852K [0x00000000b1000000, 0x00000000b6380000, 0x00000000e5b00000)
  object space 85504K, 50% used [0x00000000b1000000,0x00000000b39d9280,0x00000000b6380000)
 Metaspace       used 17419K, capacity 17680K, committed 18048K, reserved 1064960K
  class space    used 2025K, capacity 2117K, committed 2176K, reserved 1048576K
Event: 20.033 GC heap after
Heap after GC invocations=4 (full 1):
 PSYoungGen      total 24064K, used 3052K [0x00000000e5b00000, 0x00000000e8600000, 0x0000000100000000)
  eden space 20992K, 0% used [0x00000000e5b00000,0x00000000e5b00000,0x00000000e6f80000)
  from space 3072K, 99% used [0x00000000e6f80000,0x00000000e727b010,0x00000000e7280000)
  to   space 3072K, 0% used [0x00000000e8300000,0x00000000e8300000,0x00000000e8600000)
 ParOldGen       total 85504K, used 46070K [0x00000000b1000000, 0x00000000b6380000, 0x00000000e5b00000)
  object space 85504K, 53% used [0x00000000b1000000,0x00000000b3cfd8b0,0x00000000b6380000)
 Metaspace       used 17419K, capacity 17680K, committed 18048K, reserved 1064960K
  class space    used 2025K, capacity 2117K, committed 2176K, reserved 1048576K
}

Deoptimization events (5 events):
Event: 3.647 Thread 0x00000000176e5000 Uncommon trap: reason=unstable_if action=reinterpret pc=0x0000000002594110 method=sun.awt.image.PNGFilterInputStream.read([BII)I @ 30
Event: 3.666 Thread 0x00000000176e5000 Uncommon trap: reason=unstable_if action=reinterpret pc=0x000000000258f4d8 method=sun.awt.image.ImageRepresentation.getOpaqueRGBImage()Ljava/awt/image/BufferedImage; @ 57
Event: 4.196 Thread 0x00000000176e5000 Uncommon trap: reason=unstable_if action=reinterpret pc=0x0000000002596570 method=sun.awt.image.ImageRepresentation.getOpaqueRGBImage()Ljava/awt/image/BufferedImage; @ 71
Event: 16.889 Thread 0x00000000172a9000 Uncommon trap: reason=unstable_if action=reinterpret pc=0x00000000027b2d54 method=com.sun.opengl.impl.mipmap.HalveImage.halveImage_ubyte(IIILjava/nio/ByteBuffer;Ljava/nio/ByteBuffer;III)V @ 76
Event: 20.401 Thread 0x00000000172a9000 Uncommon trap: reason=unstable_if action=reinterpret pc=0x00000000027c8e70 method=com.sun.opengl.impl.mipmap.ScaleInternal.scale_internal_ubyte(IIILjava/nio/ByteBuffer;IILjava/nio/ByteBuffer;III)V @ 191

Classes redefined (0 events):
No events

Internal exceptions (10 events):
Event: 2.261 Thread 0x000000000085d800 Exception <a 'java/lang/ClassNotFoundException': RootPane> (0x00000000e61ebcd8) thrown at [C:\jenkins\workspace\8-2-build-windows-amd64-cygwin\jdk8u251\737\hotspot\src\share\vm\classfile\systemDictionary.cpp, line 210]
Event: 15.126 Thread 0x00000000172a9000 Exception <a 'javax/media/opengl/GLException'> (0x00000000e6bfc410) thrown at [C:\jenkins\workspace\8-2-build-windows-amd64-cygwin\jdk8u251\737\hotspot\src\share\vm\prims\jvm.cpp, line 1506]
Event: 15.126 Thread 0x00000000172a9000 Exception <a 'javax/media/opengl/GLException'> (0x00000000e6bfc410) thrown at [C:\jenkins\workspace\8-2-build-windows-amd64-cygwin\jdk8u251\737\hotspot\src\share\vm\prims\jvm.cpp, line 1506]
Event: 15.133 Thread 0x00000000172a9000 Exception <a 'javax/media/opengl/GLException'> (0x00000000e6c10810) thrown at [C:\jenkins\workspace\8-2-build-windows-amd64-cygwin\jdk8u251\737\hotspot\src\share\vm\prims\jvm.cpp, line 1506]
Event: 16.967 Thread 0x00000000172a9000 Exception <a 'javax/media/opengl/GLException'> (0x00000000e63435b8) thrown at [C:\jenkins\workspace\8-2-build-windows-amd64-cygwin\jdk8u251\737\hotspot\src\share\vm\prims\jvm.cpp, line 1506]
Event: 16.974 Thread 0x00000000172a9000 Exception <a 'javax/media/opengl/GLException'> (0x00000000e6344700) thrown at [C:\jenkins\workspace\8-2-build-windows-amd64-cygwin\jdk8u251\737\hotspot\src\share\vm\prims\jvm.cpp, line 1506]
Event: 17.209 Thread 0x00000000172a9000 Exception <a 'javax/media/opengl/GLException'> (0x00000000e6349c70) thrown at [C:\jenkins\workspace\8-2-build-windows-amd64-cygwin\jdk8u251\737\hotspot\src\share\vm\prims\jvm.cpp, line 1506]
Event: 17.217 Thread 0x00000000172a9000 Exception <a 'javax/media/opengl/GLException'> (0x00000000e634ac30) thrown at [C:\jenkins\workspace\8-2-build-windows-amd64-cygwin\jdk8u251\737\hotspot\src\share\vm\prims\jvm.cpp, line 1506]
Event: 17.892 Thread 0x00000000172a9000 Exception <a 'javax/media/opengl/GLException'> (0x00000000e6372c80) thrown at [C:\jenkins\workspace\8-2-build-windows-amd64-cygwin\jdk8u251\737\hotspot\src\share\vm\prims\jvm.cpp, line 1506]
Event: 17.993 Thread 0x00000000172a9000 Exception <a 'javax/media/opengl/GLException'> (0x00000000e63fdb38) thrown at [C:\jenkins\workspace\8-2-build-windows-amd64-cygwin\jdk8u251\737\hotspot\src\share\vm\prims\jvm.cpp, line 1506]

Events (10 events):
Event: 43.914 Executing VM operation: RevokeBias
Event: 43.914 Executing VM operation: RevokeBias done
Event: 44.392 Executing VM operation: RevokeBias
Event: 44.392 Executing VM operation: RevokeBias done
Event: 44.392 Thread 0x00000000179ed800 Thread exited: 0x00000000179ed800
Event: 44.846 Thread 0x00000000179ed800 Thread added: 0x00000000179ed800
Event: 44.849 Executing VM operation: RevokeBias
Event: 44.849 Executing VM operation: RevokeBias done
Event: 44.849 Executing VM operation: RevokeBias
Event: 44.849 Executing VM operation: RevokeBias done


Dynamic libraries:
0x00007ff7b1350000 - 0x00007ff7b1387000 	C:\Program Files\Java\jdk1.8.0_251\jre\bin\java.exe
0x00007ff9b74c0000 - 0x00007ff9b766d000 	C:\Windows\SYSTEM32\ntdll.dll
0x00007ff9b6ce0000 - 0x00007ff9b6e1f000 	C:\Windows\system32\KERNEL32.DLL
0x00007ff9a6950000 - 0x00007ff9a6963000 	C:\Program Files\AVAST Software\Avast\aswhook.dll
0x00007ff9b49a0000 - 0x00007ff9b4ab5000 	C:\Windows\system32\KERNELBASE.dll
0x00007ff9b31b0000 - 0x00007ff9b323e000 	C:\Windows\system32\apphelp.dll
0x00007ff9ace50000 - 0x00007ff9acea5000 	C:\Windows\AppPatch\AppPatch64\AcGenral.DLL
0x00007ff9b6c30000 - 0x00007ff9b6cda000 	C:\Windows\system32\msvcrt.dll
0x00007ff9b4ac0000 - 0x00007ff9b4aee000 	C:\Windows\system32\SspiCli.dll
0x00007ff9b4c20000 - 0x00007ff9b4c74000 	C:\Windows\system32\SHLWAPI.dll
0x00007ff9b7340000 - 0x00007ff9b74b7000 	C:\Windows\system32\USER32.dll
0x00007ff9b71a0000 - 0x00007ff9b7334000 	C:\Windows\system32\ole32.dll
0x00007ff9b54f0000 - 0x00007ff9b6a1a000 	C:\Windows\system32\SHELL32.dll
0x00007ff9b3bb0000 - 0x00007ff9b3bd1000 	C:\Windows\SYSTEM32\USERENV.dll
0x00007ff9b5440000 - 0x00007ff9b54ea000 	C:\Windows\system32\ADVAPI32.dll
0x00007ff9aea00000 - 0x00007ff9aea1e000 	C:\Windows\SYSTEM32\MPR.dll
0x00007ff9b52b0000 - 0x00007ff9b53f0000 	C:\Windows\system32\RPCRT4.dll
0x00007ff9b7130000 - 0x00007ff9b7189000 	C:\Windows\SYSTEM32\sechost.dll
0x00007ff9b6a20000 - 0x00007ff9b6c30000 	C:\Windows\SYSTEM32\combase.dll
0x00007ff9b4cf0000 - 0x00007ff9b4e3c000 	C:\Windows\system32\GDI32.dll
0x00007ff9b45f0000 - 0x00007ff9b4605000 	C:\Windows\SYSTEM32\profapi.dll
0x00007ff9b2be0000 - 0x00007ff9b2c92000 	C:\Windows\SYSTEM32\SHCORE.dll
0x00007ff9b5400000 - 0x00007ff9b5436000 	C:\Windows\system32\IMM32.DLL
0x00007ff9b4e40000 - 0x00007ff9b4f92000 	C:\Windows\system32\MSCTF.dll
0x00007ff9b2070000 - 0x00007ff9b22eb000 	C:\Windows\WinSxS\amd64_microsoft.windows.common-controls_6595b64144ccf1df_6.0.9600.19394_none_62486577ecb635cf\COMCTL32.dll
0x00000000535b0000 - 0x0000000053682000 	C:\Program Files\Java\jdk1.8.0_251\jre\bin\msvcr100.dll
0x0000000052b00000 - 0x00000000533ab000 	C:\Program Files\Java\jdk1.8.0_251\jre\bin\server\jvm.dll
0x00007ff9acff0000 - 0x00007ff9acff9000 	C:\Windows\SYSTEM32\WSOCK32.dll
0x00007ff9b1580000 - 0x00007ff9b15a2000 	C:\Windows\SYSTEM32\WINMM.dll
0x00007ff9ac0c0000 - 0x00007ff9ac0ca000 	C:\Windows\SYSTEM32\VERSION.dll
0x00007ff9b4c80000 - 0x00007ff9b4c87000 	C:\Windows\system32\PSAPI.DLL
0x00007ff9b4c90000 - 0x00007ff9b4cea000 	C:\Windows\system32\WS2_32.dll
0x00007ff9b1540000 - 0x00007ff9b156a000 	C:\Windows\SYSTEM32\WINMMBASE.dll
0x00007ff9b7190000 - 0x00007ff9b7199000 	C:\Windows\system32\NSI.dll
0x00007ff9b46c0000 - 0x00007ff9b470f000 	C:\Windows\SYSTEM32\cfgmgr32.dll
0x00007ff9b3410000 - 0x00007ff9b3438000 	C:\Windows\SYSTEM32\DEVOBJ.dll
0x00007ff9af290000 - 0x00007ff9af29f000 	C:\Program Files\Java\jdk1.8.0_251\jre\bin\verify.dll
0x00007ff9ae450000 - 0x00007ff9ae479000 	C:\Program Files\Java\jdk1.8.0_251\jre\bin\java.dll
0x00007ff9a9220000 - 0x00007ff9a9236000 	C:\Program Files\Java\jdk1.8.0_251\jre\bin\zip.dll
0x00007ff98c210000 - 0x00007ff98c3aa000 	C:\Program Files\Java\jdk1.8.0_251\jre\bin\awt.dll
0x00007ff9b5160000 - 0x00007ff9b5227000 	C:\Windows\system32\OLEAUT32.dll
0x00007ff9b27c0000 - 0x00007ff9b27e1000 	C:\Windows\system32\DWMAPI.DLL
0x00007ff9b3280000 - 0x00007ff9b33a9000 	C:\Windows\system32\uxtheme.dll
0x00007ff98c0e0000 - 0x00007ff98c20b000 	C:\Windows\system32\opengl32.dll
0x00007ff9a1240000 - 0x00007ff9a126e000 	C:\Windows\SYSTEM32\GLU32.dll
0x00007ff9a2280000 - 0x00007ff9a2378000 	C:\Windows\SYSTEM32\DDRAW.dll
0x00007ff9a6940000 - 0x00007ff9a6949000 	C:\Windows\SYSTEM32\DCIMAN32.dll
0x00007ff9b3400000 - 0x00007ff9b340b000 	C:\Windows\SYSTEM32\kernel.appcore.dll
0x00007ff9b44c0000 - 0x00007ff9b44cb000 	C:\Windows\SYSTEM32\CRYPTBASE.dll
0x00007ff9b4450000 - 0x00007ff9b44b3000 	C:\Windows\SYSTEM32\bcryptPrimitives.dll
0x00007ff99a290000 - 0x00007ff99a4b1000 	C:\Windows\system32\d3d9.dll
0x00007ff9b1210000 - 0x00007ff9b146f000 	C:\Windows\SYSTEM32\d3d10warp.dll
0x00007ff9a0f60000 - 0x00007ff9a0fa9000 	C:\Program Files\Java\jdk1.8.0_251\jre\bin\fontmanager.dll
0x0000000018fa0000 - 0x0000000018ffa000 	C:\Users\Alan\AppData\Roaming\NetBeans\8.2\jogl-runtime\jogl.jar-natives-windows-amd64\jogl.dll
0x0000000052a30000 - 0x0000000052af9000 	C:\Windows\WinSxS\amd64_microsoft.vc80.crt_1fc8b3b9a1e18e3b_8.0.50727.8428_none_88dcdb0b2fb19957\MSVCR80.dll
0x00007ff9a26f0000 - 0x00007ff9a2721000 	C:\Program Files\Java\jdk1.8.0_251\jre\bin\jpeg.dll
0x00007ff9a77d0000 - 0x00007ff9a77ea000 	C:\Program Files\Java\jdk1.8.0_251\jre\bin\net.dll
0x00007ff9b3e20000 - 0x00007ff9b3e79000 	C:\Windows\system32\mswsock.dll
0x00007ff9a1270000 - 0x00007ff9a1282000 	C:\Program Files\Java\jdk1.8.0_251\jre\bin\nio.dll
0x00007ff9a0f10000 - 0x00007ff9a0f52000 	C:\Program Files\Java\jdk1.8.0_251\jre\bin\t2k.dll
0x00007ff9a9240000 - 0x00007ff9a924c000 	C:\Program Files\Java\jdk1.8.0_251\jre\bin\jsound.dll
0x00007ff9a77c0000 - 0x00007ff9a77cb000 	C:\Program Files\Java\jdk1.8.0_251\jre\bin\jsoundds.dll
0x00007ff99ee40000 - 0x00007ff99eedd000 	C:\Windows\SYSTEM32\DSOUND.dll
0x00007ff9b4590000 - 0x00007ff9b45d6000 	C:\Windows\SYSTEM32\POWRPROF.dll
0x00007ff9b1eb0000 - 0x00007ff9b1f20000 	C:\Windows\SYSTEM32\MMDevAPI.DLL
0x00007ff99f820000 - 0x00007ff99f85e000 	C:\Windows\SYSTEM32\wdmaud.drv
0x00007ff9b0f10000 - 0x00007ff9b0f18000 	C:\Windows\SYSTEM32\ksuser.dll
0x00007ff9b1de0000 - 0x00007ff9b1dec000 	C:\Windows\SYSTEM32\AVRT.dll
0x00007ff9a80e0000 - 0x00007ff9a815e000 	C:\Windows\SYSTEM32\AUDIOSES.DLL
0x00007ff99f810000 - 0x00007ff99f81b000 	C:\Windows\SYSTEM32\msacm32.drv
0x00007ff99f7f0000 - 0x00007ff99f80c000 	C:\Windows\SYSTEM32\MSACM32.dll
0x00007ff99f7e0000 - 0x00007ff99f7ea000 	C:\Windows\SYSTEM32\midimap.dll
0x00007ff9b4b50000 - 0x00007ff9b4c06000 	C:\Windows\SYSTEM32\clbcatq.dll
0x00007ff9a9210000 - 0x00007ff9a9217000 	C:\Program Files\Java\jdk1.8.0_251\jre\bin\jawt.dll
0x000000001a400000 - 0x000000001a407000 	C:\Users\Alan\AppData\Roaming\NetBeans\8.2\jogl-runtime\jogl.jar-natives-windows-amd64\jogl_awt.dll
0x00007ff9a2380000 - 0x00007ff9a23be000 	C:\Program Files\Java\jdk1.8.0_251\jre\bin\lcms.dll
0x00007ff9ab8a0000 - 0x00007ff9aba29000 	C:\Windows\SYSTEM32\dbghelp.dll

VM Arguments:
jvm_args: -Dfile.encoding=Cp1252 -Djava.library.path=C:\Users\Alan\AppData\Roaming\NetBeans\8.2\jogl-runtime\jogl.jar-natives-windows-amd64;C:\Users\Alan\AppData\Roaming\NetBeans\8.2\gluegen-runtime\gluegen-rt.jar-natives-windows-amd64 
java_command: pantallas.Inicio
java_class_path (initial): C:\Users\Alan\AppData\Roaming\NetBeans\8.2\gluegen-runtime\gluegen-rt.jar;C:\Users\Alan\AppData\Roaming\NetBeans\8.2\jogl-runtime\jogl.jar;C:\Program Files\NetBeans 8.2\java\modules\ext\AbsoluteLayout.jar;C:\Users\Alan\Documents\GitHub\GraphicationGame\Actual\Poryecto con pantallas\JuegoV4\build\classes
Launcher Type: SUN_STANDARD

Environment Variables:
PATH=C:\Program Files (x86)\Common Files\Oracle\Java\javapath;C:\ProgramData\Oracle\Java\javapath;C:\Windows\system32;C:\Windows;C:\Windows\System32\Wbem;C:\Windows\System32\WindowsPowerShell\v1.0\;C:\Program Files (x86)\Microchip\MPLAB C32 Suite\bin;C:\PROGRA~2\PICC;C:\Program Files\Common Files\Autodesk Shared\;C:\Program Files\MySQL\MySQL Shell 8.0\bin\
USERNAME=Alan
OS=Windows_NT
PROCESSOR_IDENTIFIER=AMD64 Family 22 Model 48 Stepping 1, AuthenticAMD



---------------  S Y S T E M  ---------------

OS: Windows 8.1 , 64 bit Build 9600 (6.3.9600.19538)

CPU:total 4 (initial active 4) (4 cores per cpu, 1 threads per core) family 22 model 48 stepping 1, cmov, cx8, fxsr, mmx, sse, sse2, sse3, ssse3, sse4.1, sse4.2, popcnt, avx, aes, clmul, mmxext, 3dnowpref, lzcnt, sse4a, tsc, tscinvbit, tscinv, bmi1

Memory: 4k page, physical 5176816k(963932k free), swap 12516848k(4651644k free)

vm_info: Java HotSpot(TM) 64-Bit Server VM (25.251-b08) for windows-amd64 JRE (1.8.0_251-b08), built on Mar 12 2020 06:31:49 by "" with MS VC++ 10.0 (VS2010)

time: Tue Jun 09 11:38:10 2020
timezone: Hora de verano central (México)
elapsed time: 45 seconds (0d 0h 0m 45s)

