#
# A fatal error has been detected by the Java Runtime Environment:
#
#  EXCEPTION_ACCESS_VIOLATION (0xc0000005) at pc=0x00007ff98c197693, pid=11756, tid=0x0000000000003634
#
# JRE version: Java(TM) SE Runtime Environment (8.0_251-b08) (build 1.8.0_251-b08)
# Java VM: Java HotSpot(TM) 64-Bit Server VM (25.251-b08 mixed mode windows-amd64 compressed oops)
# Problematic frame:
# C  [opengl32.dll+0xb7693]
#
# Failed to write core dump. Minidumps are not enabled by default on client versions of Windows
#
# If you would like to submit a bug report, please visit:
#   http://bugreport.java.com/bugreport/crash.jsp
# The crash happened outside the Java Virtual Machine in native code.
# See problematic frame for where to report the bug.
#

---------------  T H R E A D  ---------------

Current thread (0x0000000017b44800):  JavaThread "AWT-EventQueue-0" [_thread_in_native, id=13876, stack(0x0000000019810000,0x0000000019910000)]

siginfo: ExceptionCode=0xc0000005, reading address 0xfffffffe1b21fd70

Registers:
RAX=0xffffffff80000000, RBX=0x0000000000ec5b00, RCX=0x0000000000000000, RDX=0x000000001e027608
RSP=0x000000001990d590, RBP=0x000000001e02b550, RSI=0x0000000000000000, RDI=0x000000001e2e4eb0
R8 =0x000000001b21fd70, R9 =0x000000001e027608, R10=0x000000001e027668, R11=0x000000001e2e35d0
R12=0xffffffffffffffec, R13=0xfffffffffffffff0, R14=0xfffffffffffffff4, R15=0xffffffffffffffe8
RIP=0x00007ff98c197693, EFLAGS=0x0000000000010a06

Top of Stack: (sp=0x000000001990d590)
0x000000001990d590:   4d0a6088427b5437 42eb9ef44c0a609a
0x000000001990d5a0:   427b5437432cc9e5 0000000041f4cccd
0x000000001990d5b0:   458a37eb3f713da2 0000000040f4cccd
0x000000001990d5c0:   000000001b21fd70 00007ff98c1aba0c
0x000000001990d5d0:   0000000000000000 0000000000000000
0x000000001990d5e0:   0000000000000000 0000000000000000
0x000000001990d5f0:   0000000000000000 0000000000000000
0x000000001990d600:   000000003f800000 0000000000000000
0x000000001990d610:   3fa999993d4ccccd 0000000000000000
0x000000001990d620:   000000003f800000 0000000000000000
0x000000001990d630:   0000000000000000 0000000000000000
0x000000001990d640:   000000003f800000 0000000000000000
0x000000001990d650:   40088121e0000000 0000000000000000
0x000000001990d660:   000000003bcccccc 0000000000000000
0x000000001990d670:   000000001e02b618 000000001e02b550
0x000000001990d680:   000000001e2e35d0 000000001e027540 

Instructions: (pc=0x00007ff98c197693)
0x00007ff98c197673:   04 f3 0f 11 1c 24 72 56 f3 0f 59 54 24 24 f3 41
0x00007ff98c197683:   0f 58 d7 f3 0f 2c c2 3d 00 01 00 00 7d 0a 48 98
0x00007ff98c197693:   f3 41 0f 10 14 80 eb 04 41 0f 28 d3 0f 28 c2 0f
0x00007ff98c1976a3:   28 ca f3 41 0f 59 d2 f3 41 0f 59 c0 f3 41 0f 59 


Register to memory mapping:

RAX=0xffffffff80000000 is an unknown value
RBX=0x0000000000ec5b00 is an unknown value
RCX=0x0000000000000000 is an unknown value
RDX=0x000000001e027608 is an unknown value
RSP=0x000000001990d590 is pointing into the stack for thread: 0x0000000017b44800
RBP=0x000000001e02b550 is an unknown value
RSI=0x0000000000000000 is an unknown value
RDI=0x000000001e2e4eb0 is an unknown value
R8 =0x000000001b21fd70 is an unknown value
R9 =0x000000001e027608 is an unknown value
R10=0x000000001e027668 is an unknown value
R11=0x000000001e2e35d0 is an unknown value
R12=0xffffffffffffffec is an unknown value
R13=0xfffffffffffffff0 is an unknown value
R14=0xfffffffffffffff4 is an unknown value
R15=0xffffffffffffffe8 is an unknown value


Stack: [0x0000000019810000,0x0000000019910000],  sp=0x000000001990d590,  free space=1013k
Native frames: (J=compiled Java code, j=interpreted, Vv=VM code, C=native code)
C  [opengl32.dll+0xb7693]
C  [opengl32.dll+0xae775]
C  [opengl32.dll+0xe19e2]
C  [opengl32.dll+0xe1855]
C  [opengl32.dll+0x2df84]
C  [opengl32.dll+0x1a6a5]
C  [jogl.dll+0x22cd]
C  0x0000000002fb3db5

Java frames: (J=compiled Java code, j=interpreted, Vv=VM code)
J 1365  com.sun.opengl.impl.GLImpl.glBegin0(I)V (0 bytes) @ 0x0000000002fb3d3b [0x0000000002fb3d00+0x3b]
J 1511 C2 com.sun.opengl.impl.GLUquadricImpl.drawDisk(Ljavax/media/opengl/GL;FFII)V (868 bytes) @ 0x0000000002c21ff0 [0x0000000002c21b60+0x490]
J 1678 C1 javax.media.opengl.glu.GLU.gluDisk(Ljavax/media/opengl/glu/GLUquadric;DDII)V (20 bytes) @ 0x0000000002dfe714 [0x0000000002dfe260+0x4b4]
j  levels.DibujaB.palito(Ljavax/media/opengl/GL;Ljavax/media/opengl/glu/GLU;)V+113
j  levels.DibujaB.dibujaB(Ljavax/media/opengl/GL;)V+49
J 2154 C1 levels.levelTwo.display(Ljavax/media/opengl/GLAutoDrawable;)V (1217 bytes) @ 0x00000000031d5804 [0x00000000031d3900+0x1f04]
j  com.sun.opengl.impl.GLDrawableHelper.display(Ljavax/media/opengl/GLAutoDrawable;)V+29
J 2055 C1 javax.media.opengl.GLCanvas$DisplayAction.run()V (84 bytes) @ 0x000000000302f78c [0x000000000302ef20+0x86c]
J 1789 C1 com.sun.opengl.impl.GLDrawableHelper.invokeGL(Ljavax/media/opengl/GLDrawable;Ljavax/media/opengl/GLContext;Ljava/lang/Runnable;Ljava/lang/Runnable;)V (498 bytes) @ 0x000000000312b12c [0x000000000312a0e0+0x104c]
J 1793 C1 javax.media.opengl.GLCanvas$DisplayOnEventDispatchThreadAction.run()V (39 bytes) @ 0x000000000311c2e4 [0x000000000311c1c0+0x124]
J 1509 C1 java.awt.event.InvocationEvent.dispatch()V (69 bytes) @ 0x0000000002c19bcc [0x0000000002c19a80+0x14c]
J 1220 C1 java.awt.EventQueue.dispatchEventImpl(Ljava/awt/AWTEvent;Ljava/lang/Object;)V (149 bytes) @ 0x0000000002f42b04 [0x0000000002f41040+0x1ac4]
J 1218 C1 java.awt.EventQueue$3.run()Ljava/lang/Void; (60 bytes) @ 0x0000000002f1fe4c [0x0000000002f1fc40+0x20c]
J 1217 C1 java.awt.EventQueue$3.run()Ljava/lang/Object; (5 bytes) @ 0x0000000002f2050c [0x0000000002f20480+0x8c]
v  ~StubRoutines::call_stub
J 672  java.security.AccessController.doPrivileged(Ljava/security/PrivilegedAction;Ljava/security/AccessControlContext;)Ljava/lang/Object; (0 bytes) @ 0x0000000002dcb1a6 [0x0000000002dcb140+0x66]
J 1184 C1 java.awt.EventQueue.dispatchEvent(Ljava/awt/AWTEvent;)V (80 bytes) @ 0x0000000002f0e204 [0x0000000002f0d880+0x984]
J 1222 C1 java.awt.EventDispatchThread.pumpOneEventForFilters(I)V (190 bytes) @ 0x0000000002f44ccc [0x0000000002f43b80+0x114c]
j  java.awt.EventDispatchThread.pumpEventsForFilter(ILjava/awt/Conditional;Ljava/awt/EventFilter;)V+35
j  java.awt.EventDispatchThread.pumpEventsForHierarchy(ILjava/awt/Conditional;Ljava/awt/Component;)V+11
j  java.awt.EventDispatchThread.pumpEvents(ILjava/awt/Conditional;)V+4
j  java.awt.EventDispatchThread.pumpEvents(Ljava/awt/Conditional;)V+3
j  java.awt.EventDispatchThread.run()V+9
v  ~StubRoutines::call_stub

---------------  P R O C E S S  ---------------

Java Threads: ( => current thread )
  0x0000000017412800 JavaThread "Direct Clip" daemon [_thread_blocked, id=9656, stack(0x0000000026aa0000,0x0000000026ba0000)]
  0x0000000017412000 JavaThread "Direct Clip" daemon [_thread_blocked, id=14804, stack(0x00000000269a0000,0x0000000026aa0000)]
  0x0000000017411000 JavaThread "Direct Clip" daemon [_thread_blocked, id=13184, stack(0x00000000268a0000,0x00000000269a0000)]
  0x000000001740b000 JavaThread "Direct Clip" daemon [_thread_blocked, id=14376, stack(0x00000000250d0000,0x00000000251d0000)]
  0x000000001740c000 JavaThread "Direct Clip" daemon [_thread_blocked, id=11556, stack(0x00000000266a0000,0x00000000267a0000)]
  0x000000001740f000 JavaThread "Direct Clip" daemon [_thread_blocked, id=4780, stack(0x00000000265a0000,0x00000000266a0000)]
  0x000000001740d800 JavaThread "Direct Clip" daemon [_thread_blocked, id=8432, stack(0x00000000264a0000,0x00000000265a0000)]
  0x000000001740e000 JavaThread "Direct Clip" daemon [_thread_blocked, id=8756, stack(0x00000000253d0000,0x00000000254d0000)]
  0x000000001740c800 JavaThread "Direct Clip" daemon [_thread_blocked, id=10400, stack(0x00000000252d0000,0x00000000253d0000)]
  0x000000001740a800 JavaThread "Direct Clip" daemon [_thread_blocked, id=5888, stack(0x00000000251d0000,0x00000000252d0000)]
  0x0000000019fb5800 JavaThread "Direct Clip" daemon [_thread_blocked, id=12912, stack(0x0000000018800000,0x0000000018900000)]
  0x0000000019fb4800 JavaThread "Direct Clip" daemon [_thread_blocked, id=13324, stack(0x0000000024fd0000,0x00000000250d0000)]
  0x0000000019fb4000 JavaThread "Direct Clip" daemon [_thread_blocked, id=2184, stack(0x0000000024ed0000,0x0000000024fd0000)]
  0x0000000019fb0000 JavaThread "Direct Clip" daemon [_thread_blocked, id=5028, stack(0x0000000024ad0000,0x0000000024bd0000)]
  0x0000000019fb1000 JavaThread "Direct Clip" daemon [_thread_blocked, id=14280, stack(0x0000000019100000,0x0000000019200000)]
  0x0000000019fb2800 JavaThread "Direct Clip" daemon [_thread_blocked, id=5176, stack(0x0000000024dd0000,0x0000000024ed0000)]
  0x0000000019fb1800 JavaThread "Direct Clip" daemon [_thread_blocked, id=13644, stack(0x0000000024cd0000,0x0000000024dd0000)]
  0x0000000019fac800 JavaThread "Direct Clip" daemon [_thread_blocked, id=5604, stack(0x00000000249d0000,0x0000000024ad0000)]
  0x0000000019fae800 JavaThread "Direct Clip" daemon [_thread_blocked, id=7368, stack(0x00000000248d0000,0x00000000249d0000)]
  0x0000000019fae000 JavaThread "Direct Clip" daemon [_thread_blocked, id=6808, stack(0x000000001d9a0000,0x000000001daa0000)]
  0x0000000019faf800 JavaThread "Direct Clip" daemon [_thread_blocked, id=14556, stack(0x00000000247d0000,0x00000000248d0000)]
  0x0000000019fad000 JavaThread "Direct Clip" daemon [_thread_blocked, id=6020, stack(0x00000000246d0000,0x00000000247d0000)]
  0x0000000019fab000 JavaThread "Direct Clip" daemon [_thread_blocked, id=4512, stack(0x00000000245d0000,0x00000000246d0000)]
  0x0000000019fa8000 JavaThread "Direct Clip" daemon [_thread_blocked, id=11332, stack(0x00000000244d0000,0x00000000245d0000)]
  0x0000000019fab800 JavaThread "Direct Clip" daemon [_thread_blocked, id=412, stack(0x00000000240d0000,0x00000000241d0000)]
  0x0000000019fa6800 JavaThread "Direct Clip" daemon [_thread_blocked, id=13336, stack(0x00000000243d0000,0x00000000244d0000)]
  0x0000000019fa7000 JavaThread "Direct Clip" daemon [_thread_blocked, id=6832, stack(0x00000000242d0000,0x00000000243d0000)]
  0x0000000019faa000 JavaThread "Direct Clip" daemon [_thread_blocked, id=13532, stack(0x00000000241d0000,0x00000000242d0000)]
  0x0000000019fa8800 JavaThread "Direct Clip" daemon [_thread_blocked, id=11988, stack(0x0000000023fd0000,0x00000000240d0000)]
  0x0000000019fa9800 JavaThread "Direct Clip" daemon [_thread_blocked, id=12120, stack(0x0000000023ed0000,0x0000000023fd0000)]
  0x000000001a1fc000 JavaThread "Direct Clip" daemon [_thread_blocked, id=4932, stack(0x0000000021730000,0x0000000021830000)]
  0x000000001a202800 JavaThread "Direct Clip" daemon [_thread_blocked, id=8124, stack(0x0000000023dd0000,0x0000000023ed0000)]
  0x000000001a202000 JavaThread "Direct Clip" daemon [_thread_blocked, id=7072, stack(0x0000000023cd0000,0x0000000023dd0000)]
  0x000000001a201000 JavaThread "Direct Clip" daemon [_thread_blocked, id=15236, stack(0x00000000233d0000,0x00000000234d0000)]
  0x000000001a200800 JavaThread "Direct Clip" daemon [_thread_blocked, id=13308, stack(0x00000000232d0000,0x00000000233d0000)]
  0x000000001a203800 JavaThread "Direct Clip" daemon [_thread_blocked, id=10936, stack(0x00000000231d0000,0x00000000232d0000)]
  0x000000001a1fc800 JavaThread "Direct Clip" daemon [_thread_blocked, id=9752, stack(0x00000000230d0000,0x00000000231d0000)]
  0x000000001a1ff800 JavaThread "Direct Clip" daemon [_thread_blocked, id=10124, stack(0x0000000022fd0000,0x00000000230d0000)]
  0x000000001a1fe000 JavaThread "Direct Clip" daemon [_thread_blocked, id=13580, stack(0x0000000022ed0000,0x0000000022fd0000)]
  0x000000001a1fd800 JavaThread "Direct Clip" daemon [_thread_blocked, id=13884, stack(0x0000000021830000,0x0000000021930000)]
  0x000000001a1ff000 JavaThread "Direct Clip" daemon [_thread_blocked, id=12720, stack(0x0000000021150000,0x0000000021250000)]
  0x000000001a1f9800 JavaThread "Direct Clip" daemon [_thread_blocked, id=12944, stack(0x0000000020460000,0x0000000020560000)]
  0x000000001a1f8000 JavaThread "Direct Clip" daemon [_thread_blocked, id=1216, stack(0x0000000019200000,0x0000000019300000)]
  0x000000001a1fb000 JavaThread "Direct Clip" daemon [_thread_blocked, id=14864, stack(0x0000000019500000,0x0000000019600000)]
  0x000000001a1fa800 JavaThread "Direct Clip" daemon [_thread_blocked, id=12328, stack(0x0000000019400000,0x0000000019500000)]
  0x000000001a1f6800 JavaThread "Direct Clip" daemon [_thread_blocked, id=9924, stack(0x0000000019300000,0x0000000019400000)]
  0x000000001a1f9000 JavaThread "Direct Clip" daemon [_thread_blocked, id=1612, stack(0x0000000021050000,0x0000000021150000)]
  0x000000001a1f4000 JavaThread "Direct Clip" daemon [_thread_blocked, id=8960, stack(0x00000000212e0000,0x00000000213e0000)]
  0x000000001a1f7800 JavaThread "Thread-13" [_thread_blocked, id=14868, stack(0x0000000020360000,0x0000000020460000)]
  0x000000001a1f5800 JavaThread "Thread-12" [_thread_blocked, id=10776, stack(0x000000001eab0000,0x000000001ebb0000)]
  0x000000001a1f5000 JavaThread "Thread-11" [_thread_blocked, id=3540, stack(0x0000000020c10000,0x0000000020d10000)]
  0x0000000017ee7800 JavaThread "Direct Clip" daemon [_thread_blocked, id=3256, stack(0x000000001ac80000,0x000000001ad80000)]
  0x0000000017ee9000 JavaThread "Direct Clip" daemon [_thread_blocked, id=7968, stack(0x0000000019910000,0x0000000019a10000)]
  0x0000000017eec000 JavaThread "Thread-8" [_thread_blocked, id=15136, stack(0x0000000020060000,0x0000000020160000)]
  0x0000000017eeb000 JavaThread "Thread-7" [_thread_blocked, id=7380, stack(0x000000001ff60000,0x0000000020060000)]
  0x0000000017eec800 JavaThread "Thread-6" [_thread_blocked, id=13660, stack(0x000000001fe60000,0x000000001ff60000)]
  0x0000000017eea800 JavaThread "Thread-5" [_thread_blocked, id=4212, stack(0x000000001cf60000,0x000000001d060000)]
  0x0000000017ee6000 JavaThread "Direct Clip" daemon [_thread_blocked, id=14252, stack(0x000000001ad80000,0x000000001ae80000)]
  0x0000000017ee6800 JavaThread "D3D Screen Updater" daemon [_thread_blocked, id=3428, stack(0x000000001d4d0000,0x000000001d5d0000)]
  0x0000000017ee8000 JavaThread "Direct Clip" daemon [_thread_blocked, id=14380, stack(0x000000001bc80000,0x000000001bd80000)]
  0x0000000017ee9800 JavaThread "Java Sound Event Dispatcher" daemon [_thread_blocked, id=12316, stack(0x000000001b880000,0x000000001b980000)]
  0x0000000002aed800 JavaThread "DestroyJavaVM" [_thread_blocked, id=14908, stack(0x0000000002710000,0x0000000002810000)]
=>0x0000000017b44800 JavaThread "AWT-EventQueue-0" [_thread_in_native, id=13876, stack(0x0000000019810000,0x0000000019910000)]
  0x0000000017b6b800 JavaThread "AWT-Windows" daemon [_thread_in_native, id=12764, stack(0x0000000018700000,0x0000000018800000)]
  0x0000000017b68800 JavaThread "AWT-Shutdown" [_thread_blocked, id=10344, stack(0x0000000018600000,0x0000000018700000)]
  0x0000000017b68000 JavaThread "Java2D Disposer" daemon [_thread_blocked, id=15280, stack(0x0000000018500000,0x0000000018600000)]
  0x0000000017209000 JavaThread "Service Thread" daemon [_thread_blocked, id=1660, stack(0x0000000017800000,0x0000000017900000)]
  0x0000000017204000 JavaThread "C1 CompilerThread2" daemon [_thread_blocked, id=15080, stack(0x0000000017700000,0x0000000017800000)]
  0x0000000015a86000 JavaThread "C2 CompilerThread1" daemon [_thread_blocked, id=14412, stack(0x0000000017600000,0x0000000017700000)]
  0x0000000015a7b800 JavaThread "C2 CompilerThread0" daemon [_thread_blocked, id=8336, stack(0x0000000017100000,0x0000000017200000)]
  0x0000000015a8a800 JavaThread "Attach Listener" daemon [_thread_blocked, id=9944, stack(0x0000000017000000,0x0000000017100000)]
  0x0000000015a89000 JavaThread "Signal Dispatcher" daemon [_thread_blocked, id=13040, stack(0x0000000016f00000,0x0000000017000000)]
  0x00000000029fa800 JavaThread "Finalizer" daemon [_thread_blocked, id=12416, stack(0x0000000016d00000,0x0000000016e00000)]
  0x0000000015a6a000 JavaThread "Reference Handler" daemon [_thread_blocked, id=14012, stack(0x0000000016c00000,0x0000000016d00000)]

Other Threads:
  0x0000000015a47800 VMThread [stack: 0x0000000016b00000,0x0000000016c00000] [id=3572]
  0x000000001720a000 WatcherThread [stack: 0x0000000017a00000,0x0000000017b00000] [id=11368]

VM state:not at safepoint (normal execution)

VM Mutex/Monitor currently owned by a thread: None

heap address: 0x00000000b1000000, size: 1264 MB, Compressed Oops mode: 32-bit
Narrow klass base: 0x0000000000000000, Narrow klass shift: 3
Compressed class space size: 1073741824 Address: 0x0000000100000000

Heap:
 PSYoungGen      total 72704K, used 42942K [0x00000000e5b00000, 0x00000000ea600000, 0x0000000100000000)
  eden space 70656K, 59% used [0x00000000e5b00000,0x00000000e840b220,0x00000000ea000000)
  from space 2048K, 44% used [0x00000000ea400000,0x00000000ea4e46a0,0x00000000ea600000)
  to   space 3072K, 0% used [0x00000000ea000000,0x00000000ea000000,0x00000000ea300000)
 ParOldGen       total 117760K, used 45721K [0x00000000b1000000, 0x00000000b8300000, 0x00000000e5b00000)
  object space 117760K, 38% used [0x00000000b1000000,0x00000000b3ca6690,0x00000000b8300000)
 Metaspace       used 18012K, capacity 18298K, committed 18560K, reserved 1064960K
  class space    used 2044K, capacity 2124K, committed 2176K, reserved 1048576K

Card table byte_map: [0x0000000011eb0000,0x0000000012130000] byte_map_base: 0x0000000011928000

Marking Bits: (ParMarkBitMap*) 0x000000005332af90
 Begin Bits: [0x00000000126e0000, 0x0000000013aa0000)
 End Bits:   [0x0000000013aa0000, 0x0000000014e60000)

Polling page: 0x0000000000fd0000

CodeCache: size=245760Kb used=7182Kb max_used=7190Kb free=238577Kb
 bounds [0x0000000002af0000, 0x0000000003200000, 0x0000000011af0000]
 total_blobs=2732 nmethods=1950 adapters=695
 compilation: enabled

Compilation events (10 events):
Event: 138.508 Thread 0x0000000017204000 2174       3       java.math.BigInteger::implSquareToLenChecks (198 bytes)
Event: 138.514 Thread 0x0000000017204000 nmethod 2174 0x00000000031f4b90 code [0x00000000031f5000, 0x00000000031f7a98]
Event: 139.932 Thread 0x0000000015a86000 2175   !   4       sun.misc.URLClassPath$JarLoader::getResource (85 bytes)
Event: 139.937 Thread 0x0000000017204000 2176       3       javax.sound.sampled.spi.AudioFileReader::<init> (5 bytes)
Event: 139.937 Thread 0x0000000017204000 nmethod 2176 0x000000000304b290 code [0x000000000304b3e0, 0x000000000304b590]
Event: 139.979 Thread 0x0000000015a86000 nmethod 2175 0x00000000031fbf90 code [0x00000000031fc120, 0x00000000031fc608]
Event: 140.426 Thread 0x0000000017204000 2177       3       java.lang.Integer::numberOfLeadingZeros (76 bytes)
Event: 140.427 Thread 0x0000000017204000 nmethod 2177 0x0000000002fd2a50 code [0x0000000002fd2bc0, 0x0000000002fd2e70]
Event: 140.645 Thread 0x0000000015a7b800 2178       4       sun.misc.FloatingDecimal$BinaryToASCIIBuffer::dtoa (1509 bytes)
Event: 140.759 Thread 0x0000000015a7b800 nmethod 2178 0x00000000031fcc10 code [0x00000000031fce00, 0x00000000031fe498]

GC Heap History (10 events):
Event: 3.689 GC heap before
{Heap before GC invocations=2 (full 0):
 PSYoungGen      total 24064K, used 24055K [0x00000000e5b00000, 0x00000000e8a00000, 0x0000000100000000)
  eden space 20992K, 100% used [0x00000000e5b00000,0x00000000e6f80000,0x00000000e6f80000)
  from space 3072K, 99% used [0x00000000e6f80000,0x00000000e727dde0,0x00000000e7280000)
  to   space 3072K, 0% used [0x00000000e8700000,0x00000000e8700000,0x00000000e8a00000)
 ParOldGen       total 54784K, used 24439K [0x00000000b1000000, 0x00000000b4580000, 0x00000000e5b00000)
  object space 54784K, 44% used [0x00000000b1000000,0x00000000b27ddf50,0x00000000b4580000)
 Metaspace       used 13563K, capacity 13828K, committed 13952K, reserved 1060864K
  class space    used 1532K, capacity 1629K, committed 1664K, reserved 1048576K
Event: 3.715 GC heap after
Heap after GC invocations=2 (full 0):
 PSYoungGen      total 45056K, used 2736K [0x00000000e5b00000, 0x00000000e8a00000, 0x0000000100000000)
  eden space 41984K, 0% used [0x00000000e5b00000,0x00000000e5b00000,0x00000000e8400000)
  from space 3072K, 89% used [0x00000000e8700000,0x00000000e89ac010,0x00000000e8a00000)
  to   space 3072K, 0% used [0x00000000e8400000,0x00000000e8400000,0x00000000e8700000)
 ParOldGen       total 54784K, used 48747K [0x00000000b1000000, 0x00000000b4580000, 0x00000000e5b00000)
  object space 54784K, 88% used [0x00000000b1000000,0x00000000b3f9af80,0x00000000b4580000)
 Metaspace       used 13563K, capacity 13828K, committed 13952K, reserved 1060864K
  class space    used 1532K, capacity 1629K, committed 1664K, reserved 1048576K
}
Event: 3.715 GC heap before
{Heap before GC invocations=3 (full 1):
 PSYoungGen      total 45056K, used 2736K [0x00000000e5b00000, 0x00000000e8a00000, 0x0000000100000000)
  eden space 41984K, 0% used [0x00000000e5b00000,0x00000000e5b00000,0x00000000e8400000)
  from space 3072K, 89% used [0x00000000e8700000,0x00000000e89ac010,0x00000000e8a00000)
  to   space 3072K, 0% used [0x00000000e8400000,0x00000000e8400000,0x00000000e8700000)
 ParOldGen       total 54784K, used 48747K [0x00000000b1000000, 0x00000000b4580000, 0x00000000e5b00000)
  object space 54784K, 88% used [0x00000000b1000000,0x00000000b3f9af80,0x00000000b4580000)
 Metaspace       used 13563K, capacity 13828K, committed 13952K, reserved 1060864K
  class space    used 1532K, capacity 1629K, committed 1664K, reserved 1048576K
Event: 3.760 GC heap after
Heap after GC invocations=3 (full 1):
 PSYoungGen      total 45056K, used 0K [0x00000000e5b00000, 0x00000000e8a00000, 0x0000000100000000)
  eden space 41984K, 0% used [0x00000000e5b00000,0x00000000e5b00000,0x00000000e8400000)
  from space 3072K, 0% used [0x00000000e8700000,0x00000000e8700000,0x00000000e8a00000)
  to   space 3072K, 0% used [0x00000000e8400000,0x00000000e8400000,0x00000000e8700000)
 ParOldGen       total 69632K, used 18832K [0x00000000b1000000, 0x00000000b5400000, 0x00000000e5b00000)
  object space 69632K, 27% used [0x00000000b1000000,0x00000000b2264238,0x00000000b5400000)
 Metaspace       used 13563K, capacity 13828K, committed 13952K, reserved 1060864K
  class space    used 1532K, capacity 1629K, committed 1664K, reserved 1048576K
}
Event: 11.694 GC heap before
{Heap before GC invocations=4 (full 1):
 PSYoungGen      total 45056K, used 41348K [0x00000000e5b00000, 0x00000000e8a00000, 0x0000000100000000)
  eden space 41984K, 98% used [0x00000000e5b00000,0x00000000e8361040,0x00000000e8400000)
  from space 3072K, 0% used [0x00000000e8700000,0x00000000e8700000,0x00000000e8a00000)
  to   space 3072K, 0% used [0x00000000e8400000,0x00000000e8400000,0x00000000e8700000)
 ParOldGen       total 69632K, used 18832K [0x00000000b1000000, 0x00000000b5400000, 0x00000000e5b00000)
  object space 69632K, 27% used [0x00000000b1000000,0x00000000b2264238,0x00000000b5400000)
 Metaspace       used 17022K, capacity 17226K, committed 17536K, reserved 1064960K
  class space    used 1988K, capacity 2052K, committed 2176K, reserved 1048576K
Event: 11.726 GC heap after
Heap after GC invocations=4 (full 1):
 PSYoungGen      total 45056K, used 3041K [0x00000000e5b00000, 0x00000000ea700000, 0x0000000100000000)
  eden space 41984K, 0% used [0x00000000e5b00000,0x00000000e5b00000,0x00000000e8400000)
  from space 3072K, 99% used [0x00000000e8400000,0x00000000e86f85c8,0x00000000e8700000)
  to   space 3072K, 0% used [0x00000000ea400000,0x00000000ea400000,0x00000000ea700000)
 ParOldGen       total 69632K, used 60110K [0x00000000b1000000, 0x00000000b5400000, 0x00000000e5b00000)
  object space 69632K, 86% used [0x00000000b1000000,0x00000000b4ab3860,0x00000000b5400000)
 Metaspace       used 17022K, capacity 17226K, committed 17536K, reserved 1064960K
  class space    used 1988K, capacity 2052K, committed 2176K, reserved 1048576K
}
Event: 11.726 GC heap before
{Heap before GC invocations=5 (full 2):
 PSYoungGen      total 45056K, used 3041K [0x00000000e5b00000, 0x00000000ea700000, 0x0000000100000000)
  eden space 41984K, 0% used [0x00000000e5b00000,0x00000000e5b00000,0x00000000e8400000)
  from space 3072K, 99% used [0x00000000e8400000,0x00000000e86f85c8,0x00000000e8700000)
  to   space 3072K, 0% used [0x00000000ea400000,0x00000000ea400000,0x00000000ea700000)
 ParOldGen       total 69632K, used 60110K [0x00000000b1000000, 0x00000000b5400000, 0x00000000e5b00000)
  object space 69632K, 86% used [0x00000000b1000000,0x00000000b4ab3860,0x00000000b5400000)
 Metaspace       used 17022K, capacity 17226K, committed 17536K, reserved 1064960K
  class space    used 1988K, capacity 2052K, committed 2176K, reserved 1048576K
Event: 11.795 GC heap after
Heap after GC invocations=5 (full 2):
 PSYoungGen      total 45056K, used 0K [0x00000000e5b00000, 0x00000000ea700000, 0x0000000100000000)
  eden space 41984K, 0% used [0x00000000e5b00000,0x00000000e5b00000,0x00000000e8400000)
  from space 3072K, 0% used [0x00000000e8400000,0x00000000e8400000,0x00000000e8700000)
  to   space 3072K, 0% used [0x00000000ea400000,0x00000000ea400000,0x00000000ea700000)
 ParOldGen       total 117760K, used 43013K [0x00000000b1000000, 0x00000000b8300000, 0x00000000e5b00000)
  object space 117760K, 36% used [0x00000000b1000000,0x00000000b3a01680,0x00000000b8300000)
 Metaspace       used 17022K, capacity 17226K, committed 17536K, reserved 1064960K
  class space    used 1988K, capacity 2052K, committed 2176K, reserved 1048576K
}
Event: 47.657 GC heap before
{Heap before GC invocations=6 (full 2):
 PSYoungGen      total 45056K, used 41984K [0x00000000e5b00000, 0x00000000ea700000, 0x0000000100000000)
  eden space 41984K, 100% used [0x00000000e5b00000,0x00000000e8400000,0x00000000e8400000)
  from space 3072K, 0% used [0x00000000e8400000,0x00000000e8400000,0x00000000e8700000)
  to   space 3072K, 0% used [0x00000000ea400000,0x00000000ea400000,0x00000000ea700000)
 ParOldGen       total 117760K, used 43013K [0x00000000b1000000, 0x00000000b8300000, 0x00000000e5b00000)
  object space 117760K, 36% used [0x00000000b1000000,0x00000000b3a01680,0x00000000b8300000)
 Metaspace       used 17615K, capacity 17872K, committed 18048K, reserved 1064960K
  class space    used 2039K, capacity 2117K, committed 2176K, reserved 1048576K
Event: 47.662 GC heap after
Heap after GC invocations=6 (full 2):
 PSYoungGen      total 72704K, used 913K [0x00000000e5b00000, 0x00000000ea600000, 0x0000000100000000)
  eden space 70656K, 0% used [0x00000000e5b00000,0x00000000e5b00000,0x00000000ea000000)
  from space 2048K, 44% used [0x00000000ea400000,0x00000000ea4e46a0,0x00000000ea600000)
  to   space 3072K, 0% used [0x00000000ea000000,0x00000000ea000000,0x00000000ea300000)
 ParOldGen       total 117760K, used 45721K [0x00000000b1000000, 0x00000000b8300000, 0x00000000e5b00000)
  object space 117760K, 38% used [0x00000000b1000000,0x00000000b3ca6690,0x00000000b8300000)
 Metaspace       used 17615K, capacity 17872K, committed 18048K, reserved 1064960K
  class space    used 2039K, capacity 2117K, committed 2176K, reserved 1048576K
}

Deoptimization events (8 events):
Event: 3.606 Thread 0x0000000017ee7800 Uncommon trap: reason=unstable_if action=reinterpret pc=0x0000000002ddb158 method=sun.awt.image.ImageRepresentation.getOpaqueRGBImage()Ljava/awt/image/BufferedImage; @ 57
Event: 3.811 Thread 0x0000000017ee7800 Uncommon trap: reason=unstable_if action=reinterpret pc=0x0000000002de9154 method=sun.awt.image.PNGFilterInputStream.read([BII)I @ 30
Event: 3.811 Thread 0x0000000017ee7800 Uncommon trap: reason=unstable_if action=reinterpret pc=0x0000000002de4b30 method=sun.awt.image.ImageRepresentation.getOpaqueRGBImage()Ljava/awt/image/BufferedImage; @ 71
Event: 11.957 Thread 0x0000000017b44800 Uncommon trap: reason=unstable_if action=reinterpret pc=0x0000000002fc3ee4 method=com.sun.opengl.impl.mipmap.ScaleInternal.scale_internal_ubyte(IIILjava/nio/ByteBuffer;IILjava/nio/ByteBuffer;III)V @ 512
Event: 30.284 Thread 0x0000000017b44800 Uncommon trap: reason=unstable_if action=reinterpret pc=0x0000000002dcfccc method=sun.misc.FloatingDecimal$BinaryToASCIIBuffer.estimateDecExp(JI)I @ 117
Event: 64.371 Thread 0x0000000017b44800 Uncommon trap: reason=unstable_if action=reinterpret pc=0x00000000031199ec method=sun.misc.FloatingDecimal$BinaryToASCIIBuffer.getChars([C)I @ 94
Event: 134.325 Thread 0x0000000017b44800 Uncommon trap: reason=unstable_if action=reinterpret pc=0x0000000003111574 method=sun.misc.FloatingDecimal$BinaryToASCIIBuffer.dtoa(IJIZ)V @ 272
Event: 134.326 Thread 0x0000000017b44800 Uncommon trap: reason=unstable_if action=reinterpret pc=0x0000000002ce8ab0 method=sun.misc.FloatingDecimal.getBinaryToASCIIConverter(F)Lsun/misc/FloatingDecimal$BinaryToASCIIConverter; @ 67

Classes redefined (0 events):
No events

Internal exceptions (10 events):
Event: 15.655 Thread 0x0000000017b44800 Exception <a 'javax/media/opengl/GLException'> (0x00000000e62f38d0) thrown at [C:\jenkins\workspace\8-2-build-windows-amd64-cygwin\jdk8u251\737\hotspot\src\share\vm\prims\jvm.cpp, line 1506]
Event: 15.715 Thread 0x0000000017b44800 Exception <a 'javax/media/opengl/GLException'> (0x00000000e62f6250) thrown at [C:\jenkins\workspace\8-2-build-windows-amd64-cygwin\jdk8u251\737\hotspot\src\share\vm\prims\jvm.cpp, line 1506]
Event: 16.020 Thread 0x0000000017b44800 Exception <a 'javax/media/opengl/GLException'> (0x00000000e62fc0d8) thrown at [C:\jenkins\workspace\8-2-build-windows-amd64-cygwin\jdk8u251\737\hotspot\src\share\vm\prims\jvm.cpp, line 1506]
Event: 16.227 Thread 0x0000000017b44800 Exception <a 'javax/media/opengl/GLException'> (0x00000000e6301f30) thrown at [C:\jenkins\workspace\8-2-build-windows-amd64-cygwin\jdk8u251\737\hotspot\src\share\vm\prims\jvm.cpp, line 1506]
Event: 16.406 Thread 0x0000000017b44800 Exception <a 'javax/media/opengl/GLException'> (0x00000000e63ac870) thrown at [C:\jenkins\workspace\8-2-build-windows-amd64-cygwin\jdk8u251\737\hotspot\src\share\vm\prims\jvm.cpp, line 1506]
Event: 17.756 Thread 0x0000000017b44800 Exception <a 'javax/media/opengl/GLException'> (0x00000000e63c7480) thrown at [C:\jenkins\workspace\8-2-build-windows-amd64-cygwin\jdk8u251\737\hotspot\src\share\vm\prims\jvm.cpp, line 1506]
Event: 17.947 Thread 0x0000000017b44800 Exception <a 'javax/media/opengl/GLException'> (0x00000000e63cb8f8) thrown at [C:\jenkins\workspace\8-2-build-windows-amd64-cygwin\jdk8u251\737\hotspot\src\share\vm\prims\jvm.cpp, line 1506]
Event: 18.178 Thread 0x0000000017b44800 Exception <a 'javax/media/opengl/GLException'> (0x00000000e63d16f0) thrown at [C:\jenkins\workspace\8-2-build-windows-amd64-cygwin\jdk8u251\737\hotspot\src\share\vm\prims\jvm.cpp, line 1506]
Event: 18.988 Thread 0x0000000017b44800 Exception <a 'javax/media/opengl/GLException'> (0x00000000e63e2968) thrown at [C:\jenkins\workspace\8-2-build-windows-amd64-cygwin\jdk8u251\737\hotspot\src\share\vm\prims\jvm.cpp, line 1506]
Event: 20.529 Thread 0x0000000017b44800 Exception <a 'javax/media/opengl/GLException'> (0x00000000e64078e8) thrown at [C:\jenkins\workspace\8-2-build-windows-amd64-cygwin\jdk8u251\737\hotspot\src\share\vm\prims\jvm.cpp, line 1506]

Events (10 events):
Event: 139.889 Thread 0x0000000017410800 Thread added: 0x0000000017410800
Event: 139.943 Thread 0x0000000017412800 Thread added: 0x0000000017412800
Event: 139.969 Executing VM operation: RevokeBias
Event: 139.969 Executing VM operation: RevokeBias done
Event: 139.970 Executing VM operation: RevokeBias
Event: 139.970 Executing VM operation: RevokeBias done
Event: 139.980 Thread 0x0000000015a86000 flushing nmethod 0x0000000002c34690
Event: 140.426 Executing VM operation: RevokeBias
Event: 140.427 Executing VM operation: RevokeBias done
Event: 140.427 Thread 0x0000000017410800 Thread exited: 0x0000000017410800


Dynamic libraries:
0x00007ff7b1350000 - 0x00007ff7b1387000 	C:\Program Files\Java\jdk1.8.0_251\jre\bin\java.exe
0x00007ff9b74c0000 - 0x00007ff9b766d000 	C:\Windows\SYSTEM32\ntdll.dll
0x00007ff9b6ce0000 - 0x00007ff9b6e1f000 	C:\Windows\system32\KERNEL32.DLL
0x00007ff9a6950000 - 0x00007ff9a6963000 	C:\Program Files\AVAST Software\Avast\aswhook.dll
0x00007ff9b49a0000 - 0x00007ff9b4ab5000 	C:\Windows\system32\KERNELBASE.dll
0x00007ff9b31b0000 - 0x00007ff9b323e000 	C:\Windows\system32\apphelp.dll
0x00007ff9ace50000 - 0x00007ff9acea5000 	C:\Windows\AppPatch\AppPatch64\AcGenral.DLL
0x00007ff9b6c30000 - 0x00007ff9b6cda000 	C:\Windows\system32\msvcrt.dll
0x00007ff9b4ac0000 - 0x00007ff9b4aee000 	C:\Windows\system32\SspiCli.dll
0x00007ff9b4c20000 - 0x00007ff9b4c74000 	C:\Windows\system32\SHLWAPI.dll
0x00007ff9b7340000 - 0x00007ff9b74b7000 	C:\Windows\system32\USER32.dll
0x00007ff9b71a0000 - 0x00007ff9b7334000 	C:\Windows\system32\ole32.dll
0x00007ff9b54f0000 - 0x00007ff9b6a1a000 	C:\Windows\system32\SHELL32.dll
0x00007ff9b3bb0000 - 0x00007ff9b3bd1000 	C:\Windows\SYSTEM32\USERENV.dll
0x00007ff9b5440000 - 0x00007ff9b54ea000 	C:\Windows\system32\ADVAPI32.dll
0x00007ff9aea00000 - 0x00007ff9aea1e000 	C:\Windows\SYSTEM32\MPR.dll
0x00007ff9b52b0000 - 0x00007ff9b53f0000 	C:\Windows\system32\RPCRT4.dll
0x00007ff9b7130000 - 0x00007ff9b7189000 	C:\Windows\SYSTEM32\sechost.dll
0x00007ff9b6a20000 - 0x00007ff9b6c30000 	C:\Windows\SYSTEM32\combase.dll
0x00007ff9b4cf0000 - 0x00007ff9b4e3c000 	C:\Windows\system32\GDI32.dll
0x00007ff9b45f0000 - 0x00007ff9b4605000 	C:\Windows\SYSTEM32\profapi.dll
0x00007ff9b2be0000 - 0x00007ff9b2c92000 	C:\Windows\SYSTEM32\SHCORE.dll
0x00007ff9b5400000 - 0x00007ff9b5436000 	C:\Windows\system32\IMM32.DLL
0x00007ff9b4e40000 - 0x00007ff9b4f92000 	C:\Windows\system32\MSCTF.dll
0x00007ff9b2070000 - 0x00007ff9b22eb000 	C:\Windows\WinSxS\amd64_microsoft.windows.common-controls_6595b64144ccf1df_6.0.9600.19394_none_62486577ecb635cf\COMCTL32.dll
0x00000000535b0000 - 0x0000000053682000 	C:\Program Files\Java\jdk1.8.0_251\jre\bin\msvcr100.dll
0x0000000052b00000 - 0x00000000533ab000 	C:\Program Files\Java\jdk1.8.0_251\jre\bin\server\jvm.dll
0x00007ff9acff0000 - 0x00007ff9acff9000 	C:\Windows\SYSTEM32\WSOCK32.dll
0x00007ff9b1580000 - 0x00007ff9b15a2000 	C:\Windows\SYSTEM32\WINMM.dll
0x00007ff9ac0c0000 - 0x00007ff9ac0ca000 	C:\Windows\SYSTEM32\VERSION.dll
0x00007ff9b4c80000 - 0x00007ff9b4c87000 	C:\Windows\system32\PSAPI.DLL
0x00007ff9b4c90000 - 0x00007ff9b4cea000 	C:\Windows\system32\WS2_32.dll
0x00007ff9b1540000 - 0x00007ff9b156a000 	C:\Windows\SYSTEM32\WINMMBASE.dll
0x00007ff9b7190000 - 0x00007ff9b7199000 	C:\Windows\system32\NSI.dll
0x00007ff9b46c0000 - 0x00007ff9b470f000 	C:\Windows\SYSTEM32\cfgmgr32.dll
0x00007ff9b3410000 - 0x00007ff9b3438000 	C:\Windows\SYSTEM32\DEVOBJ.dll
0x00007ff9af290000 - 0x00007ff9af29f000 	C:\Program Files\Java\jdk1.8.0_251\jre\bin\verify.dll
0x00007ff9ae450000 - 0x00007ff9ae479000 	C:\Program Files\Java\jdk1.8.0_251\jre\bin\java.dll
0x00007ff9a9220000 - 0x00007ff9a9236000 	C:\Program Files\Java\jdk1.8.0_251\jre\bin\zip.dll
0x00007ff98c210000 - 0x00007ff98c3aa000 	C:\Program Files\Java\jdk1.8.0_251\jre\bin\awt.dll
0x00007ff9b5160000 - 0x00007ff9b5227000 	C:\Windows\system32\OLEAUT32.dll
0x00007ff9b27c0000 - 0x00007ff9b27e1000 	C:\Windows\system32\DWMAPI.DLL
0x00007ff9b3280000 - 0x00007ff9b33a9000 	C:\Windows\system32\uxtheme.dll
0x00007ff98c0e0000 - 0x00007ff98c20b000 	C:\Windows\system32\opengl32.dll
0x00007ff9a1240000 - 0x00007ff9a126e000 	C:\Windows\SYSTEM32\GLU32.dll
0x00007ff9a2280000 - 0x00007ff9a2378000 	C:\Windows\SYSTEM32\DDRAW.dll
0x00007ff9a6940000 - 0x00007ff9a6949000 	C:\Windows\SYSTEM32\DCIMAN32.dll
0x00007ff9b3400000 - 0x00007ff9b340b000 	C:\Windows\SYSTEM32\kernel.appcore.dll
0x00007ff9b44c0000 - 0x00007ff9b44cb000 	C:\Windows\SYSTEM32\CRYPTBASE.dll
0x00007ff9b4450000 - 0x00007ff9b44b3000 	C:\Windows\SYSTEM32\bcryptPrimitives.dll
0x00007ff99a290000 - 0x00007ff99a4b1000 	C:\Windows\system32\d3d9.dll
0x00007ff9b1210000 - 0x00007ff9b146f000 	C:\Windows\SYSTEM32\d3d10warp.dll
0x00007ff9a0f60000 - 0x00007ff9a0fa9000 	C:\Program Files\Java\jdk1.8.0_251\jre\bin\fontmanager.dll
0x0000000002a10000 - 0x0000000002a6a000 	C:\Users\Alan\AppData\Roaming\NetBeans\8.2\jogl-runtime\jogl.jar-natives-windows-amd64\jogl.dll
0x0000000052a30000 - 0x0000000052af9000 	C:\Windows\WinSxS\amd64_microsoft.vc80.crt_1fc8b3b9a1e18e3b_8.0.50727.8428_none_88dcdb0b2fb19957\MSVCR80.dll
0x00007ff9a26f0000 - 0x00007ff9a2721000 	C:\Program Files\Java\jdk1.8.0_251\jre\bin\jpeg.dll
0x00007ff9a77d0000 - 0x00007ff9a77ea000 	C:\Program Files\Java\jdk1.8.0_251\jre\bin\net.dll
0x00007ff9b3e20000 - 0x00007ff9b3e79000 	C:\Windows\system32\mswsock.dll
0x00007ff9a1270000 - 0x00007ff9a1282000 	C:\Program Files\Java\jdk1.8.0_251\jre\bin\nio.dll
0x00007ff9a0f10000 - 0x00007ff9a0f52000 	C:\Program Files\Java\jdk1.8.0_251\jre\bin\t2k.dll
0x00007ff9ae900000 - 0x00007ff9ae90c000 	C:\Program Files\Java\jdk1.8.0_251\jre\bin\jsound.dll
0x00007ff9a9250000 - 0x00007ff9a925b000 	C:\Program Files\Java\jdk1.8.0_251\jre\bin\jsoundds.dll
0x00007ff9a1840000 - 0x00007ff9a18dd000 	C:\Windows\SYSTEM32\DSOUND.dll
0x00007ff9b4590000 - 0x00007ff9b45d6000 	C:\Windows\SYSTEM32\POWRPROF.dll
0x00007ff9b1eb0000 - 0x00007ff9b1f20000 	C:\Windows\SYSTEM32\MMDevAPI.DLL
0x00007ff99f820000 - 0x00007ff99f85e000 	C:\Windows\SYSTEM32\wdmaud.drv
0x00007ff9b0f10000 - 0x00007ff9b0f18000 	C:\Windows\SYSTEM32\ksuser.dll
0x00007ff9b1de0000 - 0x00007ff9b1dec000 	C:\Windows\SYSTEM32\AVRT.dll
0x00007ff9a80e0000 - 0x00007ff9a815e000 	C:\Windows\SYSTEM32\AUDIOSES.DLL
0x00007ff99f810000 - 0x00007ff99f81b000 	C:\Windows\SYSTEM32\msacm32.drv
0x00007ff99f7f0000 - 0x00007ff99f80c000 	C:\Windows\SYSTEM32\MSACM32.dll
0x00007ff99f7e0000 - 0x00007ff99f7ea000 	C:\Windows\SYSTEM32\midimap.dll
0x00007ff9b4b50000 - 0x00007ff9b4c06000 	C:\Windows\SYSTEM32\clbcatq.dll
0x00007ff9a9210000 - 0x00007ff9a9217000 	C:\Program Files\Java\jdk1.8.0_251\jre\bin\jawt.dll
0x00000000183a0000 - 0x00000000183a7000 	C:\Users\Alan\AppData\Roaming\NetBeans\8.2\jogl-runtime\jogl.jar-natives-windows-amd64\jogl_awt.dll
0x00007ff9a2380000 - 0x00007ff9a23be000 	C:\Program Files\Java\jdk1.8.0_251\jre\bin\lcms.dll
0x00007ff9ab8a0000 - 0x00007ff9aba29000 	C:\Windows\SYSTEM32\dbghelp.dll

VM Arguments:
jvm_args: -Dfile.encoding=Cp1252 -Djava.library.path=C:\Users\Alan\AppData\Roaming\NetBeans\8.2\jogl-runtime\jogl.jar-natives-windows-amd64;C:\Users\Alan\AppData\Roaming\NetBeans\8.2\gluegen-runtime\gluegen-rt.jar-natives-windows-amd64 
java_command: pantallas.Inicio
java_class_path (initial): C:\Users\Alan\AppData\Roaming\NetBeans\8.2\gluegen-runtime\gluegen-rt.jar;C:\Users\Alan\AppData\Roaming\NetBeans\8.2\jogl-runtime\jogl.jar;C:\Program Files\NetBeans 8.2\java\modules\ext\AbsoluteLayout.jar;C:\Users\Alan\Documents\GitHub\GraphicationGame\Actual\Poryecto con pantallas\JuegoV4\build\classes
Launcher Type: SUN_STANDARD

Environment Variables:
PATH=C:\Program Files (x86)\Common Files\Oracle\Java\javapath;C:\ProgramData\Oracle\Java\javapath;C:\Windows\system32;C:\Windows;C:\Windows\System32\Wbem;C:\Windows\System32\WindowsPowerShell\v1.0\;C:\Program Files (x86)\Microchip\MPLAB C32 Suite\bin;C:\PROGRA~2\PICC;C:\Program Files\Common Files\Autodesk Shared\;C:\Program Files\MySQL\MySQL Shell 8.0\bin\
USERNAME=Alan
OS=Windows_NT
PROCESSOR_IDENTIFIER=AMD64 Family 22 Model 48 Stepping 1, AuthenticAMD



---------------  S Y S T E M  ---------------

OS: Windows 8.1 , 64 bit Build 9600 (6.3.9600.19538)

CPU:total 4 (initial active 4) (4 cores per cpu, 1 threads per core) family 22 model 48 stepping 1, cmov, cx8, fxsr, mmx, sse, sse2, sse3, ssse3, sse4.1, sse4.2, popcnt, avx, aes, clmul, mmxext, 3dnowpref, lzcnt, sse4a, tsc, tscinvbit, tscinv, bmi1

Memory: 4k page, physical 5176816k(1107876k free), swap 12516848k(4673064k free)

vm_info: Java HotSpot(TM) 64-Bit Server VM (25.251-b08) for windows-amd64 JRE (1.8.0_251-b08), built on Mar 12 2020 06:31:49 by "" with MS VC++ 10.0 (VS2010)

time: Tue Jun 09 09:41:20 2020
timezone: Hora de verano central (México)
elapsed time: 140 seconds (0d 0h 2m 20s)

