#
# A fatal error has been detected by the Java Runtime Environment:
#
#  EXCEPTION_ACCESS_VIOLATION (0xc0000005) at pc=0x00007ff98c197693, pid=13780, tid=0x000000000000318c
#
# JRE version: Java(TM) SE Runtime Environment (8.0_251-b08) (build 1.8.0_251-b08)
# Java VM: Java HotSpot(TM) 64-Bit Server VM (25.251-b08 mixed mode windows-amd64 compressed oops)
# Problematic frame:
# C  [opengl32.dll+0xb7693]
#
# Failed to write core dump. Minidumps are not enabled by default on client versions of Windows
#
# If you would like to submit a bug report, please visit:
#   http://bugreport.java.com/bugreport/crash.jsp
# The crash happened outside the Java Virtual Machine in native code.
# See problematic frame for where to report the bug.
#

---------------  T H R E A D  ---------------

Current thread (0x0000000017151800):  JavaThread "AWT-EventQueue-0" [_thread_in_native, id=12684, stack(0x0000000018da0000,0x0000000018ea0000)]

siginfo: ExceptionCode=0xc0000005, reading address 0xfffffffe1a821900

Registers:
RAX=0xffffffff80000000, RBX=0x000000001da72070, RCX=0x0000000000000000, RDX=0x000000001d7033c8
RSP=0x0000000018e9d370, RBP=0x000000001d707310, RSI=0x0000000000000000, RDI=0x000000001d527130
R8 =0x000000001a821900, R9 =0x000000001d7033c8, R10=0x000000001d703428, R11=0x000000001d525850
R12=0xffffffffffffffec, R13=0xfffffffffffffff0, R14=0xfffffffffffffff4, R15=0xffffffffffffffe8
RIP=0x00007ff98c197693, EFLAGS=0x0000000000010a06

Top of Stack: (sp=0x0000000018e9d370)
0x0000000018e9d370:   4d0a6088427b541a 42eb9ed84c0a609a
0x0000000018e9d380:   427b541a432cc9d2 0000000041f4cccd
0x0000000018e9d390:   458a37eb3f713da2 0000000040f4cccd
0x0000000018e9d3a0:   000000001a821900 00007ff98c1aba0c
0x0000000018e9d3b0:   0000000000000000 0000000000000000
0x0000000018e9d3c0:   0000000000000000 0000000000000000
0x0000000018e9d3d0:   0000000000000000 0000000000000000
0x0000000018e9d3e0:   000000003f800000 0000000000000000
0x0000000018e9d3f0:   3fa999993d4ccccd 0000000000000000
0x0000000018e9d400:   000000003f800000 0000000000000000
0x0000000018e9d410:   0000000000000000 0000000000000000
0x0000000018e9d420:   000000003f800000 0000000000000000
0x0000000018e9d430:   40088121e0000000 0000000000000000
0x0000000018e9d440:   000000003b23d70a 0000000000000000
0x0000000018e9d450:   000000001d7073d8 000000001d707310
0x0000000018e9d460:   000000001d525850 000000001d703300 

Instructions: (pc=0x00007ff98c197693)
0x00007ff98c197673:   04 f3 0f 11 1c 24 72 56 f3 0f 59 54 24 24 f3 41
0x00007ff98c197683:   0f 58 d7 f3 0f 2c c2 3d 00 01 00 00 7d 0a 48 98
0x00007ff98c197693:   f3 41 0f 10 14 80 eb 04 41 0f 28 d3 0f 28 c2 0f
0x00007ff98c1976a3:   28 ca f3 41 0f 59 d2 f3 41 0f 59 c0 f3 41 0f 59 


Register to memory mapping:

RAX=0xffffffff80000000 is an unknown value
RBX=0x000000001da72070 is an unknown value
RCX=0x0000000000000000 is an unknown value
RDX=0x000000001d7033c8 is an unknown value
RSP=0x0000000018e9d370 is pointing into the stack for thread: 0x0000000017151800
RBP=0x000000001d707310 is an unknown value
RSI=0x0000000000000000 is an unknown value
RDI=0x000000001d527130 is an unknown value
R8 =0x000000001a821900 is an unknown value
R9 =0x000000001d7033c8 is an unknown value
R10=0x000000001d703428 is an unknown value
R11=0x000000001d525850 is an unknown value
R12=0xffffffffffffffec is an unknown value
R13=0xfffffffffffffff0 is an unknown value
R14=0xfffffffffffffff4 is an unknown value
R15=0xffffffffffffffe8 is an unknown value


Stack: [0x0000000018da0000,0x0000000018ea0000],  sp=0x0000000018e9d370,  free space=1012k
Native frames: (J=compiled Java code, j=interpreted, Vv=VM code, C=native code)
C  [opengl32.dll+0xb7693]
C  [opengl32.dll+0xae775]
C  [opengl32.dll+0xe19e2]
C  [opengl32.dll+0xe1855]
C  [opengl32.dll+0x2df84]
C  [opengl32.dll+0x1a6a5]
C  [jogl.dll+0x22cd]
C  0x00000000025e8135

Java frames: (J=compiled Java code, j=interpreted, Vv=VM code)
J 1438  com.sun.opengl.impl.GLImpl.glBegin0(I)V (0 bytes) @ 0x00000000025e80bb [0x00000000025e8080+0x3b]
J 1678 C2 com.sun.opengl.impl.GLUquadricImpl.drawDisk(Ljavax/media/opengl/GL;FFII)V (868 bytes) @ 0x0000000002697fb0 [0x0000000002697b20+0x490]
J 1714 C1 javax.media.opengl.glu.GLU.gluDisk(Ljavax/media/opengl/glu/GLUquadric;DDII)V (20 bytes) @ 0x00000000026d8cd4 [0x00000000026d8820+0x4b4]
j  levels.DibujaB.palito(Ljavax/media/opengl/GL;Ljavax/media/opengl/glu/GLU;)V+113
j  levels.DibujaB.dibujaB(Ljavax/media/opengl/GL;)V+49
j  levels.levelThree.display(Ljavax/media/opengl/GLAutoDrawable;)V+512
j  com.sun.opengl.impl.GLDrawableHelper.display(Ljavax/media/opengl/GLAutoDrawable;)V+29
j  javax.media.opengl.GLCanvas$DisplayAction.run()V+80
j  com.sun.opengl.impl.GLDrawableHelper.invokeGL(Ljavax/media/opengl/GLDrawable;Ljavax/media/opengl/GLContext;Ljava/lang/Runnable;Ljava/lang/Runnable;)V+418
j  javax.media.opengl.GLCanvas$DisplayOnEventDispatchThreadAction.run()V+35
J 1268 C1 java.awt.event.InvocationEvent.dispatch()V (69 bytes) @ 0x000000000255734c [0x0000000002557200+0x14c]
J 1263 C1 java.awt.EventQueue.dispatchEventImpl(Ljava/awt/AWTEvent;Ljava/lang/Object;)V (149 bytes) @ 0x0000000002555544 [0x0000000002553a80+0x1ac4]
J 1261 C1 java.awt.EventQueue$3.run()Ljava/lang/Void; (60 bytes) @ 0x00000000025149cc [0x00000000025147c0+0x20c]
J 1153 C1 java.awt.EventQueue$3.run()Ljava/lang/Object; (5 bytes) @ 0x00000000024e434c [0x00000000024e42c0+0x8c]
v  ~StubRoutines::call_stub
J 667  java.security.AccessController.doPrivileged(Ljava/security/PrivilegedAction;Ljava/security/AccessControlContext;)Ljava/lang/Object; (0 bytes) @ 0x00000000023ab8a6 [0x00000000023ab840+0x66]
J 1151 C1 java.awt.EventQueue.dispatchEvent(Ljava/awt/AWTEvent;)V (80 bytes) @ 0x00000000024e2a04 [0x00000000024e2080+0x984]
J 1215 C1 java.awt.EventDispatchThread.pumpOneEventForFilters(I)V (190 bytes) @ 0x000000000250e18c [0x000000000250d040+0x114c]
j  java.awt.EventDispatchThread.pumpEventsForFilter(ILjava/awt/Conditional;Ljava/awt/EventFilter;)V+35
j  java.awt.EventDispatchThread.pumpEventsForHierarchy(ILjava/awt/Conditional;Ljava/awt/Component;)V+11
j  java.awt.EventDispatchThread.pumpEvents(ILjava/awt/Conditional;)V+4
j  java.awt.EventDispatchThread.pumpEvents(Ljava/awt/Conditional;)V+3
j  java.awt.EventDispatchThread.run()V+9
v  ~StubRoutines::call_stub

---------------  P R O C E S S  ---------------

Java Threads: ( => current thread )
  0x0000000017748800 JavaThread "Direct Clip" daemon [_thread_blocked, id=15292, stack(0x0000000022940000,0x0000000022a40000)]
  0x0000000017744800 JavaThread "Direct Clip" daemon [_thread_blocked, id=8124, stack(0x0000000022840000,0x0000000022940000)]
  0x0000000017747800 JavaThread "Direct Clip" daemon [_thread_blocked, id=12120, stack(0x0000000020560000,0x0000000020660000)]
  0x0000000017747000 JavaThread "Direct Clip" daemon [_thread_blocked, id=13532, stack(0x000000001c0e0000,0x000000001c1e0000)]
  0x0000000017744000 JavaThread "Direct Clip" daemon [_thread_blocked, id=14376, stack(0x0000000021070000,0x0000000021170000)]
  0x0000000017743000 JavaThread "Direct Clip" daemon [_thread_blocked, id=14780, stack(0x0000000020f70000,0x0000000021070000)]
  0x0000000017741800 JavaThread "Direct Clip" daemon [_thread_blocked, id=12912, stack(0x00000000206f0000,0x00000000207f0000)]
  0x000000001773e800 JavaThread "Direct Clip" daemon [_thread_blocked, id=2184, stack(0x00000000208f0000,0x00000000209f0000)]
  0x000000001773f800 JavaThread "Direct Clip" daemon [_thread_blocked, id=11952, stack(0x00000000207f0000,0x00000000208f0000)]
  0x0000000017741000 JavaThread "Thread-14" [_thread_blocked, id=9292, stack(0x000000001e0d0000,0x000000001e1d0000)]
  0x000000001773c000 JavaThread "Thread-13" [_thread_blocked, id=1216, stack(0x000000001c290000,0x000000001c390000)]
  0x000000001773e000 JavaThread "Thread-12" [_thread_blocked, id=7788, stack(0x00000000188a0000,0x00000000189a0000)]
  0x000000001773d000 JavaThread "Direct Clip" daemon [_thread_blocked, id=5768, stack(0x00000000187a0000,0x00000000188a0000)]
  0x000000001773b800 JavaThread "Direct Clip" daemon [_thread_blocked, id=14412, stack(0x0000000020460000,0x0000000020560000)]
  0x000000001773a800 JavaThread "Thread-9" [_thread_blocked, id=4092, stack(0x000000001fc60000,0x000000001fd60000)]
  0x00000000174cd800 JavaThread "Thread-8" [_thread_blocked, id=13580, stack(0x000000001fb60000,0x000000001fc60000)]
  0x00000000174cd000 JavaThread "Thread-7" [_thread_blocked, id=11716, stack(0x000000001c4b0000,0x000000001c5b0000)]
  0x00000000174d0000 JavaThread "Thread-6" [_thread_blocked, id=10124, stack(0x000000001c3b0000,0x000000001c4b0000)]
  0x00000000174cf000 JavaThread "Direct Clip" daemon [_thread_blocked, id=14380, stack(0x0000000018aa0000,0x0000000018ba0000)]
  0x00000000174c9000 JavaThread "Direct Clip" daemon [_thread_blocked, id=11344, stack(0x00000000189a0000,0x0000000018aa0000)]
  0x00000000174ce800 JavaThread "D3D Screen Updater" daemon [_thread_blocked, id=2076, stack(0x000000001ca10000,0x000000001cb10000)]
  0x00000000174cb800 JavaThread "Direct Clip" daemon [_thread_blocked, id=11320, stack(0x000000001b1c0000,0x000000001b2c0000)]
  0x00000000174ca800 JavaThread "Java Sound Event Dispatcher" daemon [_thread_blocked, id=10452, stack(0x000000001adc0000,0x000000001aec0000)]
  0x0000000001f6d800 JavaThread "DestroyJavaVM" [_thread_blocked, id=12504, stack(0x0000000001e00000,0x0000000001f00000)]
=>0x0000000017151800 JavaThread "AWT-EventQueue-0" [_thread_in_native, id=12684, stack(0x0000000018da0000,0x0000000018ea0000)]
  0x00000000171ca000 JavaThread "AWT-Windows" daemon [_thread_in_native, id=14128, stack(0x0000000017c90000,0x0000000017d90000)]
  0x00000000171c7800 JavaThread "AWT-Shutdown" [_thread_blocked, id=13020, stack(0x0000000017b90000,0x0000000017c90000)]
  0x00000000171c6800 JavaThread "Java2D Disposer" daemon [_thread_blocked, id=12492, stack(0x0000000017a90000,0x0000000017b90000)]
  0x00000000150be800 JavaThread "Service Thread" daemon [_thread_blocked, id=13076, stack(0x0000000016dd0000,0x0000000016ed0000)]
  0x000000001506d800 JavaThread "C1 CompilerThread2" daemon [_thread_blocked, id=7868, stack(0x00000000168d0000,0x00000000169d0000)]
  0x0000000015060000 JavaThread "C2 CompilerThread1" daemon [_thread_blocked, id=15124, stack(0x00000000167d0000,0x00000000168d0000)]
  0x000000001505c000 JavaThread "C2 CompilerThread0" daemon [_thread_blocked, id=10532, stack(0x00000000166d0000,0x00000000167d0000)]
  0x0000000015068800 JavaThread "Attach Listener" daemon [_thread_blocked, id=10312, stack(0x00000000165d0000,0x00000000166d0000)]
  0x0000000015067800 JavaThread "Signal Dispatcher" daemon [_thread_blocked, id=1528, stack(0x00000000164d0000,0x00000000165d0000)]
  0x00000000020cb800 JavaThread "Finalizer" daemon [_thread_blocked, id=2644, stack(0x00000000162d0000,0x00000000163d0000)]
  0x00000000020c2000 JavaThread "Reference Handler" daemon [_thread_blocked, id=3588, stack(0x00000000161d0000,0x00000000162d0000)]

Other Threads:
  0x0000000015026800 VMThread [stack: 0x00000000160d0000,0x00000000161d0000] [id=12312]
  0x0000000016a1a000 WatcherThread [stack: 0x0000000016fd0000,0x00000000170d0000] [id=14884]

VM state:not at safepoint (normal execution)

VM Mutex/Monitor currently owned by a thread: None

heap address: 0x00000000b1000000, size: 1264 MB, Compressed Oops mode: 32-bit
Narrow klass base: 0x0000000000000000, Narrow klass shift: 3
Compressed class space size: 1073741824 Address: 0x0000000100000000

Heap:
 PSYoungGen      total 69632K, used 4844K [0x00000000e5b00000, 0x00000000ea500000, 0x0000000100000000)
  eden space 66560K, 4% used [0x00000000e5b00000,0x00000000e5e28c28,0x00000000e9c00000)
  from space 3072K, 52% used [0x00000000e9f00000,0x00000000ea092718,0x00000000ea200000)
  to   space 3072K, 0% used [0x00000000e9c00000,0x00000000e9c00000,0x00000000e9f00000)
 ParOldGen       total 121344K, used 45822K [0x00000000b1000000, 0x00000000b8680000, 0x00000000e5b00000)
  object space 121344K, 37% used [0x00000000b1000000,0x00000000b3cbfba8,0x00000000b8680000)
 Metaspace       used 17804K, capacity 18032K, committed 18304K, reserved 1064960K
  class space    used 2056K, capacity 2149K, committed 2176K, reserved 1048576K

Card table byte_map: [0x0000000011490000,0x0000000011710000] byte_map_base: 0x0000000010f08000

Marking Bits: (ParMarkBitMap*) 0x000000005332af90
 Begin Bits: [0x0000000011cc0000, 0x0000000013080000)
 End Bits:   [0x0000000013080000, 0x0000000014440000)

Polling page: 0x0000000000840000

CodeCache: size=245760Kb used=6568Kb max_used=6568Kb free=239191Kb
 bounds [0x00000000020d0000, 0x0000000002750000, 0x00000000110d0000]
 total_blobs=2499 nmethods=1715 adapters=697
 compilation: enabled

Compilation events (10 events):
Event: 70.082 Thread 0x000000001506d800 1839       3       java.lang.ThreadLocal$ThreadLocalMap::access$100 (7 bytes)
Event: 70.082 Thread 0x000000001506d800 nmethod 1839 0x000000000273e750 code [0x000000000273e8c0, 0x000000000273ea28]
Event: 70.557 Thread 0x000000001506d800 1840       3       java.awt.event.InvocationEvent::getThrowable (16 bytes)
Event: 70.558 Thread 0x000000001506d800 nmethod 1840 0x000000000273eb10 code [0x000000000273ec60, 0x000000000273ee10]
Event: 70.561 Thread 0x000000001506d800 1842       3       javax.swing.ArrayTable::isArray (8 bytes)
Event: 70.562 Thread 0x000000001506d800 nmethod 1842 0x000000000273ee90 code [0x000000000273efe0, 0x000000000273f230]
Event: 70.563 Thread 0x000000001506d800 1843       3       javax.swing.ArrayTable::get (83 bytes)
Event: 70.564 Thread 0x000000001506d800 nmethod 1843 0x000000000273f290 code [0x000000000273f440, 0x000000000273fc38]
Event: 70.570 Thread 0x000000001506d800 1844       1       javax.swing.JComponent$IntVector::size (5 bytes)
Event: 70.570 Thread 0x000000001506d800 nmethod 1844 0x0000000002737b10 code [0x0000000002737c60, 0x0000000002737d70]

GC Heap History (10 events):
Event: 3.018 GC heap before
{Heap before GC invocations=2 (full 0):
 PSYoungGen      total 24064K, used 24039K [0x00000000e5b00000, 0x00000000e8a00000, 0x0000000100000000)
  eden space 20992K, 100% used [0x00000000e5b00000,0x00000000e6f80000,0x00000000e6f80000)
  from space 3072K, 99% used [0x00000000e6f80000,0x00000000e7279dd0,0x00000000e7280000)
  to   space 3072K, 0% used [0x00000000e8700000,0x00000000e8700000,0x00000000e8a00000)
 ParOldGen       total 54784K, used 24466K [0x00000000b1000000, 0x00000000b4580000, 0x00000000e5b00000)
  object space 54784K, 44% used [0x00000000b1000000,0x00000000b27e48c8,0x00000000b4580000)
 Metaspace       used 13566K, capacity 13828K, committed 13952K, reserved 1060864K
  class space    used 1532K, capacity 1629K, committed 1664K, reserved 1048576K
Event: 3.043 GC heap after
Heap after GC invocations=2 (full 0):
 PSYoungGen      total 45056K, used 2736K [0x00000000e5b00000, 0x00000000e8a00000, 0x0000000100000000)
  eden space 41984K, 0% used [0x00000000e5b00000,0x00000000e5b00000,0x00000000e8400000)
  from space 3072K, 89% used [0x00000000e8700000,0x00000000e89ac010,0x00000000e8a00000)
  to   space 3072K, 0% used [0x00000000e8400000,0x00000000e8400000,0x00000000e8700000)
 ParOldGen       total 54784K, used 48774K [0x00000000b1000000, 0x00000000b4580000, 0x00000000e5b00000)
  object space 54784K, 89% used [0x00000000b1000000,0x00000000b3fa18f8,0x00000000b4580000)
 Metaspace       used 13566K, capacity 13828K, committed 13952K, reserved 1060864K
  class space    used 1532K, capacity 1629K, committed 1664K, reserved 1048576K
}
Event: 3.043 GC heap before
{Heap before GC invocations=3 (full 1):
 PSYoungGen      total 45056K, used 2736K [0x00000000e5b00000, 0x00000000e8a00000, 0x0000000100000000)
  eden space 41984K, 0% used [0x00000000e5b00000,0x00000000e5b00000,0x00000000e8400000)
  from space 3072K, 89% used [0x00000000e8700000,0x00000000e89ac010,0x00000000e8a00000)
  to   space 3072K, 0% used [0x00000000e8400000,0x00000000e8400000,0x00000000e8700000)
 ParOldGen       total 54784K, used 48774K [0x00000000b1000000, 0x00000000b4580000, 0x00000000e5b00000)
  object space 54784K, 89% used [0x00000000b1000000,0x00000000b3fa18f8,0x00000000b4580000)
 Metaspace       used 13566K, capacity 13828K, committed 13952K, reserved 1060864K
  class space    used 1532K, capacity 1629K, committed 1664K, reserved 1048576K
Event: 3.100 GC heap after
Heap after GC invocations=3 (full 1):
 PSYoungGen      total 45056K, used 0K [0x00000000e5b00000, 0x00000000e8a00000, 0x0000000100000000)
  eden space 41984K, 0% used [0x00000000e5b00000,0x00000000e5b00000,0x00000000e8400000)
  from space 3072K, 0% used [0x00000000e8700000,0x00000000e8700000,0x00000000e8a00000)
  to   space 3072K, 0% used [0x00000000e8400000,0x00000000e8400000,0x00000000e8700000)
 ParOldGen       total 71680K, used 18921K [0x00000000b1000000, 0x00000000b5600000, 0x00000000e5b00000)
  object space 71680K, 26% used [0x00000000b1000000,0x00000000b227a650,0x00000000b5600000)
 Metaspace       used 13566K, capacity 13828K, committed 13952K, reserved 1060864K
  class space    used 1532K, capacity 1629K, committed 1664K, reserved 1048576K
}
Event: 43.263 GC heap before
{Heap before GC invocations=4 (full 1):
 PSYoungGen      total 45056K, used 40183K [0x00000000e5b00000, 0x00000000e8a00000, 0x0000000100000000)
  eden space 41984K, 95% used [0x00000000e5b00000,0x00000000e823dd18,0x00000000e8400000)
  from space 3072K, 0% used [0x00000000e8700000,0x00000000e8700000,0x00000000e8a00000)
  to   space 3072K, 0% used [0x00000000e8400000,0x00000000e8400000,0x00000000e8700000)
 ParOldGen       total 71680K, used 18921K [0x00000000b1000000, 0x00000000b5600000, 0x00000000e5b00000)
  object space 71680K, 26% used [0x00000000b1000000,0x00000000b227a650,0x00000000b5600000)
 Metaspace       used 16843K, capacity 17098K, committed 17536K, reserved 1064960K
  class space    used 1976K, capacity 2052K, committed 2176K, reserved 1048576K
Event: 43.304 GC heap after
Heap after GC invocations=4 (full 1):
 PSYoungGen      total 45056K, used 3057K [0x00000000e5b00000, 0x00000000ea200000, 0x0000000100000000)
  eden space 41984K, 0% used [0x00000000e5b00000,0x00000000e5b00000,0x00000000e8400000)
  from space 3072K, 99% used [0x00000000e8400000,0x00000000e86fc660,0x00000000e8700000)
  to   space 3072K, 0% used [0x00000000e9f00000,0x00000000e9f00000,0x00000000ea200000)
 ParOldGen       total 71680K, used 60466K [0x00000000b1000000, 0x00000000b5600000, 0x00000000e5b00000)
  object space 71680K, 84% used [0x00000000b1000000,0x00000000b4b0ca80,0x00000000b5600000)
 Metaspace       used 16843K, capacity 17098K, committed 17536K, reserved 1064960K
  class space    used 1976K, capacity 2052K, committed 2176K, reserved 1048576K
}
Event: 43.304 GC heap before
{Heap before GC invocations=5 (full 2):
 PSYoungGen      total 45056K, used 3057K [0x00000000e5b00000, 0x00000000ea200000, 0x0000000100000000)
  eden space 41984K, 0% used [0x00000000e5b00000,0x00000000e5b00000,0x00000000e8400000)
  from space 3072K, 99% used [0x00000000e8400000,0x00000000e86fc660,0x00000000e8700000)
  to   space 3072K, 0% used [0x00000000e9f00000,0x00000000e9f00000,0x00000000ea200000)
 ParOldGen       total 71680K, used 60466K [0x00000000b1000000, 0x00000000b5600000, 0x00000000e5b00000)
  object space 71680K, 84% used [0x00000000b1000000,0x00000000b4b0ca80,0x00000000b5600000)
 Metaspace       used 16843K, capacity 17098K, committed 17536K, reserved 1064960K
  class space    used 1976K, capacity 2052K, committed 2176K, reserved 1048576K
Event: 43.350 GC heap after
Heap after GC invocations=5 (full 2):
 PSYoungGen      total 45056K, used 0K [0x00000000e5b00000, 0x00000000ea200000, 0x0000000100000000)
  eden space 41984K, 0% used [0x00000000e5b00000,0x00000000e5b00000,0x00000000e8400000)
  from space 3072K, 0% used [0x00000000e8400000,0x00000000e8400000,0x00000000e8700000)
  to   space 3072K, 0% used [0x00000000e9f00000,0x00000000e9f00000,0x00000000ea200000)
 ParOldGen       total 121344K, used 43114K [0x00000000b1000000, 0x00000000b8680000, 0x00000000e5b00000)
  object space 121344K, 35% used [0x00000000b1000000,0x00000000b3a1ab98,0x00000000b8680000)
 Metaspace       used 16843K, capacity 17098K, committed 17536K, reserved 1064960K
  class space    used 1976K, capacity 2052K, committed 2176K, reserved 1048576K
}
Event: 68.549 GC heap before
{Heap before GC invocations=6 (full 2):
 PSYoungGen      total 45056K, used 41984K [0x00000000e5b00000, 0x00000000ea200000, 0x0000000100000000)
  eden space 41984K, 100% used [0x00000000e5b00000,0x00000000e8400000,0x00000000e8400000)
  from space 3072K, 0% used [0x00000000e8400000,0x00000000e8400000,0x00000000e8700000)
  to   space 3072K, 0% used [0x00000000e9f00000,0x00000000e9f00000,0x00000000ea200000)
 ParOldGen       total 121344K, used 43114K [0x00000000b1000000, 0x00000000b8680000, 0x00000000e5b00000)
  object space 121344K, 35% used [0x00000000b1000000,0x00000000b3a1ab98,0x00000000b8680000)
 Metaspace       used 17790K, capacity 18032K, committed 18304K, reserved 1064960K
  class space    used 2056K, capacity 2149K, committed 2176K, reserved 1048576K
Event: 68.554 GC heap after
Heap after GC invocations=6 (full 2):
 PSYoungGen      total 69632K, used 1609K [0x00000000e5b00000, 0x00000000ea500000, 0x0000000100000000)
  eden space 66560K, 0% used [0x00000000e5b00000,0x00000000e5b00000,0x00000000e9c00000)
  from space 3072K, 52% used [0x00000000e9f00000,0x00000000ea092718,0x00000000ea200000)
  to   space 3072K, 0% used [0x00000000e9c00000,0x00000000e9c00000,0x00000000e9f00000)
 ParOldGen       total 121344K, used 45822K [0x00000000b1000000, 0x00000000b8680000, 0x00000000e5b00000)
  object space 121344K, 37% used [0x00000000b1000000,0x00000000b3cbfba8,0x00000000b8680000)
 Metaspace       used 17790K, capacity 18032K, committed 18304K, reserved 1064960K
  class space    used 2056K, capacity 2149K, committed 2176K, reserved 1048576K
}

Deoptimization events (6 events):
Event: 2.947 Thread 0x00000000174ca000 Uncommon trap: reason=unstable_if action=reinterpret pc=0x00000000023bdc98 method=sun.awt.image.ImageRepresentation.getOpaqueRGBImage()Ljava/awt/image/BufferedImage; @ 57
Event: 3.148 Thread 0x00000000174ca000 Uncommon trap: reason=unstable_if action=reinterpret pc=0x00000000023c9954 method=sun.awt.image.PNGFilterInputStream.read([BII)I @ 30
Event: 3.148 Thread 0x00000000174ca000 Uncommon trap: reason=unstable_if action=reinterpret pc=0x00000000023c1870 method=sun.awt.image.ImageRepresentation.getOpaqueRGBImage()Ljava/awt/image/BufferedImage; @ 71
Event: 42.991 Thread 0x0000000017151800 Uncommon trap: reason=null_check action=make_not_entrant pc=0x00000000024d7358 method=java.awt.Component.isLightweight()Z @ 4
Event: 44.523 Thread 0x0000000017151800 Uncommon trap: reason=unstable_if action=reinterpret pc=0x00000000025e3834 method=com.sun.opengl.impl.mipmap.ScaleInternal.scale_internal_ubyte(IIILjava/nio/ByteBuffer;IILjava/nio/ByteBuffer;III)V @ 191
Event: 48.544 Thread 0x0000000017151800 Uncommon trap: reason=unstable_if action=reinterpret pc=0x000000000223950c method=sun.awt.image.ByteInterleavedRaster.putByteData(IIII[B)V @ 395

Classes redefined (0 events):
No events

Internal exceptions (10 events):
Event: 1.754 Thread 0x0000000001f6d800 Exception <a 'java/lang/ClassNotFoundException': RootPane> (0x00000000e61eb458) thrown at [C:\jenkins\workspace\8-2-build-windows-amd64-cygwin\jdk8u251\737\hotspot\src\share\vm\classfile\systemDictionary.cpp, line 210]
Event: 42.991 Thread 0x0000000017151800 Implicit null exception at 0x00000000024d72f0 to 0x00000000024d734b
Event: 45.144 Thread 0x0000000017151800 Exception <a 'javax/media/opengl/GLException'> (0x00000000e6463d68) thrown at [C:\jenkins\workspace\8-2-build-windows-amd64-cygwin\jdk8u251\737\hotspot\src\share\vm\prims\jvm.cpp, line 1506]
Event: 45.144 Thread 0x0000000017151800 Exception <a 'javax/media/opengl/GLException'> (0x00000000e6463d68) thrown at [C:\jenkins\workspace\8-2-build-windows-amd64-cygwin\jdk8u251\737\hotspot\src\share\vm\prims\jvm.cpp, line 1506]
Event: 45.171 Thread 0x0000000017151800 Exception <a 'javax/media/opengl/GLException'> (0x00000000e6477ef8) thrown at [C:\jenkins\workspace\8-2-build-windows-amd64-cygwin\jdk8u251\737\hotspot\src\share\vm\prims\jvm.cpp, line 1506]
Event: 45.174 Thread 0x0000000017151800 Exception <a 'javax/media/opengl/GLException'> (0x00000000e6478ef8) thrown at [C:\jenkins\workspace\8-2-build-windows-amd64-cygwin\jdk8u251\737\hotspot\src\share\vm\prims\jvm.cpp, line 1506]
Event: 46.358 Thread 0x0000000017151800 Exception <a 'javax/media/opengl/GLException'> (0x00000000e64a3a10) thrown at [C:\jenkins\workspace\8-2-build-windows-amd64-cygwin\jdk8u251\737\hotspot\src\share\vm\prims\jvm.cpp, line 1506]
Event: 46.536 Thread 0x0000000017151800 Exception <a 'javax/media/opengl/GLException'> (0x00000000e65160c8) thrown at [C:\jenkins\workspace\8-2-build-windows-amd64-cygwin\jdk8u251\737\hotspot\src\share\vm\prims\jvm.cpp, line 1506]
Event: 46.709 Thread 0x0000000017151800 Exception <a 'javax/media/opengl/GLException'> (0x00000000e651aa28) thrown at [C:\jenkins\workspace\8-2-build-windows-amd64-cygwin\jdk8u251\737\hotspot\src\share\vm\prims\jvm.cpp, line 1506]
Event: 46.909 Thread 0x0000000017151800 Exception <a 'javax/media/opengl/GLException'> (0x00000000e6521930) thrown at [C:\jenkins\workspace\8-2-build-windows-amd64-cygwin\jdk8u251\737\hotspot\src\share\vm\prims\jvm.cpp, line 1506]

Events (10 events):
Event: 69.024 Executing VM operation: RevokeBias
Event: 69.025 Executing VM operation: RevokeBias done
Event: 69.025 Thread 0x0000000017740000 Thread exited: 0x0000000017740000
Event: 69.036 Executing VM operation: RevokeBias
Event: 69.037 Executing VM operation: RevokeBias done
Event: 69.037 Thread 0x0000000017742800 Thread exited: 0x0000000017742800
Event: 69.185 Thread 0x0000000017740000 Thread added: 0x0000000017740000
Event: 69.185 Executing VM operation: RevokeBias
Event: 69.186 Executing VM operation: RevokeBias done
Event: 69.186 Thread 0x0000000017740000 Thread exited: 0x0000000017740000


Dynamic libraries:
0x00007ff7b1350000 - 0x00007ff7b1387000 	C:\Program Files\Java\jdk1.8.0_251\jre\bin\java.exe
0x00007ff9b74c0000 - 0x00007ff9b766d000 	C:\Windows\SYSTEM32\ntdll.dll
0x00007ff9b6ce0000 - 0x00007ff9b6e1f000 	C:\Windows\system32\KERNEL32.DLL
0x00007ff9a6950000 - 0x00007ff9a6963000 	C:\Program Files\AVAST Software\Avast\aswhook.dll
0x00007ff9b49a0000 - 0x00007ff9b4ab5000 	C:\Windows\system32\KERNELBASE.dll
0x00007ff9b31b0000 - 0x00007ff9b323e000 	C:\Windows\system32\apphelp.dll
0x00007ff9ace50000 - 0x00007ff9acea5000 	C:\Windows\AppPatch\AppPatch64\AcGenral.DLL
0x00007ff9b6c30000 - 0x00007ff9b6cda000 	C:\Windows\system32\msvcrt.dll
0x00007ff9b4ac0000 - 0x00007ff9b4aee000 	C:\Windows\system32\SspiCli.dll
0x00007ff9b4c20000 - 0x00007ff9b4c74000 	C:\Windows\system32\SHLWAPI.dll
0x00007ff9b7340000 - 0x00007ff9b74b7000 	C:\Windows\system32\USER32.dll
0x00007ff9b71a0000 - 0x00007ff9b7334000 	C:\Windows\system32\ole32.dll
0x00007ff9b54f0000 - 0x00007ff9b6a1a000 	C:\Windows\system32\SHELL32.dll
0x00007ff9b3bb0000 - 0x00007ff9b3bd1000 	C:\Windows\SYSTEM32\USERENV.dll
0x00007ff9b5440000 - 0x00007ff9b54ea000 	C:\Windows\system32\ADVAPI32.dll
0x00007ff9aea00000 - 0x00007ff9aea1e000 	C:\Windows\SYSTEM32\MPR.dll
0x00007ff9b52b0000 - 0x00007ff9b53f0000 	C:\Windows\system32\RPCRT4.dll
0x00007ff9b7130000 - 0x00007ff9b7189000 	C:\Windows\SYSTEM32\sechost.dll
0x00007ff9b6a20000 - 0x00007ff9b6c30000 	C:\Windows\SYSTEM32\combase.dll
0x00007ff9b4cf0000 - 0x00007ff9b4e3c000 	C:\Windows\system32\GDI32.dll
0x00007ff9b45f0000 - 0x00007ff9b4605000 	C:\Windows\SYSTEM32\profapi.dll
0x00007ff9b2be0000 - 0x00007ff9b2c92000 	C:\Windows\SYSTEM32\SHCORE.dll
0x00007ff9b5400000 - 0x00007ff9b5436000 	C:\Windows\system32\IMM32.DLL
0x00007ff9b4e40000 - 0x00007ff9b4f92000 	C:\Windows\system32\MSCTF.dll
0x00007ff9b2070000 - 0x00007ff9b22eb000 	C:\Windows\WinSxS\amd64_microsoft.windows.common-controls_6595b64144ccf1df_6.0.9600.19394_none_62486577ecb635cf\COMCTL32.dll
0x00000000535b0000 - 0x0000000053682000 	C:\Program Files\Java\jdk1.8.0_251\jre\bin\msvcr100.dll
0x0000000052b00000 - 0x00000000533ab000 	C:\Program Files\Java\jdk1.8.0_251\jre\bin\server\jvm.dll
0x00007ff9acff0000 - 0x00007ff9acff9000 	C:\Windows\SYSTEM32\WSOCK32.dll
0x00007ff9b1580000 - 0x00007ff9b15a2000 	C:\Windows\SYSTEM32\WINMM.dll
0x00007ff9ac0c0000 - 0x00007ff9ac0ca000 	C:\Windows\SYSTEM32\VERSION.dll
0x00007ff9b4c80000 - 0x00007ff9b4c87000 	C:\Windows\system32\PSAPI.DLL
0x00007ff9b4c90000 - 0x00007ff9b4cea000 	C:\Windows\system32\WS2_32.dll
0x00007ff9b1540000 - 0x00007ff9b156a000 	C:\Windows\SYSTEM32\WINMMBASE.dll
0x00007ff9b7190000 - 0x00007ff9b7199000 	C:\Windows\system32\NSI.dll
0x00007ff9b46c0000 - 0x00007ff9b470f000 	C:\Windows\SYSTEM32\cfgmgr32.dll
0x00007ff9b3410000 - 0x00007ff9b3438000 	C:\Windows\SYSTEM32\DEVOBJ.dll
0x00007ff9af290000 - 0x00007ff9af29f000 	C:\Program Files\Java\jdk1.8.0_251\jre\bin\verify.dll
0x00007ff9ae450000 - 0x00007ff9ae479000 	C:\Program Files\Java\jdk1.8.0_251\jre\bin\java.dll
0x00007ff9a9220000 - 0x00007ff9a9236000 	C:\Program Files\Java\jdk1.8.0_251\jre\bin\zip.dll
0x00007ff98c210000 - 0x00007ff98c3aa000 	C:\Program Files\Java\jdk1.8.0_251\jre\bin\awt.dll
0x00007ff9b5160000 - 0x00007ff9b5227000 	C:\Windows\system32\OLEAUT32.dll
0x00007ff9b27c0000 - 0x00007ff9b27e1000 	C:\Windows\system32\DWMAPI.DLL
0x00007ff9b3280000 - 0x00007ff9b33a9000 	C:\Windows\system32\uxtheme.dll
0x00007ff98c0e0000 - 0x00007ff98c20b000 	C:\Windows\system32\opengl32.dll
0x00007ff9a1240000 - 0x00007ff9a126e000 	C:\Windows\SYSTEM32\GLU32.dll
0x00007ff9a2280000 - 0x00007ff9a2378000 	C:\Windows\SYSTEM32\DDRAW.dll
0x00007ff9a6940000 - 0x00007ff9a6949000 	C:\Windows\SYSTEM32\DCIMAN32.dll
0x00007ff9b3400000 - 0x00007ff9b340b000 	C:\Windows\SYSTEM32\kernel.appcore.dll
0x00007ff9b44c0000 - 0x00007ff9b44cb000 	C:\Windows\SYSTEM32\CRYPTBASE.dll
0x00007ff9b4450000 - 0x00007ff9b44b3000 	C:\Windows\SYSTEM32\bcryptPrimitives.dll
0x00007ff99a290000 - 0x00007ff99a4b1000 	C:\Windows\system32\d3d9.dll
0x00007ff9b1210000 - 0x00007ff9b146f000 	C:\Windows\SYSTEM32\d3d10warp.dll
0x00007ff9a0f60000 - 0x00007ff9a0fa9000 	C:\Program Files\Java\jdk1.8.0_251\jre\bin\fontmanager.dll
0x0000000017900000 - 0x000000001795a000 	C:\Users\Alan\AppData\Roaming\NetBeans\8.2\jogl-runtime\jogl.jar-natives-windows-amd64\jogl.dll
0x0000000052a30000 - 0x0000000052af9000 	C:\Windows\WinSxS\amd64_microsoft.vc80.crt_1fc8b3b9a1e18e3b_8.0.50727.8428_none_88dcdb0b2fb19957\MSVCR80.dll
0x00007ff9a26f0000 - 0x00007ff9a2721000 	C:\Program Files\Java\jdk1.8.0_251\jre\bin\jpeg.dll
0x00007ff9a77d0000 - 0x00007ff9a77ea000 	C:\Program Files\Java\jdk1.8.0_251\jre\bin\net.dll
0x00007ff9b3e20000 - 0x00007ff9b3e79000 	C:\Windows\system32\mswsock.dll
0x00007ff9a1270000 - 0x00007ff9a1282000 	C:\Program Files\Java\jdk1.8.0_251\jre\bin\nio.dll
0x00007ff9a0f10000 - 0x00007ff9a0f52000 	C:\Program Files\Java\jdk1.8.0_251\jre\bin\t2k.dll
0x00007ff9b0d90000 - 0x00007ff9b0d9c000 	C:\Program Files\Java\jdk1.8.0_251\jre\bin\jsound.dll
0x00007ff9a9250000 - 0x00007ff9a925b000 	C:\Program Files\Java\jdk1.8.0_251\jre\bin\jsoundds.dll
0x00007ff9a1840000 - 0x00007ff9a18dd000 	C:\Windows\SYSTEM32\DSOUND.dll
0x00007ff9b4590000 - 0x00007ff9b45d6000 	C:\Windows\SYSTEM32\POWRPROF.dll
0x00007ff9b1eb0000 - 0x00007ff9b1f20000 	C:\Windows\SYSTEM32\MMDevAPI.DLL
0x00007ff99f820000 - 0x00007ff99f85e000 	C:\Windows\SYSTEM32\wdmaud.drv
0x00007ff9b0f10000 - 0x00007ff9b0f18000 	C:\Windows\SYSTEM32\ksuser.dll
0x00007ff9b1de0000 - 0x00007ff9b1dec000 	C:\Windows\SYSTEM32\AVRT.dll
0x00007ff9a80e0000 - 0x00007ff9a815e000 	C:\Windows\SYSTEM32\AUDIOSES.DLL
0x00007ff99f810000 - 0x00007ff99f81b000 	C:\Windows\SYSTEM32\msacm32.drv
0x00007ff99f7f0000 - 0x00007ff99f80c000 	C:\Windows\SYSTEM32\MSACM32.dll
0x00007ff99f7e0000 - 0x00007ff99f7ea000 	C:\Windows\SYSTEM32\midimap.dll
0x00007ff9b4b50000 - 0x00007ff9b4c06000 	C:\Windows\SYSTEM32\clbcatq.dll
0x00007ff9a9210000 - 0x00007ff9a9217000 	C:\Program Files\Java\jdk1.8.0_251\jre\bin\jawt.dll
0x000000001c5b0000 - 0x000000001c5b7000 	C:\Users\Alan\AppData\Roaming\NetBeans\8.2\jogl-runtime\jogl.jar-natives-windows-amd64\jogl_awt.dll
0x00007ff9a2380000 - 0x00007ff9a23be000 	C:\Program Files\Java\jdk1.8.0_251\jre\bin\lcms.dll
0x00007ff9ab8a0000 - 0x00007ff9aba29000 	C:\Windows\SYSTEM32\dbghelp.dll

VM Arguments:
jvm_args: -Dfile.encoding=Cp1252 -Djava.library.path=C:\Users\Alan\AppData\Roaming\NetBeans\8.2\jogl-runtime\jogl.jar-natives-windows-amd64;C:\Users\Alan\AppData\Roaming\NetBeans\8.2\gluegen-runtime\gluegen-rt.jar-natives-windows-amd64 
java_command: pantallas.Inicio
java_class_path (initial): C:\Users\Alan\AppData\Roaming\NetBeans\8.2\gluegen-runtime\gluegen-rt.jar;C:\Users\Alan\AppData\Roaming\NetBeans\8.2\jogl-runtime\jogl.jar;C:\Program Files\NetBeans 8.2\java\modules\ext\AbsoluteLayout.jar;C:\Users\Alan\Documents\GitHub\GraphicationGame\Actual\Poryecto con pantallas\JuegoV4\build\classes
Launcher Type: SUN_STANDARD

Environment Variables:
PATH=C:\Program Files (x86)\Common Files\Oracle\Java\javapath;C:\ProgramData\Oracle\Java\javapath;C:\Windows\system32;C:\Windows;C:\Windows\System32\Wbem;C:\Windows\System32\WindowsPowerShell\v1.0\;C:\Program Files (x86)\Microchip\MPLAB C32 Suite\bin;C:\PROGRA~2\PICC;C:\Program Files\Common Files\Autodesk Shared\;C:\Program Files\MySQL\MySQL Shell 8.0\bin\
USERNAME=Alan
OS=Windows_NT
PROCESSOR_IDENTIFIER=AMD64 Family 22 Model 48 Stepping 1, AuthenticAMD



---------------  S Y S T E M  ---------------

OS: Windows 8.1 , 64 bit Build 9600 (6.3.9600.19538)

CPU:total 4 (initial active 4) (4 cores per cpu, 1 threads per core) family 22 model 48 stepping 1, cmov, cx8, fxsr, mmx, sse, sse2, sse3, ssse3, sse4.1, sse4.2, popcnt, avx, aes, clmul, mmxext, 3dnowpref, lzcnt, sse4a, tsc, tscinvbit, tscinv, bmi1

Memory: 4k page, physical 5176816k(1102096k free), swap 12516848k(4671564k free)

vm_info: Java HotSpot(TM) 64-Bit Server VM (25.251-b08) for windows-amd64 JRE (1.8.0_251-b08), built on Mar 12 2020 06:31:49 by "" with MS VC++ 10.0 (VS2010)

time: Tue Jun 09 10:06:20 2020
timezone: Hora de verano central (México)
elapsed time: 70 seconds (0d 0h 1m 10s)

