#
# A fatal error has been detected by the Java Runtime Environment:
#
#  EXCEPTION_ACCESS_VIOLATION (0xc0000005) at pc=0x00007ff98c197693, pid=328, tid=0x000000000000334c
#
# JRE version: Java(TM) SE Runtime Environment (8.0_251-b08) (build 1.8.0_251-b08)
# Java VM: Java HotSpot(TM) 64-Bit Server VM (25.251-b08 mixed mode windows-amd64 compressed oops)
# Problematic frame:
# C  [opengl32.dll+0xb7693]
#
# Failed to write core dump. Minidumps are not enabled by default on client versions of Windows
#
# If you would like to submit a bug report, please visit:
#   http://bugreport.java.com/bugreport/crash.jsp
# The crash happened outside the Java Virtual Machine in native code.
# See problematic frame for where to report the bug.
#

---------------  T H R E A D  ---------------

Current thread (0x000000001740a800):  JavaThread "AWT-EventQueue-0" [_thread_in_native, id=13132, stack(0x0000000019020000,0x0000000019120000)]

siginfo: ExceptionCode=0xc0000005, reading address 0xfffffffe009b9430

Registers:
RAX=0xffffffff80000000, RBX=0x000000001e093180, RCX=0x0000000000000000, RDX=0x000000001d6ba768
RSP=0x000000001911dc70, RBP=0x000000001d6be6b0, RSI=0x0000000000000000, RDI=0x000000001d5855f0
R8 =0x00000000009b9430, R9 =0x000000001d6ba768, R10=0x000000001d6ba7c8, R11=0x000000001d583d10
R12=0xffffffffffffffec, R13=0xfffffffffffffff0, R14=0xfffffffffffffff4, R15=0xffffffffffffffe8
RIP=0x00007ff98c197693, EFLAGS=0x0000000000010a06

Top of Stack: (sp=0x000000001911dc70)
0x000000001911dc70:   4d0a6088427b5423 42eb9ee14c0a609a
0x000000001911dc80:   427b5423432cc9d8 0000000041f4cccd
0x000000001911dc90:   458a37eb3f713da2 0000000040f4cccd
0x000000001911dca0:   00000000009b9430 00007ff98c1aba0c
0x000000001911dcb0:   0000000000000000 0000000000000000
0x000000001911dcc0:   0000000000000000 0000000000000000
0x000000001911dcd0:   0000000000000000 0000000000000000
0x000000001911dce0:   000000003f800000 0000000000000000
0x000000001911dcf0:   3fa999993d4ccccd 0000000000000000
0x000000001911dd00:   000000003f800000 0000000000000000
0x000000001911dd10:   0000000000000000 0000000000000000
0x000000001911dd20:   000000003f800000 0000000000000000
0x000000001911dd30:   40088121e0000000 0000000000000000
0x000000001911dd40:   000000003c0f5c28 0000000000000000
0x000000001911dd50:   000000001d6be778 000000001d6be6b0
0x000000001911dd60:   000000001d583d10 000000001d6ba6a0 

Instructions: (pc=0x00007ff98c197693)
0x00007ff98c197673:   04 f3 0f 11 1c 24 72 56 f3 0f 59 54 24 24 f3 41
0x00007ff98c197683:   0f 58 d7 f3 0f 2c c2 3d 00 01 00 00 7d 0a 48 98
0x00007ff98c197693:   f3 41 0f 10 14 80 eb 04 41 0f 28 d3 0f 28 c2 0f
0x00007ff98c1976a3:   28 ca f3 41 0f 59 d2 f3 41 0f 59 c0 f3 41 0f 59 


Register to memory mapping:

RAX=0xffffffff80000000 is an unknown value
RBX=0x000000001e093180 is an unknown value
RCX=0x0000000000000000 is an unknown value
RDX=0x000000001d6ba768 is an unknown value
RSP=0x000000001911dc70 is pointing into the stack for thread: 0x000000001740a800
RBP=0x000000001d6be6b0 is an unknown value
RSI=0x0000000000000000 is an unknown value
RDI=0x000000001d5855f0 is an unknown value
R8 =0x00000000009b9430 is an unknown value
R9 =0x000000001d6ba768 is an unknown value
R10=0x000000001d6ba7c8 is an unknown value
R11=0x000000001d583d10 is an unknown value
R12=0xffffffffffffffec is an unknown value
R13=0xfffffffffffffff0 is an unknown value
R14=0xfffffffffffffff4 is an unknown value
R15=0xffffffffffffffe8 is an unknown value


Stack: [0x0000000019020000,0x0000000019120000],  sp=0x000000001911dc70,  free space=1015k
Native frames: (J=compiled Java code, j=interpreted, Vv=VM code, C=native code)
C  [opengl32.dll+0xb7693]
C  [opengl32.dll+0xae775]
C  [opengl32.dll+0xe19e2]
C  [opengl32.dll+0xe1855]
C  [opengl32.dll+0x2df84]
C  [opengl32.dll+0x1a6a5]
C  [jogl.dll+0x22cd]
C  0x00000000028350f5

Java frames: (J=compiled Java code, j=interpreted, Vv=VM code)
J 1353  com.sun.opengl.impl.GLImpl.glBegin0(I)V (0 bytes) @ 0x000000000283507b [0x0000000002835040+0x3b]
J 1504 C2 com.sun.opengl.impl.GLUquadricImpl.drawDisk(Ljavax/media/opengl/GL;FFII)V (868 bytes) @ 0x00000000028d75f0 [0x00000000028d7160+0x490]
J 1641 C1 javax.media.opengl.glu.GLU.gluDisk(Ljavax/media/opengl/glu/GLUquadric;DDII)V (20 bytes) @ 0x000000000255c2d4 [0x000000000255be20+0x4b4]
j  levels.DibujaB.palito(Ljavax/media/opengl/GL;Ljavax/media/opengl/glu/GLU;)V+113
j  levels.DibujaB.dibujaB(Ljavax/media/opengl/GL;)V+49
j  levels.levelFour.display(Ljavax/media/opengl/GLAutoDrawable;)V+1156
j  com.sun.opengl.impl.GLDrawableHelper.display(Ljavax/media/opengl/GLAutoDrawable;)V+29
j  javax.media.opengl.GLCanvas$DisplayAction.run()V+80
J 1815 C1 com.sun.opengl.impl.GLDrawableHelper.invokeGL(Ljavax/media/opengl/GLDrawable;Ljavax/media/opengl/GLContext;Ljava/lang/Runnable;Ljava/lang/Runnable;)V (498 bytes) @ 0x00000000028c0d6c [0x00000000028bfd20+0x104c]
J 1819 C1 javax.media.opengl.GLCanvas$DisplayOnEventDispatchThreadAction.run()V (39 bytes) @ 0x00000000025a2c64 [0x00000000025a2b40+0x124]
J 1538 C1 java.awt.event.InvocationEvent.dispatch()V (69 bytes) @ 0x000000000267c3cc [0x000000000267c280+0x14c]
J 1490 C1 java.awt.EventQueue.dispatchEventImpl(Ljava/awt/AWTEvent;Ljava/lang/Object;)V (149 bytes) @ 0x00000000028d1344 [0x00000000028cf880+0x1ac4]
J 1492 C1 java.awt.EventQueue$3.run()Ljava/lang/Void; (60 bytes) @ 0x0000000002474c0c [0x0000000002474a00+0x20c]
J 1160 C1 java.awt.EventQueue$3.run()Ljava/lang/Object; (5 bytes) @ 0x000000000279110c [0x0000000002791080+0x8c]
v  ~StubRoutines::call_stub
J 666  java.security.AccessController.doPrivileged(Ljava/security/PrivilegedAction;Ljava/security/AccessControlContext;)Ljava/lang/Object; (0 bytes) @ 0x0000000002639866 [0x0000000002639800+0x66]
J 1158 C1 java.awt.EventQueue.dispatchEvent(Ljava/awt/AWTEvent;)V (80 bytes) @ 0x000000000278fbc4 [0x000000000278f240+0x984]
J 1494 C1 java.awt.EventDispatchThread.pumpOneEventForFilters(I)V (190 bytes) @ 0x00000000028d350c [0x00000000028d23c0+0x114c]
j  java.awt.EventDispatchThread.pumpEventsForFilter(ILjava/awt/Conditional;Ljava/awt/EventFilter;)V+35
j  java.awt.EventDispatchThread.pumpEventsForHierarchy(ILjava/awt/Conditional;Ljava/awt/Component;)V+11
j  java.awt.EventDispatchThread.pumpEvents(ILjava/awt/Conditional;)V+4
j  java.awt.EventDispatchThread.pumpEvents(Ljava/awt/Conditional;)V+3
j  java.awt.EventDispatchThread.run()V+9
v  ~StubRoutines::call_stub

---------------  P R O C E S S  ---------------

Java Threads: ( => current thread )
  0x0000000019436800 JavaThread "Direct Clip" daemon [_thread_blocked, id=10052, stack(0x0000000021e80000,0x0000000021f80000)]
  0x0000000019433800 JavaThread "Direct Clip" daemon [_thread_blocked, id=15132, stack(0x0000000021d80000,0x0000000021e80000)]
  0x0000000019435000 JavaThread "Direct Clip" daemon [_thread_blocked, id=1140, stack(0x0000000021c80000,0x0000000021d80000)]
  0x0000000019431000 JavaThread "Direct Clip" daemon [_thread_blocked, id=14568, stack(0x0000000021080000,0x0000000021180000)]
  0x0000000019431800 JavaThread "Direct Clip" daemon [_thread_blocked, id=15140, stack(0x0000000020a30000,0x0000000020b30000)]
  0x0000000019430000 JavaThread "Direct Clip" daemon [_thread_blocked, id=5928, stack(0x0000000021b80000,0x0000000021c80000)]
  0x000000001942e800 JavaThread "Direct Clip" daemon [_thread_blocked, id=8776, stack(0x0000000021a80000,0x0000000021b80000)]
  0x000000001942e000 JavaThread "Direct Clip" daemon [_thread_blocked, id=13768, stack(0x0000000021980000,0x0000000021a80000)]
  0x000000001942d000 JavaThread "Direct Clip" daemon [_thread_blocked, id=15192, stack(0x0000000021880000,0x0000000021980000)]
  0x000000001942c800 JavaThread "Direct Clip" daemon [_thread_blocked, id=12812, stack(0x0000000021380000,0x0000000021480000)]
  0x000000001942f800 JavaThread "Direct Clip" daemon [_thread_blocked, id=7596, stack(0x0000000021280000,0x0000000021380000)]
  0x000000001942b800 JavaThread "Direct Clip" daemon [_thread_blocked, id=5440, stack(0x0000000021180000,0x0000000021280000)]
  0x0000000019428000 JavaThread "Thread-13" [_thread_blocked, id=12576, stack(0x000000001eec0000,0x000000001efc0000)]
  0x000000001942a000 JavaThread "Thread-12" [_thread_blocked, id=3452, stack(0x000000001b810000,0x000000001b910000)]
  0x0000000019428800 JavaThread "Thread-11" [_thread_blocked, id=3148, stack(0x000000001a490000,0x000000001a590000)]
  0x000000001942b000 JavaThread "Direct Clip" daemon [_thread_blocked, id=12132, stack(0x000000001a390000,0x000000001a490000)]
  0x0000000019429800 JavaThread "Direct Clip" daemon [_thread_blocked, id=9348, stack(0x000000001efd0000,0x000000001f0d0000)]
  0x0000000017622000 JavaThread "Thread-8" [_thread_blocked, id=852, stack(0x000000001ebc0000,0x000000001ecc0000)]
  0x0000000017621800 JavaThread "Thread-7" [_thread_blocked, id=15324, stack(0x000000001eac0000,0x000000001ebc0000)]
  0x000000001761d800 JavaThread "Thread-6" [_thread_blocked, id=7908, stack(0x000000001e9c0000,0x000000001eac0000)]
  0x0000000017620800 JavaThread "Thread-5" [_thread_blocked, id=8608, stack(0x000000001e8c0000,0x000000001e9c0000)]
  0x0000000017620000 JavaThread "Direct Clip" daemon [_thread_blocked, id=11328, stack(0x000000001c1e0000,0x000000001c2e0000)]
  0x000000001761c000 JavaThread "D3D Screen Updater" daemon [_thread_blocked, id=13436, stack(0x000000001cc30000,0x000000001cd30000)]
  0x000000001761f000 JavaThread "Direct Clip" daemon [_thread_blocked, id=8180, stack(0x000000001b3e0000,0x000000001b4e0000)]
  0x000000001761b800 JavaThread "Java Sound Event Dispatcher" daemon [_thread_blocked, id=2948, stack(0x000000001afc0000,0x000000001b0c0000)]
  0x0000000000b2d800 JavaThread "DestroyJavaVM" [_thread_blocked, id=8684, stack(0x00000000009c0000,0x0000000000ac0000)]
=>0x000000001740a800 JavaThread "AWT-EventQueue-0" [_thread_in_native, id=13132, stack(0x0000000019020000,0x0000000019120000)]
  0x00000000174ac800 JavaThread "AWT-Windows" daemon [_thread_in_native, id=10060, stack(0x0000000017f10000,0x0000000018010000)]
  0x00000000174aa000 JavaThread "AWT-Shutdown" [_thread_blocked, id=11532, stack(0x0000000017e10000,0x0000000017f10000)]
  0x00000000174a9800 JavaThread "Java2D Disposer" daemon [_thread_blocked, id=15040, stack(0x0000000017d10000,0x0000000017e10000)]
  0x0000000016c93800 JavaThread "Service Thread" daemon [_thread_blocked, id=3052, stack(0x0000000017050000,0x0000000017150000)]
  0x0000000015344800 JavaThread "C1 CompilerThread2" daemon [_thread_blocked, id=5504, stack(0x0000000016b50000,0x0000000016c50000)]
  0x00000000152ff800 JavaThread "C2 CompilerThread1" daemon [_thread_blocked, id=13220, stack(0x0000000016a50000,0x0000000016b50000)]
  0x00000000152fa000 JavaThread "C2 CompilerThread0" daemon [_thread_blocked, id=11160, stack(0x0000000016950000,0x0000000016a50000)]
  0x00000000152f9000 JavaThread "Attach Listener" daemon [_thread_blocked, id=1460, stack(0x0000000016850000,0x0000000016950000)]
  0x0000000015306800 JavaThread "Signal Dispatcher" daemon [_thread_blocked, id=11552, stack(0x0000000016750000,0x0000000016850000)]
  0x000000000236a800 JavaThread "Finalizer" daemon [_thread_blocked, id=13880, stack(0x0000000016550000,0x0000000016650000)]
  0x0000000002362000 JavaThread "Reference Handler" daemon [_thread_blocked, id=14324, stack(0x0000000016450000,0x0000000016550000)]

Other Threads:
  0x00000000152c6800 VMThread [stack: 0x0000000016350000,0x0000000016450000] [id=3024]
  0x0000000016c94800 WatcherThread [stack: 0x0000000017250000,0x0000000017350000] [id=5956]

VM state:not at safepoint (normal execution)

VM Mutex/Monitor currently owned by a thread: None

heap address: 0x00000000b1000000, size: 1264 MB, Compressed Oops mode: 32-bit
Narrow klass base: 0x0000000000000000, Narrow klass shift: 3
Compressed class space size: 1073741824 Address: 0x0000000100000000

Heap:
 PSYoungGen      total 71168K, used 7686K [0x00000000e5b00000, 0x00000000ea400000, 0x0000000100000000)
  eden space 68096K, 8% used [0x00000000e5b00000,0x00000000e60a68a0,0x00000000e9d80000)
  from space 3072K, 61% used [0x00000000ea080000,0x00000000ea25b318,0x00000000ea380000)
  to   space 3072K, 0% used [0x00000000e9d80000,0x00000000e9d80000,0x00000000ea080000)
 ParOldGen       total 126464K, used 45712K [0x00000000b1000000, 0x00000000b8b80000, 0x00000000e5b00000)
  object space 126464K, 36% used [0x00000000b1000000,0x00000000b3ca4188,0x00000000b8b80000)
 Metaspace       used 17764K, capacity 17978K, committed 18304K, reserved 1064960K
  class space    used 2043K, capacity 2124K, committed 2176K, reserved 1048576K

Card table byte_map: [0x0000000011730000,0x00000000119b0000] byte_map_base: 0x00000000111a8000

Marking Bits: (ParMarkBitMap*) 0x000000005332af90
 Begin Bits: [0x0000000011f60000, 0x0000000013320000)
 End Bits:   [0x0000000013320000, 0x00000000146e0000)

Polling page: 0x00000000008a0000

CodeCache: size=245760Kb used=6037Kb max_used=6102Kb free=239722Kb
 bounds [0x0000000002370000, 0x0000000002970000, 0x0000000011370000]
 total_blobs=2484 nmethods=1702 adapters=695
 compilation: enabled

Compilation events (10 events):
Event: 72.326 Thread 0x0000000015344800 nmethod 1883 0x00000000027e2310 code [0x00000000027e2480, 0x00000000027e2608]
Event: 72.326 Thread 0x0000000015344800 1879       1       java.awt.Component::getFocusTraversalKeysEnabled (5 bytes)
Event: 72.327 Thread 0x0000000015344800 nmethod 1879 0x0000000002873e90 code [0x0000000002873fe0, 0x00000000028740f0]
Event: 72.327 Thread 0x0000000015344800 1880       1       java.awt.AWTKeyStroke::getKeyCode (5 bytes)
Event: 72.327 Thread 0x0000000015344800 nmethod 1880 0x0000000002873bd0 code [0x0000000002873d20, 0x0000000002873e30]
Event: 72.327 Thread 0x0000000015344800 1881       1       java.awt.AWTKeyStroke::getModifiers (5 bytes)
Event: 72.327 Thread 0x0000000015344800 nmethod 1881 0x0000000002873910 code [0x0000000002873a60, 0x0000000002873b70]
Event: 72.327 Thread 0x0000000015344800 1882       1       java.awt.AWTKeyStroke::isOnKeyRelease (5 bytes)
Event: 72.327 Thread 0x0000000015344800 nmethod 1882 0x0000000002873650 code [0x00000000028737a0, 0x00000000028738b0]
Event: 72.369 Thread 0x00000000152fa000 nmethod 1877 0x000000000289f8d0 code [0x000000000289fa60, 0x00000000028a05f8]

GC Heap History (10 events):
Event: 3.161 GC heap before
{Heap before GC invocations=2 (full 0):
 PSYoungGen      total 24064K, used 24039K [0x00000000e5b00000, 0x00000000e8a00000, 0x0000000100000000)
  eden space 20992K, 100% used [0x00000000e5b00000,0x00000000e6f80000,0x00000000e6f80000)
  from space 3072K, 99% used [0x00000000e6f80000,0x00000000e7279dd0,0x00000000e7280000)
  to   space 3072K, 0% used [0x00000000e8700000,0x00000000e8700000,0x00000000e8a00000)
 ParOldGen       total 54784K, used 24509K [0x00000000b1000000, 0x00000000b4580000, 0x00000000e5b00000)
  object space 54784K, 44% used [0x00000000b1000000,0x00000000b27ef698,0x00000000b4580000)
 Metaspace       used 13547K, capacity 13764K, committed 13952K, reserved 1060864K
  class space    used 1532K, capacity 1629K, committed 1664K, reserved 1048576K
Event: 3.190 GC heap after
Heap after GC invocations=2 (full 0):
 PSYoungGen      total 45056K, used 2752K [0x00000000e5b00000, 0x00000000e8a00000, 0x0000000100000000)
  eden space 41984K, 0% used [0x00000000e5b00000,0x00000000e5b00000,0x00000000e8400000)
  from space 3072K, 89% used [0x00000000e8700000,0x00000000e89b0000,0x00000000e8a00000)
  to   space 3072K, 0% used [0x00000000e8400000,0x00000000e8400000,0x00000000e8700000)
 ParOldGen       total 54784K, used 48817K [0x00000000b1000000, 0x00000000b4580000, 0x00000000e5b00000)
  object space 54784K, 89% used [0x00000000b1000000,0x00000000b3fac6c8,0x00000000b4580000)
 Metaspace       used 13547K, capacity 13764K, committed 13952K, reserved 1060864K
  class space    used 1532K, capacity 1629K, committed 1664K, reserved 1048576K
}
Event: 3.190 GC heap before
{Heap before GC invocations=3 (full 1):
 PSYoungGen      total 45056K, used 2752K [0x00000000e5b00000, 0x00000000e8a00000, 0x0000000100000000)
  eden space 41984K, 0% used [0x00000000e5b00000,0x00000000e5b00000,0x00000000e8400000)
  from space 3072K, 89% used [0x00000000e8700000,0x00000000e89b0000,0x00000000e8a00000)
  to   space 3072K, 0% used [0x00000000e8400000,0x00000000e8400000,0x00000000e8700000)
 ParOldGen       total 54784K, used 48817K [0x00000000b1000000, 0x00000000b4580000, 0x00000000e5b00000)
  object space 54784K, 89% used [0x00000000b1000000,0x00000000b3fac6c8,0x00000000b4580000)
 Metaspace       used 13547K, capacity 13764K, committed 13952K, reserved 1060864K
  class space    used 1532K, capacity 1629K, committed 1664K, reserved 1048576K
Event: 3.252 GC heap after
Heap after GC invocations=3 (full 1):
 PSYoungGen      total 45056K, used 0K [0x00000000e5b00000, 0x00000000e8a00000, 0x0000000100000000)
  eden space 41984K, 0% used [0x00000000e5b00000,0x00000000e5b00000,0x00000000e8400000)
  from space 3072K, 0% used [0x00000000e8700000,0x00000000e8700000,0x00000000e8a00000)
  to   space 3072K, 0% used [0x00000000e8400000,0x00000000e8400000,0x00000000e8700000)
 ParOldGen       total 71168K, used 18923K [0x00000000b1000000, 0x00000000b5580000, 0x00000000e5b00000)
  object space 71168K, 26% used [0x00000000b1000000,0x00000000b227ac88,0x00000000b5580000)
 Metaspace       used 13547K, capacity 13764K, committed 13952K, reserved 1060864K
  class space    used 1532K, capacity 1629K, committed 1664K, reserved 1048576K
}
Event: 9.272 GC heap before
{Heap before GC invocations=4 (full 1):
 PSYoungGen      total 45056K, used 41984K [0x00000000e5b00000, 0x00000000e8a00000, 0x0000000100000000)
  eden space 41984K, 100% used [0x00000000e5b00000,0x00000000e8400000,0x00000000e8400000)
  from space 3072K, 0% used [0x00000000e8700000,0x00000000e8700000,0x00000000e8a00000)
  to   space 3072K, 0% used [0x00000000e8400000,0x00000000e8400000,0x00000000e8700000)
 ParOldGen       total 71168K, used 18923K [0x00000000b1000000, 0x00000000b5580000, 0x00000000e5b00000)
  object space 71168K, 26% used [0x00000000b1000000,0x00000000b227ac88,0x00000000b5580000)
 Metaspace       used 16770K, capacity 17034K, committed 17280K, reserved 1064960K
  class space    used 1978K, capacity 2052K, committed 2176K, reserved 1048576K
Event: 9.300 GC heap after
Heap after GC invocations=4 (full 1):
 PSYoungGen      total 45056K, used 3051K [0x00000000e5b00000, 0x00000000ea380000, 0x0000000100000000)
  eden space 41984K, 0% used [0x00000000e5b00000,0x00000000e5b00000,0x00000000e8400000)
  from space 3072K, 99% used [0x00000000e8400000,0x00000000e86fad30,0x00000000e8700000)
  to   space 3072K, 0% used [0x00000000ea080000,0x00000000ea080000,0x00000000ea380000)
 ParOldGen       total 71168K, used 63152K [0x00000000b1000000, 0x00000000b5580000, 0x00000000e5b00000)
  object space 71168K, 88% used [0x00000000b1000000,0x00000000b4dac128,0x00000000b5580000)
 Metaspace       used 16770K, capacity 17034K, committed 17280K, reserved 1064960K
  class space    used 1978K, capacity 2052K, committed 2176K, reserved 1048576K
}
Event: 9.301 GC heap before
{Heap before GC invocations=5 (full 2):
 PSYoungGen      total 45056K, used 3051K [0x00000000e5b00000, 0x00000000ea380000, 0x0000000100000000)
  eden space 41984K, 0% used [0x00000000e5b00000,0x00000000e5b00000,0x00000000e8400000)
  from space 3072K, 99% used [0x00000000e8400000,0x00000000e86fad30,0x00000000e8700000)
  to   space 3072K, 0% used [0x00000000ea080000,0x00000000ea080000,0x00000000ea380000)
 ParOldGen       total 71168K, used 63152K [0x00000000b1000000, 0x00000000b5580000, 0x00000000e5b00000)
  object space 71168K, 88% used [0x00000000b1000000,0x00000000b4dac128,0x00000000b5580000)
 Metaspace       used 16770K, capacity 17034K, committed 17280K, reserved 1064960K
  class space    used 1978K, capacity 2052K, committed 2176K, reserved 1048576K
Event: 9.357 GC heap after
Heap after GC invocations=5 (full 2):
 PSYoungGen      total 45056K, used 0K [0x00000000e5b00000, 0x00000000ea380000, 0x0000000100000000)
  eden space 41984K, 0% used [0x00000000e5b00000,0x00000000e5b00000,0x00000000e8400000)
  from space 3072K, 0% used [0x00000000e8400000,0x00000000e8400000,0x00000000e8700000)
  to   space 3072K, 0% used [0x00000000ea080000,0x00000000ea080000,0x00000000ea380000)
 ParOldGen       total 126464K, used 45704K [0x00000000b1000000, 0x00000000b8b80000, 0x00000000e5b00000)
  object space 126464K, 36% used [0x00000000b1000000,0x00000000b3ca2188,0x00000000b8b80000)
 Metaspace       used 16770K, capacity 17034K, committed 17280K, reserved 1064960K
  class space    used 1978K, capacity 2052K, committed 2176K, reserved 1048576K
}
Event: 51.130 GC heap before
{Heap before GC invocations=6 (full 2):
 PSYoungGen      total 45056K, used 41984K [0x00000000e5b00000, 0x00000000ea380000, 0x0000000100000000)
  eden space 41984K, 100% used [0x00000000e5b00000,0x00000000e8400000,0x00000000e8400000)
  from space 3072K, 0% used [0x00000000e8400000,0x00000000e8400000,0x00000000e8700000)
  to   space 3072K, 0% used [0x00000000ea080000,0x00000000ea080000,0x00000000ea380000)
 ParOldGen       total 126464K, used 45704K [0x00000000b1000000, 0x00000000b8b80000, 0x00000000e5b00000)
  object space 126464K, 36% used [0x00000000b1000000,0x00000000b3ca2188,0x00000000b8b80000)
 Metaspace       used 17656K, capacity 17872K, committed 18048K, reserved 1064960K
  class space    used 2039K, capacity 2117K, committed 2176K, reserved 1048576K
Event: 51.137 GC heap after
Heap after GC invocations=6 (full 2):
 PSYoungGen      total 71168K, used 1900K [0x00000000e5b00000, 0x00000000ea400000, 0x0000000100000000)
  eden space 68096K, 0% used [0x00000000e5b00000,0x00000000e5b00000,0x00000000e9d80000)
  from space 3072K, 61% used [0x00000000ea080000,0x00000000ea25b318,0x00000000ea380000)
  to   space 3072K, 0% used [0x00000000e9d80000,0x00000000e9d80000,0x00000000ea080000)
 ParOldGen       total 126464K, used 45712K [0x00000000b1000000, 0x00000000b8b80000, 0x00000000e5b00000)
  object space 126464K, 36% used [0x00000000b1000000,0x00000000b3ca4188,0x00000000b8b80000)
 Metaspace       used 17656K, capacity 17872K, committed 18048K, reserved 1064960K
  class space    used 2039K, capacity 2117K, committed 2176K, reserved 1048576K
}

Deoptimization events (7 events):
Event: 3.090 Thread 0x000000001761e800 Uncommon trap: reason=unstable_if action=reinterpret pc=0x0000000002649a18 method=sun.awt.image.ImageRepresentation.getOpaqueRGBImage()Ljava/awt/image/BufferedImage; @ 57
Event: 3.295 Thread 0x000000001761e800 Uncommon trap: reason=unstable_if action=reinterpret pc=0x0000000002657114 method=sun.awt.image.PNGFilterInputStream.read([BII)I @ 30
Event: 3.295 Thread 0x000000001761e800 Uncommon trap: reason=unstable_if action=reinterpret pc=0x0000000002652af0 method=sun.awt.image.ImageRepresentation.getOpaqueRGBImage()Ljava/awt/image/BufferedImage; @ 71
Event: 8.926 Thread 0x000000001740a800 Uncommon trap: reason=null_check action=make_not_entrant pc=0x0000000002783558 method=java.awt.Component.isLightweight()Z @ 4
Event: 10.527 Thread 0x000000001740a800 Uncommon trap: reason=unstable_if action=reinterpret pc=0x000000000282d474 method=com.sun.opengl.impl.mipmap.ScaleInternal.scale_internal_ubyte(IIILjava/nio/ByteBuffer;IILjava/nio/ByteBuffer;III)V @ 191
Event: 10.763 Thread 0x000000001740a800 Uncommon trap: reason=unstable_if action=reinterpret pc=0x0000000002835e54 method=com.sun.opengl.impl.mipmap.HalveImage.halveImage_ubyte(IIILjava/nio/ByteBuffer;Ljava/nio/ByteBuffer;III)V @ 76
Event: 15.909 Thread 0x000000001740a800 Uncommon trap: reason=unstable_if action=reinterpret pc=0x000000000289a764 method=com.sun.opengl.impl.mipmap.ScaleInternal.scale_internal_ubyte(IIILjava/nio/ByteBuffer;IILjava/nio/ByteBuffer;III)V @ 191

Classes redefined (0 events):
No events

Internal exceptions (10 events):
Event: 12.670 Thread 0x000000001740a800 Exception <a 'javax/media/opengl/GLException'> (0x00000000e62482f0) thrown at [C:\jenkins\workspace\8-2-build-windows-amd64-cygwin\jdk8u251\737\hotspot\src\share\vm\prims\jvm.cpp, line 1506]
Event: 13.037 Thread 0x000000001740a800 Exception <a 'javax/media/opengl/GLException'> (0x00000000e6251ee8) thrown at [C:\jenkins\workspace\8-2-build-windows-amd64-cygwin\jdk8u251\737\hotspot\src\share\vm\prims\jvm.cpp, line 1506]
Event: 13.695 Thread 0x000000001740a800 Exception <a 'javax/media/opengl/GLException'> (0x00000000e62617a8) thrown at [C:\jenkins\workspace\8-2-build-windows-amd64-cygwin\jdk8u251\737\hotspot\src\share\vm\prims\jvm.cpp, line 1506]
Event: 13.831 Thread 0x000000001740a800 Exception <a 'javax/media/opengl/GLException'> (0x00000000e6266168) thrown at [C:\jenkins\workspace\8-2-build-windows-amd64-cygwin\jdk8u251\737\hotspot\src\share\vm\prims\jvm.cpp, line 1506]
Event: 13.936 Thread 0x000000001740a800 Exception <a 'javax/media/opengl/GLException'> (0x00000000e6269020) thrown at [C:\jenkins\workspace\8-2-build-windows-amd64-cygwin\jdk8u251\737\hotspot\src\share\vm\prims\jvm.cpp, line 1506]
Event: 13.988 Thread 0x000000001740a800 Exception <a 'javax/media/opengl/GLException'> (0x00000000e626bb08) thrown at [C:\jenkins\workspace\8-2-build-windows-amd64-cygwin\jdk8u251\737\hotspot\src\share\vm\prims\jvm.cpp, line 1506]
Event: 14.095 Thread 0x000000001740a800 Exception <a 'javax/media/opengl/GLException'> (0x00000000e626e9c0) thrown at [C:\jenkins\workspace\8-2-build-windows-amd64-cygwin\jdk8u251\737\hotspot\src\share\vm\prims\jvm.cpp, line 1506]
Event: 14.152 Thread 0x000000001740a800 Exception <a 'javax/media/opengl/GLException'> (0x00000000e62714a8) thrown at [C:\jenkins\workspace\8-2-build-windows-amd64-cygwin\jdk8u251\737\hotspot\src\share\vm\prims\jvm.cpp, line 1506]
Event: 14.243 Thread 0x000000001740a800 Exception <a 'javax/media/opengl/GLException'> (0x00000000e6274450) thrown at [C:\jenkins\workspace\8-2-build-windows-amd64-cygwin\jdk8u251\737\hotspot\src\share\vm\prims\jvm.cpp, line 1506]
Event: 14.322 Thread 0x000000001740a800 Exception <a 'javax/media/opengl/GLException'> (0x00000000e6276f80) thrown at [C:\jenkins\workspace\8-2-build-windows-amd64-cygwin\jdk8u251\737\hotspot\src\share\vm\prims\jvm.cpp, line 1506]

Events (10 events):
Event: 71.748 Executing VM operation: RevokeBias
Event: 71.748 Executing VM operation: RevokeBias done
Event: 71.748 Executing VM operation: RevokeBias
Event: 71.749 Executing VM operation: RevokeBias done
Event: 71.749 Thread 0x0000000019437000 Thread exited: 0x0000000019437000
Event: 71.749 Thread 0x00000000198ce000 Thread exited: 0x00000000198ce000
Event: 71.749 Thread 0x000000001761d000 Thread exited: 0x000000001761d000
Event: 71.749 Thread 0x00000000198d1000 Thread exited: 0x00000000198d1000
Event: 71.749 Thread 0x000000001761e800 Thread exited: 0x000000001761e800
Event: 71.749 Thread 0x0000000019432800 Thread exited: 0x0000000019432800


Dynamic libraries:
0x00007ff7b1350000 - 0x00007ff7b1387000 	C:\Program Files\Java\jdk1.8.0_251\jre\bin\java.exe
0x00007ff9b74c0000 - 0x00007ff9b766d000 	C:\Windows\SYSTEM32\ntdll.dll
0x00007ff9b6ce0000 - 0x00007ff9b6e1f000 	C:\Windows\system32\KERNEL32.DLL
0x00007ff9a6950000 - 0x00007ff9a6963000 	C:\Program Files\AVAST Software\Avast\aswhook.dll
0x00007ff9b49a0000 - 0x00007ff9b4ab5000 	C:\Windows\system32\KERNELBASE.dll
0x00007ff9b31b0000 - 0x00007ff9b323e000 	C:\Windows\system32\apphelp.dll
0x00007ff9ace50000 - 0x00007ff9acea5000 	C:\Windows\AppPatch\AppPatch64\AcGenral.DLL
0x00007ff9b6c30000 - 0x00007ff9b6cda000 	C:\Windows\system32\msvcrt.dll
0x00007ff9b4ac0000 - 0x00007ff9b4aee000 	C:\Windows\system32\SspiCli.dll
0x00007ff9b4c20000 - 0x00007ff9b4c74000 	C:\Windows\system32\SHLWAPI.dll
0x00007ff9b7340000 - 0x00007ff9b74b7000 	C:\Windows\system32\USER32.dll
0x00007ff9b71a0000 - 0x00007ff9b7334000 	C:\Windows\system32\ole32.dll
0x00007ff9b54f0000 - 0x00007ff9b6a1a000 	C:\Windows\system32\SHELL32.dll
0x00007ff9b3bb0000 - 0x00007ff9b3bd1000 	C:\Windows\SYSTEM32\USERENV.dll
0x00007ff9b5440000 - 0x00007ff9b54ea000 	C:\Windows\system32\ADVAPI32.dll
0x00007ff9aea00000 - 0x00007ff9aea1e000 	C:\Windows\SYSTEM32\MPR.dll
0x00007ff9b52b0000 - 0x00007ff9b53f0000 	C:\Windows\system32\RPCRT4.dll
0x00007ff9b7130000 - 0x00007ff9b7189000 	C:\Windows\SYSTEM32\sechost.dll
0x00007ff9b6a20000 - 0x00007ff9b6c30000 	C:\Windows\SYSTEM32\combase.dll
0x00007ff9b4cf0000 - 0x00007ff9b4e3c000 	C:\Windows\system32\GDI32.dll
0x00007ff9b45f0000 - 0x00007ff9b4605000 	C:\Windows\SYSTEM32\profapi.dll
0x00007ff9b2be0000 - 0x00007ff9b2c92000 	C:\Windows\SYSTEM32\SHCORE.dll
0x00007ff9b5400000 - 0x00007ff9b5436000 	C:\Windows\system32\IMM32.DLL
0x00007ff9b4e40000 - 0x00007ff9b4f92000 	C:\Windows\system32\MSCTF.dll
0x00007ff9b2070000 - 0x00007ff9b22eb000 	C:\Windows\WinSxS\amd64_microsoft.windows.common-controls_6595b64144ccf1df_6.0.9600.19394_none_62486577ecb635cf\COMCTL32.dll
0x00000000535b0000 - 0x0000000053682000 	C:\Program Files\Java\jdk1.8.0_251\jre\bin\msvcr100.dll
0x0000000052b00000 - 0x00000000533ab000 	C:\Program Files\Java\jdk1.8.0_251\jre\bin\server\jvm.dll
0x00007ff9acff0000 - 0x00007ff9acff9000 	C:\Windows\SYSTEM32\WSOCK32.dll
0x00007ff9b1580000 - 0x00007ff9b15a2000 	C:\Windows\SYSTEM32\WINMM.dll
0x00007ff9ac0c0000 - 0x00007ff9ac0ca000 	C:\Windows\SYSTEM32\VERSION.dll
0x00007ff9b4c80000 - 0x00007ff9b4c87000 	C:\Windows\system32\PSAPI.DLL
0x00007ff9b4c90000 - 0x00007ff9b4cea000 	C:\Windows\system32\WS2_32.dll
0x00007ff9b1540000 - 0x00007ff9b156a000 	C:\Windows\SYSTEM32\WINMMBASE.dll
0x00007ff9b7190000 - 0x00007ff9b7199000 	C:\Windows\system32\NSI.dll
0x00007ff9b46c0000 - 0x00007ff9b470f000 	C:\Windows\SYSTEM32\cfgmgr32.dll
0x00007ff9b3410000 - 0x00007ff9b3438000 	C:\Windows\SYSTEM32\DEVOBJ.dll
0x00007ff9af290000 - 0x00007ff9af29f000 	C:\Program Files\Java\jdk1.8.0_251\jre\bin\verify.dll
0x00007ff9ae450000 - 0x00007ff9ae479000 	C:\Program Files\Java\jdk1.8.0_251\jre\bin\java.dll
0x00007ff9a9220000 - 0x00007ff9a9236000 	C:\Program Files\Java\jdk1.8.0_251\jre\bin\zip.dll
0x00007ff98c210000 - 0x00007ff98c3aa000 	C:\Program Files\Java\jdk1.8.0_251\jre\bin\awt.dll
0x00007ff9b5160000 - 0x00007ff9b5227000 	C:\Windows\system32\OLEAUT32.dll
0x00007ff9b27c0000 - 0x00007ff9b27e1000 	C:\Windows\system32\DWMAPI.DLL
0x00007ff9b3280000 - 0x00007ff9b33a9000 	C:\Windows\system32\uxtheme.dll
0x00007ff98c0e0000 - 0x00007ff98c20b000 	C:\Windows\system32\opengl32.dll
0x00007ff9a1240000 - 0x00007ff9a126e000 	C:\Windows\SYSTEM32\GLU32.dll
0x00007ff9a2280000 - 0x00007ff9a2378000 	C:\Windows\SYSTEM32\DDRAW.dll
0x00007ff9a6940000 - 0x00007ff9a6949000 	C:\Windows\SYSTEM32\DCIMAN32.dll
0x00007ff9b3400000 - 0x00007ff9b340b000 	C:\Windows\SYSTEM32\kernel.appcore.dll
0x00007ff9b44c0000 - 0x00007ff9b44cb000 	C:\Windows\SYSTEM32\CRYPTBASE.dll
0x00007ff9b4450000 - 0x00007ff9b44b3000 	C:\Windows\SYSTEM32\bcryptPrimitives.dll
0x00007ff99a290000 - 0x00007ff99a4b1000 	C:\Windows\system32\d3d9.dll
0x00007ff9b1210000 - 0x00007ff9b146f000 	C:\Windows\SYSTEM32\d3d10warp.dll
0x00007ff9a0f60000 - 0x00007ff9a0fa9000 	C:\Program Files\Java\jdk1.8.0_251\jre\bin\fontmanager.dll
0x0000000019120000 - 0x000000001917a000 	C:\Users\Alan\AppData\Roaming\NetBeans\8.2\jogl-runtime\jogl.jar-natives-windows-amd64\jogl.dll
0x0000000052a30000 - 0x0000000052af9000 	C:\Windows\WinSxS\amd64_microsoft.vc80.crt_1fc8b3b9a1e18e3b_8.0.50727.8428_none_88dcdb0b2fb19957\MSVCR80.dll
0x00007ff9a26f0000 - 0x00007ff9a2721000 	C:\Program Files\Java\jdk1.8.0_251\jre\bin\jpeg.dll
0x00007ff9a77d0000 - 0x00007ff9a77ea000 	C:\Program Files\Java\jdk1.8.0_251\jre\bin\net.dll
0x00007ff9b3e20000 - 0x00007ff9b3e79000 	C:\Windows\system32\mswsock.dll
0x00007ff9a1270000 - 0x00007ff9a1282000 	C:\Program Files\Java\jdk1.8.0_251\jre\bin\nio.dll
0x00007ff9a0f10000 - 0x00007ff9a0f52000 	C:\Program Files\Java\jdk1.8.0_251\jre\bin\t2k.dll
0x00007ff9b0d90000 - 0x00007ff9b0d9c000 	C:\Program Files\Java\jdk1.8.0_251\jre\bin\jsound.dll
0x00007ff9a9250000 - 0x00007ff9a925b000 	C:\Program Files\Java\jdk1.8.0_251\jre\bin\jsoundds.dll
0x00007ff9a1840000 - 0x00007ff9a18dd000 	C:\Windows\SYSTEM32\DSOUND.dll
0x00007ff9b4590000 - 0x00007ff9b45d6000 	C:\Windows\SYSTEM32\POWRPROF.dll
0x00007ff9b1eb0000 - 0x00007ff9b1f20000 	C:\Windows\SYSTEM32\MMDevAPI.DLL
0x00007ff99f820000 - 0x00007ff99f85e000 	C:\Windows\SYSTEM32\wdmaud.drv
0x00007ff9b0f10000 - 0x00007ff9b0f18000 	C:\Windows\SYSTEM32\ksuser.dll
0x00007ff9b1de0000 - 0x00007ff9b1dec000 	C:\Windows\SYSTEM32\AVRT.dll
0x00007ff9a80e0000 - 0x00007ff9a815e000 	C:\Windows\SYSTEM32\AUDIOSES.DLL
0x00007ff99f810000 - 0x00007ff99f81b000 	C:\Windows\SYSTEM32\msacm32.drv
0x00007ff99f7f0000 - 0x00007ff99f80c000 	C:\Windows\SYSTEM32\MSACM32.dll
0x00007ff99f7e0000 - 0x00007ff99f7ea000 	C:\Windows\SYSTEM32\midimap.dll
0x00007ff9b4b50000 - 0x00007ff9b4c06000 	C:\Windows\SYSTEM32\clbcatq.dll
0x00007ff9a9210000 - 0x00007ff9a9217000 	C:\Program Files\Java\jdk1.8.0_251\jre\bin\jawt.dll
0x000000001b760000 - 0x000000001b767000 	C:\Users\Alan\AppData\Roaming\NetBeans\8.2\jogl-runtime\jogl.jar-natives-windows-amd64\jogl_awt.dll
0x00007ff9a2380000 - 0x00007ff9a23be000 	C:\Program Files\Java\jdk1.8.0_251\jre\bin\lcms.dll
0x00007ff9ab8a0000 - 0x00007ff9aba29000 	C:\Windows\SYSTEM32\dbghelp.dll

VM Arguments:
jvm_args: -Dfile.encoding=Cp1252 -Djava.library.path=C:\Users\Alan\AppData\Roaming\NetBeans\8.2\jogl-runtime\jogl.jar-natives-windows-amd64;C:\Users\Alan\AppData\Roaming\NetBeans\8.2\gluegen-runtime\gluegen-rt.jar-natives-windows-amd64 
java_command: pantallas.Inicio
java_class_path (initial): C:\Users\Alan\AppData\Roaming\NetBeans\8.2\gluegen-runtime\gluegen-rt.jar;C:\Users\Alan\AppData\Roaming\NetBeans\8.2\jogl-runtime\jogl.jar;C:\Program Files\NetBeans 8.2\java\modules\ext\AbsoluteLayout.jar;C:\Users\Alan\Documents\GitHub\GraphicationGame\Actual\Poryecto con pantallas\JuegoV4\build\classes
Launcher Type: SUN_STANDARD

Environment Variables:
PATH=C:\Program Files (x86)\Common Files\Oracle\Java\javapath;C:\ProgramData\Oracle\Java\javapath;C:\Windows\system32;C:\Windows;C:\Windows\System32\Wbem;C:\Windows\System32\WindowsPowerShell\v1.0\;C:\Program Files (x86)\Microchip\MPLAB C32 Suite\bin;C:\PROGRA~2\PICC;C:\Program Files\Common Files\Autodesk Shared\;C:\Program Files\MySQL\MySQL Shell 8.0\bin\
USERNAME=Alan
OS=Windows_NT
PROCESSOR_IDENTIFIER=AMD64 Family 22 Model 48 Stepping 1, AuthenticAMD



---------------  S Y S T E M  ---------------

OS: Windows 8.1 , 64 bit Build 9600 (6.3.9600.19538)

CPU:total 4 (initial active 4) (4 cores per cpu, 1 threads per core) family 22 model 48 stepping 1, cmov, cx8, fxsr, mmx, sse, sse2, sse3, ssse3, sse4.1, sse4.2, popcnt, avx, aes, clmul, mmxext, 3dnowpref, lzcnt, sse4a, tsc, tscinvbit, tscinv, bmi1

Memory: 4k page, physical 5176816k(1085068k free), swap 12516848k(4656176k free)

vm_info: Java HotSpot(TM) 64-Bit Server VM (25.251-b08) for windows-amd64 JRE (1.8.0_251-b08), built on Mar 12 2020 06:31:49 by "" with MS VC++ 10.0 (VS2010)

time: Tue Jun 09 10:04:25 2020
timezone: Hora de verano central (México)
elapsed time: 72 seconds (0d 0h 1m 12s)

