#
# A fatal error has been detected by the Java Runtime Environment:
#
#  EXCEPTION_ACCESS_VIOLATION (0xc0000005) at pc=0x00007ff98c197693, pid=13908, tid=0x00000000000038b4
#
# JRE version: Java(TM) SE Runtime Environment (8.0_251-b08) (build 1.8.0_251-b08)
# Java VM: Java HotSpot(TM) 64-Bit Server VM (25.251-b08 mixed mode windows-amd64 compressed oops)
# Problematic frame:
# C  [opengl32.dll+0xb7693]
#
# Failed to write core dump. Minidumps are not enabled by default on client versions of Windows
#
# If you would like to submit a bug report, please visit:
#   http://bugreport.java.com/bugreport/crash.jsp
# The crash happened outside the Java Virtual Machine in native code.
# See problematic frame for where to report the bug.
#

---------------  T H R E A D  ---------------

Current thread (0x0000000017e08800):  JavaThread "AWT-EventQueue-0" [_thread_in_native, id=14516, stack(0x0000000019970000,0x0000000019a70000)]

siginfo: ExceptionCode=0xc0000005, reading address 0xfffffffe1dfd0b70

Registers:
RAX=0xffffffff80000000, RBX=0x000000001b37cb90, RCX=0x0000000000000000, RDX=0x000000001de74a88
RSP=0x0000000019a6d3a0, RBP=0x000000001de789d0, RSI=0x0000000000000000, RDI=0x000000001e9ec7f0
R8 =0x000000001dfd0b70, R9 =0x000000001de74a88, R10=0x000000001de74ae8, R11=0x000000001e9eaf10
R12=0xffffffffffffffec, R13=0xfffffffffffffff0, R14=0xfffffffffffffff4, R15=0xffffffffffffffe8
RIP=0x00007ff98c197693, EFLAGS=0x0000000000010a06

Top of Stack: (sp=0x0000000019a6d3a0)
0x0000000019a6d3a0:   4d0a6088427b5418 42eb9ed74c0a609a
0x0000000019a6d3b0:   427b5418432cc9d0 0000000041f4cccd
0x0000000019a6d3c0:   458a37eb3f713da2 0000000040f4cccd
0x0000000019a6d3d0:   000000001dfd0b70 0000000000000000
0x0000000019a6d3e0:   0000000000000000 0000000000000000
0x0000000019a6d3f0:   0000000000000000 0000000000000000
0x0000000019a6d400:   0000000000000000 0000000000000000
0x0000000019a6d410:   000000003f800000 0000000000000000
0x0000000019a6d420:   3fa999993d4ccccd 0000000000000000
0x0000000019a6d430:   000000003f800000 0000000000000000
0x0000000019a6d440:   0000000000000000 0000000000000000
0x0000000019a6d450:   000000003f800000 0000000000000000
0x0000000019a6d460:   40088121e0000000 0000000000000000
0x0000000019a6d470:   000000003c0f5c28 0000000000000000
0x0000000019a6d480:   000000001de78a98 000000001de789d0
0x0000000019a6d490:   000000001e9eaf10 000000001de749c0 

Instructions: (pc=0x00007ff98c197693)
0x00007ff98c197673:   04 f3 0f 11 1c 24 72 56 f3 0f 59 54 24 24 f3 41
0x00007ff98c197683:   0f 58 d7 f3 0f 2c c2 3d 00 01 00 00 7d 0a 48 98
0x00007ff98c197693:   f3 41 0f 10 14 80 eb 04 41 0f 28 d3 0f 28 c2 0f
0x00007ff98c1976a3:   28 ca f3 41 0f 59 d2 f3 41 0f 59 c0 f3 41 0f 59 


Register to memory mapping:

RAX=0xffffffff80000000 is an unknown value
RBX=0x000000001b37cb90 is an unknown value
RCX=0x0000000000000000 is an unknown value
RDX=0x000000001de74a88 is an unknown value
RSP=0x0000000019a6d3a0 is pointing into the stack for thread: 0x0000000017e08800
RBP=0x000000001de789d0 is an unknown value
RSI=0x0000000000000000 is an unknown value
RDI=0x000000001e9ec7f0 is an unknown value
R8 =0x000000001dfd0b70 is an unknown value
R9 =0x000000001de74a88 is an unknown value
R10=0x000000001de74ae8 is an unknown value
R11=0x000000001e9eaf10 is an unknown value
R12=0xffffffffffffffec is an unknown value
R13=0xfffffffffffffff0 is an unknown value
R14=0xfffffffffffffff4 is an unknown value
R15=0xffffffffffffffe8 is an unknown value


Stack: [0x0000000019970000,0x0000000019a70000],  sp=0x0000000019a6d3a0,  free space=1012k
Native frames: (J=compiled Java code, j=interpreted, Vv=VM code, C=native code)
C  [opengl32.dll+0xb7693]
C  [opengl32.dll+0xae775]
C  [opengl32.dll+0xe19e2]
C  [opengl32.dll+0xe1855]
C  [opengl32.dll+0x2df84]
C  [opengl32.dll+0x1a6a5]
C  [jogl.dll+0x22cd]
C  0x0000000003204335

Java frames: (J=compiled Java code, j=interpreted, Vv=VM code)
J 1348  com.sun.opengl.impl.GLImpl.glBegin0(I)V (0 bytes) @ 0x00000000032042bb [0x0000000003204280+0x3b]
J 1565 C2 com.sun.opengl.impl.GLUquadricImpl.drawDisk(Ljavax/media/opengl/GL;FFII)V (868 bytes) @ 0x00000000032df130 [0x00000000032deca0+0x490]
J 1611 C1 javax.media.opengl.glu.GLU.gluDisk(Ljavax/media/opengl/glu/GLUquadric;DDII)V (20 bytes) @ 0x0000000003308014 [0x0000000003307b60+0x4b4]
j  levels.DibujaB.palito(Ljavax/media/opengl/GL;Ljavax/media/opengl/glu/GLU;)V+113
j  levels.DibujaB.dibujaB(Ljavax/media/opengl/GL;)V+49
j  levels.levelFour.display(Ljavax/media/opengl/GLAutoDrawable;)V+1156
j  com.sun.opengl.impl.GLDrawableHelper.display(Ljavax/media/opengl/GLAutoDrawable;)V+29
j  javax.media.opengl.GLCanvas$DisplayAction.run()V+80
j  com.sun.opengl.impl.GLDrawableHelper.invokeGL(Ljavax/media/opengl/GLDrawable;Ljavax/media/opengl/GLContext;Ljava/lang/Runnable;Ljava/lang/Runnable;)V+418
j  javax.media.opengl.GLCanvas$DisplayOnEventDispatchThreadAction.run()V+35
J 1568 C1 java.awt.event.InvocationEvent.dispatch()V (69 bytes) @ 0x00000000032d6a4c [0x00000000032d6900+0x14c]
J 1591 C1 java.awt.EventQueue.dispatchEventImpl(Ljava/awt/AWTEvent;Ljava/lang/Object;)V (149 bytes) @ 0x00000000032ffb84 [0x00000000032fe0c0+0x1ac4]
J 1589 C1 java.awt.EventQueue$3.run()Ljava/lang/Void; (60 bytes) @ 0x00000000032e490c [0x00000000032e4700+0x20c]
J 1588 C1 java.awt.EventQueue$3.run()Ljava/lang/Object; (5 bytes) @ 0x00000000032e4fcc [0x00000000032e4f40+0x8c]
v  ~StubRoutines::call_stub
J 663  java.security.AccessController.doPrivileged(Ljava/security/PrivilegedAction;Ljava/security/AccessControlContext;)Ljava/lang/Object; (0 bytes) @ 0x000000000300e666 [0x000000000300e600+0x66]
J 1175 C1 java.awt.EventQueue.dispatchEvent(Ljava/awt/AWTEvent;)V (80 bytes) @ 0x0000000003170f04 [0x0000000003170580+0x984]
J 1351 C1 java.awt.EventDispatchThread.pumpOneEventForFilters(I)V (190 bytes) @ 0x0000000003206a8c [0x0000000003205940+0x114c]
j  java.awt.EventDispatchThread.pumpEventsForFilter(ILjava/awt/Conditional;Ljava/awt/EventFilter;)V+35
j  java.awt.EventDispatchThread.pumpEventsForHierarchy(ILjava/awt/Conditional;Ljava/awt/Component;)V+11
j  java.awt.EventDispatchThread.pumpEvents(ILjava/awt/Conditional;)V+4
j  java.awt.EventDispatchThread.pumpEvents(Ljava/awt/Conditional;)V+3
j  java.awt.EventDispatchThread.run()V+9
v  ~StubRoutines::call_stub

---------------  P R O C E S S  ---------------

Java Threads: ( => current thread )
  0x0000000019dc9800 JavaThread "Direct Clip" daemon [_thread_blocked, id=12292, stack(0x0000000023690000,0x0000000023790000)]
  0x0000000019dc3800 JavaThread "Direct Clip" daemon [_thread_blocked, id=8304, stack(0x0000000023590000,0x0000000023690000)]
  0x0000000019dc8000 JavaThread "Direct Clip" daemon [_thread_blocked, id=8396, stack(0x0000000023090000,0x0000000023190000)]
  0x0000000019dc4000 JavaThread "Direct Clip" daemon [_thread_blocked, id=8588, stack(0x0000000022f90000,0x0000000023090000)]
  0x0000000019dc7000 JavaThread "Direct Clip" daemon [_thread_blocked, id=4472, stack(0x0000000022e90000,0x0000000022f90000)]
  0x0000000019dc6800 JavaThread "Thread-12" [_thread_blocked, id=796, stack(0x000000001eb20000,0x000000001ec20000)]
  0x0000000019dc5800 JavaThread "Thread-11" [_thread_blocked, id=14252, stack(0x0000000022310000,0x0000000022410000)]
  0x0000000018133800 JavaThread "Direct Clip" daemon [_thread_blocked, id=8972, stack(0x0000000020fe0000,0x00000000210e0000)]
  0x000000001812f800 JavaThread "Direct Clip" daemon [_thread_blocked, id=15220, stack(0x0000000020c60000,0x0000000020d60000)]
  0x0000000018132800 JavaThread "Thread-8" [_thread_blocked, id=11980, stack(0x00000000203e0000,0x00000000204e0000)]
  0x0000000018132000 JavaThread "Thread-7" [_thread_blocked, id=1416, stack(0x00000000202e0000,0x00000000203e0000)]
  0x0000000018134000 JavaThread "Thread-6" [_thread_blocked, id=10688, stack(0x00000000201e0000,0x00000000202e0000)]
  0x000000001812d800 JavaThread "Thread-5" [_thread_blocked, id=7292, stack(0x00000000200e0000,0x00000000201e0000)]
  0x000000001812f000 JavaThread "Direct Clip" daemon [_thread_blocked, id=8244, stack(0x000000001adc0000,0x000000001aec0000)]
  0x000000001812e000 JavaThread "D3D Screen Updater" daemon [_thread_blocked, id=8632, stack(0x000000001d590000,0x000000001d690000)]
  0x0000000018131000 JavaThread "Direct Clip" daemon [_thread_blocked, id=11616, stack(0x000000001bd40000,0x000000001be40000)]
  0x0000000018130800 JavaThread "Java Sound Event Dispatcher" daemon [_thread_blocked, id=11972, stack(0x000000001b840000,0x000000001b940000)]
  0x0000000002a7d800 JavaThread "DestroyJavaVM" [_thread_blocked, id=7488, stack(0x0000000002b50000,0x0000000002c50000)]
=>0x0000000017e08800 JavaThread "AWT-EventQueue-0" [_thread_in_native, id=14516, stack(0x0000000019970000,0x0000000019a70000)]
  0x0000000017e9a000 JavaThread "AWT-Windows" daemon [_thread_in_native, id=4424, stack(0x0000000018860000,0x0000000018960000)]
  0x0000000017e97000 JavaThread "AWT-Shutdown" [_thread_blocked, id=7424, stack(0x0000000018760000,0x0000000018860000)]
  0x0000000017e96800 JavaThread "Java2D Disposer" daemon [_thread_blocked, id=12180, stack(0x0000000018660000,0x0000000018760000)]
  0x000000001767a800 JavaThread "Service Thread" daemon [_thread_blocked, id=3148, stack(0x0000000017a40000,0x0000000017b40000)]
  0x0000000015cf3000 JavaThread "C1 CompilerThread2" daemon [_thread_blocked, id=7384, stack(0x0000000017540000,0x0000000017640000)]
  0x0000000015ce1000 JavaThread "C2 CompilerThread1" daemon [_thread_blocked, id=9764, stack(0x0000000017440000,0x0000000017540000)]
  0x0000000015cdb800 JavaThread "C2 CompilerThread0" daemon [_thread_blocked, id=11548, stack(0x0000000017340000,0x0000000017440000)]
  0x0000000015cea000 JavaThread "Attach Listener" daemon [_thread_blocked, id=12412, stack(0x0000000017240000,0x0000000017340000)]
  0x0000000015ce9000 JavaThread "Signal Dispatcher" daemon [_thread_blocked, id=1524, stack(0x0000000017140000,0x0000000017240000)]
  0x0000000002d4d800 JavaThread "Finalizer" daemon [_thread_blocked, id=5752, stack(0x0000000016f40000,0x0000000017040000)]
  0x0000000015cca000 JavaThread "Reference Handler" daemon [_thread_blocked, id=13152, stack(0x0000000016e40000,0x0000000016f40000)]

Other Threads:
  0x0000000015ca6800 VMThread [stack: 0x0000000016d40000,0x0000000016e40000] [id=2184]
  0x000000001768b800 WatcherThread [stack: 0x0000000017c40000,0x0000000017d40000] [id=14452]

VM state:not at safepoint (normal execution)

VM Mutex/Monitor currently owned by a thread: None

heap address: 0x00000000b1000000, size: 1264 MB, Compressed Oops mode: 32-bit
Narrow klass base: 0x0000000000000000, Narrow klass shift: 3
Compressed class space size: 1073741824 Address: 0x0000000100000000

Heap:
 PSYoungGen      total 45056K, used 40881K [0x00000000e5b00000, 0x00000000ea200000, 0x0000000100000000)
  eden space 41984K, 97% used [0x00000000e5b00000,0x00000000e82ec510,0x00000000e8400000)
  from space 3072K, 0% used [0x00000000e8400000,0x00000000e8400000,0x00000000e8700000)
  to   space 3072K, 0% used [0x00000000e9f00000,0x00000000e9f00000,0x00000000ea200000)
 ParOldGen       total 125952K, used 43097K [0x00000000b1000000, 0x00000000b8b00000, 0x00000000e5b00000)
  object space 125952K, 34% used [0x00000000b1000000,0x00000000b3a167e0,0x00000000b8b00000)
 Metaspace       used 17623K, capacity 17868K, committed 18048K, reserved 1064960K
  class space    used 2040K, capacity 2117K, committed 2176K, reserved 1048576K

Card table byte_map: [0x0000000012110000,0x0000000012390000] byte_map_base: 0x0000000011b88000

Marking Bits: (ParMarkBitMap*) 0x000000005332af90
 Begin Bits: [0x0000000012940000, 0x0000000013d00000)
 End Bits:   [0x0000000013d00000, 0x00000000150c0000)

Polling page: 0x0000000002a00000

CodeCache: size=245760Kb used=6038Kb max_used=6143Kb free=239721Kb
 bounds [0x0000000002d50000, 0x0000000003380000, 0x0000000011d50000]
 total_blobs=2393 nmethods=1610 adapters=696
 compilation: enabled

Compilation events (10 events):
Event: 43.144 Thread 0x0000000015cf3000 1729       3       java.awt.Component::eventTypeEnabled (487 bytes)
Event: 43.146 Thread 0x0000000015cf3000 nmethod 1729 0x0000000002f46350 code [0x0000000002f46500, 0x0000000002f46f70]
Event: 43.146 Thread 0x0000000015cf3000 1730       3       sun.misc.FloatingDecimal$BinaryToASCIIBuffer::estimateDecExp (182 bytes)
Event: 43.147 Thread 0x0000000015cf3000 nmethod 1730 0x0000000002f794d0 code [0x0000000002f79680, 0x0000000002f79b70]
Event: 43.147 Thread 0x0000000015cf3000 1731       3       sun.awt.windows.WComponentPeer::handleEvent (173 bytes)
Event: 43.149 Thread 0x0000000015cf3000 nmethod 1731 0x0000000003060850 code [0x0000000003060a80, 0x0000000003061d68]
Event: 43.150 Thread 0x0000000015cf3000 1732       3       java.awt.KeyboardFocusManager::getDefaultFocusTraversalKeys (26 bytes)
Event: 43.150 Thread 0x0000000015cf3000 nmethod 1732 0x0000000002f78f90 code [0x0000000002f79100, 0x0000000002f793a8]
Event: 43.150 Thread 0x0000000015cf3000 1734       3       java.awt.AWTKeyStroke::getAWTKeyStroke (9 bytes)
Event: 43.151 Thread 0x0000000015cf3000 nmethod 1734 0x000000000313c3d0 code [0x000000000313c540, 0x000000000313c6c8]

GC Heap History (10 events):
Event: 2.610 GC heap before
{Heap before GC invocations=1 (full 0):
 PSYoungGen      total 24064K, used 20992K [0x00000000e5b00000, 0x00000000e7580000, 0x0000000100000000)
  eden space 20992K, 100% used [0x00000000e5b00000,0x00000000e6f80000,0x00000000e6f80000)
  from space 3072K, 0% used [0x00000000e7280000,0x00000000e7280000,0x00000000e7580000)
  to   space 3072K, 0% used [0x00000000e6f80000,0x00000000e6f80000,0x00000000e7280000)
 ParOldGen       total 54784K, used 0K [0x00000000b1000000, 0x00000000b4580000, 0x00000000e5b00000)
  object space 54784K, 0% used [0x00000000b1000000,0x00000000b1000000,0x00000000b4580000)
 Metaspace       used 13510K, capacity 13752K, committed 13952K, reserved 1060864K
  class space    used 1530K, capacity 1629K, committed 1664K, reserved 1048576K
Event: 2.664 GC heap after
Heap after GC invocations=1 (full 0):
 PSYoungGen      total 24064K, used 3047K [0x00000000e5b00000, 0x00000000e8a00000, 0x0000000100000000)
  eden space 20992K, 0% used [0x00000000e5b00000,0x00000000e5b00000,0x00000000e6f80000)
  from space 3072K, 99% used [0x00000000e6f80000,0x00000000e7279dd0,0x00000000e7280000)
  to   space 3072K, 0% used [0x00000000e8700000,0x00000000e8700000,0x00000000e8a00000)
 ParOldGen       total 54784K, used 24431K [0x00000000b1000000, 0x00000000b4580000, 0x00000000e5b00000)
  object space 54784K, 44% used [0x00000000b1000000,0x00000000b27dbf50,0x00000000b4580000)
 Metaspace       used 13510K, capacity 13752K, committed 13952K, reserved 1060864K
  class space    used 1530K, capacity 1629K, committed 1664K, reserved 1048576K
}
Event: 3.365 GC heap before
{Heap before GC invocations=2 (full 0):
 PSYoungGen      total 24064K, used 24039K [0x00000000e5b00000, 0x00000000e8a00000, 0x0000000100000000)
  eden space 20992K, 100% used [0x00000000e5b00000,0x00000000e6f80000,0x00000000e6f80000)
  from space 3072K, 99% used [0x00000000e6f80000,0x00000000e7279dd0,0x00000000e7280000)
  to   space 3072K, 0% used [0x00000000e8700000,0x00000000e8700000,0x00000000e8a00000)
 ParOldGen       total 54784K, used 24431K [0x00000000b1000000, 0x00000000b4580000, 0x00000000e5b00000)
  object space 54784K, 44% used [0x00000000b1000000,0x00000000b27dbf50,0x00000000b4580000)
 Metaspace       used 13556K, capacity 13824K, committed 13952K, reserved 1060864K
  class space    used 1532K, capacity 1629K, committed 1664K, reserved 1048576K
Event: 3.413 GC heap after
Heap after GC invocations=2 (full 0):
 PSYoungGen      total 45056K, used 2736K [0x00000000e5b00000, 0x00000000e8a00000, 0x0000000100000000)
  eden space 41984K, 0% used [0x00000000e5b00000,0x00000000e5b00000,0x00000000e8400000)
  from space 3072K, 89% used [0x00000000e8700000,0x00000000e89ac010,0x00000000e8a00000)
  to   space 3072K, 0% used [0x00000000e8400000,0x00000000e8400000,0x00000000e8700000)
 ParOldGen       total 54784K, used 40639K [0x00000000b1000000, 0x00000000b4580000, 0x00000000e5b00000)
  object space 54784K, 74% used [0x00000000b1000000,0x00000000b37aff70,0x00000000b4580000)
 Metaspace       used 13556K, capacity 13824K, committed 13952K, reserved 1060864K
  class space    used 1532K, capacity 1629K, committed 1664K, reserved 1048576K
}
Event: 3.413 GC heap before
{Heap before GC invocations=3 (full 1):
 PSYoungGen      total 45056K, used 2736K [0x00000000e5b00000, 0x00000000e8a00000, 0x0000000100000000)
  eden space 41984K, 0% used [0x00000000e5b00000,0x00000000e5b00000,0x00000000e8400000)
  from space 3072K, 89% used [0x00000000e8700000,0x00000000e89ac010,0x00000000e8a00000)
  to   space 3072K, 0% used [0x00000000e8400000,0x00000000e8400000,0x00000000e8700000)
 ParOldGen       total 54784K, used 40639K [0x00000000b1000000, 0x00000000b4580000, 0x00000000e5b00000)
  object space 54784K, 74% used [0x00000000b1000000,0x00000000b37aff70,0x00000000b4580000)
 Metaspace       used 13556K, capacity 13824K, committed 13952K, reserved 1060864K
  class space    used 1532K, capacity 1629K, committed 1664K, reserved 1048576K
Event: 3.485 GC heap after
Heap after GC invocations=3 (full 1):
 PSYoungGen      total 45056K, used 0K [0x00000000e5b00000, 0x00000000e8a00000, 0x0000000100000000)
  eden space 41984K, 0% used [0x00000000e5b00000,0x00000000e5b00000,0x00000000e8400000)
  from space 3072K, 0% used [0x00000000e8700000,0x00000000e8700000,0x00000000e8a00000)
  to   space 3072K, 0% used [0x00000000e8400000,0x00000000e8400000,0x00000000e8700000)
 ParOldGen       total 73728K, used 18923K [0x00000000b1000000, 0x00000000b5800000, 0x00000000e5b00000)
  object space 73728K, 25% used [0x00000000b1000000,0x00000000b227acd0,0x00000000b5800000)
 Metaspace       used 13556K, capacity 13824K, committed 13952K, reserved 1060864K
  class space    used 1532K, capacity 1629K, committed 1664K, reserved 1048576K
}
Event: 15.098 GC heap before
{Heap before GC invocations=4 (full 1):
 PSYoungGen      total 45056K, used 41898K [0x00000000e5b00000, 0x00000000e8a00000, 0x0000000100000000)
  eden space 41984K, 99% used [0x00000000e5b00000,0x00000000e83ea868,0x00000000e8400000)
  from space 3072K, 0% used [0x00000000e8700000,0x00000000e8700000,0x00000000e8a00000)
  to   space 3072K, 0% used [0x00000000e8400000,0x00000000e8400000,0x00000000e8700000)
 ParOldGen       total 73728K, used 18923K [0x00000000b1000000, 0x00000000b5800000, 0x00000000e5b00000)
  object space 73728K, 25% used [0x00000000b1000000,0x00000000b227acd0,0x00000000b5800000)
 Metaspace       used 17022K, capacity 17286K, committed 17536K, reserved 1064960K
  class space    used 1990K, capacity 2052K, committed 2176K, reserved 1048576K
Event: 15.136 GC heap after
Heap after GC invocations=4 (full 1):
 PSYoungGen      total 45056K, used 3055K [0x00000000e5b00000, 0x00000000ea200000, 0x0000000100000000)
  eden space 41984K, 0% used [0x00000000e5b00000,0x00000000e5b00000,0x00000000e8400000)
  from space 3072K, 99% used [0x00000000e8400000,0x00000000e86fbca0,0x00000000e8700000)
  to   space 3072K, 0% used [0x00000000e9f00000,0x00000000e9f00000,0x00000000ea200000)
 ParOldGen       total 73728K, used 60636K [0x00000000b1000000, 0x00000000b5800000, 0x00000000e5b00000)
  object space 73728K, 82% used [0x00000000b1000000,0x00000000b4b37258,0x00000000b5800000)
 Metaspace       used 17022K, capacity 17286K, committed 17536K, reserved 1064960K
  class space    used 1990K, capacity 2052K, committed 2176K, reserved 1048576K
}
Event: 15.136 GC heap before
{Heap before GC invocations=5 (full 2):
 PSYoungGen      total 45056K, used 3055K [0x00000000e5b00000, 0x00000000ea200000, 0x0000000100000000)
  eden space 41984K, 0% used [0x00000000e5b00000,0x00000000e5b00000,0x00000000e8400000)
  from space 3072K, 99% used [0x00000000e8400000,0x00000000e86fbca0,0x00000000e8700000)
  to   space 3072K, 0% used [0x00000000e9f00000,0x00000000e9f00000,0x00000000ea200000)
 ParOldGen       total 73728K, used 60636K [0x00000000b1000000, 0x00000000b5800000, 0x00000000e5b00000)
  object space 73728K, 82% used [0x00000000b1000000,0x00000000b4b37258,0x00000000b5800000)
 Metaspace       used 17022K, capacity 17286K, committed 17536K, reserved 1064960K
  class space    used 1990K, capacity 2052K, committed 2176K, reserved 1048576K
Event: 15.191 GC heap after
Heap after GC invocations=5 (full 2):
 PSYoungGen      total 45056K, used 0K [0x00000000e5b00000, 0x00000000ea200000, 0x0000000100000000)
  eden space 41984K, 0% used [0x00000000e5b00000,0x00000000e5b00000,0x00000000e8400000)
  from space 3072K, 0% used [0x00000000e8400000,0x00000000e8400000,0x00000000e8700000)
  to   space 3072K, 0% used [0x00000000e9f00000,0x00000000e9f00000,0x00000000ea200000)
 ParOldGen       total 125952K, used 43097K [0x00000000b1000000, 0x00000000b8b00000, 0x00000000e5b00000)
  object space 125952K, 34% used [0x00000000b1000000,0x00000000b3a167e0,0x00000000b8b00000)
 Metaspace       used 17022K, capacity 17286K, committed 17536K, reserved 1064960K
  class space    used 1990K, capacity 2052K, committed 2176K, reserved 1048576K
}

Deoptimization events (4 events):
Event: 3.163 Thread 0x000000001812f800 Uncommon trap: reason=unstable_if action=reinterpret pc=0x0000000003023e58 method=sun.awt.image.ImageRepresentation.getOpaqueRGBImage()Ljava/awt/image/BufferedImage; @ 57
Event: 3.556 Thread 0x000000001812f800 Uncommon trap: reason=unstable_if action=reinterpret pc=0x000000000302ce14 method=sun.awt.image.PNGFilterInputStream.read([BII)I @ 30
Event: 4.773 Thread 0x0000000017e08800 Uncommon trap: reason=unstable_if action=reinterpret pc=0x00000000030b1ef0 method=java.io.WinNTFileSystem.normalize(Ljava/lang/String;)Ljava/lang/String; @ 40
Event: 15.505 Thread 0x0000000017e08800 Uncommon trap: reason=unstable_if action=reinterpret pc=0x0000000003217870 method=com.sun.opengl.impl.mipmap.ScaleInternal.scale_internal_ubyte(IIILjava/nio/ByteBuffer;IILjava/nio/ByteBuffer;III)V @ 286

Classes redefined (0 events):
No events

Internal exceptions (10 events):
Event: 1.437 Thread 0x0000000002a7d800 Exception <a 'java/lang/ClassNotFoundException': javax/swing/JTreeCell> (0x00000000e61eacd8) thrown at [C:\jenkins\workspace\8-2-build-windows-amd64-cygwin\jdk8u251\737\hotspot\src\share\vm\classfile\systemDictionary.cpp, line 210]
Event: 1.437 Thread 0x0000000002a7d800 Exception <a 'java/lang/ClassNotFoundException': TreeCell> (0x00000000e61eb160) thrown at [C:\jenkins\workspace\8-2-build-windows-amd64-cygwin\jdk8u251\737\hotspot\src\share\vm\classfile\systemDictionary.cpp, line 210]
Event: 1.438 Thread 0x0000000002a7d800 Exception <a 'java/lang/ClassNotFoundException': RootPane> (0x00000000e61eb9d8) thrown at [C:\jenkins\workspace\8-2-build-windows-amd64-cygwin\jdk8u251\737\hotspot\src\share\vm\classfile\systemDictionary.cpp, line 210]
Event: 16.268 Thread 0x0000000017e08800 Exception <a 'javax/media/opengl/GLException'> (0x00000000e6221750) thrown at [C:\jenkins\workspace\8-2-build-windows-amd64-cygwin\jdk8u251\737\hotspot\src\share\vm\prims\jvm.cpp, line 1506]
Event: 16.269 Thread 0x0000000017e08800 Exception <a 'javax/media/opengl/GLException'> (0x00000000e62229d8) thrown at [C:\jenkins\workspace\8-2-build-windows-amd64-cygwin\jdk8u251\737\hotspot\src\share\vm\prims\jvm.cpp, line 1506]
Event: 16.595 Thread 0x0000000017e08800 Exception <a 'javax/media/opengl/GLException'> (0x00000000e622b028) thrown at [C:\jenkins\workspace\8-2-build-windows-amd64-cygwin\jdk8u251\737\hotspot\src\share\vm\prims\jvm.cpp, line 1506]
Event: 16.609 Thread 0x0000000017e08800 Exception <a 'javax/media/opengl/GLException'> (0x00000000e622ce58) thrown at [C:\jenkins\workspace\8-2-build-windows-amd64-cygwin\jdk8u251\737\hotspot\src\share\vm\prims\jvm.cpp, line 1506]
Event: 17.841 Thread 0x0000000017e08800 Exception <a 'javax/media/opengl/GLException'> (0x00000000e6301878) thrown at [C:\jenkins\workspace\8-2-build-windows-amd64-cygwin\jdk8u251\737\hotspot\src\share\vm\prims\jvm.cpp, line 1506]
Event: 18.166 Thread 0x0000000017e08800 Exception <a 'javax/media/opengl/GLException'> (0x00000000e630ad28) thrown at [C:\jenkins\workspace\8-2-build-windows-amd64-cygwin\jdk8u251\737\hotspot\src\share\vm\prims\jvm.cpp, line 1506]
Event: 18.572 Thread 0x0000000017e08800 Exception <a 'javax/media/opengl/GLException'> (0x00000000e63149a0) thrown at [C:\jenkins\workspace\8-2-build-windows-amd64-cygwin\jdk8u251\737\hotspot\src\share\vm\prims\jvm.cpp, line 1506]

Events (10 events):
Event: 42.490 Thread 0x0000000019dc5000 Thread exited: 0x0000000019dc5000
Event: 42.749 Thread 0x0000000015cf3000 flushing nmethod 0x0000000002e5c510
Event: 42.763 Thread 0x0000000015cf3000 flushing nmethod 0x0000000002f43a10
Event: 42.763 Thread 0x0000000015cf3000 flushing nmethod 0x0000000002f4f050
Event: 42.764 Thread 0x0000000015cf3000 flushing nmethod 0x0000000002fd8350
Event: 42.765 Thread 0x0000000015cf3000 flushing nmethod 0x0000000003026010
Event: 43.122 Thread 0x0000000015cf3000 flushing nmethod 0x0000000003047cd0
Event: 43.146 Thread 0x0000000015cf3000 flushing nmethod 0x00000000030c0d90
Event: 43.147 Thread 0x0000000015cf3000 flushing nmethod 0x00000000031399d0
Event: 43.147 Thread 0x0000000015cf3000 flushing nmethod 0x000000000313bd50


Dynamic libraries:
0x00007ff7caf50000 - 0x00007ff7caf87000 	C:\Program Files\Java\jdk1.8.0_251\jre\bin\java.exe
0x00007ff9b74c0000 - 0x00007ff9b766d000 	C:\Windows\SYSTEM32\ntdll.dll
0x00007ff9b6ce0000 - 0x00007ff9b6e1f000 	C:\Windows\system32\KERNEL32.DLL
0x00007ff9a6950000 - 0x00007ff9a6963000 	C:\Program Files\AVAST Software\Avast\aswhook.dll
0x00007ff9b49a0000 - 0x00007ff9b4ab5000 	C:\Windows\system32\KERNELBASE.dll
0x00007ff9b31b0000 - 0x00007ff9b323e000 	C:\Windows\system32\apphelp.dll
0x00007ff9ace50000 - 0x00007ff9acea5000 	C:\Windows\AppPatch\AppPatch64\AcGenral.DLL
0x00007ff9b6c30000 - 0x00007ff9b6cda000 	C:\Windows\system32\msvcrt.dll
0x00007ff9b4ac0000 - 0x00007ff9b4aee000 	C:\Windows\system32\SspiCli.dll
0x00007ff9b4c20000 - 0x00007ff9b4c74000 	C:\Windows\system32\SHLWAPI.dll
0x00007ff9b7340000 - 0x00007ff9b74b7000 	C:\Windows\system32\USER32.dll
0x00007ff9b71a0000 - 0x00007ff9b7334000 	C:\Windows\system32\ole32.dll
0x00007ff9b54f0000 - 0x00007ff9b6a1a000 	C:\Windows\system32\SHELL32.dll
0x00007ff9b3bb0000 - 0x00007ff9b3bd1000 	C:\Windows\SYSTEM32\USERENV.dll
0x00007ff9b5440000 - 0x00007ff9b54ea000 	C:\Windows\system32\ADVAPI32.dll
0x00007ff9aea00000 - 0x00007ff9aea1e000 	C:\Windows\SYSTEM32\MPR.dll
0x00007ff9b52b0000 - 0x00007ff9b53f0000 	C:\Windows\system32\RPCRT4.dll
0x00007ff9b7130000 - 0x00007ff9b7189000 	C:\Windows\SYSTEM32\sechost.dll
0x00007ff9b6a20000 - 0x00007ff9b6c30000 	C:\Windows\SYSTEM32\combase.dll
0x00007ff9b4cf0000 - 0x00007ff9b4e3c000 	C:\Windows\system32\GDI32.dll
0x00007ff9b45f0000 - 0x00007ff9b4605000 	C:\Windows\SYSTEM32\profapi.dll
0x00007ff9b2be0000 - 0x00007ff9b2c92000 	C:\Windows\SYSTEM32\SHCORE.dll
0x00007ff9b5400000 - 0x00007ff9b5436000 	C:\Windows\system32\IMM32.DLL
0x00007ff9b4e40000 - 0x00007ff9b4f92000 	C:\Windows\system32\MSCTF.dll
0x00007ff9b2070000 - 0x00007ff9b22eb000 	C:\Windows\WinSxS\amd64_microsoft.windows.common-controls_6595b64144ccf1df_6.0.9600.19394_none_62486577ecb635cf\COMCTL32.dll
0x00000000535b0000 - 0x0000000053682000 	C:\Program Files\Java\jdk1.8.0_251\jre\bin\msvcr100.dll
0x0000000052b00000 - 0x00000000533ab000 	C:\Program Files\Java\jdk1.8.0_251\jre\bin\server\jvm.dll
0x00007ff9acff0000 - 0x00007ff9acff9000 	C:\Windows\SYSTEM32\WSOCK32.dll
0x00007ff9b1580000 - 0x00007ff9b15a2000 	C:\Windows\SYSTEM32\WINMM.dll
0x00007ff9ac0c0000 - 0x00007ff9ac0ca000 	C:\Windows\SYSTEM32\VERSION.dll
0x00007ff9b4c80000 - 0x00007ff9b4c87000 	C:\Windows\system32\PSAPI.DLL
0x00007ff9b4c90000 - 0x00007ff9b4cea000 	C:\Windows\system32\WS2_32.dll
0x00007ff9b1540000 - 0x00007ff9b156a000 	C:\Windows\SYSTEM32\WINMMBASE.dll
0x00007ff9b7190000 - 0x00007ff9b7199000 	C:\Windows\system32\NSI.dll
0x00007ff9b46c0000 - 0x00007ff9b470f000 	C:\Windows\SYSTEM32\cfgmgr32.dll
0x00007ff9b3410000 - 0x00007ff9b3438000 	C:\Windows\SYSTEM32\DEVOBJ.dll
0x00007ff9af290000 - 0x00007ff9af29f000 	C:\Program Files\Java\jdk1.8.0_251\jre\bin\verify.dll
0x00007ff9ae450000 - 0x00007ff9ae479000 	C:\Program Files\Java\jdk1.8.0_251\jre\bin\java.dll
0x00007ff9a9220000 - 0x00007ff9a9236000 	C:\Program Files\Java\jdk1.8.0_251\jre\bin\zip.dll
0x00007ff98c210000 - 0x00007ff98c3aa000 	C:\Program Files\Java\jdk1.8.0_251\jre\bin\awt.dll
0x00007ff9b5160000 - 0x00007ff9b5227000 	C:\Windows\system32\OLEAUT32.dll
0x00007ff9b27c0000 - 0x00007ff9b27e1000 	C:\Windows\system32\DWMAPI.DLL
0x00007ff9b3280000 - 0x00007ff9b33a9000 	C:\Windows\system32\uxtheme.dll
0x00007ff98c0e0000 - 0x00007ff98c20b000 	C:\Windows\system32\opengl32.dll
0x00007ff9a1240000 - 0x00007ff9a126e000 	C:\Windows\SYSTEM32\GLU32.dll
0x00007ff9a2280000 - 0x00007ff9a2378000 	C:\Windows\SYSTEM32\DDRAW.dll
0x00007ff9a6940000 - 0x00007ff9a6949000 	C:\Windows\SYSTEM32\DCIMAN32.dll
0x00007ff9b3400000 - 0x00007ff9b340b000 	C:\Windows\SYSTEM32\kernel.appcore.dll
0x00007ff9b44c0000 - 0x00007ff9b44cb000 	C:\Windows\SYSTEM32\CRYPTBASE.dll
0x00007ff9b4450000 - 0x00007ff9b44b3000 	C:\Windows\SYSTEM32\bcryptPrimitives.dll
0x00007ff99a290000 - 0x00007ff99a4b1000 	C:\Windows\system32\d3d9.dll
0x00007ff9b1210000 - 0x00007ff9b146f000 	C:\Windows\SYSTEM32\d3d10warp.dll
0x00007ff9a0f60000 - 0x00007ff9a0fa9000 	C:\Program Files\Java\jdk1.8.0_251\jre\bin\fontmanager.dll
0x0000000019a70000 - 0x0000000019aca000 	C:\Users\Alan\AppData\Roaming\NetBeans\8.2\jogl-runtime\jogl.jar-natives-windows-amd64\jogl.dll
0x0000000052a30000 - 0x0000000052af9000 	C:\Windows\WinSxS\amd64_microsoft.vc80.crt_1fc8b3b9a1e18e3b_8.0.50727.8428_none_88dcdb0b2fb19957\MSVCR80.dll
0x00007ff9a26a0000 - 0x00007ff9a26d1000 	C:\Program Files\Java\jdk1.8.0_251\jre\bin\jpeg.dll
0x00007ff9a77d0000 - 0x00007ff9a77ea000 	C:\Program Files\Java\jdk1.8.0_251\jre\bin\net.dll
0x00007ff9b3e20000 - 0x00007ff9b3e79000 	C:\Windows\system32\mswsock.dll
0x00007ff9a1270000 - 0x00007ff9a1282000 	C:\Program Files\Java\jdk1.8.0_251\jre\bin\nio.dll
0x00007ff9a0f10000 - 0x00007ff9a0f52000 	C:\Program Files\Java\jdk1.8.0_251\jre\bin\t2k.dll
0x00007ff9ae8e0000 - 0x00007ff9ae8ec000 	C:\Program Files\Java\jdk1.8.0_251\jre\bin\jsound.dll
0x00007ff9a9250000 - 0x00007ff9a925b000 	C:\Program Files\Java\jdk1.8.0_251\jre\bin\jsoundds.dll
0x00007ff9a1af0000 - 0x00007ff9a1b8d000 	C:\Windows\SYSTEM32\DSOUND.dll
0x00007ff9b4590000 - 0x00007ff9b45d6000 	C:\Windows\SYSTEM32\POWRPROF.dll
0x00007ff9b1eb0000 - 0x00007ff9b1f20000 	C:\Windows\SYSTEM32\MMDevAPI.DLL
0x00007ff99f820000 - 0x00007ff99f85e000 	C:\Windows\SYSTEM32\wdmaud.drv
0x00007ff9b0f10000 - 0x00007ff9b0f18000 	C:\Windows\SYSTEM32\ksuser.dll
0x00007ff9b1de0000 - 0x00007ff9b1dec000 	C:\Windows\SYSTEM32\AVRT.dll
0x00007ff9a80e0000 - 0x00007ff9a815e000 	C:\Windows\SYSTEM32\AUDIOSES.DLL
0x00007ff99f810000 - 0x00007ff99f81b000 	C:\Windows\SYSTEM32\msacm32.drv
0x00007ff99f7f0000 - 0x00007ff99f80c000 	C:\Windows\SYSTEM32\MSACM32.dll
0x00007ff99f7e0000 - 0x00007ff99f7ea000 	C:\Windows\SYSTEM32\midimap.dll
0x00007ff9b4b50000 - 0x00007ff9b4c06000 	C:\Windows\SYSTEM32\clbcatq.dll
0x00007ff9a9210000 - 0x00007ff9a9217000 	C:\Program Files\Java\jdk1.8.0_251\jre\bin\jawt.dll
0x000000001acc0000 - 0x000000001acc7000 	C:\Users\Alan\AppData\Roaming\NetBeans\8.2\jogl-runtime\jogl.jar-natives-windows-amd64\jogl_awt.dll
0x00007ff9a2380000 - 0x00007ff9a23be000 	C:\Program Files\Java\jdk1.8.0_251\jre\bin\lcms.dll
0x00007ff9ab8a0000 - 0x00007ff9aba29000 	C:\Windows\SYSTEM32\dbghelp.dll

VM Arguments:
jvm_args: -Dfile.encoding=Cp1252 -Djava.library.path=C:\Users\Alan\AppData\Roaming\NetBeans\8.2\jogl-runtime\jogl.jar-natives-windows-amd64;C:\Users\Alan\AppData\Roaming\NetBeans\8.2\gluegen-runtime\gluegen-rt.jar-natives-windows-amd64 
java_command: pantallas.Inicio
java_class_path (initial): C:\Users\Alan\AppData\Roaming\NetBeans\8.2\gluegen-runtime\gluegen-rt.jar;C:\Users\Alan\AppData\Roaming\NetBeans\8.2\jogl-runtime\jogl.jar;C:\Program Files\NetBeans 8.2\java\modules\ext\AbsoluteLayout.jar;C:\Users\Alan\Documents\GitHub\GraphicationGame\Actual\Poryecto con pantallas\JuegoV4\build\classes
Launcher Type: SUN_STANDARD

Environment Variables:
PATH=C:\Program Files (x86)\Common Files\Oracle\Java\javapath;C:\ProgramData\Oracle\Java\javapath;C:\Windows\system32;C:\Windows;C:\Windows\System32\Wbem;C:\Windows\System32\WindowsPowerShell\v1.0\;C:\Program Files (x86)\Microchip\MPLAB C32 Suite\bin;C:\PROGRA~2\PICC;C:\Program Files\Common Files\Autodesk Shared\;C:\Program Files\MySQL\MySQL Shell 8.0\bin\
USERNAME=Alan
OS=Windows_NT
PROCESSOR_IDENTIFIER=AMD64 Family 22 Model 48 Stepping 1, AuthenticAMD



---------------  S Y S T E M  ---------------

OS: Windows 8.1 , 64 bit Build 9600 (6.3.9600.19538)

CPU:total 4 (initial active 4) (4 cores per cpu, 1 threads per core) family 22 model 48 stepping 1, cmov, cx8, fxsr, mmx, sse, sse2, sse3, ssse3, sse4.1, sse4.2, popcnt, avx, aes, clmul, mmxext, 3dnowpref, lzcnt, sse4a, tsc, tscinvbit, tscinv, bmi1

Memory: 4k page, physical 5176816k(956480k free), swap 12516848k(4637600k free)

vm_info: Java HotSpot(TM) 64-Bit Server VM (25.251-b08) for windows-amd64 JRE (1.8.0_251-b08), built on Mar 12 2020 06:31:49 by "" with MS VC++ 10.0 (VS2010)

time: Tue Jun 09 01:57:47 2020
timezone: Hora de verano central (México)
elapsed time: 43 seconds (0d 0h 0m 43s)

