#
# A fatal error has been detected by the Java Runtime Environment:
#
#  EXCEPTION_ACCESS_VIOLATION (0xc0000005) at pc=0x00007ff98c197693, pid=14944, tid=0x000000000000170c
#
# JRE version: Java(TM) SE Runtime Environment (8.0_251-b08) (build 1.8.0_251-b08)
# Java VM: Java HotSpot(TM) 64-Bit Server VM (25.251-b08 mixed mode windows-amd64 compressed oops)
# Problematic frame:
# C  [opengl32.dll+0xb7693]
#
# Failed to write core dump. Minidumps are not enabled by default on client versions of Windows
#
# If you would like to submit a bug report, please visit:
#   http://bugreport.java.com/bugreport/crash.jsp
# The crash happened outside the Java Virtual Machine in native code.
# See problematic frame for where to report the bug.
#

---------------  T H R E A D  ---------------

Current thread (0x0000000017d22800):  JavaThread "AWT-EventQueue-0" [_thread_in_native, id=5900, stack(0x0000000019940000,0x0000000019a40000)]

siginfo: ExceptionCode=0xc0000005, reading address 0xfffffffe1b681530

Registers:
RAX=0xffffffff80000000, RBX=0x000000001b68e8f0, RCX=0x0000000000000000, RDX=0x000000001e9a1928
RSP=0x0000000019a3dac0, RBP=0x000000001e9a5870, RSI=0x0000000000000000, RDI=0x000000001e334b60
R8 =0x000000001b681530, R9 =0x000000001e9a1928, R10=0x000000001e9a1988, R11=0x000000001e333280
R12=0xffffffffffffffec, R13=0xfffffffffffffff0, R14=0xfffffffffffffff4, R15=0xffffffffffffffe8
RIP=0x00007ff98c197693, EFLAGS=0x0000000000010a06

Top of Stack: (sp=0x0000000019a3dac0)
0x0000000019a3dac0:   4d0a6088427b5422 42eb9ee04c0a609a
0x0000000019a3dad0:   427b5422432cc9d7 0000000041f4cccd
0x0000000019a3dae0:   458a37eb3f713da2 0000000040f4cccd
0x0000000019a3daf0:   000000001b681530 00007ff98c1aba0c
0x0000000019a3db00:   0000000000000000 0000000000000000
0x0000000019a3db10:   0000000000000000 0000000000000000
0x0000000019a3db20:   0000000000000000 0000000000000000
0x0000000019a3db30:   000000003f800000 0000000000000000
0x0000000019a3db40:   3fa999993d4ccccd 0000000000000000
0x0000000019a3db50:   000000003f800000 0000000000000000
0x0000000019a3db60:   0000000000000000 0000000000000000
0x0000000019a3db70:   000000003f800000 0000000000000000
0x0000000019a3db80:   40088121e0000000 0000000000000000
0x0000000019a3db90:   000000003b23d70a 0000000000000000
0x0000000019a3dba0:   000000001e9a5938 000000001e9a5870
0x0000000019a3dbb0:   000000001e333280 000000001e9a1860 

Instructions: (pc=0x00007ff98c197693)
0x00007ff98c197673:   04 f3 0f 11 1c 24 72 56 f3 0f 59 54 24 24 f3 41
0x00007ff98c197683:   0f 58 d7 f3 0f 2c c2 3d 00 01 00 00 7d 0a 48 98
0x00007ff98c197693:   f3 41 0f 10 14 80 eb 04 41 0f 28 d3 0f 28 c2 0f
0x00007ff98c1976a3:   28 ca f3 41 0f 59 d2 f3 41 0f 59 c0 f3 41 0f 59 


Register to memory mapping:

RAX=0xffffffff80000000 is an unknown value
RBX=0x000000001b68e8f0 is an unknown value
RCX=0x0000000000000000 is an unknown value
RDX=0x000000001e9a1928 is an unknown value
RSP=0x0000000019a3dac0 is pointing into the stack for thread: 0x0000000017d22800
RBP=0x000000001e9a5870 is an unknown value
RSI=0x0000000000000000 is an unknown value
RDI=0x000000001e334b60 is an unknown value
R8 =0x000000001b681530 is an unknown value
R9 =0x000000001e9a1928 is an unknown value
R10=0x000000001e9a1988 is an unknown value
R11=0x000000001e333280 is an unknown value
R12=0xffffffffffffffec is an unknown value
R13=0xfffffffffffffff0 is an unknown value
R14=0xfffffffffffffff4 is an unknown value
R15=0xffffffffffffffe8 is an unknown value


Stack: [0x0000000019940000,0x0000000019a40000],  sp=0x0000000019a3dac0,  free space=1014k
Native frames: (J=compiled Java code, j=interpreted, Vv=VM code, C=native code)
C  [opengl32.dll+0xb7693]
C  [opengl32.dll+0xae775]
C  [opengl32.dll+0xe19e2]
C  [opengl32.dll+0xe1855]
C  [opengl32.dll+0x2df84]
C  [opengl32.dll+0x1a6a5]
C  [jogl.dll+0x22cd]
C  0x00000000031f15b5

Java frames: (J=compiled Java code, j=interpreted, Vv=VM code)
J 1459  com.sun.opengl.impl.GLImpl.glBegin0(I)V (0 bytes) @ 0x00000000031f153b [0x00000000031f1500+0x3b]
J 1699 C2 com.sun.opengl.impl.GLUquadricImpl.drawDisk(Ljavax/media/opengl/GL;FFII)V (868 bytes) @ 0x00000000032c9230 [0x00000000032c8da0+0x490]
J 1733 C1 javax.media.opengl.glu.GLU.gluDisk(Ljavax/media/opengl/glu/GLUquadric;DDII)V (20 bytes) @ 0x00000000032e2354 [0x00000000032e1ea0+0x4b4]
j  levels.DibujaB.palito(Ljavax/media/opengl/GL;Ljavax/media/opengl/glu/GLU;)V+113
j  levels.DibujaB.dibujaB(Ljavax/media/opengl/GL;)V+49
j  levels.levelThree.display(Ljavax/media/opengl/GLAutoDrawable;)V+512
j  com.sun.opengl.impl.GLDrawableHelper.display(Ljavax/media/opengl/GLAutoDrawable;)V+29
j  javax.media.opengl.GLCanvas$DisplayAction.run()V+80
J 1923 C1 com.sun.opengl.impl.GLDrawableHelper.invokeGL(Ljavax/media/opengl/GLDrawable;Ljavax/media/opengl/GLContext;Ljava/lang/Runnable;Ljava/lang/Runnable;)V (498 bytes) @ 0x00000000031a636c [0x00000000031a5320+0x104c]
J 1927 C1 javax.media.opengl.GLCanvas$DisplayOnEventDispatchThreadAction.run()V (39 bytes) @ 0x0000000002f6b9a4 [0x0000000002f6b880+0x124]
J 1240 C1 java.awt.event.InvocationEvent.dispatch()V (69 bytes) @ 0x000000000313780c [0x00000000031376c0+0x14c]
J 1201 C1 java.awt.EventQueue.dispatchEventImpl(Ljava/awt/AWTEvent;Ljava/lang/Object;)V (149 bytes) @ 0x00000000030ff344 [0x00000000030fd880+0x1ac4]
J 1199 C1 java.awt.EventQueue$3.run()Ljava/lang/Void; (60 bytes) @ 0x00000000030fd04c [0x00000000030fce40+0x20c]
J 1198 C1 java.awt.EventQueue$3.run()Ljava/lang/Object; (5 bytes) @ 0x00000000030da18c [0x00000000030da100+0x8c]
v  ~StubRoutines::call_stub
J 666  java.security.AccessController.doPrivileged(Ljava/security/PrivilegedAction;Ljava/security/AccessControlContext;)Ljava/lang/Object; (0 bytes) @ 0x0000000002f7ff26 [0x0000000002f7fec0+0x66]
J 1164 C1 java.awt.EventQueue.dispatchEvent(Ljava/awt/AWTEvent;)V (80 bytes) @ 0x00000000030ccec4 [0x00000000030cc540+0x984]
J 1234 C1 java.awt.EventDispatchThread.pumpOneEventForFilters(I)V (190 bytes) @ 0x00000000031339ac [0x0000000003132880+0x112c]
j  java.awt.EventDispatchThread.pumpEventsForFilter(ILjava/awt/Conditional;Ljava/awt/EventFilter;)V+35
j  java.awt.EventDispatchThread.pumpEventsForHierarchy(ILjava/awt/Conditional;Ljava/awt/Component;)V+11
j  java.awt.EventDispatchThread.pumpEvents(ILjava/awt/Conditional;)V+4
j  java.awt.EventDispatchThread.pumpEvents(Ljava/awt/Conditional;)V+3
j  java.awt.EventDispatchThread.run()V+9
v  ~StubRoutines::call_stub

---------------  P R O C E S S  ---------------

Java Threads: ( => current thread )
  0x000000001822d800 JavaThread "Direct Clip" daemon [_thread_blocked, id=7768, stack(0x0000000020e20000,0x0000000020f20000)]
  0x0000000018230000 JavaThread "Direct Clip" daemon [_thread_blocked, id=10312, stack(0x0000000020d20000,0x0000000020e20000)]
  0x000000001822f000 JavaThread "Direct Clip" daemon [_thread_blocked, id=13812, stack(0x00000000217e0000,0x00000000218e0000)]
  0x000000001822a800 JavaThread "Direct Clip" daemon [_thread_blocked, id=11664, stack(0x0000000019330000,0x0000000019430000)]
  0x000000001822c000 JavaThread "Direct Clip" daemon [_thread_blocked, id=1140, stack(0x0000000019530000,0x0000000019630000)]
  0x0000000018228800 JavaThread "Direct Clip" daemon [_thread_blocked, id=14752, stack(0x0000000019430000,0x0000000019530000)]
  0x000000001822b800 JavaThread "Direct Clip" daemon [_thread_blocked, id=6696, stack(0x00000000221a0000,0x00000000222a0000)]
  0x000000001822a000 JavaThread "Direct Clip" daemon [_thread_blocked, id=14028, stack(0x0000000021ca0000,0x0000000021da0000)]
  0x0000000018227800 JavaThread "Direct Clip" daemon [_thread_blocked, id=6344, stack(0x0000000021ba0000,0x0000000021ca0000)]
  0x0000000018224000 JavaThread "Thread-14" [_thread_blocked, id=9128, stack(0x0000000020c20000,0x0000000020d20000)]
  0x0000000018227000 JavaThread "Thread-13" [_thread_blocked, id=10816, stack(0x000000001c140000,0x000000001c240000)]
  0x0000000018224800 JavaThread "Thread-12" [_thread_blocked, id=12912, stack(0x000000001ae60000,0x000000001af60000)]
  0x0000000018226000 JavaThread "Direct Clip" daemon [_thread_blocked, id=14020, stack(0x0000000019ad0000,0x0000000019bd0000)]
  0x0000000018225800 JavaThread "Direct Clip" daemon [_thread_blocked, id=14732, stack(0x000000001f720000,0x000000001f820000)]
  0x0000000018223000 JavaThread "Thread-9" [_thread_blocked, id=14660, stack(0x000000001fb50000,0x000000001fc50000)]
  0x0000000017fe5800 JavaThread "Thread-8" [_thread_blocked, id=8836, stack(0x000000001fa50000,0x000000001fb50000)]
  0x0000000017fe4000 JavaThread "Thread-7" [_thread_blocked, id=1252, stack(0x000000001f950000,0x000000001fa50000)]
  0x0000000017fe5000 JavaThread "Thread-6" [_thread_blocked, id=4780, stack(0x000000001f850000,0x000000001f950000)]
  0x0000000017fdf800 JavaThread "Direct Clip" daemon [_thread_blocked, id=15040, stack(0x000000001b060000,0x000000001b160000)]
  0x0000000017fe2800 JavaThread "Direct Clip" daemon [_thread_blocked, id=5460, stack(0x000000001af60000,0x000000001b060000)]
  0x0000000017fe6800 JavaThread "D3D Screen Updater" daemon [_thread_blocked, id=14168, stack(0x000000001d840000,0x000000001d940000)]
  0x0000000017fe0800 JavaThread "Direct Clip" daemon [_thread_blocked, id=3884, stack(0x000000001bff0000,0x000000001c0f0000)]
  0x0000000017fe3800 JavaThread "Java Sound Event Dispatcher" daemon [_thread_blocked, id=12832, stack(0x000000001baf0000,0x000000001bbf0000)]
  0x0000000002cad800 JavaThread "DestroyJavaVM" [_thread_blocked, id=15004, stack(0x00000000012e0000,0x00000000013e0000)]
=>0x0000000017d22800 JavaThread "AWT-EventQueue-0" [_thread_in_native, id=5900, stack(0x0000000019940000,0x0000000019a40000)]
  0x0000000017da1800 JavaThread "AWT-Windows" daemon [_thread_in_native, id=3108, stack(0x0000000018800000,0x0000000018900000)]
  0x0000000017d9e800 JavaThread "AWT-Shutdown" [_thread_blocked, id=7760, stack(0x0000000018700000,0x0000000018800000)]
  0x0000000017d9e000 JavaThread "Java2D Disposer" daemon [_thread_blocked, id=10740, stack(0x0000000018600000,0x0000000018700000)]
  0x00000000175e9000 JavaThread "Service Thread" daemon [_thread_blocked, id=13572, stack(0x00000000179b0000,0x0000000017ab0000)]
  0x0000000015c53800 JavaThread "C1 CompilerThread2" daemon [_thread_blocked, id=1464, stack(0x00000000174b0000,0x00000000175b0000)]
  0x0000000015c3f800 JavaThread "C2 CompilerThread1" daemon [_thread_blocked, id=15132, stack(0x00000000173b0000,0x00000000174b0000)]
  0x0000000015c3a000 JavaThread "C2 CompilerThread0" daemon [_thread_blocked, id=12724, stack(0x00000000172b0000,0x00000000173b0000)]
  0x0000000015c39000 JavaThread "Attach Listener" daemon [_thread_blocked, id=4860, stack(0x00000000171b0000,0x00000000172b0000)]
  0x0000000015c46800 JavaThread "Signal Dispatcher" daemon [_thread_blocked, id=8436, stack(0x00000000170b0000,0x00000000171b0000)]
  0x0000000002c2a800 JavaThread "Finalizer" daemon [_thread_blocked, id=14788, stack(0x0000000016eb0000,0x0000000016fb0000)]
  0x0000000002c22000 JavaThread "Reference Handler" daemon [_thread_blocked, id=14832, stack(0x0000000016db0000,0x0000000016eb0000)]

Other Threads:
  0x0000000015c06800 VMThread [stack: 0x0000000016cb0000,0x0000000016db0000] [id=14464]
  0x0000000017601800 WatcherThread [stack: 0x0000000017bb0000,0x0000000017cb0000] [id=2564]

VM state:not at safepoint (normal execution)

VM Mutex/Monitor currently owned by a thread: None

heap address: 0x00000000b1000000, size: 1264 MB, Compressed Oops mode: 32-bit
Narrow klass base: 0x0000000000000000, Narrow klass shift: 3
Compressed class space size: 1073741824 Address: 0x0000000100000000

Heap:
 PSYoungGen      total 70144K, used 4700K [0x00000000e5b00000, 0x00000000ea500000, 0x0000000100000000)
  eden space 67072K, 4% used [0x00000000e5b00000,0x00000000e5dba1c0,0x00000000e9c80000)
  from space 3072K, 62% used [0x00000000e9f80000,0x00000000ea15d080,0x00000000ea280000)
  to   space 3072K, 0% used [0x00000000e9c80000,0x00000000e9c80000,0x00000000e9f80000)
 ParOldGen       total 122368K, used 43835K [0x00000000b1000000, 0x00000000b8780000, 0x00000000e5b00000)
  object space 122368K, 35% used [0x00000000b1000000,0x00000000b3acefe8,0x00000000b8780000)
 Metaspace       used 17878K, capacity 18156K, committed 18304K, reserved 1064960K
  class space    used 2056K, capacity 2149K, committed 2176K, reserved 1048576K

Card table byte_map: [0x0000000012070000,0x00000000122f0000] byte_map_base: 0x0000000011ae8000

Marking Bits: (ParMarkBitMap*) 0x000000005332af90
 Begin Bits: [0x00000000128a0000, 0x0000000013c60000)
 End Bits:   [0x0000000013c60000, 0x0000000015020000)

Polling page: 0x0000000002b10000

CodeCache: size=245760Kb used=6277Kb max_used=6608Kb free=239482Kb
 bounds [0x0000000002cb0000, 0x0000000003330000, 0x0000000011cb0000]
 total_blobs=2544 nmethods=1760 adapters=697
 compilation: enabled

Compilation events (10 events):
Event: 77.474 Thread 0x0000000015c53800 1932       3       sun.misc.FloatingDecimal$BinaryToASCIIBuffer::estimateDecExp (182 bytes)
Event: 77.475 Thread 0x0000000015c53800 nmethod 1932 0x0000000002f6a390 code [0x0000000002f6a540, 0x0000000002f6aa30]
Event: 77.529 Thread 0x0000000015c53800 1933       1       com.sun.media.sound.AbstractDataLine::isStartedRunning (5 bytes)
Event: 77.529 Thread 0x0000000015c53800 nmethod 1933 0x0000000002f5bb10 code [0x0000000002f5bc60, 0x0000000002f5bd70]
Event: 78.548 Thread 0x0000000015c53800 1934       3       com.sun.opengl.util.texture.TextureCoords::right (5 bytes)
Event: 78.549 Thread 0x0000000015c53800 nmethod 1934 0x0000000002e24f10 code [0x0000000002e25060, 0x0000000002e251b0]
Event: 78.549 Thread 0x0000000015c53800 1935       3       com.sun.opengl.util.texture.TextureCoords::left (5 bytes)
Event: 78.549 Thread 0x0000000015c53800 nmethod 1935 0x0000000002ee6f50 code [0x0000000002ee70a0, 0x0000000002ee71f0]
Event: 78.549 Thread 0x0000000015c53800 1936       3       com.sun.opengl.util.texture.TextureCoords::top (5 bytes)
Event: 78.549 Thread 0x0000000015c53800 nmethod 1936 0x0000000002f6a050 code [0x0000000002f6a1a0, 0x0000000002f6a2f0]

GC Heap History (10 events):
Event: 3.939 GC heap before
{Heap before GC invocations=2 (full 0):
 PSYoungGen      total 24064K, used 24055K [0x00000000e5b00000, 0x00000000e8a00000, 0x0000000100000000)
  eden space 20992K, 99% used [0x00000000e5b00000,0x00000000e6f7fe80,0x00000000e6f80000)
  from space 3072K, 99% used [0x00000000e6f80000,0x00000000e727dde0,0x00000000e7280000)
  to   space 3072K, 0% used [0x00000000e8700000,0x00000000e8700000,0x00000000e8a00000)
 ParOldGen       total 54784K, used 24432K [0x00000000b1000000, 0x00000000b4580000, 0x00000000e5b00000)
  object space 54784K, 44% used [0x00000000b1000000,0x00000000b27dc080,0x00000000b4580000)
 Metaspace       used 13562K, capacity 13824K, committed 13952K, reserved 1060864K
  class space    used 1532K, capacity 1629K, committed 1664K, reserved 1048576K
Event: 3.969 GC heap after
Heap after GC invocations=2 (full 0):
 PSYoungGen      total 45056K, used 2752K [0x00000000e5b00000, 0x00000000e8a00000, 0x0000000100000000)
  eden space 41984K, 0% used [0x00000000e5b00000,0x00000000e5b00000,0x00000000e8400000)
  from space 3072K, 89% used [0x00000000e8700000,0x00000000e89b0000,0x00000000e8a00000)
  to   space 3072K, 0% used [0x00000000e8400000,0x00000000e8400000,0x00000000e8700000)
 ParOldGen       total 54784K, used 48740K [0x00000000b1000000, 0x00000000b4580000, 0x00000000e5b00000)
  object space 54784K, 88% used [0x00000000b1000000,0x00000000b3f990b0,0x00000000b4580000)
 Metaspace       used 13562K, capacity 13824K, committed 13952K, reserved 1060864K
  class space    used 1532K, capacity 1629K, committed 1664K, reserved 1048576K
}
Event: 3.969 GC heap before
{Heap before GC invocations=3 (full 1):
 PSYoungGen      total 45056K, used 2752K [0x00000000e5b00000, 0x00000000e8a00000, 0x0000000100000000)
  eden space 41984K, 0% used [0x00000000e5b00000,0x00000000e5b00000,0x00000000e8400000)
  from space 3072K, 89% used [0x00000000e8700000,0x00000000e89b0000,0x00000000e8a00000)
  to   space 3072K, 0% used [0x00000000e8400000,0x00000000e8400000,0x00000000e8700000)
 ParOldGen       total 54784K, used 48740K [0x00000000b1000000, 0x00000000b4580000, 0x00000000e5b00000)
  object space 54784K, 88% used [0x00000000b1000000,0x00000000b3f990b0,0x00000000b4580000)
 Metaspace       used 13562K, capacity 13824K, committed 13952K, reserved 1060864K
  class space    used 1532K, capacity 1629K, committed 1664K, reserved 1048576K
Event: 4.029 GC heap after
Heap after GC invocations=3 (full 1):
 PSYoungGen      total 45056K, used 0K [0x00000000e5b00000, 0x00000000e8a00000, 0x0000000100000000)
  eden space 41984K, 0% used [0x00000000e5b00000,0x00000000e5b00000,0x00000000e8400000)
  from space 3072K, 0% used [0x00000000e8700000,0x00000000e8700000,0x00000000e8a00000)
  to   space 3072K, 0% used [0x00000000e8400000,0x00000000e8400000,0x00000000e8700000)
 ParOldGen       total 71680K, used 18922K [0x00000000b1000000, 0x00000000b5600000, 0x00000000e5b00000)
  object space 71680K, 26% used [0x00000000b1000000,0x00000000b227aa00,0x00000000b5600000)
 Metaspace       used 13562K, capacity 13824K, committed 13952K, reserved 1060864K
  class space    used 1532K, capacity 1629K, committed 1664K, reserved 1048576K
}
Event: 34.013 GC heap before
{Heap before GC invocations=4 (full 1):
 PSYoungGen      total 45056K, used 41984K [0x00000000e5b00000, 0x00000000e8a00000, 0x0000000100000000)
  eden space 41984K, 100% used [0x00000000e5b00000,0x00000000e8400000,0x00000000e8400000)
  from space 3072K, 0% used [0x00000000e8700000,0x00000000e8700000,0x00000000e8a00000)
  to   space 3072K, 0% used [0x00000000e8400000,0x00000000e8400000,0x00000000e8700000)
 ParOldGen       total 71680K, used 18922K [0x00000000b1000000, 0x00000000b5600000, 0x00000000e5b00000)
  object space 71680K, 26% used [0x00000000b1000000,0x00000000b227aa00,0x00000000b5600000)
 Metaspace       used 16970K, capacity 17158K, committed 17536K, reserved 1064960K
  class space    used 1979K, capacity 2052K, committed 2176K, reserved 1048576K
Event: 34.064 GC heap after
Heap after GC invocations=4 (full 1):
 PSYoungGen      total 45056K, used 3052K [0x00000000e5b00000, 0x00000000ea280000, 0x0000000100000000)
  eden space 41984K, 0% used [0x00000000e5b00000,0x00000000e5b00000,0x00000000e8400000)
  from space 3072K, 99% used [0x00000000e8400000,0x00000000e86fb0c0,0x00000000e8700000)
  to   space 3072K, 0% used [0x00000000e9f80000,0x00000000e9f80000,0x00000000ea280000)
 ParOldGen       total 71680K, used 60924K [0x00000000b1000000, 0x00000000b5600000, 0x00000000e5b00000)
  object space 71680K, 84% used [0x00000000b1000000,0x00000000b4b7f330,0x00000000b5600000)
 Metaspace       used 16970K, capacity 17158K, committed 17536K, reserved 1064960K
  class space    used 1979K, capacity 2052K, committed 2176K, reserved 1048576K
}
Event: 34.064 GC heap before
{Heap before GC invocations=5 (full 2):
 PSYoungGen      total 45056K, used 3052K [0x00000000e5b00000, 0x00000000ea280000, 0x0000000100000000)
  eden space 41984K, 0% used [0x00000000e5b00000,0x00000000e5b00000,0x00000000e8400000)
  from space 3072K, 99% used [0x00000000e8400000,0x00000000e86fb0c0,0x00000000e8700000)
  to   space 3072K, 0% used [0x00000000e9f80000,0x00000000e9f80000,0x00000000ea280000)
 ParOldGen       total 71680K, used 60924K [0x00000000b1000000, 0x00000000b5600000, 0x00000000e5b00000)
  object space 71680K, 84% used [0x00000000b1000000,0x00000000b4b7f330,0x00000000b5600000)
 Metaspace       used 16970K, capacity 17158K, committed 17536K, reserved 1064960K
  class space    used 1979K, capacity 2052K, committed 2176K, reserved 1048576K
Event: 34.119 GC heap after
Heap after GC invocations=5 (full 2):
 PSYoungGen      total 45056K, used 0K [0x00000000e5b00000, 0x00000000ea280000, 0x0000000100000000)
  eden space 41984K, 0% used [0x00000000e5b00000,0x00000000e5b00000,0x00000000e8400000)
  from space 3072K, 0% used [0x00000000e8400000,0x00000000e8400000,0x00000000e8700000)
  to   space 3072K, 0% used [0x00000000e9f80000,0x00000000e9f80000,0x00000000ea280000)
 ParOldGen       total 122368K, used 43827K [0x00000000b1000000, 0x00000000b8780000, 0x00000000e5b00000)
  object space 122368K, 35% used [0x00000000b1000000,0x00000000b3accfe8,0x00000000b8780000)
 Metaspace       used 16970K, capacity 17158K, committed 17536K, reserved 1064960K
  class space    used 1979K, capacity 2052K, committed 2176K, reserved 1048576K
}
Event: 73.807 GC heap before
{Heap before GC invocations=6 (full 2):
 PSYoungGen      total 45056K, used 41984K [0x00000000e5b00000, 0x00000000ea280000, 0x0000000100000000)
  eden space 41984K, 100% used [0x00000000e5b00000,0x00000000e8400000,0x00000000e8400000)
  from space 3072K, 0% used [0x00000000e8400000,0x00000000e8400000,0x00000000e8700000)
  to   space 3072K, 0% used [0x00000000e9f80000,0x00000000e9f80000,0x00000000ea280000)
 ParOldGen       total 122368K, used 43827K [0x00000000b1000000, 0x00000000b8780000, 0x00000000e5b00000)
  object space 122368K, 35% used [0x00000000b1000000,0x00000000b3accfe8,0x00000000b8780000)
 Metaspace       used 17833K, capacity 18028K, committed 18304K, reserved 1064960K
  class space    used 2056K, capacity 2149K, committed 2176K, reserved 1048576K
Event: 73.812 GC heap after
Heap after GC invocations=6 (full 2):
 PSYoungGen      total 70144K, used 1908K [0x00000000e5b00000, 0x00000000ea500000, 0x0000000100000000)
  eden space 67072K, 0% used [0x00000000e5b00000,0x00000000e5b00000,0x00000000e9c80000)
  from space 3072K, 62% used [0x00000000e9f80000,0x00000000ea15d080,0x00000000ea280000)
  to   space 3072K, 0% used [0x00000000e9c80000,0x00000000e9c80000,0x00000000e9f80000)
 ParOldGen       total 122368K, used 43835K [0x00000000b1000000, 0x00000000b8780000, 0x00000000e5b00000)
  object space 122368K, 35% used [0x00000000b1000000,0x00000000b3acefe8,0x00000000b8780000)
 Metaspace       used 17833K, capacity 18028K, committed 18304K, reserved 1064960K
  class space    used 2056K, capacity 2149K, committed 2176K, reserved 1048576K
}

Deoptimization events (6 events):
Event: 3.831 Thread 0x0000000017fe1000 Uncommon trap: reason=unstable_if action=reinterpret pc=0x0000000002f8b958 method=sun.awt.image.ImageRepresentation.getOpaqueRGBImage()Ljava/awt/image/BufferedImage; @ 57
Event: 4.108 Thread 0x0000000017fe1000 Uncommon trap: reason=unstable_if action=reinterpret pc=0x0000000002f95794 method=sun.awt.image.PNGFilterInputStream.read([BII)I @ 30
Event: 5.247 Thread 0x0000000017d22800 Uncommon trap: reason=unstable_if action=reinterpret pc=0x000000000302a830 method=java.io.WinNTFileSystem.normalize(Ljava/lang/String;)Ljava/lang/String; @ 40
Event: 35.204 Thread 0x0000000017d22800 Uncommon trap: reason=unstable_if action=reinterpret pc=0x00000000031fe650 method=com.sun.opengl.impl.mipmap.ScaleInternal.scale_internal_ubyte(IIILjava/nio/ByteBuffer;IILjava/nio/ByteBuffer;III)V @ 286
Event: 39.430 Thread 0x0000000017d22800 Uncommon trap: reason=unstable_if action=reinterpret pc=0x0000000003245c34 method=com.sun.opengl.impl.mipmap.ScaleInternal.scale_internal_ubyte(IIILjava/nio/ByteBuffer;IILjava/nio/ByteBuffer;III)V @ 866
Event: 40.147 Thread 0x0000000017d22800 Uncommon trap: reason=unstable_if action=reinterpret pc=0x00000000031bfe18 method=sun.awt.image.ByteInterleavedRaster.putByteData(IIII[B)V @ 395

Classes redefined (0 events):
No events

Internal exceptions (10 events):
Event: 35.696 Thread 0x0000000017d22800 Exception <a 'javax/media/opengl/GLException'> (0x00000000e62ed5a0) thrown at [C:\jenkins\workspace\8-2-build-windows-amd64-cygwin\jdk8u251\737\hotspot\src\share\vm\prims\jvm.cpp, line 1506]
Event: 35.696 Thread 0x0000000017d22800 Exception <a 'javax/media/opengl/GLException'> (0x00000000e62ed5a0) thrown at [C:\jenkins\workspace\8-2-build-windows-amd64-cygwin\jdk8u251\737\hotspot\src\share\vm\prims\jvm.cpp, line 1506]
Event: 35.704 Thread 0x0000000017d22800 Exception <a 'javax/media/opengl/GLException'> (0x00000000e6301730) thrown at [C:\jenkins\workspace\8-2-build-windows-amd64-cygwin\jdk8u251\737\hotspot\src\share\vm\prims\jvm.cpp, line 1506]
Event: 35.707 Thread 0x0000000017d22800 Exception <a 'javax/media/opengl/GLException'> (0x00000000e6302730) thrown at [C:\jenkins\workspace\8-2-build-windows-amd64-cygwin\jdk8u251\737\hotspot\src\share\vm\prims\jvm.cpp, line 1506]
Event: 36.692 Thread 0x0000000017d22800 Exception <a 'javax/media/opengl/GLException'> (0x00000000e632bad0) thrown at [C:\jenkins\workspace\8-2-build-windows-amd64-cygwin\jdk8u251\737\hotspot\src\share\vm\prims\jvm.cpp, line 1506]
Event: 36.753 Thread 0x0000000017d22800 Exception <a 'javax/media/opengl/GLException'> (0x00000000e632e3d0) thrown at [C:\jenkins\workspace\8-2-build-windows-amd64-cygwin\jdk8u251\737\hotspot\src\share\vm\prims\jvm.cpp, line 1506]
Event: 37.042 Thread 0x0000000017d22800 Exception <a 'javax/media/opengl/GLException'> (0x00000000e63a20a0) thrown at [C:\jenkins\workspace\8-2-build-windows-amd64-cygwin\jdk8u251\737\hotspot\src\share\vm\prims\jvm.cpp, line 1506]
Event: 37.356 Thread 0x0000000017d22800 Exception <a 'javax/media/opengl/GLException'> (0x00000000e63ac810) thrown at [C:\jenkins\workspace\8-2-build-windows-amd64-cygwin\jdk8u251\737\hotspot\src\share\vm\prims\jvm.cpp, line 1506]
Event: 37.518 Thread 0x0000000017d22800 Exception <a 'javax/media/opengl/GLException'> (0x00000000e63b1038) thrown at [C:\jenkins\workspace\8-2-build-windows-amd64-cygwin\jdk8u251\737\hotspot\src\share\vm\prims\jvm.cpp, line 1506]
Event: 38.137 Thread 0x0000000017d22800 Exception <a 'javax/media/opengl/GLException'> (0x00000000e63bfbb0) thrown at [C:\jenkins\workspace\8-2-build-windows-amd64-cygwin\jdk8u251\737\hotspot\src\share\vm\prims\jvm.cpp, line 1506]

Events (10 events):
Event: 76.742 Thread 0x000000001822d800 Thread added: 0x000000001822d800
Event: 76.743 Executing VM operation: RevokeBias
Event: 76.743 Executing VM operation: RevokeBias done
Event: 76.743 Executing VM operation: RevokeBias
Event: 76.743 Executing VM operation: RevokeBias done
Event: 76.743 Executing VM operation: RevokeBias
Event: 76.743 Executing VM operation: RevokeBias done
Event: 77.217 Executing VM operation: RevokeBias
Event: 77.218 Executing VM operation: RevokeBias done
Event: 77.218 Thread 0x0000000018229000 Thread exited: 0x0000000018229000


Dynamic libraries:
0x00007ff7caf50000 - 0x00007ff7caf87000 	C:\Program Files\Java\jdk1.8.0_251\jre\bin\java.exe
0x00007ff9b74c0000 - 0x00007ff9b766d000 	C:\Windows\SYSTEM32\ntdll.dll
0x00007ff9b6ce0000 - 0x00007ff9b6e1f000 	C:\Windows\system32\KERNEL32.DLL
0x00007ff9a6950000 - 0x00007ff9a6963000 	C:\Program Files\AVAST Software\Avast\aswhook.dll
0x00007ff9b49a0000 - 0x00007ff9b4ab5000 	C:\Windows\system32\KERNELBASE.dll
0x00007ff9b31b0000 - 0x00007ff9b323e000 	C:\Windows\system32\apphelp.dll
0x00007ff9ace50000 - 0x00007ff9acea5000 	C:\Windows\AppPatch\AppPatch64\AcGenral.DLL
0x00007ff9b6c30000 - 0x00007ff9b6cda000 	C:\Windows\system32\msvcrt.dll
0x00007ff9b4ac0000 - 0x00007ff9b4aee000 	C:\Windows\system32\SspiCli.dll
0x00007ff9b4c20000 - 0x00007ff9b4c74000 	C:\Windows\system32\SHLWAPI.dll
0x00007ff9b7340000 - 0x00007ff9b74b7000 	C:\Windows\system32\USER32.dll
0x00007ff9b71a0000 - 0x00007ff9b7334000 	C:\Windows\system32\ole32.dll
0x00007ff9b54f0000 - 0x00007ff9b6a1a000 	C:\Windows\system32\SHELL32.dll
0x00007ff9b3bb0000 - 0x00007ff9b3bd1000 	C:\Windows\SYSTEM32\USERENV.dll
0x00007ff9b5440000 - 0x00007ff9b54ea000 	C:\Windows\system32\ADVAPI32.dll
0x00007ff9aea00000 - 0x00007ff9aea1e000 	C:\Windows\SYSTEM32\MPR.dll
0x00007ff9b52b0000 - 0x00007ff9b53f0000 	C:\Windows\system32\RPCRT4.dll
0x00007ff9b7130000 - 0x00007ff9b7189000 	C:\Windows\SYSTEM32\sechost.dll
0x00007ff9b6a20000 - 0x00007ff9b6c30000 	C:\Windows\SYSTEM32\combase.dll
0x00007ff9b4cf0000 - 0x00007ff9b4e3c000 	C:\Windows\system32\GDI32.dll
0x00007ff9b45f0000 - 0x00007ff9b4605000 	C:\Windows\SYSTEM32\profapi.dll
0x00007ff9b2be0000 - 0x00007ff9b2c92000 	C:\Windows\SYSTEM32\SHCORE.dll
0x00007ff9b5400000 - 0x00007ff9b5436000 	C:\Windows\system32\IMM32.DLL
0x00007ff9b4e40000 - 0x00007ff9b4f92000 	C:\Windows\system32\MSCTF.dll
0x00007ff9b2070000 - 0x00007ff9b22eb000 	C:\Windows\WinSxS\amd64_microsoft.windows.common-controls_6595b64144ccf1df_6.0.9600.19394_none_62486577ecb635cf\COMCTL32.dll
0x00000000535b0000 - 0x0000000053682000 	C:\Program Files\Java\jdk1.8.0_251\jre\bin\msvcr100.dll
0x0000000052b00000 - 0x00000000533ab000 	C:\Program Files\Java\jdk1.8.0_251\jre\bin\server\jvm.dll
0x00007ff9acff0000 - 0x00007ff9acff9000 	C:\Windows\SYSTEM32\WSOCK32.dll
0x00007ff9b1580000 - 0x00007ff9b15a2000 	C:\Windows\SYSTEM32\WINMM.dll
0x00007ff9ac0c0000 - 0x00007ff9ac0ca000 	C:\Windows\SYSTEM32\VERSION.dll
0x00007ff9b4c80000 - 0x00007ff9b4c87000 	C:\Windows\system32\PSAPI.DLL
0x00007ff9b4c90000 - 0x00007ff9b4cea000 	C:\Windows\system32\WS2_32.dll
0x00007ff9b1540000 - 0x00007ff9b156a000 	C:\Windows\SYSTEM32\WINMMBASE.dll
0x00007ff9b7190000 - 0x00007ff9b7199000 	C:\Windows\system32\NSI.dll
0x00007ff9b46c0000 - 0x00007ff9b470f000 	C:\Windows\SYSTEM32\cfgmgr32.dll
0x00007ff9b3410000 - 0x00007ff9b3438000 	C:\Windows\SYSTEM32\DEVOBJ.dll
0x00007ff9af290000 - 0x00007ff9af29f000 	C:\Program Files\Java\jdk1.8.0_251\jre\bin\verify.dll
0x00007ff9ae450000 - 0x00007ff9ae479000 	C:\Program Files\Java\jdk1.8.0_251\jre\bin\java.dll
0x00007ff9a9220000 - 0x00007ff9a9236000 	C:\Program Files\Java\jdk1.8.0_251\jre\bin\zip.dll
0x00007ff98c210000 - 0x00007ff98c3aa000 	C:\Program Files\Java\jdk1.8.0_251\jre\bin\awt.dll
0x00007ff9b5160000 - 0x00007ff9b5227000 	C:\Windows\system32\OLEAUT32.dll
0x00007ff9b27c0000 - 0x00007ff9b27e1000 	C:\Windows\system32\DWMAPI.DLL
0x00007ff9b3280000 - 0x00007ff9b33a9000 	C:\Windows\system32\uxtheme.dll
0x00007ff98c0e0000 - 0x00007ff98c20b000 	C:\Windows\system32\opengl32.dll
0x00007ff9a1240000 - 0x00007ff9a126e000 	C:\Windows\SYSTEM32\GLU32.dll
0x00007ff9a2280000 - 0x00007ff9a2378000 	C:\Windows\SYSTEM32\DDRAW.dll
0x00007ff9a6940000 - 0x00007ff9a6949000 	C:\Windows\SYSTEM32\DCIMAN32.dll
0x00007ff9b3400000 - 0x00007ff9b340b000 	C:\Windows\SYSTEM32\kernel.appcore.dll
0x00007ff9b44c0000 - 0x00007ff9b44cb000 	C:\Windows\SYSTEM32\CRYPTBASE.dll
0x00007ff9b4450000 - 0x00007ff9b44b3000 	C:\Windows\SYSTEM32\bcryptPrimitives.dll
0x00007ff99a290000 - 0x00007ff99a4b1000 	C:\Windows\system32\d3d9.dll
0x00007ff9b1210000 - 0x00007ff9b146f000 	C:\Windows\SYSTEM32\d3d10warp.dll
0x00007ff9a0f60000 - 0x00007ff9a0fa9000 	C:\Program Files\Java\jdk1.8.0_251\jre\bin\fontmanager.dll
0x0000000019a40000 - 0x0000000019a9a000 	C:\Users\Alan\AppData\Roaming\NetBeans\8.2\jogl-runtime\jogl.jar-natives-windows-amd64\jogl.dll
0x0000000052a30000 - 0x0000000052af9000 	C:\Windows\WinSxS\amd64_microsoft.vc80.crt_1fc8b3b9a1e18e3b_8.0.50727.8428_none_88dcdb0b2fb19957\MSVCR80.dll
0x00007ff9a26a0000 - 0x00007ff9a26d1000 	C:\Program Files\Java\jdk1.8.0_251\jre\bin\jpeg.dll
0x00007ff9a77d0000 - 0x00007ff9a77ea000 	C:\Program Files\Java\jdk1.8.0_251\jre\bin\net.dll
0x00007ff9b3e20000 - 0x00007ff9b3e79000 	C:\Windows\system32\mswsock.dll
0x00007ff9a1270000 - 0x00007ff9a1282000 	C:\Program Files\Java\jdk1.8.0_251\jre\bin\nio.dll
0x00007ff9a0f10000 - 0x00007ff9a0f52000 	C:\Program Files\Java\jdk1.8.0_251\jre\bin\t2k.dll
0x00007ff9ae7b0000 - 0x00007ff9ae7bc000 	C:\Program Files\Java\jdk1.8.0_251\jre\bin\jsound.dll
0x00007ff9ae770000 - 0x00007ff9ae77b000 	C:\Program Files\Java\jdk1.8.0_251\jre\bin\jsoundds.dll
0x00007ff9a1af0000 - 0x00007ff9a1b8d000 	C:\Windows\SYSTEM32\DSOUND.dll
0x00007ff9b4590000 - 0x00007ff9b45d6000 	C:\Windows\SYSTEM32\POWRPROF.dll
0x00007ff9b1eb0000 - 0x00007ff9b1f20000 	C:\Windows\SYSTEM32\MMDevAPI.DLL
0x00007ff99f820000 - 0x00007ff99f85e000 	C:\Windows\SYSTEM32\wdmaud.drv
0x00007ff9b0f10000 - 0x00007ff9b0f18000 	C:\Windows\SYSTEM32\ksuser.dll
0x00007ff9b1de0000 - 0x00007ff9b1dec000 	C:\Windows\SYSTEM32\AVRT.dll
0x00007ff9a80e0000 - 0x00007ff9a815e000 	C:\Windows\SYSTEM32\AUDIOSES.DLL
0x00007ff99f810000 - 0x00007ff99f81b000 	C:\Windows\SYSTEM32\msacm32.drv
0x00007ff99f7f0000 - 0x00007ff99f80c000 	C:\Windows\SYSTEM32\MSACM32.dll
0x00007ff99f7e0000 - 0x00007ff99f7ea000 	C:\Windows\SYSTEM32\midimap.dll
0x00007ff9b4b50000 - 0x00007ff9b4c06000 	C:\Windows\SYSTEM32\clbcatq.dll
0x00007ff9a9210000 - 0x00007ff9a9217000 	C:\Program Files\Java\jdk1.8.0_251\jre\bin\jawt.dll
0x000000001c0f0000 - 0x000000001c0f7000 	C:\Users\Alan\AppData\Roaming\NetBeans\8.2\jogl-runtime\jogl.jar-natives-windows-amd64\jogl_awt.dll
0x00007ff9a2380000 - 0x00007ff9a23be000 	C:\Program Files\Java\jdk1.8.0_251\jre\bin\lcms.dll
0x00007ff9ab8a0000 - 0x00007ff9aba29000 	C:\Windows\SYSTEM32\dbghelp.dll

VM Arguments:
jvm_args: -Dfile.encoding=Cp1252 -Djava.library.path=C:\Users\Alan\AppData\Roaming\NetBeans\8.2\jogl-runtime\jogl.jar-natives-windows-amd64;C:\Users\Alan\AppData\Roaming\NetBeans\8.2\gluegen-runtime\gluegen-rt.jar-natives-windows-amd64 
java_command: pantallas.Inicio
java_class_path (initial): C:\Users\Alan\AppData\Roaming\NetBeans\8.2\gluegen-runtime\gluegen-rt.jar;C:\Users\Alan\AppData\Roaming\NetBeans\8.2\jogl-runtime\jogl.jar;C:\Program Files\NetBeans 8.2\java\modules\ext\AbsoluteLayout.jar;C:\Users\Alan\Documents\GitHub\GraphicationGame\Actual\Poryecto con pantallas\JuegoV4\build\classes
Launcher Type: SUN_STANDARD

Environment Variables:
PATH=C:\Program Files (x86)\Common Files\Oracle\Java\javapath;C:\ProgramData\Oracle\Java\javapath;C:\Windows\system32;C:\Windows;C:\Windows\System32\Wbem;C:\Windows\System32\WindowsPowerShell\v1.0\;C:\Program Files (x86)\Microchip\MPLAB C32 Suite\bin;C:\PROGRA~2\PICC;C:\Program Files\Common Files\Autodesk Shared\;C:\Program Files\MySQL\MySQL Shell 8.0\bin\
USERNAME=Alan
OS=Windows_NT
PROCESSOR_IDENTIFIER=AMD64 Family 22 Model 48 Stepping 1, AuthenticAMD



---------------  S Y S T E M  ---------------

OS: Windows 8.1 , 64 bit Build 9600 (6.3.9600.19538)

CPU:total 4 (initial active 4) (4 cores per cpu, 1 threads per core) family 22 model 48 stepping 1, cmov, cx8, fxsr, mmx, sse, sse2, sse3, ssse3, sse4.1, sse4.2, popcnt, avx, aes, clmul, mmxext, 3dnowpref, lzcnt, sse4a, tsc, tscinvbit, tscinv, bmi1

Memory: 4k page, physical 5176816k(996500k free), swap 12516848k(4653340k free)

vm_info: Java HotSpot(TM) 64-Bit Server VM (25.251-b08) for windows-amd64 JRE (1.8.0_251-b08), built on Mar 12 2020 06:31:49 by "" with MS VC++ 10.0 (VS2010)

time: Tue Jun 09 01:56:55 2020
timezone: Hora de verano central (México)
elapsed time: 79 seconds (0d 0h 1m 19s)

