#
# A fatal error has been detected by the Java Runtime Environment:
#
#  EXCEPTION_ACCESS_VIOLATION (0xc0000005) at pc=0x00007ff98c197693, pid=15252, tid=0x000000000000062c
#
# JRE version: Java(TM) SE Runtime Environment (8.0_251-b08) (build 1.8.0_251-b08)
# Java VM: Java HotSpot(TM) 64-Bit Server VM (25.251-b08 mixed mode windows-amd64 compressed oops)
# Problematic frame:
# C  [opengl32.dll+0xb7693]
#
# Failed to write core dump. Minidumps are not enabled by default on client versions of Windows
#
# If you would like to submit a bug report, please visit:
#   http://bugreport.java.com/bugreport/crash.jsp
# The crash happened outside the Java Virtual Machine in native code.
# See problematic frame for where to report the bug.
#

---------------  T H R E A D  ---------------

Current thread (0x00000000174cd800):  JavaThread "AWT-EventQueue-0" [_thread_in_native, id=1580, stack(0x00000000190d0000,0x00000000191d0000)]

siginfo: ExceptionCode=0xc0000005, reading address 0xfffffffe1d2c4680

Registers:
RAX=0xffffffff80000000, RBX=0x000000001d63c010, RCX=0x0000000000000000, RDX=0x000000001cede028
RSP=0x00000000191cd990, RBP=0x000000001cee1f70, RSI=0x0000000000000000, RDI=0x000000001cf3b8c0
R8 =0x000000001d2c4680, R9 =0x000000001cede028, R10=0x000000001cede088, R11=0x000000001cf39fe0
R12=0xffffffffffffffec, R13=0xfffffffffffffff0, R14=0xfffffffffffffff4, R15=0xffffffffffffffe8
RIP=0x00007ff98c197693, EFLAGS=0x0000000000010a06

Top of Stack: (sp=0x00000000191cd990)
0x00000000191cd990:   4d0a6088427b5432 42eb9eef4c0a609a
0x00000000191cd9a0:   427b5432432cc9e2 0000000041f4cccd
0x00000000191cd9b0:   458a37eb3f713da2 0000000040f4cccd
0x00000000191cd9c0:   000000001d2c4680 00007ff98c1aba0c
0x00000000191cd9d0:   0000000000000000 0000000000000000
0x00000000191cd9e0:   0000000000000000 0000000000000000
0x00000000191cd9f0:   0000000000000000 0000000000000000
0x00000000191cda00:   000000003f800000 0000000000000000
0x00000000191cda10:   3fa999993d4ccccd 0000000000000000
0x00000000191cda20:   000000003f800000 0000000000000000
0x00000000191cda30:   0000000000000000 0000000000000000
0x00000000191cda40:   000000003f800000 0000000000000000
0x00000000191cda50:   40088121e0000000 0000000000000000
0x00000000191cda60:   000000003c0f5c28 0000000000000000
0x00000000191cda70:   000000001cee2038 000000001cee1f70
0x00000000191cda80:   000000001cf39fe0 000000001ceddf60 

Instructions: (pc=0x00007ff98c197693)
0x00007ff98c197673:   04 f3 0f 11 1c 24 72 56 f3 0f 59 54 24 24 f3 41
0x00007ff98c197683:   0f 58 d7 f3 0f 2c c2 3d 00 01 00 00 7d 0a 48 98
0x00007ff98c197693:   f3 41 0f 10 14 80 eb 04 41 0f 28 d3 0f 28 c2 0f
0x00007ff98c1976a3:   28 ca f3 41 0f 59 d2 f3 41 0f 59 c0 f3 41 0f 59 


Register to memory mapping:

RAX=0xffffffff80000000 is an unknown value
RBX=0x000000001d63c010 is an unknown value
RCX=0x0000000000000000 is an unknown value
RDX=0x000000001cede028 is an unknown value
RSP=0x00000000191cd990 is pointing into the stack for thread: 0x00000000174cd800
RBP=0x000000001cee1f70 is an unknown value
RSI=0x0000000000000000 is an unknown value
RDI=0x000000001cf3b8c0 is an unknown value
R8 =0x000000001d2c4680 is an unknown value
R9 =0x000000001cede028 is an unknown value
R10=0x000000001cede088 is an unknown value
R11=0x000000001cf39fe0 is an unknown value
R12=0xffffffffffffffec is an unknown value
R13=0xfffffffffffffff0 is an unknown value
R14=0xfffffffffffffff4 is an unknown value
R15=0xffffffffffffffe8 is an unknown value


Stack: [0x00000000190d0000,0x00000000191d0000],  sp=0x00000000191cd990,  free space=1014k
Native frames: (J=compiled Java code, j=interpreted, Vv=VM code, C=native code)
C  [opengl32.dll+0xb7693]
C  [opengl32.dll+0xae775]
C  [opengl32.dll+0xe19e2]
C  [opengl32.dll+0xe1855]
C  [opengl32.dll+0x2df84]
C  [opengl32.dll+0x1a6a5]
C  [jogl.dll+0x22cd]
C  0x00000000028c23f5

Java frames: (J=compiled Java code, j=interpreted, Vv=VM code)
J 1338  com.sun.opengl.impl.GLImpl.glBegin0(I)V (0 bytes) @ 0x00000000028c237b [0x00000000028c2340+0x3b]
J 1571 C2 com.sun.opengl.impl.GLUquadricImpl.drawDisk(Ljavax/media/opengl/GL;FFII)V (868 bytes) @ 0x00000000029bdeb0 [0x00000000029bda20+0x490]
J 1605 C1 javax.media.opengl.glu.GLU.gluDisk(Ljavax/media/opengl/glu/GLUquadric;DDII)V (20 bytes) @ 0x00000000029c0e14 [0x00000000029c0960+0x4b4]
j  levels.DibujaB.palito(Ljavax/media/opengl/GL;Ljavax/media/opengl/glu/GLU;)V+113
j  levels.DibujaB.dibujaB(Ljavax/media/opengl/GL;)V+49
j  levels.levelFour.display(Ljavax/media/opengl/GLAutoDrawable;)V+1156
j  com.sun.opengl.impl.GLDrawableHelper.display(Ljavax/media/opengl/GLAutoDrawable;)V+29
j  javax.media.opengl.GLCanvas$DisplayAction.run()V+80
J 1704 C1 com.sun.opengl.impl.GLDrawableHelper.invokeGL(Ljavax/media/opengl/GLDrawable;Ljavax/media/opengl/GLContext;Ljava/lang/Runnable;Ljava/lang/Runnable;)V (498 bytes) @ 0x0000000002a5cf6c [0x0000000002a5bf20+0x104c]
J 1760 C1 javax.media.opengl.GLCanvas$DisplayOnEventDispatchThreadAction.run()V (39 bytes) @ 0x0000000002a6b964 [0x0000000002a6b840+0x124]
J 1586 C1 java.awt.event.InvocationEvent.dispatch()V (69 bytes) @ 0x00000000029c7ecc [0x00000000029c7d80+0x14c]
J 1430 C1 java.awt.EventQueue.dispatchEventImpl(Ljava/awt/AWTEvent;Ljava/lang/Object;)V (149 bytes) @ 0x000000000294a584 [0x0000000002948ac0+0x1ac4]
J 1428 C1 java.awt.EventQueue$3.run()Ljava/lang/Void; (60 bytes) @ 0x000000000294828c [0x0000000002948080+0x20c]
J 1427 C1 java.awt.EventQueue$3.run()Ljava/lang/Object; (5 bytes) @ 0x000000000293b3cc [0x000000000293b340+0x8c]
v  ~StubRoutines::call_stub
J 670  java.security.AccessController.doPrivileged(Ljava/security/PrivilegedAction;Ljava/security/AccessControlContext;)Ljava/lang/Object; (0 bytes) @ 0x00000000026d6de6 [0x00000000026d6d80+0x66]
J 1165 C1 java.awt.EventQueue.dispatchEvent(Ljava/awt/AWTEvent;)V (80 bytes) @ 0x000000000282b484 [0x000000000282ab00+0x984]
J 1180 C1 java.awt.EventDispatchThread.pumpOneEventForFilters(I)V (190 bytes) @ 0x0000000002830f8c [0x000000000282fe40+0x114c]
j  java.awt.EventDispatchThread.pumpEventsForFilter(ILjava/awt/Conditional;Ljava/awt/EventFilter;)V+35
j  java.awt.EventDispatchThread.pumpEventsForHierarchy(ILjava/awt/Conditional;Ljava/awt/Component;)V+11
j  java.awt.EventDispatchThread.pumpEvents(ILjava/awt/Conditional;)V+4
j  java.awt.EventDispatchThread.pumpEvents(Ljava/awt/Conditional;)V+3
j  java.awt.EventDispatchThread.run()V+9
v  ~StubRoutines::call_stub

---------------  P R O C E S S  ---------------

Java Threads: ( => current thread )
  0x0000000019577800 JavaThread "Direct Clip" daemon [_thread_blocked, id=11692, stack(0x000000001c3f0000,0x000000001c4f0000)]
  0x0000000019578800 JavaThread "Direct Clip" daemon [_thread_blocked, id=15096, stack(0x00000000200c0000,0x00000000201c0000)]
  0x000000001957a000 JavaThread "Direct Clip" daemon [_thread_blocked, id=4072, stack(0x000000001fa60000,0x000000001fb60000)]
  0x0000000019579000 JavaThread "Direct Clip" daemon [_thread_blocked, id=10276, stack(0x000000001cf40000,0x000000001d040000)]
  0x000000001957a800 JavaThread "Thread-13" [_thread_blocked, id=8204, stack(0x000000001c930000,0x000000001ca30000)]
  0x0000000019574800 JavaThread "Thread-12" [_thread_blocked, id=11408, stack(0x000000001bb20000,0x000000001bc20000)]
  0x0000000019577000 JavaThread "Thread-11" [_thread_blocked, id=2192, stack(0x000000001b500000,0x000000001b600000)]
  0x0000000019575800 JavaThread "Direct Clip" daemon [_thread_blocked, id=9452, stack(0x000000001a4f0000,0x000000001a5f0000)]
  0x0000000019576000 JavaThread "Direct Clip" daemon [_thread_blocked, id=1984, stack(0x000000001bc80000,0x000000001bd80000)]
  0x0000000017702800 JavaThread "Thread-8" [_thread_blocked, id=12560, stack(0x000000001c0d0000,0x000000001c1d0000)]
  0x0000000017701800 JavaThread "Thread-7" [_thread_blocked, id=9148, stack(0x000000001bfd0000,0x000000001c0d0000)]
  0x0000000017703000 JavaThread "Thread-6" [_thread_blocked, id=7016, stack(0x000000001bed0000,0x000000001bfd0000)]
  0x00000000176fe000 JavaThread "Thread-5" [_thread_blocked, id=14084, stack(0x000000001bdd0000,0x000000001bed0000)]
  0x0000000017701000 JavaThread "Direct Clip" daemon [_thread_blocked, id=14668, stack(0x000000001b600000,0x000000001b700000)]
  0x00000000176fe800 JavaThread "D3D Screen Updater" daemon [_thread_blocked, id=9276, stack(0x000000001cc40000,0x000000001cd40000)]
  0x00000000176fd000 JavaThread "Direct Clip" daemon [_thread_blocked, id=1600, stack(0x000000001b3f0000,0x000000001b4f0000)]
  0x00000000176fc800 JavaThread "Java Sound Event Dispatcher" daemon [_thread_blocked, id=4080, stack(0x000000001aff0000,0x000000001b0f0000)]
  0x00000000021ed800 JavaThread "DestroyJavaVM" [_thread_blocked, id=11080, stack(0x00000000021f0000,0x00000000022f0000)]
=>0x00000000174cd800 JavaThread "AWT-EventQueue-0" [_thread_in_native, id=1580, stack(0x00000000190d0000,0x00000000191d0000)]
  0x0000000017403000 JavaThread "AWT-Windows" daemon [_thread_in_native, id=3624, stack(0x0000000017fc0000,0x00000000180c0000)]
  0x0000000017400800 JavaThread "AWT-Shutdown" [_thread_blocked, id=13688, stack(0x0000000017ec0000,0x0000000017fc0000)]
  0x00000000170ee000 JavaThread "Java2D Disposer" daemon [_thread_blocked, id=8896, stack(0x0000000017dc0000,0x0000000017ec0000)]
  0x0000000016cf7800 JavaThread "Service Thread" daemon [_thread_blocked, id=8900, stack(0x00000000170f0000,0x00000000171f0000)]
  0x00000000153fc800 JavaThread "C1 CompilerThread2" daemon [_thread_blocked, id=13912, stack(0x0000000016bf0000,0x0000000016cf0000)]
  0x00000000153f9000 JavaThread "C2 CompilerThread1" daemon [_thread_blocked, id=13044, stack(0x0000000016af0000,0x0000000016bf0000)]
  0x000000001539a000 JavaThread "C2 CompilerThread0" daemon [_thread_blocked, id=1276, stack(0x00000000169f0000,0x0000000016af0000)]
  0x0000000015399000 JavaThread "Attach Listener" daemon [_thread_blocked, id=14424, stack(0x00000000168f0000,0x00000000169f0000)]
  0x00000000153a6800 JavaThread "Signal Dispatcher" daemon [_thread_blocked, id=13452, stack(0x00000000167f0000,0x00000000168f0000)]
  0x000000000240a800 JavaThread "Finalizer" daemon [_thread_blocked, id=14764, stack(0x00000000165f0000,0x00000000166f0000)]
  0x0000000002402000 JavaThread "Reference Handler" daemon [_thread_blocked, id=4856, stack(0x00000000164f0000,0x00000000165f0000)]

Other Threads:
  0x0000000015366800 VMThread [stack: 0x00000000163f0000,0x00000000164f0000] [id=11220]
  0x0000000016cf8800 WatcherThread [stack: 0x00000000172f0000,0x00000000173f0000] [id=12108]

VM state:not at safepoint (normal execution)

VM Mutex/Monitor currently owned by a thread: None

heap address: 0x00000000b1000000, size: 1264 MB, Compressed Oops mode: 32-bit
Narrow klass base: 0x0000000000000000, Narrow klass shift: 3
Compressed class space size: 1073741824 Address: 0x0000000100000000

Heap:
 PSYoungGen      total 70656K, used 9067K [0x00000000e5b00000, 0x00000000ea300000, 0x0000000100000000)
  eden space 67584K, 12% used [0x00000000e5b00000,0x00000000e62fe8b0,0x00000000e9d00000)
  from space 3072K, 28% used [0x00000000ea000000,0x00000000ea0dc4d0,0x00000000ea300000)
  to   space 3072K, 0% used [0x00000000e9d00000,0x00000000e9d00000,0x00000000ea000000)
 ParOldGen       total 130560K, used 48605K [0x00000000b1000000, 0x00000000b8f80000, 0x00000000e5b00000)
  object space 130560K, 37% used [0x00000000b1000000,0x00000000b3f775f0,0x00000000b8f80000)
 Metaspace       used 17707K, capacity 17936K, committed 18304K, reserved 1064960K
  class space    used 2040K, capacity 2117K, committed 2176K, reserved 1048576K

Card table byte_map: [0x00000000117d0000,0x0000000011a50000] byte_map_base: 0x0000000011248000

Marking Bits: (ParMarkBitMap*) 0x000000005332af90
 Begin Bits: [0x0000000012000000, 0x00000000133c0000)
 End Bits:   [0x00000000133c0000, 0x0000000014780000)

Polling page: 0x0000000000910000

CodeCache: size=245760Kb used=6450Kb max_used=6846Kb free=239309Kb
 bounds [0x0000000002410000, 0x0000000002ad0000, 0x0000000011410000]
 total_blobs=2478 nmethods=1695 adapters=696
 compilation: enabled

Compilation events (10 events):
Event: 108.606 Thread 0x00000000153fc800 nmethod 1818 0x0000000002525ad0 code [0x0000000002525c20, 0x0000000002525eb0]
Event: 108.607 Thread 0x00000000153fc800 1819   !   3       java.awt.AWTEvent::dispatched (47 bytes)
Event: 108.608 Thread 0x00000000153fc800 nmethod 1819 0x000000000271fa10 code [0x000000000271fc00, 0x0000000002720638]
Event: 108.608 Thread 0x00000000153fc800 1821       1       java.nio.charset.CharsetDecoder::charset (5 bytes)
Event: 108.609 Thread 0x00000000153fc800 nmethod 1821 0x0000000002767550 code [0x00000000027676a0, 0x00000000027677b0]
Event: 108.610 Thread 0x00000000153fc800 1822       3       java.io.FileInputStream::read (5 bytes)
Event: 108.610 Thread 0x00000000153fc800 nmethod 1822 0x00000000026a4210 code [0x00000000026a4380, 0x00000000026a4508]
Event: 108.615 Thread 0x00000000153fc800 1824       3       java.awt.Container::postProcessKeyEvent (15 bytes)
Event: 108.616 Thread 0x00000000153fc800 nmethod 1824 0x000000000271dc10 code [0x000000000271dd80, 0x000000000271dfe8]
Event: 108.641 Thread 0x000000001539a000 nmethod 1820 0x00000000026ef5d0 code [0x00000000026ef760, 0x00000000026f0298]

GC Heap History (10 events):
Event: 3.028 GC heap before
{Heap before GC invocations=2 (full 0):
 PSYoungGen      total 24064K, used 24058K [0x00000000e5b00000, 0x00000000e8a00000, 0x0000000100000000)
  eden space 20992K, 100% used [0x00000000e5b00000,0x00000000e6f80000,0x00000000e6f80000)
  from space 3072K, 99% used [0x00000000e6f80000,0x00000000e727ead8,0x00000000e7280000)
  to   space 3072K, 0% used [0x00000000e8700000,0x00000000e8700000,0x00000000e8a00000)
 ParOldGen       total 54784K, used 8262K [0x00000000b1000000, 0x00000000b4580000, 0x00000000e5b00000)
  object space 54784K, 15% used [0x00000000b1000000,0x00000000b1811bf8,0x00000000b4580000)
 Metaspace       used 13550K, capacity 13828K, committed 13952K, reserved 1060864K
  class space    used 1532K, capacity 1629K, committed 1664K, reserved 1048576K
Event: 3.049 GC heap after
Heap after GC invocations=2 (full 0):
 PSYoungGen      total 45056K, used 2752K [0x00000000e5b00000, 0x00000000e8a00000, 0x0000000100000000)
  eden space 41984K, 0% used [0x00000000e5b00000,0x00000000e5b00000,0x00000000e8400000)
  from space 3072K, 89% used [0x00000000e8700000,0x00000000e89b0000,0x00000000e8a00000)
  to   space 3072K, 0% used [0x00000000e8400000,0x00000000e8400000,0x00000000e8700000)
 ParOldGen       total 54784K, used 32571K [0x00000000b1000000, 0x00000000b4580000, 0x00000000e5b00000)
  object space 54784K, 59% used [0x00000000b1000000,0x00000000b2fcec28,0x00000000b4580000)
 Metaspace       used 13550K, capacity 13828K, committed 13952K, reserved 1060864K
  class space    used 1532K, capacity 1629K, committed 1664K, reserved 1048576K
}
Event: 3.049 GC heap before
{Heap before GC invocations=3 (full 1):
 PSYoungGen      total 45056K, used 2752K [0x00000000e5b00000, 0x00000000e8a00000, 0x0000000100000000)
  eden space 41984K, 0% used [0x00000000e5b00000,0x00000000e5b00000,0x00000000e8400000)
  from space 3072K, 89% used [0x00000000e8700000,0x00000000e89b0000,0x00000000e8a00000)
  to   space 3072K, 0% used [0x00000000e8400000,0x00000000e8400000,0x00000000e8700000)
 ParOldGen       total 54784K, used 32571K [0x00000000b1000000, 0x00000000b4580000, 0x00000000e5b00000)
  object space 54784K, 59% used [0x00000000b1000000,0x00000000b2fcec28,0x00000000b4580000)
 Metaspace       used 13550K, capacity 13828K, committed 13952K, reserved 1060864K
  class space    used 1532K, capacity 1629K, committed 1664K, reserved 1048576K
Event: 3.089 GC heap after
Heap after GC invocations=3 (full 1):
 PSYoungGen      total 45056K, used 0K [0x00000000e5b00000, 0x00000000e8a00000, 0x0000000100000000)
  eden space 41984K, 0% used [0x00000000e5b00000,0x00000000e5b00000,0x00000000e8400000)
  from space 3072K, 0% used [0x00000000e8700000,0x00000000e8700000,0x00000000e8a00000)
  to   space 3072K, 0% used [0x00000000e8400000,0x00000000e8400000,0x00000000e8700000)
 ParOldGen       total 75776K, used 19013K [0x00000000b1000000, 0x00000000b5a00000, 0x00000000e5b00000)
  object space 75776K, 25% used [0x00000000b1000000,0x00000000b22916b8,0x00000000b5a00000)
 Metaspace       used 13550K, capacity 13828K, committed 13952K, reserved 1060864K
  class space    used 1532K, capacity 1629K, committed 1664K, reserved 1048576K
}
Event: 10.008 GC heap before
{Heap before GC invocations=4 (full 1):
 PSYoungGen      total 45056K, used 41634K [0x00000000e5b00000, 0x00000000e8a00000, 0x0000000100000000)
  eden space 41984K, 99% used [0x00000000e5b00000,0x00000000e83a8bc8,0x00000000e8400000)
  from space 3072K, 0% used [0x00000000e8700000,0x00000000e8700000,0x00000000e8a00000)
  to   space 3072K, 0% used [0x00000000e8400000,0x00000000e8400000,0x00000000e8700000)
 ParOldGen       total 75776K, used 19013K [0x00000000b1000000, 0x00000000b5a00000, 0x00000000e5b00000)
  object space 75776K, 25% used [0x00000000b1000000,0x00000000b22916b8,0x00000000b5a00000)
 Metaspace       used 17008K, capacity 17226K, committed 17536K, reserved 1064960K
  class space    used 1989K, capacity 2052K, committed 2176K, reserved 1048576K
Event: 10.045 GC heap after
Heap after GC invocations=4 (full 1):
 PSYoungGen      total 45056K, used 3051K [0x00000000e5b00000, 0x00000000ea300000, 0x0000000100000000)
  eden space 41984K, 0% used [0x00000000e5b00000,0x00000000e5b00000,0x00000000e8400000)
  from space 3072K, 99% used [0x00000000e8400000,0x00000000e86fad30,0x00000000e8700000)
  to   space 3072K, 0% used [0x00000000ea000000,0x00000000ea000000,0x00000000ea300000)
 ParOldGen       total 75776K, used 60280K [0x00000000b1000000, 0x00000000b5a00000, 0x00000000e5b00000)
  object space 75776K, 79% used [0x00000000b1000000,0x00000000b4ade200,0x00000000b5a00000)
 Metaspace       used 17008K, capacity 17226K, committed 17536K, reserved 1064960K
  class space    used 1989K, capacity 2052K, committed 2176K, reserved 1048576K
}
Event: 10.045 GC heap before
{Heap before GC invocations=5 (full 2):
 PSYoungGen      total 45056K, used 3051K [0x00000000e5b00000, 0x00000000ea300000, 0x0000000100000000)
  eden space 41984K, 0% used [0x00000000e5b00000,0x00000000e5b00000,0x00000000e8400000)
  from space 3072K, 99% used [0x00000000e8400000,0x00000000e86fad30,0x00000000e8700000)
  to   space 3072K, 0% used [0x00000000ea000000,0x00000000ea000000,0x00000000ea300000)
 ParOldGen       total 75776K, used 60280K [0x00000000b1000000, 0x00000000b5a00000, 0x00000000e5b00000)
  object space 75776K, 79% used [0x00000000b1000000,0x00000000b4ade200,0x00000000b5a00000)
 Metaspace       used 17008K, capacity 17226K, committed 17536K, reserved 1064960K
  class space    used 1989K, capacity 2052K, committed 2176K, reserved 1048576K
Event: 10.091 GC heap after
Heap after GC invocations=5 (full 2):
 PSYoungGen      total 45056K, used 0K [0x00000000e5b00000, 0x00000000ea300000, 0x0000000100000000)
  eden space 41984K, 0% used [0x00000000e5b00000,0x00000000e5b00000,0x00000000e8400000)
  from space 3072K, 0% used [0x00000000e8400000,0x00000000e8400000,0x00000000e8700000)
  to   space 3072K, 0% used [0x00000000ea000000,0x00000000ea000000,0x00000000ea300000)
 ParOldGen       total 130560K, used 43197K [0x00000000b1000000, 0x00000000b8f80000, 0x00000000e5b00000)
  object space 130560K, 33% used [0x00000000b1000000,0x00000000b3a2f5d0,0x00000000b8f80000)
 Metaspace       used 17008K, capacity 17226K, committed 17536K, reserved 1064960K
  class space    used 1989K, capacity 2052K, committed 2176K, reserved 1048576K
}
Event: 70.744 GC heap before
{Heap before GC invocations=6 (full 2):
 PSYoungGen      total 45056K, used 41984K [0x00000000e5b00000, 0x00000000ea300000, 0x0000000100000000)
  eden space 41984K, 100% used [0x00000000e5b00000,0x00000000e8400000,0x00000000e8400000)
  from space 3072K, 0% used [0x00000000e8400000,0x00000000e8400000,0x00000000e8700000)
  to   space 3072K, 0% used [0x00000000ea000000,0x00000000ea000000,0x00000000ea300000)
 ParOldGen       total 130560K, used 43197K [0x00000000b1000000, 0x00000000b8f80000, 0x00000000e5b00000)
  object space 130560K, 33% used [0x00000000b1000000,0x00000000b3a2f5d0,0x00000000b8f80000)
 Metaspace       used 17454K, capacity 17680K, committed 18048K, reserved 1064960K
  class space    used 2025K, capacity 2117K, committed 2176K, reserved 1048576K
Event: 70.752 GC heap after
Heap after GC invocations=6 (full 2):
 PSYoungGen      total 70656K, used 881K [0x00000000e5b00000, 0x00000000ea300000, 0x0000000100000000)
  eden space 67584K, 0% used [0x00000000e5b00000,0x00000000e5b00000,0x00000000e9d00000)
  from space 3072K, 28% used [0x00000000ea000000,0x00000000ea0dc4d0,0x00000000ea300000)
  to   space 3072K, 0% used [0x00000000e9d00000,0x00000000e9d00000,0x00000000ea000000)
 ParOldGen       total 130560K, used 48605K [0x00000000b1000000, 0x00000000b8f80000, 0x00000000e5b00000)
  object space 130560K, 37% used [0x00000000b1000000,0x00000000b3f775f0,0x00000000b8f80000)
 Metaspace       used 17454K, capacity 17680K, committed 18048K, reserved 1064960K
  class space    used 2025K, capacity 2117K, committed 2176K, reserved 1048576K
}

Deoptimization events (6 events):
Event: 2.956 Thread 0x00000000176ff800 Uncommon trap: reason=unstable_if action=reinterpret pc=0x00000000026ec718 method=sun.awt.image.ImageRepresentation.getOpaqueRGBImage()Ljava/awt/image/BufferedImage; @ 57
Event: 3.135 Thread 0x00000000176ff800 Uncommon trap: reason=unstable_if action=reinterpret pc=0x00000000026f9e14 method=sun.awt.image.PNGFilterInputStream.read([BII)I @ 30
Event: 3.135 Thread 0x00000000176ff800 Uncommon trap: reason=unstable_if action=reinterpret pc=0x00000000026f57f0 method=sun.awt.image.ImageRepresentation.getOpaqueRGBImage()Ljava/awt/image/BufferedImage; @ 71
Event: 3.954 Thread 0x00000000174cd800 Uncommon trap: reason=unstable_if action=reinterpret pc=0x000000000277ecf0 method=java.io.WinNTFileSystem.normalize(Ljava/lang/String;)Ljava/lang/String; @ 40
Event: 10.166 Thread 0x00000000174cd800 Uncommon trap: reason=unstable_if action=reinterpret pc=0x00000000028d0f6c method=com.sun.opengl.impl.mipmap.ScaleInternal.scale_internal_ubyte(IIILjava/nio/ByteBuffer;IILjava/nio/ByteBuffer;III)V @ 286
Event: 14.708 Thread 0x00000000174cd800 Uncommon trap: reason=predicate action=maybe_recompile pc=0x00000000028eb818 method=com.sun.opengl.impl.mipmap.ScaleInternal.scale_internal_ubyte(IIILjava/nio/ByteBuffer;IILjava/nio/ByteBuffer;III)V @ 153

Classes redefined (0 events):
No events

Internal exceptions (10 events):
Event: 1.786 Thread 0x00000000021ed800 Exception <a 'java/lang/ClassNotFoundException': javax/swing/JTreeCell> (0x00000000e61ea758) thrown at [C:\jenkins\workspace\8-2-build-windows-amd64-cygwin\jdk8u251\737\hotspot\src\share\vm\classfile\systemDictionary.cpp, line 210]
Event: 1.787 Thread 0x00000000021ed800 Exception <a 'java/lang/ClassNotFoundException': TreeCell> (0x00000000e61eabe0) thrown at [C:\jenkins\workspace\8-2-build-windows-amd64-cygwin\jdk8u251\737\hotspot\src\share\vm\classfile\systemDictionary.cpp, line 210]
Event: 1.787 Thread 0x00000000021ed800 Exception <a 'java/lang/ClassNotFoundException': RootPane> (0x00000000e61eb458) thrown at [C:\jenkins\workspace\8-2-build-windows-amd64-cygwin\jdk8u251\737\hotspot\src\share\vm\classfile\systemDictionary.cpp, line 210]
Event: 11.238 Thread 0x00000000174cd800 Exception <a 'javax/media/opengl/GLException'> (0x00000000e6221ae0) thrown at [C:\jenkins\workspace\8-2-build-windows-amd64-cygwin\jdk8u251\737\hotspot\src\share\vm\prims\jvm.cpp, line 1506]
Event: 11.239 Thread 0x00000000174cd800 Exception <a 'javax/media/opengl/GLException'> (0x00000000e6222d68) thrown at [C:\jenkins\workspace\8-2-build-windows-amd64-cygwin\jdk8u251\737\hotspot\src\share\vm\prims\jvm.cpp, line 1506]
Event: 11.562 Thread 0x00000000174cd800 Exception <a 'javax/media/opengl/GLException'> (0x00000000e622a8f0) thrown at [C:\jenkins\workspace\8-2-build-windows-amd64-cygwin\jdk8u251\737\hotspot\src\share\vm\prims\jvm.cpp, line 1506]
Event: 11.689 Thread 0x00000000174cd800 Exception <a 'javax/media/opengl/GLException'> (0x00000000e622d1f0) thrown at [C:\jenkins\workspace\8-2-build-windows-amd64-cygwin\jdk8u251\737\hotspot\src\share\vm\prims\jvm.cpp, line 1506]
Event: 12.914 Thread 0x00000000174cd800 Exception <a 'javax/media/opengl/GLException'> (0x00000000e6304950) thrown at [C:\jenkins\workspace\8-2-build-windows-amd64-cygwin\jdk8u251\737\hotspot\src\share\vm\prims\jvm.cpp, line 1506]
Event: 13.141 Thread 0x00000000174cd800 Exception <a 'javax/media/opengl/GLException'> (0x00000000e630acf8) thrown at [C:\jenkins\workspace\8-2-build-windows-amd64-cygwin\jdk8u251\737\hotspot\src\share\vm\prims\jvm.cpp, line 1506]
Event: 13.315 Thread 0x00000000174cd800 Exception <a 'javax/media/opengl/GLException'> (0x00000000e630fc90) thrown at [C:\jenkins\workspace\8-2-build-windows-amd64-cygwin\jdk8u251\737\hotspot\src\share\vm\prims\jvm.cpp, line 1506]

Events (10 events):
Event: 106.495 Thread 0x00000000153fc800 flushing nmethod 0x000000000279c0d0
Event: 107.492 Thread 0x00000000153fc800 flushing nmethod 0x00000000027fc090
Event: 107.492 Thread 0x00000000153fc800 flushing nmethod 0x00000000027fdf90
Event: 108.611 Thread 0x0000000019577800 Thread added: 0x0000000019577800
Event: 108.611 Executing VM operation: BulkRevokeBias
Event: 108.612 Executing VM operation: BulkRevokeBias done
Event: 108.612 Executing VM operation: RevokeBias
Event: 108.612 Executing VM operation: RevokeBias done
Event: 108.613 Executing VM operation: RevokeBias
Event: 108.613 Executing VM operation: RevokeBias done


Dynamic libraries:
0x00007ff7b1350000 - 0x00007ff7b1387000 	C:\Program Files\Java\jdk1.8.0_251\jre\bin\java.exe
0x00007ff9b74c0000 - 0x00007ff9b766d000 	C:\Windows\SYSTEM32\ntdll.dll
0x00007ff9b6ce0000 - 0x00007ff9b6e1f000 	C:\Windows\system32\KERNEL32.DLL
0x00007ff9a6950000 - 0x00007ff9a6963000 	C:\Program Files\AVAST Software\Avast\aswhook.dll
0x00007ff9b49a0000 - 0x00007ff9b4ab5000 	C:\Windows\system32\KERNELBASE.dll
0x00007ff9b31b0000 - 0x00007ff9b323e000 	C:\Windows\system32\apphelp.dll
0x00007ff9ace50000 - 0x00007ff9acea5000 	C:\Windows\AppPatch\AppPatch64\AcGenral.DLL
0x00007ff9b6c30000 - 0x00007ff9b6cda000 	C:\Windows\system32\msvcrt.dll
0x00007ff9b4ac0000 - 0x00007ff9b4aee000 	C:\Windows\system32\SspiCli.dll
0x00007ff9b4c20000 - 0x00007ff9b4c74000 	C:\Windows\system32\SHLWAPI.dll
0x00007ff9b7340000 - 0x00007ff9b74b7000 	C:\Windows\system32\USER32.dll
0x00007ff9b71a0000 - 0x00007ff9b7334000 	C:\Windows\system32\ole32.dll
0x00007ff9b54f0000 - 0x00007ff9b6a1a000 	C:\Windows\system32\SHELL32.dll
0x00007ff9b3bb0000 - 0x00007ff9b3bd1000 	C:\Windows\SYSTEM32\USERENV.dll
0x00007ff9b5440000 - 0x00007ff9b54ea000 	C:\Windows\system32\ADVAPI32.dll
0x00007ff9aea00000 - 0x00007ff9aea1e000 	C:\Windows\SYSTEM32\MPR.dll
0x00007ff9b52b0000 - 0x00007ff9b53f0000 	C:\Windows\system32\RPCRT4.dll
0x00007ff9b7130000 - 0x00007ff9b7189000 	C:\Windows\SYSTEM32\sechost.dll
0x00007ff9b6a20000 - 0x00007ff9b6c30000 	C:\Windows\SYSTEM32\combase.dll
0x00007ff9b4cf0000 - 0x00007ff9b4e3c000 	C:\Windows\system32\GDI32.dll
0x00007ff9b45f0000 - 0x00007ff9b4605000 	C:\Windows\SYSTEM32\profapi.dll
0x00007ff9b2be0000 - 0x00007ff9b2c92000 	C:\Windows\SYSTEM32\SHCORE.dll
0x00007ff9b5400000 - 0x00007ff9b5436000 	C:\Windows\system32\IMM32.DLL
0x00007ff9b4e40000 - 0x00007ff9b4f92000 	C:\Windows\system32\MSCTF.dll
0x00007ff9b2070000 - 0x00007ff9b22eb000 	C:\Windows\WinSxS\amd64_microsoft.windows.common-controls_6595b64144ccf1df_6.0.9600.19394_none_62486577ecb635cf\COMCTL32.dll
0x00000000535b0000 - 0x0000000053682000 	C:\Program Files\Java\jdk1.8.0_251\jre\bin\msvcr100.dll
0x0000000052b00000 - 0x00000000533ab000 	C:\Program Files\Java\jdk1.8.0_251\jre\bin\server\jvm.dll
0x00007ff9acff0000 - 0x00007ff9acff9000 	C:\Windows\SYSTEM32\WSOCK32.dll
0x00007ff9b1580000 - 0x00007ff9b15a2000 	C:\Windows\SYSTEM32\WINMM.dll
0x00007ff9ac0c0000 - 0x00007ff9ac0ca000 	C:\Windows\SYSTEM32\VERSION.dll
0x00007ff9b4c80000 - 0x00007ff9b4c87000 	C:\Windows\system32\PSAPI.DLL
0x00007ff9b4c90000 - 0x00007ff9b4cea000 	C:\Windows\system32\WS2_32.dll
0x00007ff9b1540000 - 0x00007ff9b156a000 	C:\Windows\SYSTEM32\WINMMBASE.dll
0x00007ff9b7190000 - 0x00007ff9b7199000 	C:\Windows\system32\NSI.dll
0x00007ff9b46c0000 - 0x00007ff9b470f000 	C:\Windows\SYSTEM32\cfgmgr32.dll
0x00007ff9b3410000 - 0x00007ff9b3438000 	C:\Windows\SYSTEM32\DEVOBJ.dll
0x00007ff9af290000 - 0x00007ff9af29f000 	C:\Program Files\Java\jdk1.8.0_251\jre\bin\verify.dll
0x00007ff9ae450000 - 0x00007ff9ae479000 	C:\Program Files\Java\jdk1.8.0_251\jre\bin\java.dll
0x00007ff9a9220000 - 0x00007ff9a9236000 	C:\Program Files\Java\jdk1.8.0_251\jre\bin\zip.dll
0x00007ff98c210000 - 0x00007ff98c3aa000 	C:\Program Files\Java\jdk1.8.0_251\jre\bin\awt.dll
0x00007ff9b5160000 - 0x00007ff9b5227000 	C:\Windows\system32\OLEAUT32.dll
0x00007ff9b27c0000 - 0x00007ff9b27e1000 	C:\Windows\system32\DWMAPI.DLL
0x00007ff9b3280000 - 0x00007ff9b33a9000 	C:\Windows\system32\uxtheme.dll
0x00007ff98c0e0000 - 0x00007ff98c20b000 	C:\Windows\system32\opengl32.dll
0x00007ff9a1240000 - 0x00007ff9a126e000 	C:\Windows\SYSTEM32\GLU32.dll
0x00007ff9a2280000 - 0x00007ff9a2378000 	C:\Windows\SYSTEM32\DDRAW.dll
0x00007ff9a6940000 - 0x00007ff9a6949000 	C:\Windows\SYSTEM32\DCIMAN32.dll
0x00007ff9b3400000 - 0x00007ff9b340b000 	C:\Windows\SYSTEM32\kernel.appcore.dll
0x00007ff9b44c0000 - 0x00007ff9b44cb000 	C:\Windows\SYSTEM32\CRYPTBASE.dll
0x00007ff9b4450000 - 0x00007ff9b44b3000 	C:\Windows\SYSTEM32\bcryptPrimitives.dll
0x00007ff99a290000 - 0x00007ff99a4b1000 	C:\Windows\system32\d3d9.dll
0x00007ff9b1210000 - 0x00007ff9b146f000 	C:\Windows\SYSTEM32\d3d10warp.dll
0x00007ff9a0f60000 - 0x00007ff9a0fa9000 	C:\Program Files\Java\jdk1.8.0_251\jre\bin\fontmanager.dll
0x00000000191d0000 - 0x000000001922a000 	C:\Users\Alan\AppData\Roaming\NetBeans\8.2\jogl-runtime\jogl.jar-natives-windows-amd64\jogl.dll
0x0000000052a30000 - 0x0000000052af9000 	C:\Windows\WinSxS\amd64_microsoft.vc80.crt_1fc8b3b9a1e18e3b_8.0.50727.8428_none_88dcdb0b2fb19957\MSVCR80.dll
0x00007ff9a26f0000 - 0x00007ff9a2721000 	C:\Program Files\Java\jdk1.8.0_251\jre\bin\jpeg.dll
0x00007ff9a77d0000 - 0x00007ff9a77ea000 	C:\Program Files\Java\jdk1.8.0_251\jre\bin\net.dll
0x00007ff9b3e20000 - 0x00007ff9b3e79000 	C:\Windows\system32\mswsock.dll
0x00007ff9a1270000 - 0x00007ff9a1282000 	C:\Program Files\Java\jdk1.8.0_251\jre\bin\nio.dll
0x00007ff9a0f10000 - 0x00007ff9a0f52000 	C:\Program Files\Java\jdk1.8.0_251\jre\bin\t2k.dll
0x00007ff9a9250000 - 0x00007ff9a925c000 	C:\Program Files\Java\jdk1.8.0_251\jre\bin\jsound.dll
0x00007ff9a9240000 - 0x00007ff9a924b000 	C:\Program Files\Java\jdk1.8.0_251\jre\bin\jsoundds.dll
0x00007ff9a1840000 - 0x00007ff9a18dd000 	C:\Windows\SYSTEM32\DSOUND.dll
0x00007ff9b4590000 - 0x00007ff9b45d6000 	C:\Windows\SYSTEM32\POWRPROF.dll
0x00007ff9b1eb0000 - 0x00007ff9b1f20000 	C:\Windows\SYSTEM32\MMDevAPI.DLL
0x00007ff99f820000 - 0x00007ff99f85e000 	C:\Windows\SYSTEM32\wdmaud.drv
0x00007ff9b0f10000 - 0x00007ff9b0f18000 	C:\Windows\SYSTEM32\ksuser.dll
0x00007ff9b1de0000 - 0x00007ff9b1dec000 	C:\Windows\SYSTEM32\AVRT.dll
0x00007ff9a80e0000 - 0x00007ff9a815e000 	C:\Windows\SYSTEM32\AUDIOSES.DLL
0x00007ff99f810000 - 0x00007ff99f81b000 	C:\Windows\SYSTEM32\msacm32.drv
0x00007ff99f7f0000 - 0x00007ff99f80c000 	C:\Windows\SYSTEM32\MSACM32.dll
0x00007ff99f7e0000 - 0x00007ff99f7ea000 	C:\Windows\SYSTEM32\midimap.dll
0x00007ff9b4b50000 - 0x00007ff9b4c06000 	C:\Windows\SYSTEM32\clbcatq.dll
0x00007ff9a9210000 - 0x00007ff9a9217000 	C:\Program Files\Java\jdk1.8.0_251\jre\bin\jawt.dll
0x000000001c3d0000 - 0x000000001c3d7000 	C:\Users\Alan\AppData\Roaming\NetBeans\8.2\jogl-runtime\jogl.jar-natives-windows-amd64\jogl_awt.dll
0x00007ff9a2380000 - 0x00007ff9a23be000 	C:\Program Files\Java\jdk1.8.0_251\jre\bin\lcms.dll
0x00007ff9ab8a0000 - 0x00007ff9aba29000 	C:\Windows\SYSTEM32\dbghelp.dll

VM Arguments:
jvm_args: -Dfile.encoding=Cp1252 -Djava.library.path=C:\Users\Alan\AppData\Roaming\NetBeans\8.2\jogl-runtime\jogl.jar-natives-windows-amd64;C:\Users\Alan\AppData\Roaming\NetBeans\8.2\gluegen-runtime\gluegen-rt.jar-natives-windows-amd64 
java_command: pantallas.Inicio
java_class_path (initial): C:\Users\Alan\AppData\Roaming\NetBeans\8.2\gluegen-runtime\gluegen-rt.jar;C:\Users\Alan\AppData\Roaming\NetBeans\8.2\jogl-runtime\jogl.jar;C:\Program Files\NetBeans 8.2\java\modules\ext\AbsoluteLayout.jar;C:\Users\Alan\Documents\GitHub\GraphicationGame\Actual\Poryecto con pantallas\JuegoV4\build\classes
Launcher Type: SUN_STANDARD

Environment Variables:
PATH=C:\Program Files (x86)\Common Files\Oracle\Java\javapath;C:\ProgramData\Oracle\Java\javapath;C:\Windows\system32;C:\Windows;C:\Windows\System32\Wbem;C:\Windows\System32\WindowsPowerShell\v1.0\;C:\Program Files (x86)\Microchip\MPLAB C32 Suite\bin;C:\PROGRA~2\PICC;C:\Program Files\Common Files\Autodesk Shared\;C:\Program Files\MySQL\MySQL Shell 8.0\bin\
USERNAME=Alan
OS=Windows_NT
PROCESSOR_IDENTIFIER=AMD64 Family 22 Model 48 Stepping 1, AuthenticAMD



---------------  S Y S T E M  ---------------

OS: Windows 8.1 , 64 bit Build 9600 (6.3.9600.19538)

CPU:total 4 (initial active 4) (4 cores per cpu, 1 threads per core) family 22 model 48 stepping 1, cmov, cx8, fxsr, mmx, sse, sse2, sse3, ssse3, sse4.1, sse4.2, popcnt, avx, aes, clmul, mmxext, 3dnowpref, lzcnt, sse4a, tsc, tscinvbit, tscinv, bmi1

Memory: 4k page, physical 5176816k(1151104k free), swap 12516848k(4720132k free)

vm_info: Java HotSpot(TM) 64-Bit Server VM (25.251-b08) for windows-amd64 JRE (1.8.0_251-b08), built on Mar 12 2020 06:31:49 by "" with MS VC++ 10.0 (VS2010)

time: Tue Jun 09 09:48:35 2020
timezone: Hora de verano central (México)
elapsed time: 108 seconds (0d 0h 1m 48s)

