#
# A fatal error has been detected by the Java Runtime Environment:
#
#  EXCEPTION_ACCESS_VIOLATION (0xc0000005) at pc=0x00007ff98c197693, pid=7576, tid=0x0000000000001104
#
# JRE version: Java(TM) SE Runtime Environment (8.0_251-b08) (build 1.8.0_251-b08)
# Java VM: Java HotSpot(TM) 64-Bit Server VM (25.251-b08 mixed mode windows-amd64 compressed oops)
# Problematic frame:
# C  [opengl32.dll+0xb7693]
#
# Failed to write core dump. Minidumps are not enabled by default on client versions of Windows
#
# If you would like to submit a bug report, please visit:
#   http://bugreport.java.com/bugreport/crash.jsp
# The crash happened outside the Java Virtual Machine in native code.
# See problematic frame for where to report the bug.
#

---------------  T H R E A D  ---------------

Current thread (0x0000000017343800):  JavaThread "AWT-EventQueue-0" [_thread_in_native, id=4356, stack(0x0000000018e80000,0x0000000018f80000)]

siginfo: ExceptionCode=0xc0000005, reading address 0xfffffffe1b50d7c0

Registers:
RAX=0xffffffff80000000, RBX=0x000000001cc9f360, RCX=0x0000000000000000, RDX=0x000000001b9c1468
RSP=0x0000000018f7db60, RBP=0x000000001b9c53b0, RSI=0x0000000000000000, RDI=0x000000001bbd2290
R8 =0x000000001b50d7c0, R9 =0x000000001b9c1468, R10=0x000000001b9c14c8, R11=0x000000001bbd09b0
R12=0xffffffffffffffec, R13=0xfffffffffffffff0, R14=0xfffffffffffffff4, R15=0xffffffffffffffe8
RIP=0x00007ff98c197693, EFLAGS=0x0000000000010a06

Top of Stack: (sp=0x0000000018f7db60)
0x0000000018f7db60:   4d0a6088427b5426 42eb9ee44c0a609a
0x0000000018f7db70:   427b5426432cc9da 0000000041f4cccd
0x0000000018f7db80:   458a37eb3f713da2 0000000040f4cccd
0x0000000018f7db90:   000000001b50d7c0 00007ff98c1aba0c
0x0000000018f7dba0:   0000000000000000 0000000000000000
0x0000000018f7dbb0:   0000000000000000 0000000000000000
0x0000000018f7dbc0:   0000000000000000 0000000000000000
0x0000000018f7dbd0:   000000003f800000 0000000000000000
0x0000000018f7dbe0:   3fa999993d4ccccd 0000000000000000
0x0000000018f7dbf0:   000000003f800000 0000000000000000
0x0000000018f7dc00:   0000000000000000 0000000000000000
0x0000000018f7dc10:   000000003f800000 0000000000000000
0x0000000018f7dc20:   40088121e0000000 0000000000000000
0x0000000018f7dc30:   000000003b23d70a 0000000000000000
0x0000000018f7dc40:   000000001b9c5478 000000001b9c53b0
0x0000000018f7dc50:   000000001bbd09b0 000000001b9c13a0 

Instructions: (pc=0x00007ff98c197693)
0x00007ff98c197673:   04 f3 0f 11 1c 24 72 56 f3 0f 59 54 24 24 f3 41
0x00007ff98c197683:   0f 58 d7 f3 0f 2c c2 3d 00 01 00 00 7d 0a 48 98
0x00007ff98c197693:   f3 41 0f 10 14 80 eb 04 41 0f 28 d3 0f 28 c2 0f
0x00007ff98c1976a3:   28 ca f3 41 0f 59 d2 f3 41 0f 59 c0 f3 41 0f 59 


Register to memory mapping:

RAX=0xffffffff80000000 is an unknown value
RBX=0x000000001cc9f360 is an unknown value
RCX=0x0000000000000000 is an unknown value
RDX=0x000000001b9c1468 is an unknown value
RSP=0x0000000018f7db60 is pointing into the stack for thread: 0x0000000017343800
RBP=0x000000001b9c53b0 is an unknown value
RSI=0x0000000000000000 is an unknown value
RDI=0x000000001bbd2290 is an unknown value
R8 =0x000000001b50d7c0 is an unknown value
R9 =0x000000001b9c1468 is an unknown value
R10=0x000000001b9c14c8 is an unknown value
R11=0x000000001bbd09b0 is an unknown value
R12=0xffffffffffffffec is an unknown value
R13=0xfffffffffffffff0 is an unknown value
R14=0xfffffffffffffff4 is an unknown value
R15=0xffffffffffffffe8 is an unknown value


Stack: [0x0000000018e80000,0x0000000018f80000],  sp=0x0000000018f7db60,  free space=1014k
Native frames: (J=compiled Java code, j=interpreted, Vv=VM code, C=native code)
C  [opengl32.dll+0xb7693]
C  [opengl32.dll+0xae775]
C  [opengl32.dll+0xe19e2]
C  [opengl32.dll+0xe1855]
C  [opengl32.dll+0x2df84]
C  [opengl32.dll+0x1a6a5]
C  [jogl.dll+0x22cd]
C  0x000000000257c7b5

Java frames: (J=compiled Java code, j=interpreted, Vv=VM code)
J 1502  com.sun.opengl.impl.GLImpl.glBegin0(I)V (0 bytes) @ 0x000000000257c73b [0x000000000257c700+0x3b]
J 1739 C2 com.sun.opengl.impl.GLUquadricImpl.drawDisk(Ljavax/media/opengl/GL;FFII)V (868 bytes) @ 0x0000000002887630 [0x00000000028871a0+0x490]
J 1770 C1 javax.media.opengl.glu.GLU.gluDisk(Ljavax/media/opengl/glu/GLUquadric;DDII)V (20 bytes) @ 0x00000000025ad8d4 [0x00000000025ad420+0x4b4]
j  levels.DibujaB.palito(Ljavax/media/opengl/GL;Ljavax/media/opengl/glu/GLU;)V+113
j  levels.DibujaB.dibujaB(Ljavax/media/opengl/GL;)V+49
j  levels.levelThree.display(Ljavax/media/opengl/GLAutoDrawable;)V+512
j  com.sun.opengl.impl.GLDrawableHelper.display(Ljavax/media/opengl/GLAutoDrawable;)V+29
j  javax.media.opengl.GLCanvas$DisplayAction.run()V+80
J 1945 C1 com.sun.opengl.impl.GLDrawableHelper.invokeGL(Ljavax/media/opengl/GLDrawable;Ljavax/media/opengl/GLContext;Ljava/lang/Runnable;Ljava/lang/Runnable;)V (498 bytes) @ 0x000000000293162c [0x00000000029305e0+0x104c]
J 1951 C1 javax.media.opengl.GLCanvas$DisplayOnEventDispatchThreadAction.run()V (39 bytes) @ 0x00000000025d13a4 [0x00000000025d1280+0x124]
J 1253 C1 java.awt.event.InvocationEvent.dispatch()V (69 bytes) @ 0x00000000026d220c [0x00000000026d20c0+0x14c]
J 1230 C1 java.awt.EventQueue.dispatchEventImpl(Ljava/awt/AWTEvent;Ljava/lang/Object;)V (149 bytes) @ 0x0000000002543944 [0x0000000002541e80+0x1ac4]
J 1228 C1 java.awt.EventQueue$3.run()Ljava/lang/Void; (60 bytes) @ 0x0000000002544e0c [0x0000000002544c00+0x20c]
J 1227 C1 java.awt.EventQueue$3.run()Ljava/lang/Object; (5 bytes) @ 0x0000000002547e8c [0x0000000002547e00+0x8c]
v  ~StubRoutines::call_stub
J 671  java.security.AccessController.doPrivileged(Ljava/security/PrivilegedAction;Ljava/security/AccessControlContext;)Ljava/lang/Object; (0 bytes) @ 0x00000000025621e6 [0x0000000002562180+0x66]
J 1160 C1 java.awt.EventQueue.dispatchEvent(Ljava/awt/AWTEvent;)V (80 bytes) @ 0x000000000252f944 [0x000000000252efc0+0x984]
J 1162 C1 java.awt.EventDispatchThread.pumpOneEventForFilters(I)V (190 bytes) @ 0x000000000267f8cc [0x000000000267e780+0x114c]
j  java.awt.EventDispatchThread.pumpEventsForFilter(ILjava/awt/Conditional;Ljava/awt/EventFilter;)V+35
j  java.awt.EventDispatchThread.pumpEventsForHierarchy(ILjava/awt/Conditional;Ljava/awt/Component;)V+11
j  java.awt.EventDispatchThread.pumpEvents(ILjava/awt/Conditional;)V+4
j  java.awt.EventDispatchThread.pumpEvents(Ljava/awt/Conditional;)V+3
j  java.awt.EventDispatchThread.run()V+9
v  ~StubRoutines::call_stub

---------------  P R O C E S S  ---------------

Java Threads: ( => current thread )
  0x0000000017862800 JavaThread "Direct Clip" daemon [_thread_blocked, id=6396, stack(0x0000000022a90000,0x0000000022b90000)]
  0x000000001785f000 JavaThread "Direct Clip" daemon [_thread_blocked, id=2400, stack(0x0000000022990000,0x0000000022a90000)]
  0x000000001785c800 JavaThread "Direct Clip" daemon [_thread_blocked, id=8468, stack(0x00000000212d0000,0x00000000213d0000)]
  0x0000000017861000 JavaThread "Direct Clip" daemon [_thread_blocked, id=3092, stack(0x00000000211d0000,0x00000000212d0000)]
  0x000000001785f800 JavaThread "Direct Clip" daemon [_thread_blocked, id=13328, stack(0x0000000020ec0000,0x0000000020fc0000)]
  0x000000001785a800 JavaThread "Direct Clip" daemon [_thread_blocked, id=11732, stack(0x0000000020dc0000,0x0000000020ec0000)]
  0x000000001785e000 JavaThread "Direct Clip" daemon [_thread_blocked, id=12704, stack(0x0000000020950000,0x0000000020a50000)]
  0x000000001785d800 JavaThread "Direct Clip" daemon [_thread_blocked, id=14792, stack(0x00000000203f0000,0x00000000204f0000)]
  0x000000001785c000 JavaThread "Direct Clip" daemon [_thread_blocked, id=14912, stack(0x0000000018b70000,0x0000000018c70000)]
  0x0000000017858000 JavaThread "Direct Clip" daemon [_thread_blocked, id=3036, stack(0x0000000018a70000,0x0000000018b70000)]
  0x0000000017859800 JavaThread "Direct Clip" daemon [_thread_blocked, id=12760, stack(0x0000000018970000,0x0000000018a70000)]
  0x000000001785b000 JavaThread "Thread-16" [_thread_blocked, id=3264, stack(0x000000001fcf0000,0x000000001fdf0000)]
  0x0000000017859000 JavaThread "Thread-15" [_thread_blocked, id=13296, stack(0x000000001c120000,0x000000001c220000)]
  0x0000000017854000 JavaThread "Thread-14" [_thread_blocked, id=11916, stack(0x0000000020520000,0x0000000020620000)]
  0x0000000017857800 JavaThread "Direct Clip" daemon [_thread_blocked, id=13160, stack(0x000000001ff90000,0x0000000020090000)]
  0x0000000017856000 JavaThread "Direct Clip" daemon [_thread_blocked, id=2268, stack(0x000000001c2e0000,0x000000001c3e0000)]
  0x0000000017855000 JavaThread "Thread-11" [_thread_blocked, id=15216, stack(0x000000001fbf0000,0x000000001fcf0000)]
  0x0000000017856800 JavaThread "Thread-10" [_thread_blocked, id=10884, stack(0x000000001faf0000,0x000000001fbf0000)]
  0x00000000191c9000 JavaThread "Thread-9" [_thread_blocked, id=5684, stack(0x000000001f810000,0x000000001f910000)]
  0x00000000191c7800 JavaThread "Thread-8" [_thread_blocked, id=5716, stack(0x000000001f710000,0x000000001f810000)]
  0x00000000191c9800 JavaThread "Direct Clip" daemon [_thread_blocked, id=2460, stack(0x000000001f9f0000,0x000000001faf0000)]
  0x00000000191c5000 JavaThread "Direct Clip" daemon [_thread_blocked, id=14328, stack(0x000000001ef10000,0x000000001f010000)]
  0x00000000191c8000 JavaThread "Direct Clip" daemon [_thread_blocked, id=6620, stack(0x0000000020cc0000,0x0000000020dc0000)]
  0x00000000191c4800 JavaThread "Direct Clip" daemon [_thread_blocked, id=13508, stack(0x000000001f010000,0x000000001f110000)]
  0x00000000191c6800 JavaThread "D3D Screen Updater" daemon [_thread_blocked, id=11432, stack(0x000000001b260000,0x000000001b360000)]
  0x00000000191c6000 JavaThread "Direct Clip" daemon [_thread_blocked, id=14988, stack(0x000000001af90000,0x000000001b090000)]
  0x00000000191c3000 JavaThread "Java Sound Event Dispatcher" daemon [_thread_blocked, id=9304, stack(0x000000001ab70000,0x000000001ac70000)]
  0x0000000001ffd800 JavaThread "DestroyJavaVM" [_thread_blocked, id=7596, stack(0x0000000002080000,0x0000000002180000)]
=>0x0000000017343800 JavaThread "AWT-EventQueue-0" [_thread_in_native, id=4356, stack(0x0000000018e80000,0x0000000018f80000)]
  0x0000000017342800 JavaThread "AWT-Shutdown" [_thread_blocked, id=6168, stack(0x0000000017c70000,0x0000000017d70000)]
  0x00000000172f2800 JavaThread "AWT-Windows" daemon [_thread_in_native, id=80, stack(0x0000000017d70000,0x0000000017e70000)]
  0x00000000172ef800 JavaThread "Java2D Disposer" daemon [_thread_blocked, id=13560, stack(0x0000000017b70000,0x0000000017c70000)]
  0x0000000016b91000 JavaThread "Service Thread" daemon [_thread_blocked, id=10996, stack(0x0000000016f60000,0x0000000017060000)]
  0x0000000015215000 JavaThread "C1 CompilerThread2" daemon [_thread_blocked, id=14788, stack(0x0000000016a60000,0x0000000016b60000)]
  0x0000000015210000 JavaThread "C2 CompilerThread1" daemon [_thread_blocked, id=6772, stack(0x0000000016960000,0x0000000016a60000)]
  0x000000001520a000 JavaThread "C2 CompilerThread0" daemon [_thread_blocked, id=9272, stack(0x0000000016860000,0x0000000016960000)]
  0x0000000015219000 JavaThread "Attach Listener" daemon [_thread_blocked, id=8668, stack(0x0000000016760000,0x0000000016860000)]
  0x0000000015217800 JavaThread "Signal Dispatcher" daemon [_thread_blocked, id=12036, stack(0x0000000016660000,0x0000000016760000)]
  0x000000000227b800 JavaThread "Finalizer" daemon [_thread_blocked, id=7840, stack(0x0000000016460000,0x0000000016560000)]
  0x0000000002272000 JavaThread "Reference Handler" daemon [_thread_blocked, id=14484, stack(0x0000000016360000,0x0000000016460000)]

Other Threads:
  0x00000000151d6800 VMThread [stack: 0x0000000016260000,0x0000000016360000] [id=5800]
  0x0000000016b92800 WatcherThread [stack: 0x0000000017160000,0x0000000017260000] [id=13700]

VM state:not at safepoint (normal execution)

VM Mutex/Monitor currently owned by a thread: None

heap address: 0x00000000b1000000, size: 1264 MB, Compressed Oops mode: 32-bit
Narrow klass base: 0x0000000000000000, Narrow klass shift: 3
Compressed class space size: 1073741824 Address: 0x0000000100000000

Heap:
 PSYoungGen      total 31744K, used 26183K [0x00000000e5b00000, 0x00000000e7d80000, 0x0000000100000000)
  eden space 28672K, 80% used [0x00000000e5b00000,0x00000000e7197e68,0x00000000e7700000)
  from space 3072K, 99% used [0x00000000e7a80000,0x00000000e7d79dc8,0x00000000e7d80000)
  to   space 3072K, 0% used [0x00000000e7780000,0x00000000e7780000,0x00000000e7a80000)
 ParOldGen       total 75776K, used 43573K [0x00000000b1000000, 0x00000000b5a00000, 0x00000000e5b00000)
  object space 75776K, 57% used [0x00000000b1000000,0x00000000b3a8d758,0x00000000b5a00000)
 Metaspace       used 18039K, capacity 18272K, committed 18560K, reserved 1064960K
  class space    used 2062K, capacity 2157K, committed 2176K, reserved 1048576K

Card table byte_map: [0x0000000011640000,0x00000000118c0000] byte_map_base: 0x00000000110b8000

Marking Bits: (ParMarkBitMap*) 0x000000005332af90
 Begin Bits: [0x0000000011e70000, 0x0000000013230000)
 End Bits:   [0x0000000013230000, 0x00000000145f0000)

Polling page: 0x0000000000650000

CodeCache: size=245760Kb used=6887Kb max_used=6915Kb free=238872Kb
 bounds [0x0000000002280000, 0x0000000002950000, 0x0000000011280000]
 total_blobs=2618 nmethods=1834 adapters=697
 compilation: enabled

Compilation events (10 events):
Event: 93.956 Thread 0x0000000015215000 2013       1       java.io.OutputStream::flush (1 bytes)
Event: 93.957 Thread 0x0000000015215000 nmethod 2013 0x00000000027ce0d0 code [0x00000000027ce220, 0x00000000027ce330]
Event: 93.957 Thread 0x0000000015215000 2017       3       sun.misc.FloatingDecimal$BinaryToASCIIBuffer::dtoa (1509 bytes)
Event: 93.975 Thread 0x0000000015215000 nmethod 2017 0x00000000027b69d0 code [0x00000000027b6e20, 0x00000000027b9618]
Event: 93.976 Thread 0x0000000015215000 2015       3       sun.misc.FloatingDecimal$BinaryToASCIIBuffer::getChars (502 bytes)
Event: 93.979 Thread 0x0000000015215000 nmethod 2015 0x00000000027c2590 code [0x00000000027c2800, 0x00000000027c3858]
Event: 93.980 Thread 0x0000000015215000 2016       3       sun.misc.FloatingDecimal$BinaryToASCIIBuffer::access$100 (11 bytes)
Event: 93.980 Thread 0x0000000015215000 nmethod 2016 0x00000000023f4cd0 code [0x00000000023f4e40, 0x00000000023f4fa8]
Event: 93.980 Thread 0x0000000015215000 2018       3       java.lang.Long::numberOfTrailingZeros (116 bytes)
Event: 93.981 Thread 0x0000000015215000 nmethod 2018 0x000000000265db10 code [0x000000000265dc80, 0x000000000265df90]

GC Heap History (10 events):
Event: 7.188 GC heap before
{Heap before GC invocations=1 (full 0):
 PSYoungGen      total 24064K, used 20992K [0x00000000e5b00000, 0x00000000e7580000, 0x0000000100000000)
  eden space 20992K, 100% used [0x00000000e5b00000,0x00000000e6f80000,0x00000000e6f80000)
  from space 3072K, 0% used [0x00000000e7280000,0x00000000e7280000,0x00000000e7580000)
  to   space 3072K, 0% used [0x00000000e6f80000,0x00000000e6f80000,0x00000000e7280000)
 ParOldGen       total 54784K, used 0K [0x00000000b1000000, 0x00000000b4580000, 0x00000000e5b00000)
  object space 54784K, 0% used [0x00000000b1000000,0x00000000b1000000,0x00000000b4580000)
 Metaspace       used 13526K, capacity 13756K, committed 13952K, reserved 1060864K
  class space    used 1530K, capacity 1629K, committed 1664K, reserved 1048576K
Event: 7.246 GC heap after
Heap after GC invocations=1 (full 0):
 PSYoungGen      total 24064K, used 3066K [0x00000000e5b00000, 0x00000000e7580000, 0x0000000100000000)
  eden space 20992K, 0% used [0x00000000e5b00000,0x00000000e5b00000,0x00000000e6f80000)
  from space 3072K, 99% used [0x00000000e6f80000,0x00000000e727eaf8,0x00000000e7280000)
  to   space 3072K, 0% used [0x00000000e7280000,0x00000000e7280000,0x00000000e7580000)
 ParOldGen       total 54784K, used 24484K [0x00000000b1000000, 0x00000000b4580000, 0x00000000e5b00000)
  object space 54784K, 44% used [0x00000000b1000000,0x00000000b27e9248,0x00000000b4580000)
 Metaspace       used 13526K, capacity 13756K, committed 13952K, reserved 1060864K
  class space    used 1530K, capacity 1629K, committed 1664K, reserved 1048576K
}
Event: 8.626 GC heap before
{Heap before GC invocations=2 (full 0):
 PSYoungGen      total 24064K, used 24058K [0x00000000e5b00000, 0x00000000e7580000, 0x0000000100000000)
  eden space 20992K, 100% used [0x00000000e5b00000,0x00000000e6f80000,0x00000000e6f80000)
  from space 3072K, 99% used [0x00000000e6f80000,0x00000000e727eaf8,0x00000000e7280000)
  to   space 3072K, 0% used [0x00000000e7280000,0x00000000e7280000,0x00000000e7580000)
 ParOldGen       total 54784K, used 24484K [0x00000000b1000000, 0x00000000b4580000, 0x00000000e5b00000)
  object space 54784K, 44% used [0x00000000b1000000,0x00000000b27e9248,0x00000000b4580000)
 Metaspace       used 13575K, capacity 13828K, committed 13952K, reserved 1060864K
  class space    used 1532K, capacity 1629K, committed 1664K, reserved 1048576K
Event: 8.673 GC heap after
Heap after GC invocations=2 (full 0):
 PSYoungGen      total 24064K, used 2720K [0x00000000e5b00000, 0x00000000e8a00000, 0x0000000100000000)
  eden space 20992K, 0% used [0x00000000e5b00000,0x00000000e5b00000,0x00000000e6f80000)
  from space 3072K, 88% used [0x00000000e7280000,0x00000000e7528000,0x00000000e7580000)
  to   space 3072K, 0% used [0x00000000e6f80000,0x00000000e6f80000,0x00000000e7280000)
 ParOldGen       total 54784K, used 48792K [0x00000000b1000000, 0x00000000b4580000, 0x00000000e5b00000)
  object space 54784K, 89% used [0x00000000b1000000,0x00000000b3fa6278,0x00000000b4580000)
 Metaspace       used 13575K, capacity 13828K, committed 13952K, reserved 1060864K
  class space    used 1532K, capacity 1629K, committed 1664K, reserved 1048576K
}
Event: 8.688 GC heap before
{Heap before GC invocations=3 (full 1):
 PSYoungGen      total 24064K, used 2720K [0x00000000e5b00000, 0x00000000e8a00000, 0x0000000100000000)
  eden space 20992K, 0% used [0x00000000e5b00000,0x00000000e5b00000,0x00000000e6f80000)
  from space 3072K, 88% used [0x00000000e7280000,0x00000000e7528000,0x00000000e7580000)
  to   space 3072K, 0% used [0x00000000e6f80000,0x00000000e6f80000,0x00000000e7280000)
 ParOldGen       total 54784K, used 48792K [0x00000000b1000000, 0x00000000b4580000, 0x00000000e5b00000)
  object space 54784K, 89% used [0x00000000b1000000,0x00000000b3fa6278,0x00000000b4580000)
 Metaspace       used 13575K, capacity 13828K, committed 13952K, reserved 1060864K
  class space    used 1532K, capacity 1629K, committed 1664K, reserved 1048576K
Event: 8.882 GC heap after
Heap after GC invocations=3 (full 1):
 PSYoungGen      total 24064K, used 0K [0x00000000e5b00000, 0x00000000e8a00000, 0x0000000100000000)
  eden space 20992K, 0% used [0x00000000e5b00000,0x00000000e5b00000,0x00000000e6f80000)
  from space 3072K, 0% used [0x00000000e7280000,0x00000000e7280000,0x00000000e7580000)
  to   space 3072K, 0% used [0x00000000e6f80000,0x00000000e6f80000,0x00000000e7280000)
 ParOldGen       total 75776K, used 18921K [0x00000000b1000000, 0x00000000b5a00000, 0x00000000e5b00000)
  object space 75776K, 24% used [0x00000000b1000000,0x00000000b227a708,0x00000000b5a00000)
 Metaspace       used 13575K, capacity 13828K, committed 13952K, reserved 1060864K
  class space    used 1532K, capacity 1629K, committed 1664K, reserved 1048576K
}
Event: 37.441 GC heap before
{Heap before GC invocations=4 (full 1):
 PSYoungGen      total 24064K, used 20992K [0x00000000e5b00000, 0x00000000e8a00000, 0x0000000100000000)
  eden space 20992K, 100% used [0x00000000e5b00000,0x00000000e6f80000,0x00000000e6f80000)
  from space 3072K, 0% used [0x00000000e7280000,0x00000000e7280000,0x00000000e7580000)
  to   space 3072K, 0% used [0x00000000e6f80000,0x00000000e6f80000,0x00000000e7280000)
 ParOldGen       total 75776K, used 39017K [0x00000000b1000000, 0x00000000b5a00000, 0x00000000e5b00000)
  object space 75776K, 51% used [0x00000000b1000000,0x00000000b361a768,0x00000000b5a00000)
 Metaspace       used 16988K, capacity 17226K, committed 17536K, reserved 1064960K
  class space    used 1980K, capacity 2052K, committed 2176K, reserved 1048576K
Event: 37.477 GC heap after
Heap after GC invocations=4 (full 1):
 PSYoungGen      total 24064K, used 3063K [0x00000000e5b00000, 0x00000000e7d80000, 0x0000000100000000)
  eden space 20992K, 0% used [0x00000000e5b00000,0x00000000e5b00000,0x00000000e6f80000)
  from space 3072K, 99% used [0x00000000e6f80000,0x00000000e727df98,0x00000000e7280000)
  to   space 3072K, 0% used [0x00000000e7a80000,0x00000000e7a80000,0x00000000e7d80000)
 ParOldGen       total 75776K, used 41430K [0x00000000b1000000, 0x00000000b5a00000, 0x00000000e5b00000)
  object space 75776K, 54% used [0x00000000b1000000,0x00000000b3875b80,0x00000000b5a00000)
 Metaspace       used 16988K, capacity 17226K, committed 17536K, reserved 1064960K
  class space    used 1980K, capacity 2052K, committed 2176K, reserved 1048576K
}
Event: 44.981 GC heap before
{Heap before GC invocations=5 (full 1):
 PSYoungGen      total 24064K, used 24055K [0x00000000e5b00000, 0x00000000e7d80000, 0x0000000100000000)
  eden space 20992K, 100% used [0x00000000e5b00000,0x00000000e6f80000,0x00000000e6f80000)
  from space 3072K, 99% used [0x00000000e6f80000,0x00000000e727df98,0x00000000e7280000)
  to   space 3072K, 0% used [0x00000000e7a80000,0x00000000e7a80000,0x00000000e7d80000)
 ParOldGen       total 75776K, used 41430K [0x00000000b1000000, 0x00000000b5a00000, 0x00000000e5b00000)
  object space 75776K, 54% used [0x00000000b1000000,0x00000000b3875b80,0x00000000b5a00000)
 Metaspace       used 17494K, capacity 17744K, committed 18048K, reserved 1064960K
  class space    used 2026K, capacity 2117K, committed 2176K, reserved 1048576K
Event: 45.021 GC heap after
Heap after GC invocations=5 (full 1):
 PSYoungGen      total 31744K, used 3047K [0x00000000e5b00000, 0x00000000e7d80000, 0x0000000100000000)
  eden space 28672K, 0% used [0x00000000e5b00000,0x00000000e5b00000,0x00000000e7700000)
  from space 3072K, 99% used [0x00000000e7a80000,0x00000000e7d79dc8,0x00000000e7d80000)
  to   space 3072K, 0% used [0x00000000e7780000,0x00000000e7780000,0x00000000e7a80000)
 ParOldGen       total 75776K, used 43573K [0x00000000b1000000, 0x00000000b5a00000, 0x00000000e5b00000)
  object space 75776K, 57% used [0x00000000b1000000,0x00000000b3a8d758,0x00000000b5a00000)
 Metaspace       used 17494K, capacity 17744K, committed 18048K, reserved 1064960K
  class space    used 2026K, capacity 2117K, committed 2176K, reserved 1048576K
}

Deoptimization events (6 events):
Event: 8.260 Thread 0x0000000017653800 Uncommon trap: reason=unstable_if action=reinterpret pc=0x0000000002579a14 method=sun.awt.image.PNGFilterInputStream.read([BII)I @ 30
Event: 8.286 Thread 0x0000000017653800 Uncommon trap: reason=unstable_if action=reinterpret pc=0x0000000002571198 method=sun.awt.image.ImageRepresentation.getOpaqueRGBImage()Ljava/awt/image/BufferedImage; @ 57
Event: 9.530 Thread 0x0000000017653800 Uncommon trap: reason=unstable_if action=reinterpret pc=0x0000000002573230 method=sun.awt.image.ImageRepresentation.getOpaqueRGBImage()Ljava/awt/image/BufferedImage; @ 71
Event: 38.364 Thread 0x0000000017343800 Uncommon trap: reason=unstable_if action=reinterpret pc=0x000000000279ff68 method=com.sun.opengl.impl.mipmap.ScaleInternal.scale_internal_ubyte(IIILjava/nio/ByteBuffer;IILjava/nio/ByteBuffer;III)V @ 286
Event: 45.876 Thread 0x0000000017343800 Uncommon trap: reason=unstable_if action=reinterpret pc=0x00000000025dd9d8 method=sun.awt.image.ByteInterleavedRaster.putByteData(IIII[B)V @ 395
Event: 46.242 Thread 0x0000000017343800 Uncommon trap: reason=unstable_if action=reinterpret pc=0x00000000027db9d0 method=com.sun.opengl.impl.mipmap.ScaleInternal.scale_internal_ubyte(IIILjava/nio/ByteBuffer;IILjava/nio/ByteBuffer;III)V @ 658

Classes redefined (0 events):
No events

Internal exceptions (10 events):
Event: 3.803 Thread 0x0000000001ffd800 Exception <a 'java/lang/ClassNotFoundException': ToolBarSeparator> (0x00000000e6251e18) thrown at [C:\jenkins\workspace\8-2-build-windows-amd64-cygwin\jdk8u251\737\hotspot\src\share\vm\classfile\systemDictionary.cpp, line 210]
Event: 3.806 Thread 0x0000000001ffd800 Exception <a 'java/lang/ClassNotFoundException': ToolTip> (0x00000000e6252558) thrown at [C:\jenkins\workspace\8-2-build-windows-amd64-cygwin\jdk8u251\737\hotspot\src\share\vm\classfile\systemDictionary.cpp, line 210]
Event: 3.812 Thread 0x0000000001ffd800 Exception <a 'java/lang/ClassNotFoundException': Tree> (0x00000000e6253178) thrown at [C:\jenkins\workspace\8-2-build-windows-amd64-cygwin\jdk8u251\737\hotspot\src\share\vm\classfile\systemDictionary.cpp, line 210]
Event: 3.813 Thread 0x0000000001ffd800 Exception <a 'java/lang/ClassNotFoundException': Tree> (0x00000000e62538b8) thrown at [C:\jenkins\workspace\8-2-build-windows-amd64-cygwin\jdk8u251\737\hotspot\src\share\vm\classfile\systemDictionary.cpp, line 210]
Event: 3.813 Thread 0x0000000001ffd800 Exception <a 'java/lang/ClassNotFoundException': javax/swing/JTreeCell> (0x00000000e6253c38) thrown at [C:\jenkins\workspace\8-2-build-windows-amd64-cygwin\jdk8u251\737\hotspot\src\share\vm\classfile\systemDictionary.cpp, line 210]
Event: 3.813 Thread 0x0000000001ffd800 Exception <a 'java/lang/ClassNotFoundException': TreeCell> (0x00000000e62540c0) thrown at [C:\jenkins\workspace\8-2-build-windows-amd64-cygwin\jdk8u251\737\hotspot\src\share\vm\classfile\systemDictionary.cpp, line 210]
Event: 3.813 Thread 0x0000000001ffd800 Exception <a 'java/lang/ClassNotFoundException': RootPane> (0x00000000e6254938) thrown at [C:\jenkins\workspace\8-2-build-windows-amd64-cygwin\jdk8u251\737\hotspot\src\share\vm\classfile\systemDictionary.cpp, line 210]
Event: 39.331 Thread 0x0000000017343800 Exception <a 'javax/media/opengl/GLException'> (0x00000000e6225b98) thrown at [C:\jenkins\workspace\8-2-build-windows-amd64-cygwin\jdk8u251\737\hotspot\src\share\vm\prims\jvm.cpp, line 1506]
Event: 39.333 Thread 0x0000000017343800 Exception <a 'javax/media/opengl/GLException'> (0x00000000e6226f00) thrown at [C:\jenkins\workspace\8-2-build-windows-amd64-cygwin\jdk8u251\737\hotspot\src\share\vm\prims\jvm.cpp, line 1506]
Event: 39.664 Thread 0x0000000017343800 Exception <a 'javax/media/opengl/GLException'> (0x00000000e622e7a8) thrown at [C:\jenkins\workspace\8-2-build-windows-amd64-cygwin\jdk8u251\737\hotspot\src\share\vm\prims\jvm.cpp, line 1506]

Events (10 events):
Event: 92.553 Thread 0x0000000017863800 Thread exited: 0x0000000017863800
Event: 92.573 Executing VM operation: RevokeBias
Event: 92.573 Executing VM operation: RevokeBias done
Event: 92.574 Thread 0x0000000017860800 Thread exited: 0x0000000017860800
Event: 93.041 Thread 0x0000000015210000 flushing nmethod 0x000000000248a610
Event: 93.587 Thread 0x000000001520a000 flushing nmethod 0x00000000024dc610
Event: 93.957 Thread 0x0000000015215000 flushing nmethod 0x000000000258d650
Event: 93.976 Thread 0x0000000015215000 flushing nmethod 0x00000000025dd510
Event: 93.980 Thread 0x0000000015215000 flushing nmethod 0x000000000265d950
Event: 93.980 Thread 0x0000000015215000 flushing nmethod 0x0000000002662e90


Dynamic libraries:
0x00007ff7adb00000 - 0x00007ff7adb37000 	C:\Program Files\Java\jdk1.8.0_251\jre\bin\java.exe
0x00007ff9b74c0000 - 0x00007ff9b766d000 	C:\Windows\SYSTEM32\ntdll.dll
0x00007ff9b6ce0000 - 0x00007ff9b6e1f000 	C:\Windows\system32\KERNEL32.DLL
0x00007ff9a6950000 - 0x00007ff9a6963000 	C:\Program Files\AVAST Software\Avast\aswhook.dll
0x00007ff9b49a0000 - 0x00007ff9b4ab5000 	C:\Windows\system32\KERNELBASE.dll
0x00007ff9b31b0000 - 0x00007ff9b323e000 	C:\Windows\system32\apphelp.dll
0x00007ff9ace50000 - 0x00007ff9acea5000 	C:\Windows\AppPatch\AppPatch64\AcGenral.DLL
0x00007ff9b6c30000 - 0x00007ff9b6cda000 	C:\Windows\system32\msvcrt.dll
0x00007ff9b4ac0000 - 0x00007ff9b4aee000 	C:\Windows\system32\SspiCli.dll
0x00007ff9b4c20000 - 0x00007ff9b4c74000 	C:\Windows\system32\SHLWAPI.dll
0x00007ff9b7340000 - 0x00007ff9b74b7000 	C:\Windows\system32\USER32.dll
0x00007ff9b71a0000 - 0x00007ff9b7334000 	C:\Windows\system32\ole32.dll
0x00007ff9b54f0000 - 0x00007ff9b6a1a000 	C:\Windows\system32\SHELL32.dll
0x00007ff9b3bb0000 - 0x00007ff9b3bd1000 	C:\Windows\SYSTEM32\USERENV.dll
0x00007ff9b5440000 - 0x00007ff9b54ea000 	C:\Windows\system32\ADVAPI32.dll
0x00007ff9aea00000 - 0x00007ff9aea1e000 	C:\Windows\SYSTEM32\MPR.dll
0x00007ff9b52b0000 - 0x00007ff9b53f0000 	C:\Windows\system32\RPCRT4.dll
0x00007ff9b7130000 - 0x00007ff9b7189000 	C:\Windows\SYSTEM32\sechost.dll
0x00007ff9b6a20000 - 0x00007ff9b6c30000 	C:\Windows\SYSTEM32\combase.dll
0x00007ff9b4cf0000 - 0x00007ff9b4e3c000 	C:\Windows\system32\GDI32.dll
0x00007ff9b45f0000 - 0x00007ff9b4605000 	C:\Windows\SYSTEM32\profapi.dll
0x00007ff9b2be0000 - 0x00007ff9b2c92000 	C:\Windows\SYSTEM32\SHCORE.dll
0x00007ff9b5400000 - 0x00007ff9b5436000 	C:\Windows\system32\IMM32.DLL
0x00007ff9b4e40000 - 0x00007ff9b4f92000 	C:\Windows\system32\MSCTF.dll
0x00007ff9b2070000 - 0x00007ff9b22eb000 	C:\Windows\WinSxS\amd64_microsoft.windows.common-controls_6595b64144ccf1df_6.0.9600.19394_none_62486577ecb635cf\COMCTL32.dll
0x00000000535b0000 - 0x0000000053682000 	C:\Program Files\Java\jdk1.8.0_251\jre\bin\msvcr100.dll
0x0000000052b00000 - 0x00000000533ab000 	C:\Program Files\Java\jdk1.8.0_251\jre\bin\server\jvm.dll
0x00007ff9acff0000 - 0x00007ff9acff9000 	C:\Windows\SYSTEM32\WSOCK32.dll
0x00007ff9b1580000 - 0x00007ff9b15a2000 	C:\Windows\SYSTEM32\WINMM.dll
0x00007ff9ac0c0000 - 0x00007ff9ac0ca000 	C:\Windows\SYSTEM32\VERSION.dll
0x00007ff9b4c80000 - 0x00007ff9b4c87000 	C:\Windows\system32\PSAPI.DLL
0x00007ff9b4c90000 - 0x00007ff9b4cea000 	C:\Windows\system32\WS2_32.dll
0x00007ff9b1540000 - 0x00007ff9b156a000 	C:\Windows\SYSTEM32\WINMMBASE.dll
0x00007ff9b7190000 - 0x00007ff9b7199000 	C:\Windows\system32\NSI.dll
0x00007ff9b46c0000 - 0x00007ff9b470f000 	C:\Windows\SYSTEM32\cfgmgr32.dll
0x00007ff9b3410000 - 0x00007ff9b3438000 	C:\Windows\SYSTEM32\DEVOBJ.dll
0x00007ff9af290000 - 0x00007ff9af29f000 	C:\Program Files\Java\jdk1.8.0_251\jre\bin\verify.dll
0x00007ff9ae450000 - 0x00007ff9ae479000 	C:\Program Files\Java\jdk1.8.0_251\jre\bin\java.dll
0x00007ff9a9220000 - 0x00007ff9a9236000 	C:\Program Files\Java\jdk1.8.0_251\jre\bin\zip.dll
0x00007ff98c210000 - 0x00007ff98c3aa000 	C:\Program Files\Java\jdk1.8.0_251\jre\bin\awt.dll
0x00007ff9b5160000 - 0x00007ff9b5227000 	C:\Windows\system32\OLEAUT32.dll
0x00007ff9b27c0000 - 0x00007ff9b27e1000 	C:\Windows\system32\DWMAPI.DLL
0x00007ff9b3280000 - 0x00007ff9b33a9000 	C:\Windows\system32\uxtheme.dll
0x00007ff98c0e0000 - 0x00007ff98c20b000 	C:\Windows\system32\opengl32.dll
0x00007ff9a1240000 - 0x00007ff9a126e000 	C:\Windows\SYSTEM32\GLU32.dll
0x00007ff9a2280000 - 0x00007ff9a2378000 	C:\Windows\SYSTEM32\DDRAW.dll
0x00007ff9a6940000 - 0x00007ff9a6949000 	C:\Windows\SYSTEM32\DCIMAN32.dll
0x00007ff9b3400000 - 0x00007ff9b340b000 	C:\Windows\SYSTEM32\kernel.appcore.dll
0x00007ff9b44c0000 - 0x00007ff9b44cb000 	C:\Windows\SYSTEM32\CRYPTBASE.dll
0x00007ff9b4450000 - 0x00007ff9b44b3000 	C:\Windows\SYSTEM32\bcryptPrimitives.dll
0x00007ff99a290000 - 0x00007ff99a4b1000 	C:\Windows\system32\d3d9.dll
0x00007ff9b1210000 - 0x00007ff9b146f000 	C:\Windows\SYSTEM32\d3d10warp.dll
0x00007ff9a0f60000 - 0x00007ff9a0fa9000 	C:\Program Files\Java\jdk1.8.0_251\jre\bin\fontmanager.dll
0x0000000001f80000 - 0x0000000001fda000 	C:\Users\Alan\AppData\Roaming\NetBeans\8.2\jogl-runtime\jogl.jar-natives-windows-amd64\jogl.dll
0x0000000052a30000 - 0x0000000052af9000 	C:\Windows\WinSxS\amd64_microsoft.vc80.crt_1fc8b3b9a1e18e3b_8.0.50727.8428_none_88dcdb0b2fb19957\MSVCR80.dll
0x00007ff9a9240000 - 0x00007ff9a9271000 	C:\Program Files\Java\jdk1.8.0_251\jre\bin\jpeg.dll
0x00007ff9a77d0000 - 0x00007ff9a77ea000 	C:\Program Files\Java\jdk1.8.0_251\jre\bin\net.dll
0x00007ff9b3e20000 - 0x00007ff9b3e79000 	C:\Windows\system32\mswsock.dll
0x00007ff9a1270000 - 0x00007ff9a1282000 	C:\Program Files\Java\jdk1.8.0_251\jre\bin\nio.dll
0x00007ff9a0f10000 - 0x00007ff9a0f52000 	C:\Program Files\Java\jdk1.8.0_251\jre\bin\t2k.dll
0x00007ff9ae8e0000 - 0x00007ff9ae8ec000 	C:\Program Files\Java\jdk1.8.0_251\jre\bin\jsound.dll
0x00007ff9a9670000 - 0x00007ff9a967b000 	C:\Program Files\Java\jdk1.8.0_251\jre\bin\jsoundds.dll
0x00007ff99ed00000 - 0x00007ff99ed9d000 	C:\Windows\SYSTEM32\DSOUND.dll
0x00007ff9b4590000 - 0x00007ff9b45d6000 	C:\Windows\SYSTEM32\POWRPROF.dll
0x00007ff9b1eb0000 - 0x00007ff9b1f20000 	C:\Windows\SYSTEM32\MMDevAPI.DLL
0x00007ff99f820000 - 0x00007ff99f85e000 	C:\Windows\SYSTEM32\wdmaud.drv
0x00007ff9b0f10000 - 0x00007ff9b0f18000 	C:\Windows\SYSTEM32\ksuser.dll
0x00007ff9b1de0000 - 0x00007ff9b1dec000 	C:\Windows\SYSTEM32\AVRT.dll
0x00007ff9a80e0000 - 0x00007ff9a815e000 	C:\Windows\SYSTEM32\AUDIOSES.DLL
0x00007ff99f810000 - 0x00007ff99f81b000 	C:\Windows\SYSTEM32\msacm32.drv
0x00007ff99f7f0000 - 0x00007ff99f80c000 	C:\Windows\SYSTEM32\MSACM32.dll
0x00007ff99f7e0000 - 0x00007ff99f7ea000 	C:\Windows\SYSTEM32\midimap.dll
0x00007ff9b4b50000 - 0x00007ff9b4c06000 	C:\Windows\SYSTEM32\clbcatq.dll
0x00007ff9a9210000 - 0x00007ff9a9217000 	C:\Program Files\Java\jdk1.8.0_251\jre\bin\jawt.dll
0x000000001c3e0000 - 0x000000001c3e7000 	C:\Users\Alan\AppData\Roaming\NetBeans\8.2\jogl-runtime\jogl.jar-natives-windows-amd64\jogl_awt.dll
0x00007ff9a5470000 - 0x00007ff9a54ae000 	C:\Program Files\Java\jdk1.8.0_251\jre\bin\lcms.dll
0x00007ff9ab8a0000 - 0x00007ff9aba29000 	C:\Windows\SYSTEM32\dbghelp.dll

VM Arguments:
jvm_args: -Dfile.encoding=Cp1252 -Djava.library.path=C:\Users\Alan\AppData\Roaming\NetBeans\8.2\jogl-runtime\jogl.jar-natives-windows-amd64;C:\Users\Alan\AppData\Roaming\NetBeans\8.2\gluegen-runtime\gluegen-rt.jar-natives-windows-amd64 
java_command: pantallas.Inicio
java_class_path (initial): C:\Users\Alan\AppData\Roaming\NetBeans\8.2\gluegen-runtime\gluegen-rt.jar;C:\Users\Alan\AppData\Roaming\NetBeans\8.2\jogl-runtime\jogl.jar;C:\Program Files\NetBeans 8.2\java\modules\ext\AbsoluteLayout.jar;C:\Users\Alan\Documents\GitHub\GraphicationGame\Actual\Poryecto con pantallas\JuegoV4\build\classes
Launcher Type: SUN_STANDARD

Environment Variables:
PATH=C:\Program Files (x86)\Common Files\Oracle\Java\javapath;C:\ProgramData\Oracle\Java\javapath;C:\Windows\system32;C:\Windows;C:\Windows\System32\Wbem;C:\Windows\System32\WindowsPowerShell\v1.0\;C:\Program Files (x86)\Microchip\MPLAB C32 Suite\bin;C:\PROGRA~2\PICC;C:\Program Files\Common Files\Autodesk Shared\;C:\Program Files\MySQL\MySQL Shell 8.0\bin\
USERNAME=Alan
OS=Windows_NT
PROCESSOR_IDENTIFIER=AMD64 Family 22 Model 48 Stepping 1, AuthenticAMD



---------------  S Y S T E M  ---------------

OS: Windows 8.1 , 64 bit Build 9600 (6.3.9600.19538)

CPU:total 4 (initial active 4) (4 cores per cpu, 1 threads per core) family 22 model 48 stepping 1, cmov, cx8, fxsr, mmx, sse, sse2, sse3, ssse3, sse4.1, sse4.2, popcnt, avx, aes, clmul, mmxext, 3dnowpref, lzcnt, sse4a, tsc, tscinvbit, tscinv, bmi1

Memory: 4k page, physical 5176816k(537132k free), swap 12516848k(3669180k free)

vm_info: Java HotSpot(TM) 64-Bit Server VM (25.251-b08) for windows-amd64 JRE (1.8.0_251-b08), built on Mar 12 2020 06:31:49 by "" with MS VC++ 10.0 (VS2010)

time: Mon Jun 08 14:56:17 2020
timezone: Hora de verano central (México)
elapsed time: 94 seconds (0d 0h 1m 34s)

