#
# A fatal error has been detected by the Java Runtime Environment:
#
#  EXCEPTION_ACCESS_VIOLATION (0xc0000005) at pc=0x00007ff98c197693, pid=13680, tid=0x0000000000001ff4
#
# JRE version: Java(TM) SE Runtime Environment (8.0_251-b08) (build 1.8.0_251-b08)
# Java VM: Java HotSpot(TM) 64-Bit Server VM (25.251-b08 mixed mode windows-amd64 compressed oops)
# Problematic frame:
# C  [opengl32.dll+0xb7693]
#
# Failed to write core dump. Minidumps are not enabled by default on client versions of Windows
#
# If you would like to submit a bug report, please visit:
#   http://bugreport.java.com/bugreport/crash.jsp
# The crash happened outside the Java Virtual Machine in native code.
# See problematic frame for where to report the bug.
#

---------------  T H R E A D  ---------------

Current thread (0x00000000173ee800):  JavaThread "AWT-EventQueue-0" [_thread_in_native, id=8180, stack(0x0000000019030000,0x0000000019130000)]

siginfo: ExceptionCode=0xc0000005, reading address 0xfffffffe00878390

Registers:
RAX=0xffffffff80000000, RBX=0x000000000087c8c0, RCX=0x0000000000000000, RDX=0x000000001e8423c8
RSP=0x000000001912d580, RBP=0x000000001e846310, RSI=0x0000000000000000, RDI=0x000000001dccde30
R8 =0x0000000000878390, R9 =0x000000001e8423c8, R10=0x000000001e842428, R11=0x000000001dccc550
R12=0xffffffffffffffec, R13=0xfffffffffffffff0, R14=0xfffffffffffffff4, R15=0xffffffffffffffe8
RIP=0x00007ff98c197693, EFLAGS=0x0000000000010a06

Top of Stack: (sp=0x000000001912d580)
0x000000001912d580:   4d0a6088427b5422 42eb9ee04c0a609a
0x000000001912d590:   427b5422432cc9d7 0000000041f4cccd
0x000000001912d5a0:   458a37eb3f713da2 0000000040f4cccd
0x000000001912d5b0:   0000000000878390 00007ff98c1aba0c
0x000000001912d5c0:   0000000000000000 0000000000000000
0x000000001912d5d0:   0000000000000000 0000000000000000
0x000000001912d5e0:   0000000000000000 0000000000000000
0x000000001912d5f0:   000000003f800000 0000000000000000
0x000000001912d600:   3fa999993d4ccccd 0000000000000000
0x000000001912d610:   000000003f800000 0000000000000000
0x000000001912d620:   0000000000000000 0000000000000000
0x000000001912d630:   000000003f800000 0000000000000000
0x000000001912d640:   40088121e0000000 0000000000000000
0x000000001912d650:   000000003bf5c28e 0000000000000000
0x000000001912d660:   000000001e8463d8 000000001e846310
0x000000001912d670:   000000001dccc550 000000001e842300 

Instructions: (pc=0x00007ff98c197693)
0x00007ff98c197673:   04 f3 0f 11 1c 24 72 56 f3 0f 59 54 24 24 f3 41
0x00007ff98c197683:   0f 58 d7 f3 0f 2c c2 3d 00 01 00 00 7d 0a 48 98
0x00007ff98c197693:   f3 41 0f 10 14 80 eb 04 41 0f 28 d3 0f 28 c2 0f
0x00007ff98c1976a3:   28 ca f3 41 0f 59 d2 f3 41 0f 59 c0 f3 41 0f 59 


Register to memory mapping:

RAX=0xffffffff80000000 is an unknown value
RBX=0x000000000087c8c0 is an unknown value
RCX=0x0000000000000000 is an unknown value
RDX=0x000000001e8423c8 is an unknown value
RSP=0x000000001912d580 is pointing into the stack for thread: 0x00000000173ee800
RBP=0x000000001e846310 is an unknown value
RSI=0x0000000000000000 is an unknown value
RDI=0x000000001dccde30 is an unknown value
R8 =0x0000000000878390 is an unknown value
R9 =0x000000001e8423c8 is an unknown value
R10=0x000000001e842428 is an unknown value
R11=0x000000001dccc550 is an unknown value
R12=0xffffffffffffffec is an unknown value
R13=0xfffffffffffffff0 is an unknown value
R14=0xfffffffffffffff4 is an unknown value
R15=0xffffffffffffffe8 is an unknown value


Stack: [0x0000000019030000,0x0000000019130000],  sp=0x000000001912d580,  free space=1013k
Native frames: (J=compiled Java code, j=interpreted, Vv=VM code, C=native code)
C  [opengl32.dll+0xb7693]
C  [opengl32.dll+0xae775]
C  [opengl32.dll+0xe19e2]
C  [opengl32.dll+0xe1855]
C  [opengl32.dll+0x2df84]
C  [opengl32.dll+0x1a6a5]
C  [jogl.dll+0x22cd]
C  0x00000000028e9af5

Java frames: (J=compiled Java code, j=interpreted, Vv=VM code)
J 1480  com.sun.opengl.impl.GLImpl.glBegin0(I)V (0 bytes) @ 0x00000000028e9a7b [0x00000000028e9a40+0x3b]
J 1655 C2 com.sun.opengl.impl.GLUquadricImpl.drawDisk(Ljavax/media/opengl/GL;FFII)V (868 bytes) @ 0x00000000024e38b0 [0x00000000024e3420+0x490]
J 1697 C1 javax.media.opengl.glu.GLU.gluDisk(Ljavax/media/opengl/glu/GLUquadric;DDII)V (20 bytes) @ 0x00000000029d5e94 [0x00000000029d59e0+0x4b4]
j  levels.DibujaB.palito(Ljavax/media/opengl/GL;Ljavax/media/opengl/glu/GLU;)V+113
j  levels.DibujaB.dibujaB(Ljavax/media/opengl/GL;)V+49
j  levels.levelFour.display(Ljavax/media/opengl/GLAutoDrawable;)V+1294
j  com.sun.opengl.impl.GLDrawableHelper.display(Ljavax/media/opengl/GLAutoDrawable;)V+29
j  javax.media.opengl.GLCanvas$DisplayAction.run()V+80
J 1867 C1 com.sun.opengl.impl.GLDrawableHelper.invokeGL(Ljavax/media/opengl/GLDrawable;Ljavax/media/opengl/GLContext;Ljava/lang/Runnable;Ljava/lang/Runnable;)V (498 bytes) @ 0x000000000273c9ec [0x000000000273b9a0+0x104c]
J 1875 C1 javax.media.opengl.GLCanvas$DisplayOnEventDispatchThreadAction.run()V (39 bytes) @ 0x000000000251ee24 [0x000000000251ed00+0x124]
J 1665 C1 java.awt.event.InvocationEvent.dispatch()V (69 bytes) @ 0x00000000029b448c [0x00000000029b4340+0x14c]
J 1269 C1 java.awt.EventQueue.dispatchEventImpl(Ljava/awt/AWTEvent;Ljava/lang/Object;)V (149 bytes) @ 0x000000000283f284 [0x000000000283d7c0+0x1ac4]
J 1222 C1 java.awt.EventQueue$3.run()Ljava/lang/Void; (60 bytes) @ 0x00000000027f7bcc [0x00000000027f79c0+0x20c]
J 1221 C1 java.awt.EventQueue$3.run()Ljava/lang/Object; (5 bytes) @ 0x00000000027f764c [0x00000000027f75c0+0x8c]
v  ~StubRoutines::call_stub
J 680  java.security.AccessController.doPrivileged(Ljava/security/PrivilegedAction;Ljava/security/AccessControlContext;)Ljava/lang/Object; (0 bytes) @ 0x00000000026963e6 [0x0000000002696380+0x66]
J 1217 C1 java.awt.EventQueue.dispatchEvent(Ljava/awt/AWTEvent;)V (80 bytes) @ 0x00000000027f49c4 [0x00000000027f4040+0x984]
J 1262 C1 java.awt.EventDispatchThread.pumpOneEventForFilters(I)V (190 bytes) @ 0x000000000283b74c [0x000000000283a600+0x114c]
j  java.awt.EventDispatchThread.pumpEventsForFilter(ILjava/awt/Conditional;Ljava/awt/EventFilter;)V+35
j  java.awt.EventDispatchThread.pumpEventsForHierarchy(ILjava/awt/Conditional;Ljava/awt/Component;)V+11
j  java.awt.EventDispatchThread.pumpEvents(ILjava/awt/Conditional;)V+4
j  java.awt.EventDispatchThread.pumpEvents(Ljava/awt/Conditional;)V+3
j  java.awt.EventDispatchThread.run()V+9
v  ~StubRoutines::call_stub

---------------  P R O C E S S  ---------------

Java Threads: ( => current thread )
  0x0000000017aca800 JavaThread "Direct Clip" daemon [_thread_blocked, id=14380, stack(0x0000000023b20000,0x0000000023c20000)]
  0x0000000017b75800 JavaThread "Direct Clip" daemon [_thread_blocked, id=7468, stack(0x0000000023a20000,0x0000000023b20000)]
  0x0000000017b74000 JavaThread "Direct Clip" daemon [_thread_blocked, id=7776, stack(0x0000000023920000,0x0000000023a20000)]
  0x0000000017b75000 JavaThread "Direct Clip" daemon [_thread_blocked, id=14368, stack(0x0000000023020000,0x0000000023120000)]
  0x0000000017b73800 JavaThread "Direct Clip" daemon [_thread_blocked, id=2016, stack(0x0000000022f20000,0x0000000023020000)]
  0x0000000017b71000 JavaThread "Direct Clip" daemon [_thread_blocked, id=14140, stack(0x0000000022e20000,0x0000000022f20000)]
  0x0000000017b6f800 JavaThread "Direct Clip" daemon [_thread_blocked, id=12240, stack(0x0000000022d20000,0x0000000022e20000)]
  0x0000000017b72800 JavaThread "Direct Clip" daemon [_thread_blocked, id=12752, stack(0x0000000022c20000,0x0000000022d20000)]
  0x0000000017b70800 JavaThread "Direct Clip" daemon [_thread_blocked, id=10420, stack(0x0000000022b20000,0x0000000022c20000)]
  0x0000000017b72000 JavaThread "Direct Clip" daemon [_thread_blocked, id=13772, stack(0x0000000022a20000,0x0000000022b20000)]
  0x0000000017b6b000 JavaThread "Direct Clip" daemon [_thread_blocked, id=12800, stack(0x0000000022920000,0x0000000022a20000)]
  0x0000000017b6f000 JavaThread "Direct Clip" daemon [_thread_blocked, id=13372, stack(0x0000000022820000,0x0000000022920000)]
  0x0000000017b6e000 JavaThread "Direct Clip" daemon [_thread_blocked, id=14100, stack(0x0000000022720000,0x0000000022820000)]
  0x0000000017b6a800 JavaThread "Direct Clip" daemon [_thread_blocked, id=2180, stack(0x0000000021070000,0x0000000021170000)]
  0x0000000017b6c800 JavaThread "Direct Clip" daemon [_thread_blocked, id=7932, stack(0x0000000020f70000,0x0000000021070000)]
  0x0000000017b6d800 JavaThread "Direct Clip" daemon [_thread_blocked, id=3792, stack(0x000000001caa0000,0x000000001cba0000)]
  0x0000000017b67800 JavaThread "Direct Clip" daemon [_thread_blocked, id=9460, stack(0x000000001c9a0000,0x000000001caa0000)]
  0x0000000017b66800 JavaThread "Thread-13" [_thread_blocked, id=13188, stack(0x000000001f810000,0x000000001f910000)]
  0x0000000017b69800 JavaThread "Thread-12" [_thread_blocked, id=10072, stack(0x000000001b710000,0x000000001b810000)]
  0x0000000017b68000 JavaThread "Thread-11" [_thread_blocked, id=11608, stack(0x00000000201c0000,0x00000000202c0000)]
  0x0000000017b69000 JavaThread "Direct Clip" daemon [_thread_blocked, id=7604, stack(0x000000001fef0000,0x000000001fff0000)]
  0x0000000017acd000 JavaThread "Direct Clip" daemon [_thread_blocked, id=8896, stack(0x000000001f920000,0x000000001fa20000)]
  0x0000000017acd800 JavaThread "Thread-8" [_thread_blocked, id=10152, stack(0x000000001fdf0000,0x000000001fef0000)]
  0x0000000017ace800 JavaThread "Thread-7" [_thread_blocked, id=9484, stack(0x000000001fcf0000,0x000000001fdf0000)]
  0x0000000017acf000 JavaThread "Thread-6" [_thread_blocked, id=3576, stack(0x000000001fbf0000,0x000000001fcf0000)]
  0x0000000017ac9000 JavaThread "Thread-5" [_thread_blocked, id=10044, stack(0x000000001faf0000,0x000000001fbf0000)]
  0x0000000017acb800 JavaThread "Direct Clip" daemon [_thread_blocked, id=14452, stack(0x000000001c2e0000,0x000000001c3e0000)]
  0x0000000017aca000 JavaThread "D3D Screen Updater" daemon [_thread_blocked, id=11220, stack(0x000000001cbd0000,0x000000001ccd0000)]
  0x0000000017acc000 JavaThread "Direct Clip" daemon [_thread_blocked, id=11344, stack(0x000000001b380000,0x000000001b480000)]
  0x0000000017ac8800 JavaThread "Java Sound Event Dispatcher" daemon [_thread_blocked, id=7868, stack(0x000000001af80000,0x000000001b080000)]
  0x00000000020dd800 JavaThread "DestroyJavaVM" [_thread_blocked, id=12748, stack(0x00000000021b0000,0x00000000022b0000)]
=>0x00000000173ee800 JavaThread "AWT-EventQueue-0" [_thread_in_native, id=8180, stack(0x0000000019030000,0x0000000019130000)]
  0x000000001741f800 JavaThread "AWT-Windows" daemon [_thread_in_native, id=11760, stack(0x0000000017f20000,0x0000000018020000)]
  0x00000000173fe800 JavaThread "AWT-Shutdown" [_thread_blocked, id=14956, stack(0x0000000017e20000,0x0000000017f20000)]
  0x0000000017412800 JavaThread "Java2D Disposer" daemon [_thread_blocked, id=15116, stack(0x0000000017d20000,0x0000000017e20000)]
  0x0000000016ca8000 JavaThread "Service Thread" daemon [_thread_blocked, id=15140, stack(0x00000000170a0000,0x00000000171a0000)]
  0x000000001539e000 JavaThread "C1 CompilerThread2" daemon [_thread_blocked, id=12832, stack(0x0000000016ba0000,0x0000000016ca0000)]
  0x000000001539a000 JavaThread "C2 CompilerThread1" daemon [_thread_blocked, id=12672, stack(0x0000000016aa0000,0x0000000016ba0000)]
  0x000000001533f000 JavaThread "C2 CompilerThread0" daemon [_thread_blocked, id=11368, stack(0x00000000169a0000,0x0000000016aa0000)]
  0x000000001533d800 JavaThread "Attach Listener" daemon [_thread_blocked, id=11160, stack(0x00000000168a0000,0x00000000169a0000)]
  0x000000001533a800 JavaThread "Signal Dispatcher" daemon [_thread_blocked, id=11616, stack(0x00000000167a0000,0x00000000168a0000)]
  0x00000000023aa800 JavaThread "Finalizer" daemon [_thread_blocked, id=6132, stack(0x00000000165a0000,0x00000000166a0000)]
  0x00000000023a2000 JavaThread "Reference Handler" daemon [_thread_blocked, id=14384, stack(0x00000000164a0000,0x00000000165a0000)]

Other Threads:
  0x0000000015306800 VMThread [stack: 0x00000000163a0000,0x00000000164a0000] [id=9396]
  0x0000000016ca9000 WatcherThread [stack: 0x00000000172a0000,0x00000000173a0000] [id=2896]

VM state:not at safepoint (normal execution)

VM Mutex/Monitor currently owned by a thread: None

heap address: 0x00000000b1000000, size: 1264 MB, Compressed Oops mode: 32-bit
Narrow klass base: 0x0000000000000000, Narrow klass shift: 3
Compressed class space size: 1073741824 Address: 0x0000000100000000

Heap:
 PSYoungGen      total 34816K, used 25853K [0x00000000e5b00000, 0x00000000e8100000, 0x0000000100000000)
  eden space 31744K, 81% used [0x00000000e5b00000,0x00000000e743f780,0x00000000e7a00000)
  from space 3072K, 0% used [0x00000000e7e00000,0x00000000e7e00000,0x00000000e8100000)
  to   space 3072K, 0% used [0x00000000e7b00000,0x00000000e7b00000,0x00000000e7e00000)
 ParOldGen       total 113664K, used 44543K [0x00000000b1000000, 0x00000000b7f00000, 0x00000000e5b00000)
  object space 113664K, 39% used [0x00000000b1000000,0x00000000b3b7fc18,0x00000000b7f00000)
 Metaspace       used 17777K, capacity 18042K, committed 18304K, reserved 1064960K
  class space    used 2044K, capacity 2124K, committed 2176K, reserved 1048576K

Card table byte_map: [0x0000000011770000,0x00000000119f0000] byte_map_base: 0x00000000111e8000

Marking Bits: (ParMarkBitMap*) 0x000000005332af90
 Begin Bits: [0x0000000011fa0000, 0x0000000013360000)
 End Bits:   [0x0000000013360000, 0x0000000014720000)

Polling page: 0x0000000000a60000

CodeCache: size=245760Kb used=5994Kb max_used=6308Kb free=239765Kb
 bounds [0x00000000023b0000, 0x00000000029f0000, 0x00000000113b0000]
 total_blobs=2496 nmethods=1714 adapters=695
 compilation: enabled

Compilation events (10 events):
Event: 56.980 Thread 0x000000001533f000 1881       4       java.nio.DirectDoubleBufferU::get (16 bytes)
Event: 56.982 Thread 0x000000001533f000 nmethod 1881 0x00000000024e5f10 code [0x00000000024e6040, 0x00000000024e60d8]
Event: 57.382 Thread 0x000000001539e000 1882       3       java.awt.Component::getFocusTraversalKeys (26 bytes)
Event: 57.383 Thread 0x000000001539e000 nmethod 1882 0x0000000002988610 code [0x00000000029887a0, 0x0000000002988ad8]
Event: 57.383 Thread 0x000000001539e000 1883       3       java.awt.Window::getFocusTraversalKeys (52 bytes)
Event: 57.384 Thread 0x000000001539e000 nmethod 1883 0x0000000002673fd0 code [0x00000000026741a0, 0x00000000026747d8]
Event: 57.384 Thread 0x000000001539e000 1884       3       java.awt.Container::preProcessKeyEvent (15 bytes)
Event: 57.384 Thread 0x000000001539e000 nmethod 1884 0x00000000028f7990 code [0x00000000028f7b00, 0x00000000028f7d68]
Event: 57.384 Thread 0x000000001539e000 1885       3       javax.swing.InputMap::get (54 bytes)
Event: 57.385 Thread 0x000000001539e000 nmethod 1885 0x0000000002989ed0 code [0x000000000298a060, 0x000000000298a5c8]

GC Heap History (10 events):
Event: 3.676 GC heap before
{Heap before GC invocations=2 (full 0):
 PSYoungGen      total 24064K, used 24055K [0x00000000e5b00000, 0x00000000e7580000, 0x0000000100000000)
  eden space 20992K, 100% used [0x00000000e5b00000,0x00000000e6f80000,0x00000000e6f80000)
  from space 3072K, 99% used [0x00000000e6f80000,0x00000000e727dde0,0x00000000e7280000)
  to   space 3072K, 0% used [0x00000000e7280000,0x00000000e7280000,0x00000000e7580000)
 ParOldGen       total 54784K, used 24440K [0x00000000b1000000, 0x00000000b4580000, 0x00000000e5b00000)
  object space 54784K, 44% used [0x00000000b1000000,0x00000000b27de2c0,0x00000000b4580000)
 Metaspace       used 13569K, capacity 13828K, committed 13952K, reserved 1060864K
  class space    used 1532K, capacity 1629K, committed 1664K, reserved 1048576K
Event: 3.706 GC heap after
Heap after GC invocations=2 (full 0):
 PSYoungGen      total 24064K, used 2752K [0x00000000e5b00000, 0x00000000e8a00000, 0x0000000100000000)
  eden space 20992K, 0% used [0x00000000e5b00000,0x00000000e5b00000,0x00000000e6f80000)
  from space 3072K, 89% used [0x00000000e7280000,0x00000000e7530020,0x00000000e7580000)
  to   space 3072K, 0% used [0x00000000e6f80000,0x00000000e6f80000,0x00000000e7280000)
 ParOldGen       total 54784K, used 48748K [0x00000000b1000000, 0x00000000b4580000, 0x00000000e5b00000)
  object space 54784K, 88% used [0x00000000b1000000,0x00000000b3f9b2f0,0x00000000b4580000)
 Metaspace       used 13569K, capacity 13828K, committed 13952K, reserved 1060864K
  class space    used 1532K, capacity 1629K, committed 1664K, reserved 1048576K
}
Event: 3.706 GC heap before
{Heap before GC invocations=3 (full 1):
 PSYoungGen      total 24064K, used 2752K [0x00000000e5b00000, 0x00000000e8a00000, 0x0000000100000000)
  eden space 20992K, 0% used [0x00000000e5b00000,0x00000000e5b00000,0x00000000e6f80000)
  from space 3072K, 89% used [0x00000000e7280000,0x00000000e7530020,0x00000000e7580000)
  to   space 3072K, 0% used [0x00000000e6f80000,0x00000000e6f80000,0x00000000e7280000)
 ParOldGen       total 54784K, used 48748K [0x00000000b1000000, 0x00000000b4580000, 0x00000000e5b00000)
  object space 54784K, 88% used [0x00000000b1000000,0x00000000b3f9b2f0,0x00000000b4580000)
 Metaspace       used 13569K, capacity 13828K, committed 13952K, reserved 1060864K
  class space    used 1532K, capacity 1629K, committed 1664K, reserved 1048576K
Event: 3.772 GC heap after
Heap after GC invocations=3 (full 1):
 PSYoungGen      total 24064K, used 0K [0x00000000e5b00000, 0x00000000e8a00000, 0x0000000100000000)
  eden space 20992K, 0% used [0x00000000e5b00000,0x00000000e5b00000,0x00000000e6f80000)
  from space 3072K, 0% used [0x00000000e7280000,0x00000000e7280000,0x00000000e7580000)
  to   space 3072K, 0% used [0x00000000e6f80000,0x00000000e6f80000,0x00000000e7280000)
 ParOldGen       total 72192K, used 18921K [0x00000000b1000000, 0x00000000b5680000, 0x00000000e5b00000)
  object space 72192K, 26% used [0x00000000b1000000,0x00000000b227a648,0x00000000b5680000)
 Metaspace       used 13569K, capacity 13828K, committed 13952K, reserved 1060864K
  class space    used 1532K, capacity 1629K, committed 1664K, reserved 1048576K
}
Event: 12.787 GC heap before
{Heap before GC invocations=4 (full 1):
 PSYoungGen      total 24064K, used 20661K [0x00000000e5b00000, 0x00000000e8a00000, 0x0000000100000000)
  eden space 20992K, 98% used [0x00000000e5b00000,0x00000000e6f2d780,0x00000000e6f80000)
  from space 3072K, 0% used [0x00000000e7280000,0x00000000e7280000,0x00000000e7580000)
  to   space 3072K, 0% used [0x00000000e6f80000,0x00000000e6f80000,0x00000000e7280000)
 ParOldGen       total 72192K, used 39017K [0x00000000b1000000, 0x00000000b5680000, 0x00000000e5b00000)
  object space 72192K, 54% used [0x00000000b1000000,0x00000000b361a6a8,0x00000000b5680000)
 Metaspace       used 17217K, capacity 17450K, committed 17792K, reserved 1064960K
  class space    used 1996K, capacity 2084K, committed 2176K, reserved 1048576K
Event: 12.801 GC heap after
Heap after GC invocations=4 (full 1):
 PSYoungGen      total 24064K, used 3057K [0x00000000e5b00000, 0x00000000e8100000, 0x0000000100000000)
  eden space 20992K, 0% used [0x00000000e5b00000,0x00000000e5b00000,0x00000000e6f80000)
  from space 3072K, 99% used [0x00000000e6f80000,0x00000000e727c660,0x00000000e7280000)
  to   space 3072K, 0% used [0x00000000e7e00000,0x00000000e7e00000,0x00000000e8100000)
 ParOldGen       total 72192K, used 40113K [0x00000000b1000000, 0x00000000b5680000, 0x00000000e5b00000)
  object space 72192K, 55% used [0x00000000b1000000,0x00000000b372c710,0x00000000b5680000)
 Metaspace       used 17217K, capacity 17450K, committed 17792K, reserved 1064960K
  class space    used 1996K, capacity 2084K, committed 2176K, reserved 1048576K
}
Event: 17.339 GC heap before
{Heap before GC invocations=5 (full 1):
 PSYoungGen      total 24064K, used 24049K [0x00000000e5b00000, 0x00000000e8100000, 0x0000000100000000)
  eden space 20992K, 100% used [0x00000000e5b00000,0x00000000e6f80000,0x00000000e6f80000)
  from space 3072K, 99% used [0x00000000e6f80000,0x00000000e727c660,0x00000000e7280000)
  to   space 3072K, 0% used [0x00000000e7e00000,0x00000000e7e00000,0x00000000e8100000)
 ParOldGen       total 72192K, used 40113K [0x00000000b1000000, 0x00000000b5680000, 0x00000000e5b00000)
  object space 72192K, 55% used [0x00000000b1000000,0x00000000b372c710,0x00000000b5680000)
 Metaspace       used 17467K, capacity 17680K, committed 18048K, reserved 1064960K
  class space    used 2026K, capacity 2117K, committed 2176K, reserved 1048576K
Event: 17.360 GC heap after
Heap after GC invocations=5 (full 1):
 PSYoungGen      total 34816K, used 2980K [0x00000000e5b00000, 0x00000000e8100000, 0x0000000100000000)
  eden space 31744K, 0% used [0x00000000e5b00000,0x00000000e5b00000,0x00000000e7a00000)
  from space 3072K, 97% used [0x00000000e7e00000,0x00000000e80e9108,0x00000000e8100000)
  to   space 3072K, 0% used [0x00000000e7b00000,0x00000000e7b00000,0x00000000e7e00000)
 ParOldGen       total 72192K, used 50349K [0x00000000b1000000, 0x00000000b5680000, 0x00000000e5b00000)
  object space 72192K, 69% used [0x00000000b1000000,0x00000000b412b550,0x00000000b5680000)
 Metaspace       used 17467K, capacity 17680K, committed 18048K, reserved 1064960K
  class space    used 2026K, capacity 2117K, committed 2176K, reserved 1048576K
}
Event: 17.361 GC heap before
{Heap before GC invocations=6 (full 2):
 PSYoungGen      total 34816K, used 2980K [0x00000000e5b00000, 0x00000000e8100000, 0x0000000100000000)
  eden space 31744K, 0% used [0x00000000e5b00000,0x00000000e5b00000,0x00000000e7a00000)
  from space 3072K, 97% used [0x00000000e7e00000,0x00000000e80e9108,0x00000000e8100000)
  to   space 3072K, 0% used [0x00000000e7b00000,0x00000000e7b00000,0x00000000e7e00000)
 ParOldGen       total 72192K, used 50349K [0x00000000b1000000, 0x00000000b5680000, 0x00000000e5b00000)
  object space 72192K, 69% used [0x00000000b1000000,0x00000000b412b550,0x00000000b5680000)
 Metaspace       used 17467K, capacity 17680K, committed 18048K, reserved 1064960K
  class space    used 2026K, capacity 2117K, committed 2176K, reserved 1048576K
Event: 17.412 GC heap after
Heap after GC invocations=6 (full 2):
 PSYoungGen      total 34816K, used 0K [0x00000000e5b00000, 0x00000000e8100000, 0x0000000100000000)
  eden space 31744K, 0% used [0x00000000e5b00000,0x00000000e5b00000,0x00000000e7a00000)
  from space 3072K, 0% used [0x00000000e7e00000,0x00000000e7e00000,0x00000000e8100000)
  to   space 3072K, 0% used [0x00000000e7b00000,0x00000000e7b00000,0x00000000e7e00000)
 ParOldGen       total 113664K, used 44543K [0x00000000b1000000, 0x00000000b7f00000, 0x00000000e5b00000)
  object space 113664K, 39% used [0x00000000b1000000,0x00000000b3b7fc18,0x00000000b7f00000)
 Metaspace       used 17467K, capacity 17680K, committed 18048K, reserved 1064960K
  class space    used 2026K, capacity 2117K, committed 2176K, reserved 1048576K
}

Deoptimization events (4 events):
Event: 3.571 Thread 0x0000000017acb800 Uncommon trap: reason=unstable_if action=reinterpret pc=0x00000000026b14d4 method=sun.awt.image.PNGFilterInputStream.read([BII)I @ 30
Event: 3.599 Thread 0x0000000017acb800 Uncommon trap: reason=unstable_if action=reinterpret pc=0x00000000026a2b18 method=sun.awt.image.ImageRepresentation.getOpaqueRGBImage()Ljava/awt/image/BufferedImage; @ 57
Event: 13.072 Thread 0x00000000173ee800 Uncommon trap: reason=unstable_if action=reinterpret pc=0x00000000029025f0 method=com.sun.opengl.impl.mipmap.ScaleInternal.scale_internal_ubyte(IIILjava/nio/ByteBuffer;IILjava/nio/ByteBuffer;III)V @ 286
Event: 17.553 Thread 0x00000000173ee800 Uncommon trap: reason=unstable_if action=reinterpret pc=0x000000000291c7d4 method=com.sun.opengl.impl.mipmap.ScaleInternal.scale_internal_ubyte(IIILjava/nio/ByteBuffer;IILjava/nio/ByteBuffer;III)V @ 866

Classes redefined (0 events):
No events

Internal exceptions (10 events):
Event: 2.335 Thread 0x00000000020dd800 Exception <a 'java/lang/ClassNotFoundException': ToolTip> (0x00000000e61e93b8) thrown at [C:\jenkins\workspace\8-2-build-windows-amd64-cygwin\jdk8u251\737\hotspot\src\share\vm\classfile\systemDictionary.cpp, line 210]
Event: 2.341 Thread 0x00000000020dd800 Exception <a 'java/lang/ClassNotFoundException': Tree> (0x00000000e61e9fd8) thrown at [C:\jenkins\workspace\8-2-build-windows-amd64-cygwin\jdk8u251\737\hotspot\src\share\vm\classfile\systemDictionary.cpp, line 210]
Event: 2.342 Thread 0x00000000020dd800 Exception <a 'java/lang/ClassNotFoundException': Tree> (0x00000000e61ea718) thrown at [C:\jenkins\workspace\8-2-build-windows-amd64-cygwin\jdk8u251\737\hotspot\src\share\vm\classfile\systemDictionary.cpp, line 210]
Event: 2.342 Thread 0x00000000020dd800 Exception <a 'java/lang/ClassNotFoundException': javax/swing/JTreeCell> (0x00000000e61eaa98) thrown at [C:\jenkins\workspace\8-2-build-windows-amd64-cygwin\jdk8u251\737\hotspot\src\share\vm\classfile\systemDictionary.cpp, line 210]
Event: 2.342 Thread 0x00000000020dd800 Exception <a 'java/lang/ClassNotFoundException': TreeCell> (0x00000000e61eaf20) thrown at [C:\jenkins\workspace\8-2-build-windows-amd64-cygwin\jdk8u251\737\hotspot\src\share\vm\classfile\systemDictionary.cpp, line 210]
Event: 2.342 Thread 0x00000000020dd800 Exception <a 'java/lang/ClassNotFoundException': RootPane> (0x00000000e61eb798) thrown at [C:\jenkins\workspace\8-2-build-windows-amd64-cygwin\jdk8u251\737\hotspot\src\share\vm\classfile\systemDictionary.cpp, line 210]
Event: 11.776 Thread 0x00000000173ee800 Exception <a 'javax/media/opengl/GLException'> (0x00000000e6b41338) thrown at [C:\jenkins\workspace\8-2-build-windows-amd64-cygwin\jdk8u251\737\hotspot\src\share\vm\prims\jvm.cpp, line 1506]
Event: 11.776 Thread 0x00000000173ee800 Exception <a 'javax/media/opengl/GLException'> (0x00000000e6b41338) thrown at [C:\jenkins\workspace\8-2-build-windows-amd64-cygwin\jdk8u251\737\hotspot\src\share\vm\prims\jvm.cpp, line 1506]
Event: 13.676 Thread 0x00000000173ee800 Exception <a 'javax/media/opengl/GLException'> (0x00000000e60f4a60) thrown at [C:\jenkins\workspace\8-2-build-windows-amd64-cygwin\jdk8u251\737\hotspot\src\share\vm\prims\jvm.cpp, line 1506]
Event: 13.767 Thread 0x00000000173ee800 Exception <a 'javax/media/opengl/GLException'> (0x00000000e60f73a0) thrown at [C:\jenkins\workspace\8-2-build-windows-amd64-cygwin\jdk8u251\737\hotspot\src\share\vm\prims\jvm.cpp, line 1506]

Events (10 events):
Event: 56.595 Thread 0x000000001539e000 flushing nmethod 0x0000000002994750
Event: 56.595 Thread 0x000000001539e000 flushing nmethod 0x0000000002997e50
Event: 56.598 Thread 0x0000000017aca800 Thread added: 0x0000000017aca800
Event: 56.616 Executing VM operation: RevokeBias
Event: 56.616 Executing VM operation: RevokeBias done
Event: 56.616 Executing VM operation: RevokeBias
Event: 56.617 Executing VM operation: RevokeBias done
Event: 57.064 Executing VM operation: RevokeBias
Event: 57.064 Executing VM operation: RevokeBias done
Event: 57.064 Thread 0x0000000017b6c000 Thread exited: 0x0000000017b6c000


Dynamic libraries:
0x00007ff7b1350000 - 0x00007ff7b1387000 	C:\Program Files\Java\jdk1.8.0_251\jre\bin\java.exe
0x00007ff9b74c0000 - 0x00007ff9b766d000 	C:\Windows\SYSTEM32\ntdll.dll
0x00007ff9b6ce0000 - 0x00007ff9b6e1f000 	C:\Windows\system32\KERNEL32.DLL
0x00007ff9a6950000 - 0x00007ff9a6963000 	C:\Program Files\AVAST Software\Avast\aswhook.dll
0x00007ff9b49a0000 - 0x00007ff9b4ab5000 	C:\Windows\system32\KERNELBASE.dll
0x00007ff9b31b0000 - 0x00007ff9b323e000 	C:\Windows\system32\apphelp.dll
0x00007ff9ace50000 - 0x00007ff9acea5000 	C:\Windows\AppPatch\AppPatch64\AcGenral.DLL
0x00007ff9b6c30000 - 0x00007ff9b6cda000 	C:\Windows\system32\msvcrt.dll
0x00007ff9b4ac0000 - 0x00007ff9b4aee000 	C:\Windows\system32\SspiCli.dll
0x00007ff9b4c20000 - 0x00007ff9b4c74000 	C:\Windows\system32\SHLWAPI.dll
0x00007ff9b7340000 - 0x00007ff9b74b7000 	C:\Windows\system32\USER32.dll
0x00007ff9b71a0000 - 0x00007ff9b7334000 	C:\Windows\system32\ole32.dll
0x00007ff9b54f0000 - 0x00007ff9b6a1a000 	C:\Windows\system32\SHELL32.dll
0x00007ff9b3bb0000 - 0x00007ff9b3bd1000 	C:\Windows\SYSTEM32\USERENV.dll
0x00007ff9b5440000 - 0x00007ff9b54ea000 	C:\Windows\system32\ADVAPI32.dll
0x00007ff9aea00000 - 0x00007ff9aea1e000 	C:\Windows\SYSTEM32\MPR.dll
0x00007ff9b52b0000 - 0x00007ff9b53f0000 	C:\Windows\system32\RPCRT4.dll
0x00007ff9b7130000 - 0x00007ff9b7189000 	C:\Windows\SYSTEM32\sechost.dll
0x00007ff9b6a20000 - 0x00007ff9b6c30000 	C:\Windows\SYSTEM32\combase.dll
0x00007ff9b4cf0000 - 0x00007ff9b4e3c000 	C:\Windows\system32\GDI32.dll
0x00007ff9b45f0000 - 0x00007ff9b4605000 	C:\Windows\SYSTEM32\profapi.dll
0x00007ff9b2be0000 - 0x00007ff9b2c92000 	C:\Windows\SYSTEM32\SHCORE.dll
0x00007ff9b5400000 - 0x00007ff9b5436000 	C:\Windows\system32\IMM32.DLL
0x00007ff9b4e40000 - 0x00007ff9b4f92000 	C:\Windows\system32\MSCTF.dll
0x00007ff9b2070000 - 0x00007ff9b22eb000 	C:\Windows\WinSxS\amd64_microsoft.windows.common-controls_6595b64144ccf1df_6.0.9600.19394_none_62486577ecb635cf\COMCTL32.dll
0x00000000535b0000 - 0x0000000053682000 	C:\Program Files\Java\jdk1.8.0_251\jre\bin\msvcr100.dll
0x0000000052b00000 - 0x00000000533ab000 	C:\Program Files\Java\jdk1.8.0_251\jre\bin\server\jvm.dll
0x00007ff9acff0000 - 0x00007ff9acff9000 	C:\Windows\SYSTEM32\WSOCK32.dll
0x00007ff9b1580000 - 0x00007ff9b15a2000 	C:\Windows\SYSTEM32\WINMM.dll
0x00007ff9ac0c0000 - 0x00007ff9ac0ca000 	C:\Windows\SYSTEM32\VERSION.dll
0x00007ff9b4c80000 - 0x00007ff9b4c87000 	C:\Windows\system32\PSAPI.DLL
0x00007ff9b4c90000 - 0x00007ff9b4cea000 	C:\Windows\system32\WS2_32.dll
0x00007ff9b1540000 - 0x00007ff9b156a000 	C:\Windows\SYSTEM32\WINMMBASE.dll
0x00007ff9b7190000 - 0x00007ff9b7199000 	C:\Windows\system32\NSI.dll
0x00007ff9b46c0000 - 0x00007ff9b470f000 	C:\Windows\SYSTEM32\cfgmgr32.dll
0x00007ff9b3410000 - 0x00007ff9b3438000 	C:\Windows\SYSTEM32\DEVOBJ.dll
0x00007ff9af290000 - 0x00007ff9af29f000 	C:\Program Files\Java\jdk1.8.0_251\jre\bin\verify.dll
0x00007ff9ae450000 - 0x00007ff9ae479000 	C:\Program Files\Java\jdk1.8.0_251\jre\bin\java.dll
0x00007ff9a9220000 - 0x00007ff9a9236000 	C:\Program Files\Java\jdk1.8.0_251\jre\bin\zip.dll
0x00007ff98c210000 - 0x00007ff98c3aa000 	C:\Program Files\Java\jdk1.8.0_251\jre\bin\awt.dll
0x00007ff9b5160000 - 0x00007ff9b5227000 	C:\Windows\system32\OLEAUT32.dll
0x00007ff9b27c0000 - 0x00007ff9b27e1000 	C:\Windows\system32\DWMAPI.DLL
0x00007ff9b3280000 - 0x00007ff9b33a9000 	C:\Windows\system32\uxtheme.dll
0x00007ff98c0e0000 - 0x00007ff98c20b000 	C:\Windows\system32\opengl32.dll
0x00007ff9a1240000 - 0x00007ff9a126e000 	C:\Windows\SYSTEM32\GLU32.dll
0x00007ff9a2280000 - 0x00007ff9a2378000 	C:\Windows\SYSTEM32\DDRAW.dll
0x00007ff9a6940000 - 0x00007ff9a6949000 	C:\Windows\SYSTEM32\DCIMAN32.dll
0x00007ff9b3400000 - 0x00007ff9b340b000 	C:\Windows\SYSTEM32\kernel.appcore.dll
0x00007ff9b44c0000 - 0x00007ff9b44cb000 	C:\Windows\SYSTEM32\CRYPTBASE.dll
0x00007ff9b4450000 - 0x00007ff9b44b3000 	C:\Windows\SYSTEM32\bcryptPrimitives.dll
0x00007ff99a290000 - 0x00007ff99a4b1000 	C:\Windows\system32\d3d9.dll
0x00007ff9b1210000 - 0x00007ff9b146f000 	C:\Windows\SYSTEM32\d3d10warp.dll
0x00007ff9a0f60000 - 0x00007ff9a0fa9000 	C:\Program Files\Java\jdk1.8.0_251\jre\bin\fontmanager.dll
0x0000000017ca0000 - 0x0000000017cfa000 	C:\Users\Alan\AppData\Roaming\NetBeans\8.2\jogl-runtime\jogl.jar-natives-windows-amd64\jogl.dll
0x0000000052a30000 - 0x0000000052af9000 	C:\Windows\WinSxS\amd64_microsoft.vc80.crt_1fc8b3b9a1e18e3b_8.0.50727.8428_none_88dcdb0b2fb19957\MSVCR80.dll
0x00007ff9a26f0000 - 0x00007ff9a2721000 	C:\Program Files\Java\jdk1.8.0_251\jre\bin\jpeg.dll
0x00007ff9a77d0000 - 0x00007ff9a77ea000 	C:\Program Files\Java\jdk1.8.0_251\jre\bin\net.dll
0x00007ff9b3e20000 - 0x00007ff9b3e79000 	C:\Windows\system32\mswsock.dll
0x00007ff9a1270000 - 0x00007ff9a1282000 	C:\Program Files\Java\jdk1.8.0_251\jre\bin\nio.dll
0x00007ff9a0f10000 - 0x00007ff9a0f52000 	C:\Program Files\Java\jdk1.8.0_251\jre\bin\t2k.dll
0x00007ff9ae800000 - 0x00007ff9ae80c000 	C:\Program Files\Java\jdk1.8.0_251\jre\bin\jsound.dll
0x00007ff9a9240000 - 0x00007ff9a924b000 	C:\Program Files\Java\jdk1.8.0_251\jre\bin\jsoundds.dll
0x00007ff99ee40000 - 0x00007ff99eedd000 	C:\Windows\SYSTEM32\DSOUND.dll
0x00007ff9b4590000 - 0x00007ff9b45d6000 	C:\Windows\SYSTEM32\POWRPROF.dll
0x00007ff9b1eb0000 - 0x00007ff9b1f20000 	C:\Windows\SYSTEM32\MMDevAPI.DLL
0x00007ff99f820000 - 0x00007ff99f85e000 	C:\Windows\SYSTEM32\wdmaud.drv
0x00007ff9b0f10000 - 0x00007ff9b0f18000 	C:\Windows\SYSTEM32\ksuser.dll
0x00007ff9b1de0000 - 0x00007ff9b1dec000 	C:\Windows\SYSTEM32\AVRT.dll
0x00007ff9a80e0000 - 0x00007ff9a815e000 	C:\Windows\SYSTEM32\AUDIOSES.DLL
0x00007ff99f810000 - 0x00007ff99f81b000 	C:\Windows\SYSTEM32\msacm32.drv
0x00007ff99f7f0000 - 0x00007ff99f80c000 	C:\Windows\SYSTEM32\MSACM32.dll
0x00007ff99f7e0000 - 0x00007ff99f7ea000 	C:\Windows\SYSTEM32\midimap.dll
0x00007ff9b4b50000 - 0x00007ff9b4c06000 	C:\Windows\SYSTEM32\clbcatq.dll
0x00007ff9a9210000 - 0x00007ff9a9217000 	C:\Program Files\Java\jdk1.8.0_251\jre\bin\jawt.dll
0x0000000019140000 - 0x0000000019147000 	C:\Users\Alan\AppData\Roaming\NetBeans\8.2\jogl-runtime\jogl.jar-natives-windows-amd64\jogl_awt.dll
0x00007ff9a2380000 - 0x00007ff9a23be000 	C:\Program Files\Java\jdk1.8.0_251\jre\bin\lcms.dll
0x00007ff9ab8a0000 - 0x00007ff9aba29000 	C:\Windows\SYSTEM32\dbghelp.dll

VM Arguments:
jvm_args: -Dfile.encoding=Cp1252 -Djava.library.path=C:\Users\Alan\AppData\Roaming\NetBeans\8.2\jogl-runtime\jogl.jar-natives-windows-amd64;C:\Users\Alan\AppData\Roaming\NetBeans\8.2\gluegen-runtime\gluegen-rt.jar-natives-windows-amd64 
java_command: pantallas.Inicio
java_class_path (initial): C:\Users\Alan\AppData\Roaming\NetBeans\8.2\gluegen-runtime\gluegen-rt.jar;C:\Users\Alan\AppData\Roaming\NetBeans\8.2\jogl-runtime\jogl.jar;C:\Program Files\NetBeans 8.2\java\modules\ext\AbsoluteLayout.jar;C:\Users\Alan\Documents\GitHub\GraphicationGame\Actual\Poryecto con pantallas\JuegoV4\build\classes
Launcher Type: SUN_STANDARD

Environment Variables:
PATH=C:\Program Files (x86)\Common Files\Oracle\Java\javapath;C:\ProgramData\Oracle\Java\javapath;C:\Windows\system32;C:\Windows;C:\Windows\System32\Wbem;C:\Windows\System32\WindowsPowerShell\v1.0\;C:\Program Files (x86)\Microchip\MPLAB C32 Suite\bin;C:\PROGRA~2\PICC;C:\Program Files\Common Files\Autodesk Shared\;C:\Program Files\MySQL\MySQL Shell 8.0\bin\
USERNAME=Alan
OS=Windows_NT
PROCESSOR_IDENTIFIER=AMD64 Family 22 Model 48 Stepping 1, AuthenticAMD



---------------  S Y S T E M  ---------------

OS: Windows 8.1 , 64 bit Build 9600 (6.3.9600.19538)

CPU:total 4 (initial active 4) (4 cores per cpu, 1 threads per core) family 22 model 48 stepping 1, cmov, cx8, fxsr, mmx, sse, sse2, sse3, ssse3, sse4.1, sse4.2, popcnt, avx, aes, clmul, mmxext, 3dnowpref, lzcnt, sse4a, tsc, tscinvbit, tscinv, bmi1

Memory: 4k page, physical 5176816k(945808k free), swap 12516848k(4328960k free)

vm_info: Java HotSpot(TM) 64-Bit Server VM (25.251-b08) for windows-amd64 JRE (1.8.0_251-b08), built on Mar 12 2020 06:31:49 by "" with MS VC++ 10.0 (VS2010)

time: Tue Jun 09 12:03:46 2020
timezone: Hora de verano central (México)
elapsed time: 57 seconds (0d 0h 0m 57s)

