#
# A fatal error has been detected by the Java Runtime Environment:
#
#  EXCEPTION_ACCESS_VIOLATION (0xc0000005) at pc=0x00007ff98c197693, pid=13684, tid=0x0000000000001d98
#
# JRE version: Java(TM) SE Runtime Environment (8.0_251-b08) (build 1.8.0_251-b08)
# Java VM: Java HotSpot(TM) 64-Bit Server VM (25.251-b08 mixed mode windows-amd64 compressed oops)
# Problematic frame:
# C  [opengl32.dll+0xb7693]
#
# Failed to write core dump. Minidumps are not enabled by default on client versions of Windows
#
# If you would like to submit a bug report, please visit:
#   http://bugreport.java.com/bugreport/crash.jsp
# The crash happened outside the Java Virtual Machine in native code.
# See problematic frame for where to report the bug.
#

---------------  T H R E A D  ---------------

Current thread (0x00000000175ce800):  JavaThread "AWT-EventQueue-0" [_thread_in_native, id=7576, stack(0x0000000019190000,0x0000000019290000)]

siginfo: ExceptionCode=0xc0000005, reading address 0xfffffffe18ab4d00

Registers:
RAX=0xffffffff80000000, RBX=0x000000001e00e5d0, RCX=0x0000000000000000, RDX=0x000000001deb4f88
RSP=0x000000001928d7f0, RBP=0x000000001deb8ed0, RSI=0x0000000000000000, RDI=0x00000000009ad470
R8 =0x0000000018ab4d00, R9 =0x000000001deb4f88, R10=0x000000001deb4fe8, R11=0x00000000009abb90
R12=0xffffffffffffffec, R13=0xfffffffffffffff0, R14=0xfffffffffffffff4, R15=0xffffffffffffffe8
RIP=0x00007ff98c197693, EFLAGS=0x0000000000010a06

Top of Stack: (sp=0x000000001928d7f0)
0x000000001928d7f0:   4d0a6088427b542b 42eb9ee84c0a609a
0x000000001928d800:   427b542b432cc9dd 0000000041f4cccd
0x000000001928d810:   458a37eb3f713da2 0000000040f4cccd
0x000000001928d820:   0000000018ab4d00 00007ff98c1aba0c
0x000000001928d830:   0000000000000000 0000000000000000
0x000000001928d840:   0000000000000000 0000000000000000
0x000000001928d850:   0000000000000000 0000000000000000
0x000000001928d860:   000000003f800000 0000000000000000
0x000000001928d870:   3fa999993d4ccccd 0000000000000000
0x000000001928d880:   000000003f800000 0000000000000000
0x000000001928d890:   0000000000000000 0000000000000000
0x000000001928d8a0:   000000003f800000 0000000000000000
0x000000001928d8b0:   40088121e0000000 0000000000000000
0x000000001928d8c0:   000000003c0f5c28 0000000000000000
0x000000001928d8d0:   000000001deb8f98 000000001deb8ed0
0x000000001928d8e0:   00000000009abb90 000000001deb4ec0 

Instructions: (pc=0x00007ff98c197693)
0x00007ff98c197673:   04 f3 0f 11 1c 24 72 56 f3 0f 59 54 24 24 f3 41
0x00007ff98c197683:   0f 58 d7 f3 0f 2c c2 3d 00 01 00 00 7d 0a 48 98
0x00007ff98c197693:   f3 41 0f 10 14 80 eb 04 41 0f 28 d3 0f 28 c2 0f
0x00007ff98c1976a3:   28 ca f3 41 0f 59 d2 f3 41 0f 59 c0 f3 41 0f 59 


Register to memory mapping:

RAX=0xffffffff80000000 is an unknown value
RBX=0x000000001e00e5d0 is an unknown value
RCX=0x0000000000000000 is an unknown value
RDX=0x000000001deb4f88 is an unknown value
RSP=0x000000001928d7f0 is pointing into the stack for thread: 0x00000000175ce800
RBP=0x000000001deb8ed0 is an unknown value
RSI=0x0000000000000000 is an unknown value
RDI=0x00000000009ad470 is an unknown value
R8 =0x0000000018ab4d00 is an unknown value
R9 =0x000000001deb4f88 is an unknown value
R10=0x000000001deb4fe8 is an unknown value
R11=0x00000000009abb90 is an unknown value
R12=0xffffffffffffffec is an unknown value
R13=0xfffffffffffffff0 is an unknown value
R14=0xfffffffffffffff4 is an unknown value
R15=0xffffffffffffffe8 is an unknown value


Stack: [0x0000000019190000,0x0000000019290000],  sp=0x000000001928d7f0,  free space=1013k
Native frames: (J=compiled Java code, j=interpreted, Vv=VM code, C=native code)
C  [opengl32.dll+0xb7693]
C  [opengl32.dll+0xae775]
C  [opengl32.dll+0xe19e2]
C  [opengl32.dll+0xe1855]
C  [opengl32.dll+0x2df84]
C  [opengl32.dll+0x1a6a5]
C  [jogl.dll+0x22cd]
C  0x000000000295cb75

Java frames: (J=compiled Java code, j=interpreted, Vv=VM code)
J 1367  com.sun.opengl.impl.GLImpl.glBegin0(I)V (0 bytes) @ 0x000000000295cafb [0x000000000295cac0+0x3b]
J 1581 C2 com.sun.opengl.impl.GLUquadricImpl.drawDisk(Ljavax/media/opengl/GL;FFII)V (868 bytes) @ 0x00000000026e29f0 [0x00000000026e2560+0x490]
J 1619 C1 javax.media.opengl.glu.GLU.gluDisk(Ljavax/media/opengl/glu/GLUquadric;DDII)V (20 bytes) @ 0x0000000002689014 [0x0000000002688b60+0x4b4]
j  levels.DibujaB.palito(Ljavax/media/opengl/GL;Ljavax/media/opengl/glu/GLU;)V+113
j  levels.DibujaB.dibujaB(Ljavax/media/opengl/GL;)V+49
j  levels.levelFour.display(Ljavax/media/opengl/GLAutoDrawable;)V+1156
j  com.sun.opengl.impl.GLDrawableHelper.display(Ljavax/media/opengl/GLAutoDrawable;)V+29
j  javax.media.opengl.GLCanvas$DisplayAction.run()V+80
J 1829 C1 com.sun.opengl.impl.GLDrawableHelper.invokeGL(Ljavax/media/opengl/GLDrawable;Ljavax/media/opengl/GLContext;Ljava/lang/Runnable;Ljava/lang/Runnable;)V (498 bytes) @ 0x00000000029a022c [0x000000000299f1e0+0x104c]
J 1831 C1 javax.media.opengl.GLCanvas$DisplayOnEventDispatchThreadAction.run()V (39 bytes) @ 0x0000000002972a64 [0x0000000002972940+0x124]
J 1462 C1 java.awt.event.InvocationEvent.dispatch()V (69 bytes) @ 0x00000000029fa1cc [0x00000000029fa080+0x14c]
J 1202 C1 java.awt.EventQueue.dispatchEventImpl(Ljava/awt/AWTEvent;Ljava/lang/Object;)V (149 bytes) @ 0x00000000028d2604 [0x00000000028d0b40+0x1ac4]
J 1200 C1 java.awt.EventQueue$3.run()Ljava/lang/Void; (60 bytes) @ 0x00000000028cff4c [0x00000000028cfd40+0x20c]
J 1199 C1 java.awt.EventQueue$3.run()Ljava/lang/Object; (5 bytes) @ 0x00000000028cf9cc [0x00000000028cf940+0x8c]
v  ~StubRoutines::call_stub
J 662  java.security.AccessController.doPrivileged(Ljava/security/PrivilegedAction;Ljava/security/AccessControlContext;)Ljava/lang/Object; (0 bytes) @ 0x000000000276d6a6 [0x000000000276d640+0x66]
J 1166 C1 java.awt.EventQueue.dispatchEvent(Ljava/awt/AWTEvent;)V (80 bytes) @ 0x00000000028b4544 [0x00000000028b3bc0+0x984]
J 1204 C1 java.awt.EventDispatchThread.pumpOneEventForFilters(I)V (190 bytes) @ 0x00000000028d810c [0x00000000028d6fc0+0x114c]
j  java.awt.EventDispatchThread.pumpEventsForFilter(ILjava/awt/Conditional;Ljava/awt/EventFilter;)V+35
j  java.awt.EventDispatchThread.pumpEventsForHierarchy(ILjava/awt/Conditional;Ljava/awt/Component;)V+11
j  java.awt.EventDispatchThread.pumpEvents(ILjava/awt/Conditional;)V+4
j  java.awt.EventDispatchThread.pumpEvents(Ljava/awt/Conditional;)V+3
j  java.awt.EventDispatchThread.run()V+9
v  ~StubRoutines::call_stub

---------------  P R O C E S S  ---------------

Java Threads: ( => current thread )
  0x0000000019bcb800 JavaThread "Direct Clip" daemon [_thread_blocked, id=8468, stack(0x000000001d310000,0x000000001d410000)]
  0x0000000019bcd000 JavaThread "Direct Clip" daemon [_thread_blocked, id=7180, stack(0x0000000022350000,0x0000000022450000)]
  0x0000000019bc7800 JavaThread "Direct Clip" daemon [_thread_blocked, id=12704, stack(0x0000000022a50000,0x0000000022b50000)]
  0x0000000019bca800 JavaThread "Direct Clip" daemon [_thread_blocked, id=10524, stack(0x0000000022950000,0x0000000022a50000)]
  0x0000000019bc9000 JavaThread "Direct Clip" daemon [_thread_blocked, id=14076, stack(0x0000000022450000,0x0000000022550000)]
  0x0000000019bc4000 JavaThread "Direct Clip" daemon [_thread_blocked, id=424, stack(0x00000000210f0000,0x00000000211f0000)]
  0x0000000019bc8800 JavaThread "Direct Clip" daemon [_thread_blocked, id=14980, stack(0x0000000022250000,0x0000000022350000)]
  0x0000000019bc7000 JavaThread "Thread-13" [_thread_blocked, id=13152, stack(0x000000001e420000,0x000000001e520000)]
  0x0000000019bc3000 JavaThread "Thread-12" [_thread_blocked, id=10272, stack(0x000000001c1f0000,0x000000001c2f0000)]
  0x0000000019bc6000 JavaThread "Thread-11" [_thread_blocked, id=14084, stack(0x000000001b5f0000,0x000000001b6f0000)]
  0x0000000019bc4800 JavaThread "Direct Clip" daemon [_thread_blocked, id=11300, stack(0x000000001a530000,0x000000001a630000)]
  0x0000000019bc5800 JavaThread "Direct Clip" daemon [_thread_blocked, id=1592, stack(0x000000001c690000,0x000000001c790000)]
  0x0000000017993800 JavaThread "Thread-8" [_thread_blocked, id=5024, stack(0x000000001bef0000,0x000000001bff0000)]
  0x0000000017996800 JavaThread "Thread-7" [_thread_blocked, id=14040, stack(0x000000001bdf0000,0x000000001bef0000)]
  0x0000000017996000 JavaThread "Thread-6" [_thread_blocked, id=1580, stack(0x000000001bcf0000,0x000000001bdf0000)]
  0x0000000017995000 JavaThread "Thread-5" [_thread_blocked, id=7460, stack(0x000000001bbf0000,0x000000001bcf0000)]
  0x0000000017994800 JavaThread "Direct Clip" daemon [_thread_blocked, id=14592, stack(0x000000001b6f0000,0x000000001b7f0000)]
  0x0000000017991800 JavaThread "D3D Screen Updater" daemon [_thread_blocked, id=5404, stack(0x000000001cd40000,0x000000001ce40000)]
  0x0000000017990800 JavaThread "Direct Clip" daemon [_thread_blocked, id=14328, stack(0x000000001b4f0000,0x000000001b5f0000)]
  0x0000000017992000 JavaThread "Java Sound Event Dispatcher" daemon [_thread_blocked, id=13392, stack(0x000000001b0f0000,0x000000001b1f0000)]
  0x000000000228d800 JavaThread "DestroyJavaVM" [_thread_blocked, id=13140, stack(0x0000000002290000,0x0000000002390000)]
=>0x00000000175ce800 JavaThread "AWT-EventQueue-0" [_thread_in_native, id=7576, stack(0x0000000019190000,0x0000000019290000)]
  0x0000000017539000 JavaThread "AWT-Windows" daemon [_thread_in_native, id=6220, stack(0x0000000017f80000,0x0000000018080000)]
  0x0000000017536800 JavaThread "AWT-Shutdown" [_thread_blocked, id=14840, stack(0x0000000017e80000,0x0000000017f80000)]
  0x0000000017535800 JavaThread "Java2D Disposer" daemon [_thread_blocked, id=11056, stack(0x0000000017d80000,0x0000000017e80000)]
  0x0000000016dc7000 JavaThread "Service Thread" daemon [_thread_blocked, id=7340, stack(0x0000000017180000,0x0000000017280000)]
  0x000000001544b800 JavaThread "C1 CompilerThread2" daemon [_thread_blocked, id=1960, stack(0x0000000016c80000,0x0000000016d80000)]
  0x000000001541e000 JavaThread "C2 CompilerThread1" daemon [_thread_blocked, id=8368, stack(0x0000000016b80000,0x0000000016c80000)]
  0x000000001541a000 JavaThread "C2 CompilerThread0" daemon [_thread_blocked, id=9548, stack(0x0000000016a80000,0x0000000016b80000)]
  0x0000000015428800 JavaThread "Attach Listener" daemon [_thread_blocked, id=7112, stack(0x0000000016980000,0x0000000016a80000)]
  0x0000000015427800 JavaThread "Signal Dispatcher" daemon [_thread_blocked, id=8396, stack(0x0000000016880000,0x0000000016980000)]
  0x000000000248c000 JavaThread "Finalizer" daemon [_thread_blocked, id=9148, stack(0x0000000016680000,0x0000000016780000)]
  0x0000000002483000 JavaThread "Reference Handler" daemon [_thread_blocked, id=14100, stack(0x0000000016580000,0x0000000016680000)]

Other Threads:
  0x00000000153e7000 VMThread [stack: 0x0000000016480000,0x0000000016580000] [id=6960]
  0x0000000016dc8000 WatcherThread [stack: 0x0000000017380000,0x0000000017480000] [id=14692]

VM state:not at safepoint (normal execution)

VM Mutex/Monitor currently owned by a thread: None

heap address: 0x00000000b1000000, size: 1264 MB, Compressed Oops mode: 32-bit
Narrow klass base: 0x0000000000000000, Narrow klass shift: 3
Compressed class space size: 1073741824 Address: 0x0000000100000000

Heap:
 PSYoungGen      total 37376K, used 28158K [0x00000000e5b00000, 0x00000000e8300000, 0x0000000100000000)
  eden space 34816K, 75% used [0x00000000e5b00000,0x00000000e7488e28,0x00000000e7d00000)
  from space 2560K, 78% used [0x00000000e8080000,0x00000000e8276b78,0x00000000e8300000)
  to   space 3072K, 0% used [0x00000000e7d00000,0x00000000e7d00000,0x00000000e8000000)
 ParOldGen       total 108544K, used 53912K [0x00000000b1000000, 0x00000000b7a00000, 0x00000000e5b00000)
  object space 108544K, 49% used [0x00000000b1000000,0x00000000b44a6040,0x00000000b7a00000)
 Metaspace       used 17759K, capacity 17932K, committed 18304K, reserved 1064960K
  class space    used 2040K, capacity 2117K, committed 2176K, reserved 1048576K

Card table byte_map: [0x0000000011850000,0x0000000011ad0000] byte_map_base: 0x00000000112c8000

Marking Bits: (ParMarkBitMap*) 0x000000005332af90
 Begin Bits: [0x0000000012080000, 0x0000000013440000)
 End Bits:   [0x0000000013440000, 0x0000000014800000)

Polling page: 0x0000000000840000

CodeCache: size=245760Kb used=6501Kb max_used=6501Kb free=239258Kb
 bounds [0x0000000002490000, 0x0000000002b00000, 0x0000000011490000]
 total_blobs=2530 nmethods=1748 adapters=695
 compilation: enabled

Compilation events (10 events):
Event: 94.951 Thread 0x000000001541a000 1891 %     4       java.util.IdentityHashMap::clear @ 17 (39 bytes)
Event: 94.951 Thread 0x000000001544b800 1892       3       javax.swing.JComponent$KeyboardState::getKeyCodeArray (31 bytes)
Event: 94.952 Thread 0x000000001544b800 nmethod 1892 0x0000000002ade390 code [0x0000000002ade560, 0x0000000002adeb58]
Event: 94.959 Thread 0x000000001541a000 nmethod 1891% 0x0000000002adca90 code [0x0000000002adcbe0, 0x0000000002adcd78]
Event: 97.430 Thread 0x000000001544b800 1893       3       javax.swing.JComponent::processKeyBindings (236 bytes)
Event: 97.436 Thread 0x000000001544b800 nmethod 1893 0x0000000002aed850 code [0x0000000002aedc40, 0x0000000002af0a88]
Event: 97.436 Thread 0x000000001544b800 1894       3       java.awt.event.KeyEvent::getExtendedKeyCode (6 bytes)
Event: 97.436 Thread 0x000000001544b800 nmethod 1894 0x0000000002acdb90 code [0x0000000002acdce0, 0x0000000002acde30]
Event: 97.436 Thread 0x000000001544b800 1895   !   3       javax.swing.KeyStroke::getKeyStroke (29 bytes)
Event: 97.437 Thread 0x000000001544b800 nmethod 1895 0x0000000002adc250 code [0x0000000002adc3e0, 0x0000000002adc898]

GC Heap History (10 events):
Event: 3.129 GC heap before
{Heap before GC invocations=2 (full 0):
 PSYoungGen      total 24064K, used 24039K [0x00000000e5b00000, 0x00000000e7580000, 0x0000000100000000)
  eden space 20992K, 100% used [0x00000000e5b00000,0x00000000e6f80000,0x00000000e6f80000)
  from space 3072K, 99% used [0x00000000e6f80000,0x00000000e7279dd0,0x00000000e7280000)
  to   space 3072K, 0% used [0x00000000e7280000,0x00000000e7280000,0x00000000e7580000)
 ParOldGen       total 54784K, used 24461K [0x00000000b1000000, 0x00000000b4580000, 0x00000000e5b00000)
  object space 54784K, 44% used [0x00000000b1000000,0x00000000b27e3698,0x00000000b4580000)
 Metaspace       used 13572K, capacity 13824K, committed 13952K, reserved 1060864K
  class space    used 1532K, capacity 1629K, committed 1664K, reserved 1048576K
Event: 3.153 GC heap after
Heap after GC invocations=2 (full 0):
 PSYoungGen      total 24064K, used 2752K [0x00000000e5b00000, 0x00000000e8a00000, 0x0000000100000000)
  eden space 20992K, 0% used [0x00000000e5b00000,0x00000000e5b00000,0x00000000e6f80000)
  from space 3072K, 89% used [0x00000000e7280000,0x00000000e7530000,0x00000000e7580000)
  to   space 3072K, 0% used [0x00000000e6f80000,0x00000000e6f80000,0x00000000e7280000)
 ParOldGen       total 54784K, used 48769K [0x00000000b1000000, 0x00000000b4580000, 0x00000000e5b00000)
  object space 54784K, 89% used [0x00000000b1000000,0x00000000b3fa06c8,0x00000000b4580000)
 Metaspace       used 13572K, capacity 13824K, committed 13952K, reserved 1060864K
  class space    used 1532K, capacity 1629K, committed 1664K, reserved 1048576K
}
Event: 3.153 GC heap before
{Heap before GC invocations=3 (full 1):
 PSYoungGen      total 24064K, used 2752K [0x00000000e5b00000, 0x00000000e8a00000, 0x0000000100000000)
  eden space 20992K, 0% used [0x00000000e5b00000,0x00000000e5b00000,0x00000000e6f80000)
  from space 3072K, 89% used [0x00000000e7280000,0x00000000e7530000,0x00000000e7580000)
  to   space 3072K, 0% used [0x00000000e6f80000,0x00000000e6f80000,0x00000000e7280000)
 ParOldGen       total 54784K, used 48769K [0x00000000b1000000, 0x00000000b4580000, 0x00000000e5b00000)
  object space 54784K, 89% used [0x00000000b1000000,0x00000000b3fa06c8,0x00000000b4580000)
 Metaspace       used 13572K, capacity 13824K, committed 13952K, reserved 1060864K
  class space    used 1532K, capacity 1629K, committed 1664K, reserved 1048576K
Event: 3.195 GC heap after
Heap after GC invocations=3 (full 1):
 PSYoungGen      total 24064K, used 0K [0x00000000e5b00000, 0x00000000e8a00000, 0x0000000100000000)
  eden space 20992K, 0% used [0x00000000e5b00000,0x00000000e5b00000,0x00000000e6f80000)
  from space 3072K, 0% used [0x00000000e7280000,0x00000000e7280000,0x00000000e7580000)
  to   space 3072K, 0% used [0x00000000e6f80000,0x00000000e6f80000,0x00000000e7280000)
 ParOldGen       total 69632K, used 18925K [0x00000000b1000000, 0x00000000b5400000, 0x00000000e5b00000)
  object space 69632K, 27% used [0x00000000b1000000,0x00000000b227b570,0x00000000b5400000)
 Metaspace       used 13572K, capacity 13824K, committed 13952K, reserved 1060864K
  class space    used 1532K, capacity 1629K, committed 1664K, reserved 1048576K
}
Event: 17.691 GC heap before
{Heap before GC invocations=4 (full 1):
 PSYoungGen      total 24064K, used 20285K [0x00000000e5b00000, 0x00000000e8a00000, 0x0000000100000000)
  eden space 20992K, 96% used [0x00000000e5b00000,0x00000000e6ecf648,0x00000000e6f80000)
  from space 3072K, 0% used [0x00000000e7280000,0x00000000e7280000,0x00000000e7580000)
  to   space 3072K, 0% used [0x00000000e6f80000,0x00000000e6f80000,0x00000000e7280000)
 ParOldGen       total 69632K, used 39021K [0x00000000b1000000, 0x00000000b5400000, 0x00000000e5b00000)
  object space 69632K, 56% used [0x00000000b1000000,0x00000000b361b5d0,0x00000000b5400000)
 Metaspace       used 17038K, capacity 17286K, committed 17536K, reserved 1064960K
  class space    used 1988K, capacity 2052K, committed 2176K, reserved 1048576K
Event: 17.699 GC heap after
Heap after GC invocations=4 (full 1):
 PSYoungGen      total 24064K, used 3060K [0x00000000e5b00000, 0x00000000e8380000, 0x0000000100000000)
  eden space 20992K, 0% used [0x00000000e5b00000,0x00000000e5b00000,0x00000000e6f80000)
  from space 3072K, 99% used [0x00000000e6f80000,0x00000000e727d328,0x00000000e7280000)
  to   space 3072K, 0% used [0x00000000e8080000,0x00000000e8080000,0x00000000e8380000)
 ParOldGen       total 69632K, used 40449K [0x00000000b1000000, 0x00000000b5400000, 0x00000000e5b00000)
  object space 69632K, 58% used [0x00000000b1000000,0x00000000b37807d8,0x00000000b5400000)
 Metaspace       used 17038K, capacity 17286K, committed 17536K, reserved 1064960K
  class space    used 1988K, capacity 2052K, committed 2176K, reserved 1048576K
}
Event: 17.699 GC heap before
{Heap before GC invocations=5 (full 2):
 PSYoungGen      total 24064K, used 3060K [0x00000000e5b00000, 0x00000000e8380000, 0x0000000100000000)
  eden space 20992K, 0% used [0x00000000e5b00000,0x00000000e5b00000,0x00000000e6f80000)
  from space 3072K, 99% used [0x00000000e6f80000,0x00000000e727d328,0x00000000e7280000)
  to   space 3072K, 0% used [0x00000000e8080000,0x00000000e8080000,0x00000000e8380000)
 ParOldGen       total 69632K, used 40449K [0x00000000b1000000, 0x00000000b5400000, 0x00000000e5b00000)
  object space 69632K, 58% used [0x00000000b1000000,0x00000000b37807d8,0x00000000b5400000)
 Metaspace       used 17038K, capacity 17286K, committed 17536K, reserved 1064960K
  class space    used 1988K, capacity 2052K, committed 2176K, reserved 1048576K
Event: 17.841 GC heap after
Heap after GC invocations=5 (full 2):
 PSYoungGen      total 24064K, used 0K [0x00000000e5b00000, 0x00000000e8380000, 0x0000000100000000)
  eden space 20992K, 0% used [0x00000000e5b00000,0x00000000e5b00000,0x00000000e6f80000)
  from space 3072K, 0% used [0x00000000e6f80000,0x00000000e6f80000,0x00000000e7280000)
  to   space 3072K, 0% used [0x00000000e8080000,0x00000000e8080000,0x00000000e8380000)
 ParOldGen       total 108544K, used 42968K [0x00000000b1000000, 0x00000000b7a00000, 0x00000000e5b00000)
  object space 108544K, 39% used [0x00000000b1000000,0x00000000b39f62c0,0x00000000b7a00000)
 Metaspace       used 17038K, capacity 17286K, committed 17536K, reserved 1064960K
  class space    used 1988K, capacity 2052K, committed 2176K, reserved 1048576K
}
Event: 21.410 GC heap before
{Heap before GC invocations=6 (full 2):
 PSYoungGen      total 24064K, used 20992K [0x00000000e5b00000, 0x00000000e8380000, 0x0000000100000000)
  eden space 20992K, 100% used [0x00000000e5b00000,0x00000000e6f80000,0x00000000e6f80000)
  from space 3072K, 0% used [0x00000000e6f80000,0x00000000e6f80000,0x00000000e7280000)
  to   space 3072K, 0% used [0x00000000e8080000,0x00000000e8080000,0x00000000e8380000)
 ParOldGen       total 108544K, used 42968K [0x00000000b1000000, 0x00000000b7a00000, 0x00000000e5b00000)
  object space 108544K, 39% used [0x00000000b1000000,0x00000000b39f62c0,0x00000000b7a00000)
 Metaspace       used 17399K, capacity 17612K, committed 17792K, reserved 1064960K
  class space    used 2025K, capacity 2117K, committed 2176K, reserved 1048576K
Event: 21.418 GC heap after
Heap after GC invocations=6 (full 2):
 PSYoungGen      total 37376K, used 2010K [0x00000000e5b00000, 0x00000000e8300000, 0x0000000100000000)
  eden space 34816K, 0% used [0x00000000e5b00000,0x00000000e5b00000,0x00000000e7d00000)
  from space 2560K, 78% used [0x00000000e8080000,0x00000000e8276b78,0x00000000e8300000)
  to   space 3072K, 0% used [0x00000000e7d00000,0x00000000e7d00000,0x00000000e8000000)
 ParOldGen       total 108544K, used 53912K [0x00000000b1000000, 0x00000000b7a00000, 0x00000000e5b00000)
  object space 108544K, 49% used [0x00000000b1000000,0x00000000b44a6040,0x00000000b7a00000)
 Metaspace       used 17399K, capacity 17612K, committed 17792K, reserved 1064960K
  class space    used 2025K, capacity 2117K, committed 2176K, reserved 1048576K
}

Deoptimization events (6 events):
Event: 3.070 Thread 0x0000000017993000 Uncommon trap: reason=unstable_if action=reinterpret pc=0x000000000277fc98 method=sun.awt.image.ImageRepresentation.getOpaqueRGBImage()Ljava/awt/image/BufferedImage; @ 57
Event: 3.234 Thread 0x0000000017993000 Uncommon trap: reason=unstable_if action=reinterpret pc=0x000000000278d754 method=sun.awt.image.PNGFilterInputStream.read([BII)I @ 30
Event: 3.234 Thread 0x0000000017993000 Uncommon trap: reason=unstable_if action=reinterpret pc=0x0000000002789130 method=sun.awt.image.ImageRepresentation.getOpaqueRGBImage()Ljava/awt/image/BufferedImage; @ 71
Event: 4.157 Thread 0x00000000175ce800 Uncommon trap: reason=unstable_if action=reinterpret pc=0x00000000028302f0 method=java.io.WinNTFileSystem.normalize(Ljava/lang/String;)Ljava/lang/String; @ 40
Event: 17.979 Thread 0x00000000175ce800 Uncommon trap: reason=unstable_if action=reinterpret pc=0x000000000296db3c method=com.sun.opengl.impl.mipmap.ScaleInternal.scale_internal_ubyte(IIILjava/nio/ByteBuffer;IILjava/nio/ByteBuffer;III)V @ 286
Event: 21.641 Thread 0x00000000175ce800 Uncommon trap: reason=unstable_if action=reinterpret pc=0x000000000298a4dc method=com.sun.opengl.impl.mipmap.ScaleInternal.scale_internal_ubyte(IIILjava/nio/ByteBuffer;IILjava/nio/ByteBuffer;III)V @ 866

Classes redefined (0 events):
No events

Internal exceptions (10 events):
Event: 1.463 Thread 0x000000000228d800 Exception <a 'java/lang/ClassNotFoundException': Tree> (0x00000000e61ea1e0) thrown at [C:\jenkins\workspace\8-2-build-windows-amd64-cygwin\jdk8u251\737\hotspot\src\share\vm\classfile\systemDictionary.cpp, line 210]
Event: 1.464 Thread 0x000000000228d800 Exception <a 'java/lang/ClassNotFoundException': Tree> (0x00000000e61ea920) thrown at [C:\jenkins\workspace\8-2-build-windows-amd64-cygwin\jdk8u251\737\hotspot\src\share\vm\classfile\systemDictionary.cpp, line 210]
Event: 1.464 Thread 0x000000000228d800 Exception <a 'java/lang/ClassNotFoundException': javax/swing/JTreeCell> (0x00000000e61eaca0) thrown at [C:\jenkins\workspace\8-2-build-windows-amd64-cygwin\jdk8u251\737\hotspot\src\share\vm\classfile\systemDictionary.cpp, line 210]
Event: 1.464 Thread 0x000000000228d800 Exception <a 'java/lang/ClassNotFoundException': TreeCell> (0x00000000e61eb128) thrown at [C:\jenkins\workspace\8-2-build-windows-amd64-cygwin\jdk8u251\737\hotspot\src\share\vm\classfile\systemDictionary.cpp, line 210]
Event: 1.464 Thread 0x000000000228d800 Exception <a 'java/lang/ClassNotFoundException': RootPane> (0x00000000e61eb9a0) thrown at [C:\jenkins\workspace\8-2-build-windows-amd64-cygwin\jdk8u251\737\hotspot\src\share\vm\classfile\systemDictionary.cpp, line 210]
Event: 18.870 Thread 0x00000000175ce800 Exception <a 'javax/media/opengl/GLException'> (0x00000000e6150220) thrown at [C:\jenkins\workspace\8-2-build-windows-amd64-cygwin\jdk8u251\737\hotspot\src\share\vm\prims\jvm.cpp, line 1506]
Event: 18.871 Thread 0x00000000175ce800 Exception <a 'javax/media/opengl/GLException'> (0x00000000e61514a8) thrown at [C:\jenkins\workspace\8-2-build-windows-amd64-cygwin\jdk8u251\737\hotspot\src\share\vm\prims\jvm.cpp, line 1506]
Event: 19.012 Thread 0x00000000175ce800 Exception <a 'javax/media/opengl/GLException'> (0x00000000e6158508) thrown at [C:\jenkins\workspace\8-2-build-windows-amd64-cygwin\jdk8u251\737\hotspot\src\share\vm\prims\jvm.cpp, line 1506]
Event: 19.175 Thread 0x00000000175ce800 Exception <a 'javax/media/opengl/GLException'> (0x00000000e615b000) thrown at [C:\jenkins\workspace\8-2-build-windows-amd64-cygwin\jdk8u251\737\hotspot\src\share\vm\prims\jvm.cpp, line 1506]
Event: 20.358 Thread 0x00000000175ce800 Exception <a 'javax/media/opengl/GLException'> (0x00000000e6238228) thrown at [C:\jenkins\workspace\8-2-build-windows-amd64-cygwin\jdk8u251\737\hotspot\src\share\vm\prims\jvm.cpp, line 1506]

Events (10 events):
Event: 81.776 Executing VM operation: RevokeBias
Event: 81.776 Executing VM operation: RevokeBias done
Event: 81.776 Executing VM operation: RevokeBias
Event: 81.777 Executing VM operation: RevokeBias done
Event: 81.777 Executing VM operation: RevokeBias
Event: 81.777 Executing VM operation: RevokeBias done
Event: 94.117 Thread 0x0000000019bcc000 Thread added: 0x0000000019bcc000
Event: 94.120 Executing VM operation: RevokeBias
Event: 94.120 Executing VM operation: RevokeBias done
Event: 94.120 Thread 0x0000000019bcc000 Thread exited: 0x0000000019bcc000


Dynamic libraries:
0x00007ff7b1350000 - 0x00007ff7b1387000 	C:\Program Files\Java\jdk1.8.0_251\jre\bin\java.exe
0x00007ff9b74c0000 - 0x00007ff9b766d000 	C:\Windows\SYSTEM32\ntdll.dll
0x00007ff9b6ce0000 - 0x00007ff9b6e1f000 	C:\Windows\system32\KERNEL32.DLL
0x00007ff9a6950000 - 0x00007ff9a6963000 	C:\Program Files\AVAST Software\Avast\aswhook.dll
0x00007ff9b49a0000 - 0x00007ff9b4ab5000 	C:\Windows\system32\KERNELBASE.dll
0x00007ff9b31b0000 - 0x00007ff9b323e000 	C:\Windows\system32\apphelp.dll
0x00007ff9ace50000 - 0x00007ff9acea5000 	C:\Windows\AppPatch\AppPatch64\AcGenral.DLL
0x00007ff9b6c30000 - 0x00007ff9b6cda000 	C:\Windows\system32\msvcrt.dll
0x00007ff9b4ac0000 - 0x00007ff9b4aee000 	C:\Windows\system32\SspiCli.dll
0x00007ff9b4c20000 - 0x00007ff9b4c74000 	C:\Windows\system32\SHLWAPI.dll
0x00007ff9b7340000 - 0x00007ff9b74b7000 	C:\Windows\system32\USER32.dll
0x00007ff9b71a0000 - 0x00007ff9b7334000 	C:\Windows\system32\ole32.dll
0x00007ff9b54f0000 - 0x00007ff9b6a1a000 	C:\Windows\system32\SHELL32.dll
0x00007ff9b3bb0000 - 0x00007ff9b3bd1000 	C:\Windows\SYSTEM32\USERENV.dll
0x00007ff9b5440000 - 0x00007ff9b54ea000 	C:\Windows\system32\ADVAPI32.dll
0x00007ff9aea00000 - 0x00007ff9aea1e000 	C:\Windows\SYSTEM32\MPR.dll
0x00007ff9b52b0000 - 0x00007ff9b53f0000 	C:\Windows\system32\RPCRT4.dll
0x00007ff9b7130000 - 0x00007ff9b7189000 	C:\Windows\SYSTEM32\sechost.dll
0x00007ff9b6a20000 - 0x00007ff9b6c30000 	C:\Windows\SYSTEM32\combase.dll
0x00007ff9b4cf0000 - 0x00007ff9b4e3c000 	C:\Windows\system32\GDI32.dll
0x00007ff9b45f0000 - 0x00007ff9b4605000 	C:\Windows\SYSTEM32\profapi.dll
0x00007ff9b2be0000 - 0x00007ff9b2c92000 	C:\Windows\SYSTEM32\SHCORE.dll
0x00007ff9b5400000 - 0x00007ff9b5436000 	C:\Windows\system32\IMM32.DLL
0x00007ff9b4e40000 - 0x00007ff9b4f92000 	C:\Windows\system32\MSCTF.dll
0x00007ff9b2070000 - 0x00007ff9b22eb000 	C:\Windows\WinSxS\amd64_microsoft.windows.common-controls_6595b64144ccf1df_6.0.9600.19394_none_62486577ecb635cf\COMCTL32.dll
0x00000000535b0000 - 0x0000000053682000 	C:\Program Files\Java\jdk1.8.0_251\jre\bin\msvcr100.dll
0x0000000052b00000 - 0x00000000533ab000 	C:\Program Files\Java\jdk1.8.0_251\jre\bin\server\jvm.dll
0x00007ff9acff0000 - 0x00007ff9acff9000 	C:\Windows\SYSTEM32\WSOCK32.dll
0x00007ff9b1580000 - 0x00007ff9b15a2000 	C:\Windows\SYSTEM32\WINMM.dll
0x00007ff9ac0c0000 - 0x00007ff9ac0ca000 	C:\Windows\SYSTEM32\VERSION.dll
0x00007ff9b4c80000 - 0x00007ff9b4c87000 	C:\Windows\system32\PSAPI.DLL
0x00007ff9b4c90000 - 0x00007ff9b4cea000 	C:\Windows\system32\WS2_32.dll
0x00007ff9b1540000 - 0x00007ff9b156a000 	C:\Windows\SYSTEM32\WINMMBASE.dll
0x00007ff9b7190000 - 0x00007ff9b7199000 	C:\Windows\system32\NSI.dll
0x00007ff9b46c0000 - 0x00007ff9b470f000 	C:\Windows\SYSTEM32\cfgmgr32.dll
0x00007ff9b3410000 - 0x00007ff9b3438000 	C:\Windows\SYSTEM32\DEVOBJ.dll
0x00007ff9af290000 - 0x00007ff9af29f000 	C:\Program Files\Java\jdk1.8.0_251\jre\bin\verify.dll
0x00007ff9ae450000 - 0x00007ff9ae479000 	C:\Program Files\Java\jdk1.8.0_251\jre\bin\java.dll
0x00007ff9a9220000 - 0x00007ff9a9236000 	C:\Program Files\Java\jdk1.8.0_251\jre\bin\zip.dll
0x00007ff98c210000 - 0x00007ff98c3aa000 	C:\Program Files\Java\jdk1.8.0_251\jre\bin\awt.dll
0x00007ff9b5160000 - 0x00007ff9b5227000 	C:\Windows\system32\OLEAUT32.dll
0x00007ff9b27c0000 - 0x00007ff9b27e1000 	C:\Windows\system32\DWMAPI.DLL
0x00007ff9b3280000 - 0x00007ff9b33a9000 	C:\Windows\system32\uxtheme.dll
0x00007ff98c0e0000 - 0x00007ff98c20b000 	C:\Windows\system32\opengl32.dll
0x00007ff9a1240000 - 0x00007ff9a126e000 	C:\Windows\SYSTEM32\GLU32.dll
0x00007ff9a2280000 - 0x00007ff9a2378000 	C:\Windows\SYSTEM32\DDRAW.dll
0x00007ff9a6940000 - 0x00007ff9a6949000 	C:\Windows\SYSTEM32\DCIMAN32.dll
0x00007ff9b3400000 - 0x00007ff9b340b000 	C:\Windows\SYSTEM32\kernel.appcore.dll
0x00007ff9b44c0000 - 0x00007ff9b44cb000 	C:\Windows\SYSTEM32\CRYPTBASE.dll
0x00007ff9b4450000 - 0x00007ff9b44b3000 	C:\Windows\SYSTEM32\bcryptPrimitives.dll
0x00007ff99a290000 - 0x00007ff99a4b1000 	C:\Windows\system32\d3d9.dll
0x00007ff9b1210000 - 0x00007ff9b146f000 	C:\Windows\SYSTEM32\d3d10warp.dll
0x00007ff9a0f60000 - 0x00007ff9a0fa9000 	C:\Program Files\Java\jdk1.8.0_251\jre\bin\fontmanager.dll
0x00000000021b0000 - 0x000000000220a000 	C:\Users\Alan\AppData\Roaming\NetBeans\8.2\jogl-runtime\jogl.jar-natives-windows-amd64\jogl.dll
0x0000000052a30000 - 0x0000000052af9000 	C:\Windows\WinSxS\amd64_microsoft.vc80.crt_1fc8b3b9a1e18e3b_8.0.50727.8428_none_88dcdb0b2fb19957\MSVCR80.dll
0x00007ff9a26f0000 - 0x00007ff9a2721000 	C:\Program Files\Java\jdk1.8.0_251\jre\bin\jpeg.dll
0x00007ff9a77d0000 - 0x00007ff9a77ea000 	C:\Program Files\Java\jdk1.8.0_251\jre\bin\net.dll
0x00007ff9b3e20000 - 0x00007ff9b3e79000 	C:\Windows\system32\mswsock.dll
0x00007ff9a1270000 - 0x00007ff9a1282000 	C:\Program Files\Java\jdk1.8.0_251\jre\bin\nio.dll
0x00007ff9a0f10000 - 0x00007ff9a0f52000 	C:\Program Files\Java\jdk1.8.0_251\jre\bin\t2k.dll
0x00007ff9a9250000 - 0x00007ff9a925c000 	C:\Program Files\Java\jdk1.8.0_251\jre\bin\jsound.dll
0x00007ff9a9240000 - 0x00007ff9a924b000 	C:\Program Files\Java\jdk1.8.0_251\jre\bin\jsoundds.dll
0x00007ff9a1840000 - 0x00007ff9a18dd000 	C:\Windows\SYSTEM32\DSOUND.dll
0x00007ff9b4590000 - 0x00007ff9b45d6000 	C:\Windows\SYSTEM32\POWRPROF.dll
0x00007ff9b1eb0000 - 0x00007ff9b1f20000 	C:\Windows\SYSTEM32\MMDevAPI.DLL
0x00007ff99f820000 - 0x00007ff99f85e000 	C:\Windows\SYSTEM32\wdmaud.drv
0x00007ff9b0f10000 - 0x00007ff9b0f18000 	C:\Windows\SYSTEM32\ksuser.dll
0x00007ff9b1de0000 - 0x00007ff9b1dec000 	C:\Windows\SYSTEM32\AVRT.dll
0x00007ff9a80e0000 - 0x00007ff9a815e000 	C:\Windows\SYSTEM32\AUDIOSES.DLL
0x00007ff99f810000 - 0x00007ff99f81b000 	C:\Windows\SYSTEM32\msacm32.drv
0x00007ff99f7f0000 - 0x00007ff99f80c000 	C:\Windows\SYSTEM32\MSACM32.dll
0x00007ff99f7e0000 - 0x00007ff99f7ea000 	C:\Windows\SYSTEM32\midimap.dll
0x00007ff9b4b50000 - 0x00007ff9b4c06000 	C:\Windows\SYSTEM32\clbcatq.dll
0x00007ff9a9210000 - 0x00007ff9a9217000 	C:\Program Files\Java\jdk1.8.0_251\jre\bin\jawt.dll
0x000000001a630000 - 0x000000001a637000 	C:\Users\Alan\AppData\Roaming\NetBeans\8.2\jogl-runtime\jogl.jar-natives-windows-amd64\jogl_awt.dll
0x00007ff9a2380000 - 0x00007ff9a23be000 	C:\Program Files\Java\jdk1.8.0_251\jre\bin\lcms.dll
0x00007ff9ab8a0000 - 0x00007ff9aba29000 	C:\Windows\SYSTEM32\dbghelp.dll

VM Arguments:
jvm_args: -Dfile.encoding=Cp1252 -Djava.library.path=C:\Users\Alan\AppData\Roaming\NetBeans\8.2\jogl-runtime\jogl.jar-natives-windows-amd64;C:\Users\Alan\AppData\Roaming\NetBeans\8.2\gluegen-runtime\gluegen-rt.jar-natives-windows-amd64 
java_command: pantallas.Inicio
java_class_path (initial): C:\Users\Alan\AppData\Roaming\NetBeans\8.2\gluegen-runtime\gluegen-rt.jar;C:\Users\Alan\AppData\Roaming\NetBeans\8.2\jogl-runtime\jogl.jar;C:\Program Files\NetBeans 8.2\java\modules\ext\AbsoluteLayout.jar;C:\Users\Alan\Documents\GitHub\GraphicationGame\Actual\Poryecto con pantallas\JuegoV4\build\classes
Launcher Type: SUN_STANDARD

Environment Variables:
PATH=C:\Program Files (x86)\Common Files\Oracle\Java\javapath;C:\ProgramData\Oracle\Java\javapath;C:\Windows\system32;C:\Windows;C:\Windows\System32\Wbem;C:\Windows\System32\WindowsPowerShell\v1.0\;C:\Program Files (x86)\Microchip\MPLAB C32 Suite\bin;C:\PROGRA~2\PICC;C:\Program Files\Common Files\Autodesk Shared\;C:\Program Files\MySQL\MySQL Shell 8.0\bin\
USERNAME=Alan
OS=Windows_NT
PROCESSOR_IDENTIFIER=AMD64 Family 22 Model 48 Stepping 1, AuthenticAMD



---------------  S Y S T E M  ---------------

OS: Windows 8.1 , 64 bit Build 9600 (6.3.9600.19538)

CPU:total 4 (initial active 4) (4 cores per cpu, 1 threads per core) family 22 model 48 stepping 1, cmov, cx8, fxsr, mmx, sse, sse2, sse3, ssse3, sse4.1, sse4.2, popcnt, avx, aes, clmul, mmxext, 3dnowpref, lzcnt, sse4a, tsc, tscinvbit, tscinv, bmi1

Memory: 4k page, physical 5176816k(907736k free), swap 12516848k(4549176k free)

vm_info: Java HotSpot(TM) 64-Bit Server VM (25.251-b08) for windows-amd64 JRE (1.8.0_251-b08), built on Mar 12 2020 06:31:49 by "" with MS VC++ 10.0 (VS2010)

time: Tue Jun 09 11:24:02 2020
timezone: Hora de verano central (México)
elapsed time: 97 seconds (0d 0h 1m 37s)

