#
# A fatal error has been detected by the Java Runtime Environment:
#
#  EXCEPTION_ACCESS_VIOLATION (0xc0000005) at pc=0x00007ff98c197693, pid=6960, tid=0x0000000000000504
#
# JRE version: Java(TM) SE Runtime Environment (8.0_251-b08) (build 1.8.0_251-b08)
# Java VM: Java HotSpot(TM) 64-Bit Server VM (25.251-b08 mixed mode windows-amd64 compressed oops)
# Problematic frame:
# C  [opengl32.dll+0xb7693]
#
# Failed to write core dump. Minidumps are not enabled by default on client versions of Windows
#
# If you would like to submit a bug report, please visit:
#   http://bugreport.java.com/bugreport/crash.jsp
# The crash happened outside the Java Virtual Machine in native code.
# See problematic frame for where to report the bug.
#

---------------  T H R E A D  ---------------

Current thread (0x0000000017430800):  JavaThread "AWT-EventQueue-0" [_thread_in_native, id=1284, stack(0x0000000019030000,0x0000000019130000)]

siginfo: ExceptionCode=0xc0000005, reading address 0xfffffffe1a9dde30

Registers:
RAX=0xffffffff80000000, RBX=0x000000001dcb7450, RCX=0x0000000000000000, RDX=0x000000001da3a708
RSP=0x000000001912db20, RBP=0x000000001da3e650, RSI=0x0000000000000000, RDI=0x000000001d5f91f0
R8 =0x000000001a9dde30, R9 =0x000000001da3a708, R10=0x000000001da3a768, R11=0x000000001d5f7910
R12=0xffffffffffffffec, R13=0xfffffffffffffff0, R14=0xfffffffffffffff4, R15=0xffffffffffffffe8
RIP=0x00007ff98c197693, EFLAGS=0x0000000000010a06

Top of Stack: (sp=0x000000001912db20)
0x000000001912db20:   4d0a6088427b5424 42eb9ee24c0a609a
0x000000001912db30:   427b5424432cc9d9 0000000041f4cccd
0x000000001912db40:   458a37eb3f713da2 0000000040f4cccd
0x000000001912db50:   000000001a9dde30 00007ff98c1aba0c
0x000000001912db60:   0000000000000000 0000000000000000
0x000000001912db70:   0000000000000000 0000000000000000
0x000000001912db80:   0000000000000000 0000000000000000
0x000000001912db90:   000000003f800000 0000000000000000
0x000000001912dba0:   3fa999993d4ccccd 0000000000000000
0x000000001912dbb0:   000000003f800000 0000000000000000
0x000000001912dbc0:   0000000000000000 0000000000000000
0x000000001912dbd0:   000000003f800000 0000000000000000
0x000000001912dbe0:   40088121e0000000 0000000000000000
0x000000001912dbf0:   000000003ba3d70a 0000000000000000
0x000000001912dc00:   000000001da3e718 000000001da3e650
0x000000001912dc10:   000000001d5f7910 000000001da3a640 

Instructions: (pc=0x00007ff98c197693)
0x00007ff98c197673:   04 f3 0f 11 1c 24 72 56 f3 0f 59 54 24 24 f3 41
0x00007ff98c197683:   0f 58 d7 f3 0f 2c c2 3d 00 01 00 00 7d 0a 48 98
0x00007ff98c197693:   f3 41 0f 10 14 80 eb 04 41 0f 28 d3 0f 28 c2 0f
0x00007ff98c1976a3:   28 ca f3 41 0f 59 d2 f3 41 0f 59 c0 f3 41 0f 59 


Register to memory mapping:

RAX=0xffffffff80000000 is an unknown value
RBX=0x000000001dcb7450 is an unknown value
RCX=0x0000000000000000 is an unknown value
RDX=0x000000001da3a708 is an unknown value
RSP=0x000000001912db20 is pointing into the stack for thread: 0x0000000017430800
RBP=0x000000001da3e650 is an unknown value
RSI=0x0000000000000000 is an unknown value
RDI=0x000000001d5f91f0 is an unknown value
R8 =0x000000001a9dde30 is an unknown value
R9 =0x000000001da3a708 is an unknown value
R10=0x000000001da3a768 is an unknown value
R11=0x000000001d5f7910 is an unknown value
R12=0xffffffffffffffec is an unknown value
R13=0xfffffffffffffff0 is an unknown value
R14=0xfffffffffffffff4 is an unknown value
R15=0xffffffffffffffe8 is an unknown value


Stack: [0x0000000019030000,0x0000000019130000],  sp=0x000000001912db20,  free space=1014k
Native frames: (J=compiled Java code, j=interpreted, Vv=VM code, C=native code)
C  [opengl32.dll+0xb7693]
C  [opengl32.dll+0xae775]
C  [opengl32.dll+0xe19e2]
C  [opengl32.dll+0xe1855]
C  [opengl32.dll+0x2df84]
C  [opengl32.dll+0x1a6a5]
C  [jogl.dll+0x22cd]
C  0x00000000028509b5

Java frames: (J=compiled Java code, j=interpreted, Vv=VM code)
J 1363  com.sun.opengl.impl.GLImpl.glBegin0(I)V (0 bytes) @ 0x000000000285093b [0x0000000002850900+0x3b]
J 1549 C2 com.sun.opengl.impl.GLUquadricImpl.drawDisk(Ljavax/media/opengl/GL;FFII)V (868 bytes) @ 0x000000000292a370 [0x0000000002929ee0+0x490]
J 1600 C1 javax.media.opengl.glu.GLU.gluDisk(Ljavax/media/opengl/glu/GLUquadric;DDII)V (20 bytes) @ 0x00000000029562d4 [0x0000000002955e20+0x4b4]
j  levels.DibujaB.palito(Ljavax/media/opengl/GL;Ljavax/media/opengl/glu/GLU;)V+113
j  levels.DibujaB.dibujaB(Ljavax/media/opengl/GL;)V+49
j  levels.levelFour.display(Ljavax/media/opengl/GLAutoDrawable;)V+834
j  com.sun.opengl.impl.GLDrawableHelper.display(Ljavax/media/opengl/GLAutoDrawable;)V+29
j  javax.media.opengl.GLCanvas$DisplayAction.run()V+80
j  com.sun.opengl.impl.GLDrawableHelper.invokeGL(Ljavax/media/opengl/GLDrawable;Ljavax/media/opengl/GLContext;Ljava/lang/Runnable;Ljava/lang/Runnable;)V+418
J 1753 C1 javax.media.opengl.GLCanvas$DisplayOnEventDispatchThreadAction.run()V (39 bytes) @ 0x00000000025d0ca4 [0x00000000025d0b80+0x124]
J 1553 C1 java.awt.event.InvocationEvent.dispatch()V (69 bytes) @ 0x000000000292950c [0x00000000029293c0+0x14c]
J 1213 C1 java.awt.EventQueue.dispatchEventImpl(Ljava/awt/AWTEvent;Ljava/lang/Object;)V (149 bytes) @ 0x00000000027c54c4 [0x00000000027c3a00+0x1ac4]
J 1211 C1 java.awt.EventQueue$3.run()Ljava/lang/Void; (60 bytes) @ 0x00000000027c698c [0x00000000027c6780+0x20c]
J 1210 C1 java.awt.EventQueue$3.run()Ljava/lang/Object; (5 bytes) @ 0x00000000027c704c [0x00000000027c6fc0+0x8c]
v  ~StubRoutines::call_stub
J 663  java.security.AccessController.doPrivileged(Ljava/security/PrivilegedAction;Ljava/security/AccessControlContext;)Ljava/lang/Object; (0 bytes) @ 0x00000000026606a6 [0x0000000002660640+0x66]
J 1155 C1 java.awt.EventQueue.dispatchEvent(Ljava/awt/AWTEvent;)V (80 bytes) @ 0x000000000279fd04 [0x000000000279f380+0x984]
J 1214 C1 java.awt.EventDispatchThread.pumpOneEventForFilters(I)V (190 bytes) @ 0x00000000027e068c [0x00000000027df540+0x114c]
j  java.awt.EventDispatchThread.pumpEventsForFilter(ILjava/awt/Conditional;Ljava/awt/EventFilter;)V+35
j  java.awt.EventDispatchThread.pumpEventsForHierarchy(ILjava/awt/Conditional;Ljava/awt/Component;)V+11
j  java.awt.EventDispatchThread.pumpEvents(ILjava/awt/Conditional;)V+4
j  java.awt.EventDispatchThread.pumpEvents(Ljava/awt/Conditional;)V+3
j  java.awt.EventDispatchThread.run()V+9
v  ~StubRoutines::call_stub

---------------  P R O C E S S  ---------------

Java Threads: ( => current thread )
  0x0000000017af4800 JavaThread "Direct Clip" daemon [_thread_blocked, id=11016, stack(0x0000000020f30000,0x0000000021030000)]
  0x0000000017aee800 JavaThread "Direct Clip" daemon [_thread_blocked, id=8760, stack(0x000000001faa0000,0x000000001fba0000)]
  0x0000000017af1000 JavaThread "Direct Clip" daemon [_thread_blocked, id=15072, stack(0x000000001f9a0000,0x000000001faa0000)]
  0x0000000017af4000 JavaThread "Direct Clip" daemon [_thread_blocked, id=7292, stack(0x000000001f8a0000,0x000000001f9a0000)]
  0x0000000017aee000 JavaThread "Thread-12" [_thread_blocked, id=5620, stack(0x000000001b8f0000,0x000000001b9f0000)]
  0x0000000017aed000 JavaThread "Thread-11" [_thread_blocked, id=14016, stack(0x0000000018b20000,0x0000000018c20000)]
  0x0000000017af0000 JavaThread "Direct Clip" daemon [_thread_blocked, id=7372, stack(0x0000000018a20000,0x0000000018b20000)]
  0x0000000017aef800 JavaThread "Direct Clip" daemon [_thread_blocked, id=3936, stack(0x000000001eef0000,0x000000001eff0000)]
  0x000000001777e000 JavaThread "Thread-8" [_thread_blocked, id=8060, stack(0x000000001c5b0000,0x000000001c6b0000)]
  0x000000001777e800 JavaThread "Thread-7" [_thread_blocked, id=5460, stack(0x000000001c4b0000,0x000000001c5b0000)]
  0x000000001777a000 JavaThread "Thread-6" [_thread_blocked, id=12092, stack(0x00000000191c0000,0x00000000192c0000)]
  0x000000001777d000 JavaThread "Thread-5" [_thread_blocked, id=6132, stack(0x0000000018d20000,0x0000000018e20000)]
  0x0000000017778800 JavaThread "Direct Clip" daemon [_thread_blocked, id=5380, stack(0x0000000018c20000,0x0000000018d20000)]
  0x000000001777c800 JavaThread "D3D Screen Updater" daemon [_thread_blocked, id=3972, stack(0x000000001cd90000,0x000000001ce90000)]
  0x000000001777b800 JavaThread "Direct Clip" daemon [_thread_blocked, id=4088, stack(0x000000001b540000,0x000000001b640000)]
  0x0000000017778000 JavaThread "Java Sound Event Dispatcher" daemon [_thread_blocked, id=4748, stack(0x000000001b140000,0x000000001b240000)]
  0x00000000009bd800 JavaThread "DestroyJavaVM" [_thread_blocked, id=6760, stack(0x0000000002180000,0x0000000002280000)]
=>0x0000000017430800 JavaThread "AWT-EventQueue-0" [_thread_in_native, id=1284, stack(0x0000000019030000,0x0000000019130000)]
  0x000000001745a800 JavaThread "AWT-Windows" daemon [_thread_in_native, id=14652, stack(0x0000000017ec0000,0x0000000017fc0000)]
  0x0000000017458000 JavaThread "AWT-Shutdown" [_thread_blocked, id=12672, stack(0x0000000017dc0000,0x0000000017ec0000)]
  0x0000000017457000 JavaThread "Java2D Disposer" daemon [_thread_blocked, id=10152, stack(0x0000000017cc0000,0x0000000017dc0000)]
  0x0000000016b87800 JavaThread "Service Thread" daemon [_thread_blocked, id=7180, stack(0x0000000017080000,0x0000000017180000)]
  0x0000000016b82000 JavaThread "C1 CompilerThread2" daemon [_thread_blocked, id=14084, stack(0x0000000016f80000,0x0000000017080000)]
  0x0000000015313000 JavaThread "C2 CompilerThread1" daemon [_thread_blocked, id=15188, stack(0x0000000016a80000,0x0000000016b80000)]
  0x0000000015309800 JavaThread "C2 CompilerThread0" daemon [_thread_blocked, id=11584, stack(0x0000000016980000,0x0000000016a80000)]
  0x0000000015309000 JavaThread "Attach Listener" daemon [_thread_blocked, id=4212, stack(0x0000000016880000,0x0000000016980000)]
  0x0000000015316800 JavaThread "Signal Dispatcher" daemon [_thread_blocked, id=10472, stack(0x0000000016780000,0x0000000016880000)]
  0x000000000237a800 JavaThread "Finalizer" daemon [_thread_blocked, id=12696, stack(0x0000000016580000,0x0000000016680000)]
  0x0000000002372000 JavaThread "Reference Handler" daemon [_thread_blocked, id=14244, stack(0x0000000016480000,0x0000000016580000)]

Other Threads:
  0x00000000152d6800 VMThread [stack: 0x0000000016380000,0x0000000016480000] [id=11748]
  0x0000000016b88800 WatcherThread [stack: 0x0000000017280000,0x0000000017380000] [id=10612]

VM state:not at safepoint (normal execution)

VM Mutex/Monitor currently owned by a thread: None

heap address: 0x00000000b1000000, size: 1264 MB, Compressed Oops mode: 32-bit
Narrow klass base: 0x0000000000000000, Narrow klass shift: 3
Compressed class space size: 1073741824 Address: 0x0000000100000000

Heap:
 PSYoungGen      total 45056K, used 41425K [0x00000000e5b00000, 0x00000000ea880000, 0x0000000100000000)
  eden space 41984K, 98% used [0x00000000e5b00000,0x00000000e8374780,0x00000000e8400000)
  from space 3072K, 0% used [0x00000000e8400000,0x00000000e8400000,0x00000000e8700000)
  to   space 3072K, 0% used [0x00000000ea580000,0x00000000ea580000,0x00000000ea880000)
 ParOldGen       total 116224K, used 43100K [0x00000000b1000000, 0x00000000b8180000, 0x00000000e5b00000)
  object space 116224K, 37% used [0x00000000b1000000,0x00000000b3a17310,0x00000000b8180000)
 Metaspace       used 17667K, capacity 17868K, committed 18048K, reserved 1064960K
  class space    used 2039K, capacity 2117K, committed 2176K, reserved 1048576K

Card table byte_map: [0x0000000011740000,0x00000000119c0000] byte_map_base: 0x00000000111b8000

Marking Bits: (ParMarkBitMap*) 0x000000005332af90
 Begin Bits: [0x0000000011f70000, 0x0000000013330000)
 End Bits:   [0x0000000013330000, 0x00000000146f0000)

Polling page: 0x00000000009a0000

CodeCache: size=245760Kb used=6307Kb max_used=6344Kb free=239452Kb
 bounds [0x0000000002380000, 0x00000000029c0000, 0x0000000011380000]
 total_blobs=2458 nmethods=1675 adapters=696
 compilation: enabled

Compilation events (10 events):
Event: 52.581 Thread 0x0000000016b82000 1774       1       java.nio.charset.CharsetDecoder::charset (5 bytes)
Event: 52.582 Thread 0x0000000016b82000 nmethod 1774 0x000000000256c250 code [0x000000000256c3a0, 0x000000000256c4b0]
Event: 52.982 Thread 0x0000000016b82000 1776       3       com.sun.opengl.util.texture.TextureCoords::left (5 bytes)
Event: 52.982 Thread 0x0000000016b82000 nmethod 1776 0x0000000002675e90 code [0x0000000002675fe0, 0x0000000002676130]
Event: 52.982 Thread 0x0000000016b82000 1777       3       com.sun.opengl.util.texture.TextureCoords::top (5 bytes)
Event: 52.983 Thread 0x0000000016b82000 nmethod 1777 0x0000000002491ad0 code [0x0000000002491c20, 0x0000000002491d70]
Event: 53.646 Thread 0x0000000015309800 1778       4       java.nio.DirectDoubleBufferU::get (16 bytes)
Event: 53.648 Thread 0x0000000015309800 nmethod 1778 0x00000000024b72d0 code [0x00000000024b7400, 0x00000000024b7498]
Event: 54.771 Thread 0x0000000016b82000 1779       1       java.awt.event.InputEvent::getModifiers (8 bytes)
Event: 54.771 Thread 0x0000000016b82000 nmethod 1779 0x00000000025091d0 code [0x0000000002509320, 0x0000000002509430]

GC Heap History (10 events):
Event: 3.711 GC heap before
{Heap before GC invocations=1 (full 0):
 PSYoungGen      total 24064K, used 20992K [0x00000000e5b00000, 0x00000000e7580000, 0x0000000100000000)
  eden space 20992K, 100% used [0x00000000e5b00000,0x00000000e6f80000,0x00000000e6f80000)
  from space 3072K, 0% used [0x00000000e7280000,0x00000000e7280000,0x00000000e7580000)
  to   space 3072K, 0% used [0x00000000e6f80000,0x00000000e6f80000,0x00000000e7280000)
 ParOldGen       total 54784K, used 0K [0x00000000b1000000, 0x00000000b4580000, 0x00000000e5b00000)
  object space 54784K, 0% used [0x00000000b1000000,0x00000000b1000000,0x00000000b4580000)
 Metaspace       used 13514K, capacity 13752K, committed 13952K, reserved 1060864K
  class space    used 1530K, capacity 1629K, committed 1664K, reserved 1048576K
Event: 3.769 GC heap after
Heap after GC invocations=1 (full 0):
 PSYoungGen      total 24064K, used 3047K [0x00000000e5b00000, 0x00000000e8a00000, 0x0000000100000000)
  eden space 20992K, 0% used [0x00000000e5b00000,0x00000000e5b00000,0x00000000e6f80000)
  from space 3072K, 99% used [0x00000000e6f80000,0x00000000e7279dd0,0x00000000e7280000)
  to   space 3072K, 0% used [0x00000000e8700000,0x00000000e8700000,0x00000000e8a00000)
 ParOldGen       total 54784K, used 24485K [0x00000000b1000000, 0x00000000b4580000, 0x00000000e5b00000)
  object space 54784K, 44% used [0x00000000b1000000,0x00000000b27e9640,0x00000000b4580000)
 Metaspace       used 13514K, capacity 13752K, committed 13952K, reserved 1060864K
  class space    used 1530K, capacity 1629K, committed 1664K, reserved 1048576K
}
Event: 4.266 GC heap before
{Heap before GC invocations=2 (full 0):
 PSYoungGen      total 24064K, used 24039K [0x00000000e5b00000, 0x00000000e8a00000, 0x0000000100000000)
  eden space 20992K, 100% used [0x00000000e5b00000,0x00000000e6f80000,0x00000000e6f80000)
  from space 3072K, 99% used [0x00000000e6f80000,0x00000000e7279dd0,0x00000000e7280000)
  to   space 3072K, 0% used [0x00000000e8700000,0x00000000e8700000,0x00000000e8a00000)
 ParOldGen       total 54784K, used 24485K [0x00000000b1000000, 0x00000000b4580000, 0x00000000e5b00000)
  object space 54784K, 44% used [0x00000000b1000000,0x00000000b27e9640,0x00000000b4580000)
 Metaspace       used 13563K, capacity 13824K, committed 13952K, reserved 1060864K
  class space    used 1532K, capacity 1629K, committed 1664K, reserved 1048576K
Event: 4.312 GC heap after
Heap after GC invocations=2 (full 0):
 PSYoungGen      total 45056K, used 2720K [0x00000000e5b00000, 0x00000000e8a00000, 0x0000000100000000)
  eden space 41984K, 0% used [0x00000000e5b00000,0x00000000e5b00000,0x00000000e8400000)
  from space 3072K, 88% used [0x00000000e8700000,0x00000000e89a8020,0x00000000e8a00000)
  to   space 3072K, 0% used [0x00000000e8400000,0x00000000e8400000,0x00000000e8700000)
 ParOldGen       total 54784K, used 48793K [0x00000000b1000000, 0x00000000b4580000, 0x00000000e5b00000)
  object space 54784K, 89% used [0x00000000b1000000,0x00000000b3fa6670,0x00000000b4580000)
 Metaspace       used 13563K, capacity 13824K, committed 13952K, reserved 1060864K
  class space    used 1532K, capacity 1629K, committed 1664K, reserved 1048576K
}
Event: 4.312 GC heap before
{Heap before GC invocations=3 (full 1):
 PSYoungGen      total 45056K, used 2720K [0x00000000e5b00000, 0x00000000e8a00000, 0x0000000100000000)
  eden space 41984K, 0% used [0x00000000e5b00000,0x00000000e5b00000,0x00000000e8400000)
  from space 3072K, 88% used [0x00000000e8700000,0x00000000e89a8020,0x00000000e8a00000)
  to   space 3072K, 0% used [0x00000000e8400000,0x00000000e8400000,0x00000000e8700000)
 ParOldGen       total 54784K, used 48793K [0x00000000b1000000, 0x00000000b4580000, 0x00000000e5b00000)
  object space 54784K, 89% used [0x00000000b1000000,0x00000000b3fa6670,0x00000000b4580000)
 Metaspace       used 13563K, capacity 13824K, committed 13952K, reserved 1060864K
  class space    used 1532K, capacity 1629K, committed 1664K, reserved 1048576K
Event: 4.367 GC heap after
Heap after GC invocations=3 (full 1):
 PSYoungGen      total 45056K, used 0K [0x00000000e5b00000, 0x00000000e8a00000, 0x0000000100000000)
  eden space 41984K, 0% used [0x00000000e5b00000,0x00000000e5b00000,0x00000000e8400000)
  from space 3072K, 0% used [0x00000000e8700000,0x00000000e8700000,0x00000000e8a00000)
  to   space 3072K, 0% used [0x00000000e8400000,0x00000000e8400000,0x00000000e8700000)
 ParOldGen       total 69120K, used 18923K [0x00000000b1000000, 0x00000000b5380000, 0x00000000e5b00000)
  object space 69120K, 27% used [0x00000000b1000000,0x00000000b227afa0,0x00000000b5380000)
 Metaspace       used 13563K, capacity 13824K, committed 13952K, reserved 1060864K
  class space    used 1532K, capacity 1629K, committed 1664K, reserved 1048576K
}
Event: 14.326 GC heap before
{Heap before GC invocations=4 (full 1):
 PSYoungGen      total 45056K, used 41604K [0x00000000e5b00000, 0x00000000e8a00000, 0x0000000100000000)
  eden space 41984K, 99% used [0x00000000e5b00000,0x00000000e83a1268,0x00000000e8400000)
  from space 3072K, 0% used [0x00000000e8700000,0x00000000e8700000,0x00000000e8a00000)
  to   space 3072K, 0% used [0x00000000e8400000,0x00000000e8400000,0x00000000e8700000)
 ParOldGen       total 69120K, used 18923K [0x00000000b1000000, 0x00000000b5380000, 0x00000000e5b00000)
  object space 69120K, 27% used [0x00000000b1000000,0x00000000b227afa0,0x00000000b5380000)
 Metaspace       used 17039K, capacity 17286K, committed 17536K, reserved 1064960K
  class space    used 1988K, capacity 2052K, committed 2176K, reserved 1048576K
Event: 14.362 GC heap after
Heap after GC invocations=4 (full 1):
 PSYoungGen      total 45056K, used 3048K [0x00000000e5b00000, 0x00000000ea880000, 0x0000000100000000)
  eden space 41984K, 0% used [0x00000000e5b00000,0x00000000e5b00000,0x00000000e8400000)
  from space 3072K, 99% used [0x00000000e8400000,0x00000000e86fa200,0x00000000e8700000)
  to   space 3072K, 0% used [0x00000000ea580000,0x00000000ea580000,0x00000000ea880000)
 ParOldGen       total 69120K, used 60212K [0x00000000b1000000, 0x00000000b5380000, 0x00000000e5b00000)
  object space 69120K, 87% used [0x00000000b1000000,0x00000000b4acd3a0,0x00000000b5380000)
 Metaspace       used 17039K, capacity 17286K, committed 17536K, reserved 1064960K
  class space    used 1988K, capacity 2052K, committed 2176K, reserved 1048576K
}
Event: 14.362 GC heap before
{Heap before GC invocations=5 (full 2):
 PSYoungGen      total 45056K, used 3048K [0x00000000e5b00000, 0x00000000ea880000, 0x0000000100000000)
  eden space 41984K, 0% used [0x00000000e5b00000,0x00000000e5b00000,0x00000000e8400000)
  from space 3072K, 99% used [0x00000000e8400000,0x00000000e86fa200,0x00000000e8700000)
  to   space 3072K, 0% used [0x00000000ea580000,0x00000000ea580000,0x00000000ea880000)
 ParOldGen       total 69120K, used 60212K [0x00000000b1000000, 0x00000000b5380000, 0x00000000e5b00000)
  object space 69120K, 87% used [0x00000000b1000000,0x00000000b4acd3a0,0x00000000b5380000)
 Metaspace       used 17039K, capacity 17286K, committed 17536K, reserved 1064960K
  class space    used 1988K, capacity 2052K, committed 2176K, reserved 1048576K
Event: 14.439 GC heap after
Heap after GC invocations=5 (full 2):
 PSYoungGen      total 45056K, used 0K [0x00000000e5b00000, 0x00000000ea880000, 0x0000000100000000)
  eden space 41984K, 0% used [0x00000000e5b00000,0x00000000e5b00000,0x00000000e8400000)
  from space 3072K, 0% used [0x00000000e8400000,0x00000000e8400000,0x00000000e8700000)
  to   space 3072K, 0% used [0x00000000ea580000,0x00000000ea580000,0x00000000ea880000)
 ParOldGen       total 116224K, used 43100K [0x00000000b1000000, 0x00000000b8180000, 0x00000000e5b00000)
  object space 116224K, 37% used [0x00000000b1000000,0x00000000b3a17310,0x00000000b8180000)
 Metaspace       used 17039K, capacity 17286K, committed 17536K, reserved 1064960K
  class space    used 1988K, capacity 2052K, committed 2176K, reserved 1048576K
}

Deoptimization events (5 events):
Event: 4.179 Thread 0x0000000017778800 Uncommon trap: reason=unstable_if action=reinterpret pc=0x000000000266d458 method=sun.awt.image.ImageRepresentation.getOpaqueRGBImage()Ljava/awt/image/BufferedImage; @ 57
Event: 4.419 Thread 0x0000000017778800 Uncommon trap: reason=unstable_if action=reinterpret pc=0x0000000002677254 method=sun.awt.image.PNGFilterInputStream.read([BII)I @ 30
Event: 5.939 Thread 0x0000000017430800 Uncommon trap: reason=unstable_if action=reinterpret pc=0x000000000271b5f0 method=java.io.WinNTFileSystem.normalize(Ljava/lang/String;)Ljava/lang/String; @ 40
Event: 14.538 Thread 0x0000000017430800 Uncommon trap: reason=unstable_if action=reinterpret pc=0x000000000285af80 method=com.sun.opengl.impl.mipmap.ScaleInternal.scale_internal_ubyte(IIILjava/nio/ByteBuffer;IILjava/nio/ByteBuffer;III)V @ 286
Event: 18.021 Thread 0x0000000017430800 Uncommon trap: reason=predicate action=maybe_recompile pc=0x000000000286aa50 method=com.sun.opengl.impl.mipmap.ScaleInternal.scale_internal_ubyte(IIILjava/nio/ByteBuffer;IILjava/nio/ByteBuffer;III)V @ 153

Classes redefined (0 events):
No events

Internal exceptions (10 events):
Event: 2.226 Thread 0x00000000009bd800 Exception <a 'java/lang/ClassNotFoundException': ToolBarSeparator> (0x00000000e61e8e08) thrown at [C:\jenkins\workspace\8-2-build-windows-amd64-cygwin\jdk8u251\737\hotspot\src\share\vm\classfile\systemDictionary.cpp, line 210]
Event: 2.227 Thread 0x00000000009bd800 Exception <a 'java/lang/ClassNotFoundException': ToolTip> (0x00000000e61e9548) thrown at [C:\jenkins\workspace\8-2-build-windows-amd64-cygwin\jdk8u251\737\hotspot\src\share\vm\classfile\systemDictionary.cpp, line 210]
Event: 2.241 Thread 0x00000000009bd800 Exception <a 'java/lang/ClassNotFoundException': Tree> (0x00000000e61ea168) thrown at [C:\jenkins\workspace\8-2-build-windows-amd64-cygwin\jdk8u251\737\hotspot\src\share\vm\classfile\systemDictionary.cpp, line 210]
Event: 2.242 Thread 0x00000000009bd800 Exception <a 'java/lang/ClassNotFoundException': Tree> (0x00000000e61ea8a8) thrown at [C:\jenkins\workspace\8-2-build-windows-amd64-cygwin\jdk8u251\737\hotspot\src\share\vm\classfile\systemDictionary.cpp, line 210]
Event: 2.242 Thread 0x00000000009bd800 Exception <a 'java/lang/ClassNotFoundException': javax/swing/JTreeCell> (0x00000000e61eac28) thrown at [C:\jenkins\workspace\8-2-build-windows-amd64-cygwin\jdk8u251\737\hotspot\src\share\vm\classfile\systemDictionary.cpp, line 210]
Event: 2.242 Thread 0x00000000009bd800 Exception <a 'java/lang/ClassNotFoundException': TreeCell> (0x00000000e61eb0b0) thrown at [C:\jenkins\workspace\8-2-build-windows-amd64-cygwin\jdk8u251\737\hotspot\src\share\vm\classfile\systemDictionary.cpp, line 210]
Event: 2.242 Thread 0x00000000009bd800 Exception <a 'java/lang/ClassNotFoundException': RootPane> (0x00000000e61eb928) thrown at [C:\jenkins\workspace\8-2-build-windows-amd64-cygwin\jdk8u251\737\hotspot\src\share\vm\classfile\systemDictionary.cpp, line 210]
Event: 15.440 Thread 0x0000000017430800 Exception <a 'javax/media/opengl/GLException'> (0x00000000e62112c0) thrown at [C:\jenkins\workspace\8-2-build-windows-amd64-cygwin\jdk8u251\737\hotspot\src\share\vm\prims\jvm.cpp, line 1506]
Event: 15.441 Thread 0x0000000017430800 Exception <a 'javax/media/opengl/GLException'> (0x00000000e6212548) thrown at [C:\jenkins\workspace\8-2-build-windows-amd64-cygwin\jdk8u251\737\hotspot\src\share\vm\prims\jvm.cpp, line 1506]
Event: 15.785 Thread 0x0000000017430800 Exception <a 'javax/media/opengl/GLException'> (0x00000000e621c460) thrown at [C:\jenkins\workspace\8-2-build-windows-amd64-cygwin\jdk8u251\737\hotspot\src\share\vm\prims\jvm.cpp, line 1506]

Events (10 events):
Event: 52.586 Executing VM operation: RevokeBias done
Event: 52.587 Executing VM operation: RevokeBias
Event: 52.587 Executing VM operation: RevokeBias done
Event: 52.587 Executing VM operation: RevokeBias
Event: 52.587 Executing VM operation: RevokeBias done
Event: 52.982 Thread 0x0000000016b82000 flushing nmethod 0x0000000002491ad0
Event: 53.101 Executing VM operation: RevokeBias
Event: 53.101 Executing VM operation: RevokeBias done
Event: 53.101 Thread 0x0000000017af1800 Thread exited: 0x0000000017af1800
Event: 53.648 Thread 0x0000000015309800 flushing nmethod 0x00000000025091d0


Dynamic libraries:
0x00007ff7caf50000 - 0x00007ff7caf87000 	C:\Program Files\Java\jdk1.8.0_251\jre\bin\java.exe
0x00007ff9b74c0000 - 0x00007ff9b766d000 	C:\Windows\SYSTEM32\ntdll.dll
0x00007ff9b6ce0000 - 0x00007ff9b6e1f000 	C:\Windows\system32\KERNEL32.DLL
0x00007ff9a6950000 - 0x00007ff9a6963000 	C:\Program Files\AVAST Software\Avast\aswhook.dll
0x00007ff9b49a0000 - 0x00007ff9b4ab5000 	C:\Windows\system32\KERNELBASE.dll
0x00007ff9b31b0000 - 0x00007ff9b323e000 	C:\Windows\system32\apphelp.dll
0x00007ff9ace50000 - 0x00007ff9acea5000 	C:\Windows\AppPatch\AppPatch64\AcGenral.DLL
0x00007ff9b6c30000 - 0x00007ff9b6cda000 	C:\Windows\system32\msvcrt.dll
0x00007ff9b4ac0000 - 0x00007ff9b4aee000 	C:\Windows\system32\SspiCli.dll
0x00007ff9b4c20000 - 0x00007ff9b4c74000 	C:\Windows\system32\SHLWAPI.dll
0x00007ff9b7340000 - 0x00007ff9b74b7000 	C:\Windows\system32\USER32.dll
0x00007ff9b71a0000 - 0x00007ff9b7334000 	C:\Windows\system32\ole32.dll
0x00007ff9b54f0000 - 0x00007ff9b6a1a000 	C:\Windows\system32\SHELL32.dll
0x00007ff9b3bb0000 - 0x00007ff9b3bd1000 	C:\Windows\SYSTEM32\USERENV.dll
0x00007ff9b5440000 - 0x00007ff9b54ea000 	C:\Windows\system32\ADVAPI32.dll
0x00007ff9aea00000 - 0x00007ff9aea1e000 	C:\Windows\SYSTEM32\MPR.dll
0x00007ff9b52b0000 - 0x00007ff9b53f0000 	C:\Windows\system32\RPCRT4.dll
0x00007ff9b7130000 - 0x00007ff9b7189000 	C:\Windows\SYSTEM32\sechost.dll
0x00007ff9b6a20000 - 0x00007ff9b6c30000 	C:\Windows\SYSTEM32\combase.dll
0x00007ff9b4cf0000 - 0x00007ff9b4e3c000 	C:\Windows\system32\GDI32.dll
0x00007ff9b45f0000 - 0x00007ff9b4605000 	C:\Windows\SYSTEM32\profapi.dll
0x00007ff9b2be0000 - 0x00007ff9b2c92000 	C:\Windows\SYSTEM32\SHCORE.dll
0x00007ff9b5400000 - 0x00007ff9b5436000 	C:\Windows\system32\IMM32.DLL
0x00007ff9b4e40000 - 0x00007ff9b4f92000 	C:\Windows\system32\MSCTF.dll
0x00007ff9b2070000 - 0x00007ff9b22eb000 	C:\Windows\WinSxS\amd64_microsoft.windows.common-controls_6595b64144ccf1df_6.0.9600.19394_none_62486577ecb635cf\COMCTL32.dll
0x00000000535b0000 - 0x0000000053682000 	C:\Program Files\Java\jdk1.8.0_251\jre\bin\msvcr100.dll
0x0000000052b00000 - 0x00000000533ab000 	C:\Program Files\Java\jdk1.8.0_251\jre\bin\server\jvm.dll
0x00007ff9acff0000 - 0x00007ff9acff9000 	C:\Windows\SYSTEM32\WSOCK32.dll
0x00007ff9b1580000 - 0x00007ff9b15a2000 	C:\Windows\SYSTEM32\WINMM.dll
0x00007ff9ac0c0000 - 0x00007ff9ac0ca000 	C:\Windows\SYSTEM32\VERSION.dll
0x00007ff9b4c80000 - 0x00007ff9b4c87000 	C:\Windows\system32\PSAPI.DLL
0x00007ff9b4c90000 - 0x00007ff9b4cea000 	C:\Windows\system32\WS2_32.dll
0x00007ff9b1540000 - 0x00007ff9b156a000 	C:\Windows\SYSTEM32\WINMMBASE.dll
0x00007ff9b7190000 - 0x00007ff9b7199000 	C:\Windows\system32\NSI.dll
0x00007ff9b46c0000 - 0x00007ff9b470f000 	C:\Windows\SYSTEM32\cfgmgr32.dll
0x00007ff9b3410000 - 0x00007ff9b3438000 	C:\Windows\SYSTEM32\DEVOBJ.dll
0x00007ff9af290000 - 0x00007ff9af29f000 	C:\Program Files\Java\jdk1.8.0_251\jre\bin\verify.dll
0x00007ff9ae450000 - 0x00007ff9ae479000 	C:\Program Files\Java\jdk1.8.0_251\jre\bin\java.dll
0x00007ff9a9220000 - 0x00007ff9a9236000 	C:\Program Files\Java\jdk1.8.0_251\jre\bin\zip.dll
0x00007ff98c210000 - 0x00007ff98c3aa000 	C:\Program Files\Java\jdk1.8.0_251\jre\bin\awt.dll
0x00007ff9b5160000 - 0x00007ff9b5227000 	C:\Windows\system32\OLEAUT32.dll
0x00007ff9b27c0000 - 0x00007ff9b27e1000 	C:\Windows\system32\DWMAPI.DLL
0x00007ff9b3280000 - 0x00007ff9b33a9000 	C:\Windows\system32\uxtheme.dll
0x00007ff98c0e0000 - 0x00007ff98c20b000 	C:\Windows\system32\opengl32.dll
0x00007ff9a1240000 - 0x00007ff9a126e000 	C:\Windows\SYSTEM32\GLU32.dll
0x00007ff9a2280000 - 0x00007ff9a2378000 	C:\Windows\SYSTEM32\DDRAW.dll
0x00007ff9a6940000 - 0x00007ff9a6949000 	C:\Windows\SYSTEM32\DCIMAN32.dll
0x00007ff9b3400000 - 0x00007ff9b340b000 	C:\Windows\SYSTEM32\kernel.appcore.dll
0x00007ff9b44c0000 - 0x00007ff9b44cb000 	C:\Windows\SYSTEM32\CRYPTBASE.dll
0x00007ff9b4450000 - 0x00007ff9b44b3000 	C:\Windows\SYSTEM32\bcryptPrimitives.dll
0x00007ff99a290000 - 0x00007ff99a4b1000 	C:\Windows\system32\d3d9.dll
0x00007ff9b1210000 - 0x00007ff9b146f000 	C:\Windows\SYSTEM32\d3d10warp.dll
0x00007ff9a0f60000 - 0x00007ff9a0fa9000 	C:\Program Files\Java\jdk1.8.0_251\jre\bin\fontmanager.dll
0x0000000019130000 - 0x000000001918a000 	C:\Users\Alan\AppData\Roaming\NetBeans\8.2\jogl-runtime\jogl.jar-natives-windows-amd64\jogl.dll
0x0000000052a30000 - 0x0000000052af9000 	C:\Windows\WinSxS\amd64_microsoft.vc80.crt_1fc8b3b9a1e18e3b_8.0.50727.8428_none_88dcdb0b2fb19957\MSVCR80.dll
0x00007ff9a9240000 - 0x00007ff9a9271000 	C:\Program Files\Java\jdk1.8.0_251\jre\bin\jpeg.dll
0x00007ff9a77d0000 - 0x00007ff9a77ea000 	C:\Program Files\Java\jdk1.8.0_251\jre\bin\net.dll
0x00007ff9b3e20000 - 0x00007ff9b3e79000 	C:\Windows\system32\mswsock.dll
0x00007ff9a1270000 - 0x00007ff9a1282000 	C:\Program Files\Java\jdk1.8.0_251\jre\bin\nio.dll
0x00007ff9a0f10000 - 0x00007ff9a0f52000 	C:\Program Files\Java\jdk1.8.0_251\jre\bin\t2k.dll
0x00007ff9ae7b0000 - 0x00007ff9ae7bc000 	C:\Program Files\Java\jdk1.8.0_251\jre\bin\jsound.dll
0x00007ff9ae770000 - 0x00007ff9ae77b000 	C:\Program Files\Java\jdk1.8.0_251\jre\bin\jsoundds.dll
0x00007ff9a1af0000 - 0x00007ff9a1b8d000 	C:\Windows\SYSTEM32\DSOUND.dll
0x00007ff9b4590000 - 0x00007ff9b45d6000 	C:\Windows\SYSTEM32\POWRPROF.dll
0x00007ff9b1eb0000 - 0x00007ff9b1f20000 	C:\Windows\SYSTEM32\MMDevAPI.DLL
0x00007ff99f820000 - 0x00007ff99f85e000 	C:\Windows\SYSTEM32\wdmaud.drv
0x00007ff9b0f10000 - 0x00007ff9b0f18000 	C:\Windows\SYSTEM32\ksuser.dll
0x00007ff9b1de0000 - 0x00007ff9b1dec000 	C:\Windows\SYSTEM32\AVRT.dll
0x00007ff9a80e0000 - 0x00007ff9a815e000 	C:\Windows\SYSTEM32\AUDIOSES.DLL
0x00007ff99f810000 - 0x00007ff99f81b000 	C:\Windows\SYSTEM32\msacm32.drv
0x00007ff99f7f0000 - 0x00007ff99f80c000 	C:\Windows\SYSTEM32\MSACM32.dll
0x00007ff99f7e0000 - 0x00007ff99f7ea000 	C:\Windows\SYSTEM32\midimap.dll
0x00007ff9b4b50000 - 0x00007ff9b4c06000 	C:\Windows\SYSTEM32\clbcatq.dll
0x00007ff9a9210000 - 0x00007ff9a9217000 	C:\Program Files\Java\jdk1.8.0_251\jre\bin\jawt.dll
0x0000000018e20000 - 0x0000000018e27000 	C:\Users\Alan\AppData\Roaming\NetBeans\8.2\jogl-runtime\jogl.jar-natives-windows-amd64\jogl_awt.dll
0x00007ff9a26a0000 - 0x00007ff9a26de000 	C:\Program Files\Java\jdk1.8.0_251\jre\bin\lcms.dll
0x00007ff9ab8a0000 - 0x00007ff9aba29000 	C:\Windows\SYSTEM32\dbghelp.dll

VM Arguments:
jvm_args: -Dfile.encoding=Cp1252 -Djava.library.path=C:\Users\Alan\AppData\Roaming\NetBeans\8.2\jogl-runtime\jogl.jar-natives-windows-amd64;C:\Users\Alan\AppData\Roaming\NetBeans\8.2\gluegen-runtime\gluegen-rt.jar-natives-windows-amd64 
java_command: pantallas.Inicio
java_class_path (initial): C:\Users\Alan\AppData\Roaming\NetBeans\8.2\gluegen-runtime\gluegen-rt.jar;C:\Users\Alan\AppData\Roaming\NetBeans\8.2\jogl-runtime\jogl.jar;C:\Program Files\NetBeans 8.2\java\modules\ext\AbsoluteLayout.jar;C:\Users\Alan\Documents\GitHub\GraphicationGame\Actual\Poryecto con pantallas\JuegoV4\build\classes
Launcher Type: SUN_STANDARD

Environment Variables:
PATH=C:\Program Files (x86)\Common Files\Oracle\Java\javapath;C:\ProgramData\Oracle\Java\javapath;C:\Windows\system32;C:\Windows;C:\Windows\System32\Wbem;C:\Windows\System32\WindowsPowerShell\v1.0\;C:\Program Files (x86)\Microchip\MPLAB C32 Suite\bin;C:\PROGRA~2\PICC;C:\Program Files\Common Files\Autodesk Shared\;C:\Program Files\MySQL\MySQL Shell 8.0\bin\
USERNAME=Alan
OS=Windows_NT
PROCESSOR_IDENTIFIER=AMD64 Family 22 Model 48 Stepping 1, AuthenticAMD



---------------  S Y S T E M  ---------------

OS: Windows 8.1 , 64 bit Build 9600 (6.3.9600.19538)

CPU:total 4 (initial active 4) (4 cores per cpu, 1 threads per core) family 22 model 48 stepping 1, cmov, cx8, fxsr, mmx, sse, sse2, sse3, ssse3, sse4.1, sse4.2, popcnt, avx, aes, clmul, mmxext, 3dnowpref, lzcnt, sse4a, tsc, tscinvbit, tscinv, bmi1

Memory: 4k page, physical 5176816k(1028988k free), swap 12516848k(4602872k free)

vm_info: Java HotSpot(TM) 64-Bit Server VM (25.251-b08) for windows-amd64 JRE (1.8.0_251-b08), built on Mar 12 2020 06:31:49 by "" with MS VC++ 10.0 (VS2010)

time: Tue Jun 09 00:48:45 2020
timezone: Hora de verano central (México)
elapsed time: 55 seconds (0d 0h 0m 55s)

